[2023-09-20 05:19:15,313] {taskinstance.py:877} INFO - Dependencies all met for <TaskInstance: my_first_dag_v2.first_task 2023-09-20T05:19:13.770118+00:00 [queued]>
[2023-09-20 05:19:15,326] {taskinstance.py:877} INFO - Dependencies all met for <TaskInstance: my_first_dag_v2.first_task 2023-09-20T05:19:13.770118+00:00 [queued]>
[2023-09-20 05:19:15,326] {taskinstance.py:1068} INFO - 
--------------------------------------------------------------------------------
[2023-09-20 05:19:15,326] {taskinstance.py:1069} INFO - Starting attempt 1 of 6
[2023-09-20 05:19:15,326] {taskinstance.py:1070} INFO - 
--------------------------------------------------------------------------------
[2023-09-20 05:19:15,333] {taskinstance.py:1089} INFO - Executing <Task(BashOperator): first_task> on 2023-09-20T05:19:13.770118+00:00
[2023-09-20 05:19:15,336] {standard_task_runner.py:52} INFO - Started process 733 to run task
[2023-09-20 05:19:15,339] {standard_task_runner.py:76} INFO - Running: ['airflow', 'tasks', 'run', 'my_first_dag_v2', 'first_task', '2023-09-20T05:19:13.770118+00:00', '--job-id', '2', '--pool', 'default_pool', '--raw', '--subdir', 'DAGS_FOLDER/my_first_dag.py', '--cfg-path', '/tmp/tmpyyf0jas6', '--error-file', '/tmp/tmp27p6llqs']
[2023-09-20 05:19:15,341] {standard_task_runner.py:77} INFO - Job 2: Subtask first_task
[2023-09-20 05:19:15,395] {logging_mixin.py:104} INFO - Running <TaskInstance: my_first_dag_v2.first_task 2023-09-20T05:19:13.770118+00:00 [running]> on host cf5d18783b85
[2023-09-20 05:19:15,438] {taskinstance.py:1283} INFO - Exporting the following env vars:
AIRFLOW_CTX_DAG_OWNER=rhythmbear
AIRFLOW_CTX_DAG_ID=my_first_dag_v2
AIRFLOW_CTX_TASK_ID=first_task
AIRFLOW_CTX_EXECUTION_DATE=2023-09-20T05:19:13.770118+00:00
AIRFLOW_CTX_DAG_RUN_ID=manual__2023-09-20T05:19:13.770118+00:00
[2023-09-20 05:19:15,439] {bash.py:135} INFO - Tmp dir root location: 
 /tmp
[2023-09-20 05:19:15,440] {bash.py:158} INFO - Running command: echo hello World, this is the first task
[2023-09-20 05:19:15,446] {bash.py:169} INFO - Output:
[2023-09-20 05:19:15,450] {bash.py:173} INFO - hello World, this is the first task
[2023-09-20 05:19:15,450] {bash.py:177} INFO - Command exited with return code 0
[2023-09-20 05:19:15,473] {taskinstance.py:1192} INFO - Marking task as SUCCESS. dag_id=my_first_dag_v2, task_id=first_task, execution_date=20230920T051913, start_date=20230920T051915, end_date=20230920T051915
[2023-09-20 05:19:15,498] {taskinstance.py:1246} INFO - 1 downstream tasks scheduled from follow-on schedule check
[2023-09-20 05:19:15,512] {local_task_job.py:146} INFO - Task exited with return code 0
