[2023-09-20 03:53:02,098] {taskinstance.py:877} INFO - Dependencies all met for <TaskInstance: example_bash_operator.also_run_this 2023-09-19T00:00:00+00:00 [queued]>
[2023-09-20 03:53:02,132] {taskinstance.py:877} INFO - Dependencies all met for <TaskInstance: example_bash_operator.also_run_this 2023-09-19T00:00:00+00:00 [queued]>
[2023-09-20 03:53:02,133] {taskinstance.py:1068} INFO - 
--------------------------------------------------------------------------------
[2023-09-20 03:53:02,133] {taskinstance.py:1069} INFO - Starting attempt 1 of 1
[2023-09-20 03:53:02,133] {taskinstance.py:1070} INFO - 
--------------------------------------------------------------------------------
[2023-09-20 03:53:02,148] {taskinstance.py:1089} INFO - Executing <Task(BashOperator): also_run_this> on 2023-09-19T00:00:00+00:00
[2023-09-20 03:53:02,154] {standard_task_runner.py:52} INFO - Started process 707 to run task
[2023-09-20 03:53:02,171] {standard_task_runner.py:76} INFO - Running: ['airflow', 'tasks', 'run', 'example_bash_operator', 'also_run_this', '2023-09-19T00:00:00+00:00', '--job-id', '9', '--pool', 'default_pool', '--raw', '--subdir', '/home/airflow/.local/lib/python3.6/site-packages/airflow/example_dags/example_bash_operator.py', '--cfg-path', '/tmp/tmpn6yc_0eq', '--error-file', '/tmp/tmpxxb9jwpb']
[2023-09-20 03:53:02,191] {standard_task_runner.py:77} INFO - Job 9: Subtask also_run_this
[2023-09-20 03:53:02,352] {logging_mixin.py:104} INFO - Running <TaskInstance: example_bash_operator.also_run_this 2023-09-19T00:00:00+00:00 [running]> on host a33667541614
[2023-09-20 03:53:02,440] {taskinstance.py:1283} INFO - Exporting the following env vars:
AIRFLOW_CTX_DAG_OWNER=airflow
AIRFLOW_CTX_DAG_ID=example_bash_operator
AIRFLOW_CTX_TASK_ID=also_run_this
AIRFLOW_CTX_EXECUTION_DATE=2023-09-19T00:00:00+00:00
AIRFLOW_CTX_DAG_RUN_ID=scheduled__2023-09-19T00:00:00+00:00
[2023-09-20 03:53:02,440] {bash.py:135} INFO - Tmp dir root location: 
 /tmp
[2023-09-20 03:53:02,441] {bash.py:158} INFO - Running command: echo "run_id=scheduled__2023-09-19T00:00:00+00:00 | dag_run=<DagRun example_bash_operator @ 2023-09-19 00:00:00+00:00: scheduled__2023-09-19T00:00:00+00:00, externally triggered: False>"
[2023-09-20 03:53:02,451] {bash.py:169} INFO - Output:
[2023-09-20 03:53:02,455] {bash.py:173} INFO - run_id=scheduled__2023-09-19T00:00:00+00:00 | dag_run=<DagRun example_bash_operator @ 2023-09-19 00:00:00+00:00: scheduled__2023-09-19T00:00:00+00:00, externally triggered: False>
[2023-09-20 03:53:02,455] {bash.py:177} INFO - Command exited with return code 0
[2023-09-20 03:53:02,488] {taskinstance.py:1192} INFO - Marking task as SUCCESS. dag_id=example_bash_operator, task_id=also_run_this, execution_date=20230919T000000, start_date=20230920T035302, end_date=20230920T035302
[2023-09-20 03:53:02,532] {taskinstance.py:1246} INFO - 0 downstream tasks scheduled from follow-on schedule check
[2023-09-20 03:53:02,575] {local_task_job.py:146} INFO - Task exited with return code 0
