[2023-09-20 11:45:12,035] {taskinstance.py:877} INFO - Dependencies all met for <TaskInstance: my_first_dag_v2.first_task 2023-09-20T08:00:00+00:00 [queued]>
[2023-09-20 11:45:12,173] {taskinstance.py:877} INFO - Dependencies all met for <TaskInstance: my_first_dag_v2.first_task 2023-09-20T08:00:00+00:00 [queued]>
[2023-09-20 11:45:12,173] {taskinstance.py:1068} INFO - 
--------------------------------------------------------------------------------
[2023-09-20 11:45:12,174] {taskinstance.py:1069} INFO - Starting attempt 1 of 6
[2023-09-20 11:45:12,174] {taskinstance.py:1070} INFO - 
--------------------------------------------------------------------------------
[2023-09-20 11:45:12,245] {taskinstance.py:1089} INFO - Executing <Task(BashOperator): first_task> on 2023-09-20T08:00:00+00:00
[2023-09-20 11:45:12,264] {standard_task_runner.py:52} INFO - Started process 1740 to run task
[2023-09-20 11:45:12,289] {standard_task_runner.py:76} INFO - Running: ['airflow', 'tasks', 'run', 'my_first_dag_v2', 'first_task', '2023-09-20T08:00:00+00:00', '--job-id', '9', '--pool', 'default_pool', '--raw', '--subdir', 'DAGS_FOLDER/my_first_dag.py', '--cfg-path', '/tmp/tmpqvixys6s', '--error-file', '/tmp/tmpohg8ovj8']
[2023-09-20 11:45:12,319] {standard_task_runner.py:77} INFO - Job 9: Subtask first_task
[2023-09-20 11:45:13,243] {logging_mixin.py:104} INFO - Running <TaskInstance: my_first_dag_v2.first_task 2023-09-20T08:00:00+00:00 [running]> on host cf5d18783b85
[2023-09-20 11:45:13,608] {taskinstance.py:1283} INFO - Exporting the following env vars:
AIRFLOW_CTX_DAG_OWNER=rhythmbear
AIRFLOW_CTX_DAG_ID=my_first_dag_v2
AIRFLOW_CTX_TASK_ID=first_task
AIRFLOW_CTX_EXECUTION_DATE=2023-09-20T08:00:00+00:00
AIRFLOW_CTX_DAG_RUN_ID=scheduled__2023-09-20T08:00:00+00:00
[2023-09-20 11:45:13,609] {bash.py:135} INFO - Tmp dir root location: 
 /tmp
[2023-09-20 11:45:13,613] {bash.py:158} INFO - Running command: echo hello World, this is the first task
[2023-09-20 11:45:13,694] {bash.py:169} INFO - Output:
[2023-09-20 11:45:13,698] {bash.py:173} INFO - hello World, this is the first task
[2023-09-20 11:45:13,705] {bash.py:177} INFO - Command exited with return code 0
[2023-09-20 11:45:14,149] {taskinstance.py:1192} INFO - Marking task as SUCCESS. dag_id=my_first_dag_v2, task_id=first_task, execution_date=20230920T080000, start_date=20230920T114512, end_date=20230920T114514
[2023-09-20 11:45:14,418] {taskinstance.py:1246} INFO - 1 downstream tasks scheduled from follow-on schedule check
[2023-09-20 11:45:14,491] {local_task_job.py:146} INFO - Task exited with return code 0
