[2023-09-20 03:51:09,636] {scheduler_job.py:182} INFO - Started process (PID=195) to work on /home/airflow/.local/lib/python3.6/site-packages/airflow/example_dags/example_skip_dag.py
[2023-09-20 03:51:09,637] {scheduler_job.py:629} INFO - Processing file /home/airflow/.local/lib/python3.6/site-packages/airflow/example_dags/example_skip_dag.py for tasks to queue
[2023-09-20 03:51:09,638] {logging_mixin.py:104} INFO - [2023-09-20 03:51:09,638] {dagbag.py:451} INFO - Filling up the DagBag from /home/airflow/.local/lib/python3.6/site-packages/airflow/example_dags/example_skip_dag.py
[2023-09-20 03:51:09,653] {scheduler_job.py:639} INFO - DAG(s) dict_keys(['example_skip_dag']) retrieved from /home/airflow/.local/lib/python3.6/site-packages/airflow/example_dags/example_skip_dag.py
[2023-09-20 03:51:09,681] {logging_mixin.py:104} INFO - [2023-09-20 03:51:09,681] {dag.py:1824} INFO - Sync 1 DAGs
[2023-09-20 03:51:09,694] {logging_mixin.py:104} INFO - [2023-09-20 03:51:09,694] {dag.py:1843} INFO - Creating ORM DAG for example_skip_dag
[2023-09-20 03:51:09,701] {logging_mixin.py:104} INFO - [2023-09-20 03:51:09,701] {dag.py:2280} INFO - Setting next_dagrun for example_skip_dag to 2023-09-18 00:00:00+00:00
[2023-09-20 03:51:09,724] {scheduler_job.py:190} INFO - Processing /home/airflow/.local/lib/python3.6/site-packages/airflow/example_dags/example_skip_dag.py took 0.093 seconds
[2023-09-20 03:51:39,967] {scheduler_job.py:182} INFO - Started process (PID=325) to work on /home/airflow/.local/lib/python3.6/site-packages/airflow/example_dags/example_skip_dag.py
[2023-09-20 03:51:39,969] {scheduler_job.py:629} INFO - Processing file /home/airflow/.local/lib/python3.6/site-packages/airflow/example_dags/example_skip_dag.py for tasks to queue
[2023-09-20 03:51:39,970] {logging_mixin.py:104} INFO - [2023-09-20 03:51:39,970] {dagbag.py:451} INFO - Filling up the DagBag from /home/airflow/.local/lib/python3.6/site-packages/airflow/example_dags/example_skip_dag.py
[2023-09-20 03:51:39,980] {scheduler_job.py:639} INFO - DAG(s) dict_keys(['example_skip_dag']) retrieved from /home/airflow/.local/lib/python3.6/site-packages/airflow/example_dags/example_skip_dag.py
[2023-09-20 03:51:40,001] {logging_mixin.py:104} INFO - [2023-09-20 03:51:40,000] {dag.py:1824} INFO - Sync 1 DAGs
[2023-09-20 03:51:40,015] {logging_mixin.py:104} INFO - [2023-09-20 03:51:40,015] {dag.py:2280} INFO - Setting next_dagrun for example_skip_dag to 2023-09-18 00:00:00+00:00
[2023-09-20 03:51:40,026] {scheduler_job.py:190} INFO - Processing /home/airflow/.local/lib/python3.6/site-packages/airflow/example_dags/example_skip_dag.py took 0.061 seconds
[2023-09-20 03:52:10,307] {scheduler_job.py:182} INFO - Started process (PID=455) to work on /home/airflow/.local/lib/python3.6/site-packages/airflow/example_dags/example_skip_dag.py
[2023-09-20 03:52:10,308] {scheduler_job.py:629} INFO - Processing file /home/airflow/.local/lib/python3.6/site-packages/airflow/example_dags/example_skip_dag.py for tasks to queue
[2023-09-20 03:52:10,308] {logging_mixin.py:104} INFO - [2023-09-20 03:52:10,308] {dagbag.py:451} INFO - Filling up the DagBag from /home/airflow/.local/lib/python3.6/site-packages/airflow/example_dags/example_skip_dag.py
[2023-09-20 03:52:10,318] {scheduler_job.py:639} INFO - DAG(s) dict_keys(['example_skip_dag']) retrieved from /home/airflow/.local/lib/python3.6/site-packages/airflow/example_dags/example_skip_dag.py
[2023-09-20 03:52:10,337] {logging_mixin.py:104} INFO - [2023-09-20 03:52:10,337] {dag.py:1824} INFO - Sync 1 DAGs
[2023-09-20 03:52:10,350] {logging_mixin.py:104} INFO - [2023-09-20 03:52:10,350] {dag.py:2280} INFO - Setting next_dagrun for example_skip_dag to 2023-09-18 00:00:00+00:00
[2023-09-20 03:52:10,360] {scheduler_job.py:190} INFO - Processing /home/airflow/.local/lib/python3.6/site-packages/airflow/example_dags/example_skip_dag.py took 0.057 seconds
[2023-09-20 03:52:40,546] {scheduler_job.py:182} INFO - Started process (PID=585) to work on /home/airflow/.local/lib/python3.6/site-packages/airflow/example_dags/example_skip_dag.py
[2023-09-20 03:52:40,547] {scheduler_job.py:629} INFO - Processing file /home/airflow/.local/lib/python3.6/site-packages/airflow/example_dags/example_skip_dag.py for tasks to queue
[2023-09-20 03:52:40,548] {logging_mixin.py:104} INFO - [2023-09-20 03:52:40,548] {dagbag.py:451} INFO - Filling up the DagBag from /home/airflow/.local/lib/python3.6/site-packages/airflow/example_dags/example_skip_dag.py
[2023-09-20 03:52:40,556] {scheduler_job.py:639} INFO - DAG(s) dict_keys(['example_skip_dag']) retrieved from /home/airflow/.local/lib/python3.6/site-packages/airflow/example_dags/example_skip_dag.py
[2023-09-20 03:52:40,575] {logging_mixin.py:104} INFO - [2023-09-20 03:52:40,575] {dag.py:1824} INFO - Sync 1 DAGs
[2023-09-20 03:52:40,586] {logging_mixin.py:104} INFO - [2023-09-20 03:52:40,586] {dag.py:2280} INFO - Setting next_dagrun for example_skip_dag to 2023-09-18 00:00:00+00:00
[2023-09-20 03:52:40,595] {scheduler_job.py:190} INFO - Processing /home/airflow/.local/lib/python3.6/site-packages/airflow/example_dags/example_skip_dag.py took 0.051 seconds
[2023-09-20 03:53:10,662] {scheduler_job.py:182} INFO - Started process (PID=745) to work on /home/airflow/.local/lib/python3.6/site-packages/airflow/example_dags/example_skip_dag.py
[2023-09-20 03:53:10,664] {scheduler_job.py:629} INFO - Processing file /home/airflow/.local/lib/python3.6/site-packages/airflow/example_dags/example_skip_dag.py for tasks to queue
[2023-09-20 03:53:10,664] {logging_mixin.py:104} INFO - [2023-09-20 03:53:10,664] {dagbag.py:451} INFO - Filling up the DagBag from /home/airflow/.local/lib/python3.6/site-packages/airflow/example_dags/example_skip_dag.py
[2023-09-20 03:53:10,675] {scheduler_job.py:639} INFO - DAG(s) dict_keys(['example_skip_dag']) retrieved from /home/airflow/.local/lib/python3.6/site-packages/airflow/example_dags/example_skip_dag.py
[2023-09-20 03:53:10,694] {logging_mixin.py:104} INFO - [2023-09-20 03:53:10,693] {dag.py:1824} INFO - Sync 1 DAGs
[2023-09-20 03:53:10,704] {logging_mixin.py:104} INFO - [2023-09-20 03:53:10,704] {dag.py:2280} INFO - Setting next_dagrun for example_skip_dag to 2023-09-18 00:00:00+00:00
[2023-09-20 03:53:10,713] {scheduler_job.py:190} INFO - Processing /home/airflow/.local/lib/python3.6/site-packages/airflow/example_dags/example_skip_dag.py took 0.055 seconds
[2023-09-20 03:53:40,958] {scheduler_job.py:182} INFO - Started process (PID=879) to work on /home/airflow/.local/lib/python3.6/site-packages/airflow/example_dags/example_skip_dag.py
[2023-09-20 03:53:40,959] {scheduler_job.py:629} INFO - Processing file /home/airflow/.local/lib/python3.6/site-packages/airflow/example_dags/example_skip_dag.py for tasks to queue
[2023-09-20 03:53:40,959] {logging_mixin.py:104} INFO - [2023-09-20 03:53:40,959] {dagbag.py:451} INFO - Filling up the DagBag from /home/airflow/.local/lib/python3.6/site-packages/airflow/example_dags/example_skip_dag.py
[2023-09-20 03:53:40,969] {scheduler_job.py:639} INFO - DAG(s) dict_keys(['example_skip_dag']) retrieved from /home/airflow/.local/lib/python3.6/site-packages/airflow/example_dags/example_skip_dag.py
[2023-09-20 03:53:40,986] {logging_mixin.py:104} INFO - [2023-09-20 03:53:40,986] {dag.py:1824} INFO - Sync 1 DAGs
[2023-09-20 03:53:40,997] {logging_mixin.py:104} INFO - [2023-09-20 03:53:40,997] {dag.py:2280} INFO - Setting next_dagrun for example_skip_dag to 2023-09-18 00:00:00+00:00
[2023-09-20 03:53:41,006] {scheduler_job.py:190} INFO - Processing /home/airflow/.local/lib/python3.6/site-packages/airflow/example_dags/example_skip_dag.py took 0.051 seconds
[2023-09-20 03:54:11,060] {scheduler_job.py:182} INFO - Started process (PID=1009) to work on /home/airflow/.local/lib/python3.6/site-packages/airflow/example_dags/example_skip_dag.py
[2023-09-20 03:54:11,061] {scheduler_job.py:629} INFO - Processing file /home/airflow/.local/lib/python3.6/site-packages/airflow/example_dags/example_skip_dag.py for tasks to queue
[2023-09-20 03:54:11,062] {logging_mixin.py:104} INFO - [2023-09-20 03:54:11,062] {dagbag.py:451} INFO - Filling up the DagBag from /home/airflow/.local/lib/python3.6/site-packages/airflow/example_dags/example_skip_dag.py
[2023-09-20 03:54:11,069] {scheduler_job.py:639} INFO - DAG(s) dict_keys(['example_skip_dag']) retrieved from /home/airflow/.local/lib/python3.6/site-packages/airflow/example_dags/example_skip_dag.py
[2023-09-20 03:54:11,087] {logging_mixin.py:104} INFO - [2023-09-20 03:54:11,086] {dag.py:1824} INFO - Sync 1 DAGs
[2023-09-20 03:54:11,098] {logging_mixin.py:104} INFO - [2023-09-20 03:54:11,098] {dag.py:2280} INFO - Setting next_dagrun for example_skip_dag to 2023-09-18 00:00:00+00:00
[2023-09-20 03:54:11,108] {scheduler_job.py:190} INFO - Processing /home/airflow/.local/lib/python3.6/site-packages/airflow/example_dags/example_skip_dag.py took 0.050 seconds
[2023-09-20 03:54:41,334] {scheduler_job.py:182} INFO - Started process (PID=1140) to work on /home/airflow/.local/lib/python3.6/site-packages/airflow/example_dags/example_skip_dag.py
[2023-09-20 03:54:41,335] {scheduler_job.py:629} INFO - Processing file /home/airflow/.local/lib/python3.6/site-packages/airflow/example_dags/example_skip_dag.py for tasks to queue
[2023-09-20 03:54:41,335] {logging_mixin.py:104} INFO - [2023-09-20 03:54:41,335] {dagbag.py:451} INFO - Filling up the DagBag from /home/airflow/.local/lib/python3.6/site-packages/airflow/example_dags/example_skip_dag.py
[2023-09-20 03:54:41,343] {scheduler_job.py:639} INFO - DAG(s) dict_keys(['example_skip_dag']) retrieved from /home/airflow/.local/lib/python3.6/site-packages/airflow/example_dags/example_skip_dag.py
[2023-09-20 03:54:41,361] {logging_mixin.py:104} INFO - [2023-09-20 03:54:41,361] {dag.py:1824} INFO - Sync 1 DAGs
[2023-09-20 03:54:41,373] {logging_mixin.py:104} INFO - [2023-09-20 03:54:41,373] {dag.py:2280} INFO - Setting next_dagrun for example_skip_dag to 2023-09-18 00:00:00+00:00
[2023-09-20 03:54:41,381] {scheduler_job.py:190} INFO - Processing /home/airflow/.local/lib/python3.6/site-packages/airflow/example_dags/example_skip_dag.py took 0.050 seconds
[2023-09-20 03:55:12,285] {scheduler_job.py:182} INFO - Started process (PID=1265) to work on /home/airflow/.local/lib/python3.6/site-packages/airflow/example_dags/example_skip_dag.py
[2023-09-20 03:55:12,286] {scheduler_job.py:629} INFO - Processing file /home/airflow/.local/lib/python3.6/site-packages/airflow/example_dags/example_skip_dag.py for tasks to queue
[2023-09-20 03:55:12,286] {logging_mixin.py:104} INFO - [2023-09-20 03:55:12,286] {dagbag.py:451} INFO - Filling up the DagBag from /home/airflow/.local/lib/python3.6/site-packages/airflow/example_dags/example_skip_dag.py
[2023-09-20 03:55:12,295] {scheduler_job.py:639} INFO - DAG(s) dict_keys(['example_skip_dag']) retrieved from /home/airflow/.local/lib/python3.6/site-packages/airflow/example_dags/example_skip_dag.py
[2023-09-20 03:55:12,318] {logging_mixin.py:104} INFO - [2023-09-20 03:55:12,318] {dag.py:1824} INFO - Sync 1 DAGs
[2023-09-20 03:55:12,333] {logging_mixin.py:104} INFO - [2023-09-20 03:55:12,333] {dag.py:2280} INFO - Setting next_dagrun for example_skip_dag to 2023-09-18 00:00:00+00:00
[2023-09-20 03:55:12,343] {scheduler_job.py:190} INFO - Processing /home/airflow/.local/lib/python3.6/site-packages/airflow/example_dags/example_skip_dag.py took 0.062 seconds
[2023-09-20 03:55:43,280] {scheduler_job.py:182} INFO - Started process (PID=1395) to work on /home/airflow/.local/lib/python3.6/site-packages/airflow/example_dags/example_skip_dag.py
[2023-09-20 03:55:43,280] {scheduler_job.py:629} INFO - Processing file /home/airflow/.local/lib/python3.6/site-packages/airflow/example_dags/example_skip_dag.py for tasks to queue
[2023-09-20 03:55:43,281] {logging_mixin.py:104} INFO - [2023-09-20 03:55:43,281] {dagbag.py:451} INFO - Filling up the DagBag from /home/airflow/.local/lib/python3.6/site-packages/airflow/example_dags/example_skip_dag.py
[2023-09-20 03:55:43,289] {scheduler_job.py:639} INFO - DAG(s) dict_keys(['example_skip_dag']) retrieved from /home/airflow/.local/lib/python3.6/site-packages/airflow/example_dags/example_skip_dag.py
[2023-09-20 03:55:43,306] {logging_mixin.py:104} INFO - [2023-09-20 03:55:43,306] {dag.py:1824} INFO - Sync 1 DAGs
[2023-09-20 03:55:43,317] {logging_mixin.py:104} INFO - [2023-09-20 03:55:43,317] {dag.py:2280} INFO - Setting next_dagrun for example_skip_dag to 2023-09-18 00:00:00+00:00
[2023-09-20 03:55:43,326] {scheduler_job.py:190} INFO - Processing /home/airflow/.local/lib/python3.6/site-packages/airflow/example_dags/example_skip_dag.py took 0.049 seconds
[2023-09-20 03:56:14,256] {scheduler_job.py:182} INFO - Started process (PID=1525) to work on /home/airflow/.local/lib/python3.6/site-packages/airflow/example_dags/example_skip_dag.py
[2023-09-20 03:56:14,258] {scheduler_job.py:629} INFO - Processing file /home/airflow/.local/lib/python3.6/site-packages/airflow/example_dags/example_skip_dag.py for tasks to queue
[2023-09-20 03:56:14,258] {logging_mixin.py:104} INFO - [2023-09-20 03:56:14,258] {dagbag.py:451} INFO - Filling up the DagBag from /home/airflow/.local/lib/python3.6/site-packages/airflow/example_dags/example_skip_dag.py
[2023-09-20 03:56:14,266] {scheduler_job.py:639} INFO - DAG(s) dict_keys(['example_skip_dag']) retrieved from /home/airflow/.local/lib/python3.6/site-packages/airflow/example_dags/example_skip_dag.py
[2023-09-20 03:56:14,283] {logging_mixin.py:104} INFO - [2023-09-20 03:56:14,283] {dag.py:1824} INFO - Sync 1 DAGs
[2023-09-20 03:56:14,296] {logging_mixin.py:104} INFO - [2023-09-20 03:56:14,295] {dag.py:2280} INFO - Setting next_dagrun for example_skip_dag to 2023-09-18 00:00:00+00:00
[2023-09-20 03:56:14,304] {scheduler_job.py:190} INFO - Processing /home/airflow/.local/lib/python3.6/site-packages/airflow/example_dags/example_skip_dag.py took 0.050 seconds
[2023-09-20 03:56:45,209] {scheduler_job.py:182} INFO - Started process (PID=1655) to work on /home/airflow/.local/lib/python3.6/site-packages/airflow/example_dags/example_skip_dag.py
[2023-09-20 03:56:45,210] {scheduler_job.py:629} INFO - Processing file /home/airflow/.local/lib/python3.6/site-packages/airflow/example_dags/example_skip_dag.py for tasks to queue
[2023-09-20 03:56:45,210] {logging_mixin.py:104} INFO - [2023-09-20 03:56:45,210] {dagbag.py:451} INFO - Filling up the DagBag from /home/airflow/.local/lib/python3.6/site-packages/airflow/example_dags/example_skip_dag.py
[2023-09-20 03:56:45,219] {scheduler_job.py:639} INFO - DAG(s) dict_keys(['example_skip_dag']) retrieved from /home/airflow/.local/lib/python3.6/site-packages/airflow/example_dags/example_skip_dag.py
[2023-09-20 03:56:45,237] {logging_mixin.py:104} INFO - [2023-09-20 03:56:45,237] {dag.py:1824} INFO - Sync 1 DAGs
[2023-09-20 03:56:45,248] {logging_mixin.py:104} INFO - [2023-09-20 03:56:45,248] {dag.py:2280} INFO - Setting next_dagrun for example_skip_dag to 2023-09-18 00:00:00+00:00
[2023-09-20 03:56:45,256] {scheduler_job.py:190} INFO - Processing /home/airflow/.local/lib/python3.6/site-packages/airflow/example_dags/example_skip_dag.py took 0.050 seconds
[2023-09-20 03:57:16,162] {scheduler_job.py:182} INFO - Started process (PID=1785) to work on /home/airflow/.local/lib/python3.6/site-packages/airflow/example_dags/example_skip_dag.py
[2023-09-20 03:57:16,163] {scheduler_job.py:629} INFO - Processing file /home/airflow/.local/lib/python3.6/site-packages/airflow/example_dags/example_skip_dag.py for tasks to queue
[2023-09-20 03:57:16,163] {logging_mixin.py:104} INFO - [2023-09-20 03:57:16,163] {dagbag.py:451} INFO - Filling up the DagBag from /home/airflow/.local/lib/python3.6/site-packages/airflow/example_dags/example_skip_dag.py
[2023-09-20 03:57:16,173] {scheduler_job.py:639} INFO - DAG(s) dict_keys(['example_skip_dag']) retrieved from /home/airflow/.local/lib/python3.6/site-packages/airflow/example_dags/example_skip_dag.py
[2023-09-20 03:57:16,190] {logging_mixin.py:104} INFO - [2023-09-20 03:57:16,190] {dag.py:1824} INFO - Sync 1 DAGs
[2023-09-20 03:57:16,202] {logging_mixin.py:104} INFO - [2023-09-20 03:57:16,202] {dag.py:2280} INFO - Setting next_dagrun for example_skip_dag to 2023-09-18 00:00:00+00:00
[2023-09-20 03:57:16,210] {scheduler_job.py:190} INFO - Processing /home/airflow/.local/lib/python3.6/site-packages/airflow/example_dags/example_skip_dag.py took 0.050 seconds
[2023-09-20 03:57:46,419] {scheduler_job.py:182} INFO - Started process (PID=1922) to work on /home/airflow/.local/lib/python3.6/site-packages/airflow/example_dags/example_skip_dag.py
[2023-09-20 03:57:46,420] {scheduler_job.py:629} INFO - Processing file /home/airflow/.local/lib/python3.6/site-packages/airflow/example_dags/example_skip_dag.py for tasks to queue
[2023-09-20 03:57:46,421] {logging_mixin.py:104} INFO - [2023-09-20 03:57:46,420] {dagbag.py:451} INFO - Filling up the DagBag from /home/airflow/.local/lib/python3.6/site-packages/airflow/example_dags/example_skip_dag.py
[2023-09-20 03:57:46,429] {scheduler_job.py:639} INFO - DAG(s) dict_keys(['example_skip_dag']) retrieved from /home/airflow/.local/lib/python3.6/site-packages/airflow/example_dags/example_skip_dag.py
[2023-09-20 03:57:46,448] {logging_mixin.py:104} INFO - [2023-09-20 03:57:46,447] {dag.py:1824} INFO - Sync 1 DAGs
[2023-09-20 03:57:46,460] {logging_mixin.py:104} INFO - [2023-09-20 03:57:46,460] {dag.py:2280} INFO - Setting next_dagrun for example_skip_dag to 2023-09-18 00:00:00+00:00
[2023-09-20 03:57:46,470] {scheduler_job.py:190} INFO - Processing /home/airflow/.local/lib/python3.6/site-packages/airflow/example_dags/example_skip_dag.py took 0.054 seconds
[2023-09-20 03:58:16,548] {scheduler_job.py:182} INFO - Started process (PID=2050) to work on /home/airflow/.local/lib/python3.6/site-packages/airflow/example_dags/example_skip_dag.py
[2023-09-20 03:58:16,549] {scheduler_job.py:629} INFO - Processing file /home/airflow/.local/lib/python3.6/site-packages/airflow/example_dags/example_skip_dag.py for tasks to queue
[2023-09-20 03:58:16,549] {logging_mixin.py:104} INFO - [2023-09-20 03:58:16,549] {dagbag.py:451} INFO - Filling up the DagBag from /home/airflow/.local/lib/python3.6/site-packages/airflow/example_dags/example_skip_dag.py
[2023-09-20 03:58:16,558] {scheduler_job.py:639} INFO - DAG(s) dict_keys(['example_skip_dag']) retrieved from /home/airflow/.local/lib/python3.6/site-packages/airflow/example_dags/example_skip_dag.py
[2023-09-20 03:58:16,575] {logging_mixin.py:104} INFO - [2023-09-20 03:58:16,575] {dag.py:1824} INFO - Sync 1 DAGs
[2023-09-20 03:58:16,586] {logging_mixin.py:104} INFO - [2023-09-20 03:58:16,586] {dag.py:2280} INFO - Setting next_dagrun for example_skip_dag to 2023-09-18 00:00:00+00:00
[2023-09-20 03:58:16,596] {scheduler_job.py:190} INFO - Processing /home/airflow/.local/lib/python3.6/site-packages/airflow/example_dags/example_skip_dag.py took 0.051 seconds
[2023-09-20 03:58:46,685] {scheduler_job.py:182} INFO - Started process (PID=2180) to work on /home/airflow/.local/lib/python3.6/site-packages/airflow/example_dags/example_skip_dag.py
[2023-09-20 03:58:46,686] {scheduler_job.py:629} INFO - Processing file /home/airflow/.local/lib/python3.6/site-packages/airflow/example_dags/example_skip_dag.py for tasks to queue
[2023-09-20 03:58:46,686] {logging_mixin.py:104} INFO - [2023-09-20 03:58:46,686] {dagbag.py:451} INFO - Filling up the DagBag from /home/airflow/.local/lib/python3.6/site-packages/airflow/example_dags/example_skip_dag.py
[2023-09-20 03:58:46,695] {scheduler_job.py:639} INFO - DAG(s) dict_keys(['example_skip_dag']) retrieved from /home/airflow/.local/lib/python3.6/site-packages/airflow/example_dags/example_skip_dag.py
[2023-09-20 03:58:46,713] {logging_mixin.py:104} INFO - [2023-09-20 03:58:46,713] {dag.py:1824} INFO - Sync 1 DAGs
[2023-09-20 03:58:46,724] {logging_mixin.py:104} INFO - [2023-09-20 03:58:46,724] {dag.py:2280} INFO - Setting next_dagrun for example_skip_dag to 2023-09-18 00:00:00+00:00
[2023-09-20 03:58:46,734] {scheduler_job.py:190} INFO - Processing /home/airflow/.local/lib/python3.6/site-packages/airflow/example_dags/example_skip_dag.py took 0.051 seconds
[2023-09-20 03:59:16,842] {scheduler_job.py:182} INFO - Started process (PID=2310) to work on /home/airflow/.local/lib/python3.6/site-packages/airflow/example_dags/example_skip_dag.py
[2023-09-20 03:59:16,844] {scheduler_job.py:629} INFO - Processing file /home/airflow/.local/lib/python3.6/site-packages/airflow/example_dags/example_skip_dag.py for tasks to queue
[2023-09-20 03:59:16,844] {logging_mixin.py:104} INFO - [2023-09-20 03:59:16,844] {dagbag.py:451} INFO - Filling up the DagBag from /home/airflow/.local/lib/python3.6/site-packages/airflow/example_dags/example_skip_dag.py
[2023-09-20 03:59:16,853] {scheduler_job.py:639} INFO - DAG(s) dict_keys(['example_skip_dag']) retrieved from /home/airflow/.local/lib/python3.6/site-packages/airflow/example_dags/example_skip_dag.py
[2023-09-20 03:59:16,871] {logging_mixin.py:104} INFO - [2023-09-20 03:59:16,871] {dag.py:1824} INFO - Sync 1 DAGs
[2023-09-20 03:59:16,883] {logging_mixin.py:104} INFO - [2023-09-20 03:59:16,883] {dag.py:2280} INFO - Setting next_dagrun for example_skip_dag to 2023-09-18 00:00:00+00:00
[2023-09-20 03:59:16,892] {scheduler_job.py:190} INFO - Processing /home/airflow/.local/lib/python3.6/site-packages/airflow/example_dags/example_skip_dag.py took 0.053 seconds
[2023-09-20 03:59:46,966] {scheduler_job.py:182} INFO - Started process (PID=2440) to work on /home/airflow/.local/lib/python3.6/site-packages/airflow/example_dags/example_skip_dag.py
[2023-09-20 03:59:46,966] {scheduler_job.py:629} INFO - Processing file /home/airflow/.local/lib/python3.6/site-packages/airflow/example_dags/example_skip_dag.py for tasks to queue
[2023-09-20 03:59:46,967] {logging_mixin.py:104} INFO - [2023-09-20 03:59:46,967] {dagbag.py:451} INFO - Filling up the DagBag from /home/airflow/.local/lib/python3.6/site-packages/airflow/example_dags/example_skip_dag.py
[2023-09-20 03:59:46,975] {scheduler_job.py:639} INFO - DAG(s) dict_keys(['example_skip_dag']) retrieved from /home/airflow/.local/lib/python3.6/site-packages/airflow/example_dags/example_skip_dag.py
[2023-09-20 03:59:46,994] {logging_mixin.py:104} INFO - [2023-09-20 03:59:46,994] {dag.py:1824} INFO - Sync 1 DAGs
[2023-09-20 03:59:47,005] {logging_mixin.py:104} INFO - [2023-09-20 03:59:47,005] {dag.py:2280} INFO - Setting next_dagrun for example_skip_dag to 2023-09-18 00:00:00+00:00
[2023-09-20 03:59:47,014] {scheduler_job.py:190} INFO - Processing /home/airflow/.local/lib/python3.6/site-packages/airflow/example_dags/example_skip_dag.py took 0.051 seconds
[2023-09-20 04:00:17,047] {scheduler_job.py:182} INFO - Started process (PID=2567) to work on /home/airflow/.local/lib/python3.6/site-packages/airflow/example_dags/example_skip_dag.py
[2023-09-20 04:00:17,047] {scheduler_job.py:629} INFO - Processing file /home/airflow/.local/lib/python3.6/site-packages/airflow/example_dags/example_skip_dag.py for tasks to queue
[2023-09-20 04:00:17,048] {logging_mixin.py:104} INFO - [2023-09-20 04:00:17,048] {dagbag.py:451} INFO - Filling up the DagBag from /home/airflow/.local/lib/python3.6/site-packages/airflow/example_dags/example_skip_dag.py
[2023-09-20 04:00:17,056] {scheduler_job.py:639} INFO - DAG(s) dict_keys(['example_skip_dag']) retrieved from /home/airflow/.local/lib/python3.6/site-packages/airflow/example_dags/example_skip_dag.py
[2023-09-20 04:00:17,074] {logging_mixin.py:104} INFO - [2023-09-20 04:00:17,074] {dag.py:1824} INFO - Sync 1 DAGs
[2023-09-20 04:00:17,088] {logging_mixin.py:104} INFO - [2023-09-20 04:00:17,088] {dag.py:2280} INFO - Setting next_dagrun for example_skip_dag to 2023-09-18 00:00:00+00:00
[2023-09-20 04:00:17,100] {scheduler_job.py:190} INFO - Processing /home/airflow/.local/lib/python3.6/site-packages/airflow/example_dags/example_skip_dag.py took 0.056 seconds
[2023-09-20 04:00:47,298] {scheduler_job.py:182} INFO - Started process (PID=2695) to work on /home/airflow/.local/lib/python3.6/site-packages/airflow/example_dags/example_skip_dag.py
[2023-09-20 04:00:47,298] {scheduler_job.py:629} INFO - Processing file /home/airflow/.local/lib/python3.6/site-packages/airflow/example_dags/example_skip_dag.py for tasks to queue
[2023-09-20 04:00:47,299] {logging_mixin.py:104} INFO - [2023-09-20 04:00:47,299] {dagbag.py:451} INFO - Filling up the DagBag from /home/airflow/.local/lib/python3.6/site-packages/airflow/example_dags/example_skip_dag.py
[2023-09-20 04:00:47,310] {scheduler_job.py:639} INFO - DAG(s) dict_keys(['example_skip_dag']) retrieved from /home/airflow/.local/lib/python3.6/site-packages/airflow/example_dags/example_skip_dag.py
[2023-09-20 04:00:47,332] {logging_mixin.py:104} INFO - [2023-09-20 04:00:47,331] {dag.py:1824} INFO - Sync 1 DAGs
[2023-09-20 04:00:47,344] {logging_mixin.py:104} INFO - [2023-09-20 04:00:47,344] {dag.py:2280} INFO - Setting next_dagrun for example_skip_dag to 2023-09-18 00:00:00+00:00
[2023-09-20 04:00:47,355] {scheduler_job.py:190} INFO - Processing /home/airflow/.local/lib/python3.6/site-packages/airflow/example_dags/example_skip_dag.py took 0.060 seconds
[2023-09-20 04:01:17,481] {scheduler_job.py:182} INFO - Started process (PID=2827) to work on /home/airflow/.local/lib/python3.6/site-packages/airflow/example_dags/example_skip_dag.py
[2023-09-20 04:01:17,483] {scheduler_job.py:629} INFO - Processing file /home/airflow/.local/lib/python3.6/site-packages/airflow/example_dags/example_skip_dag.py for tasks to queue
[2023-09-20 04:01:17,483] {logging_mixin.py:104} INFO - [2023-09-20 04:01:17,483] {dagbag.py:451} INFO - Filling up the DagBag from /home/airflow/.local/lib/python3.6/site-packages/airflow/example_dags/example_skip_dag.py
[2023-09-20 04:01:17,491] {scheduler_job.py:639} INFO - DAG(s) dict_keys(['example_skip_dag']) retrieved from /home/airflow/.local/lib/python3.6/site-packages/airflow/example_dags/example_skip_dag.py
[2023-09-20 04:01:17,510] {logging_mixin.py:104} INFO - [2023-09-20 04:01:17,510] {dag.py:1824} INFO - Sync 1 DAGs
[2023-09-20 04:01:17,523] {logging_mixin.py:104} INFO - [2023-09-20 04:01:17,523] {dag.py:2280} INFO - Setting next_dagrun for example_skip_dag to 2023-09-18 00:00:00+00:00
[2023-09-20 04:01:17,533] {scheduler_job.py:190} INFO - Processing /home/airflow/.local/lib/python3.6/site-packages/airflow/example_dags/example_skip_dag.py took 0.055 seconds
[2023-09-20 04:01:47,674] {scheduler_job.py:182} INFO - Started process (PID=2954) to work on /home/airflow/.local/lib/python3.6/site-packages/airflow/example_dags/example_skip_dag.py
[2023-09-20 04:01:47,675] {scheduler_job.py:629} INFO - Processing file /home/airflow/.local/lib/python3.6/site-packages/airflow/example_dags/example_skip_dag.py for tasks to queue
[2023-09-20 04:01:47,675] {logging_mixin.py:104} INFO - [2023-09-20 04:01:47,675] {dagbag.py:451} INFO - Filling up the DagBag from /home/airflow/.local/lib/python3.6/site-packages/airflow/example_dags/example_skip_dag.py
[2023-09-20 04:01:47,684] {scheduler_job.py:639} INFO - DAG(s) dict_keys(['example_skip_dag']) retrieved from /home/airflow/.local/lib/python3.6/site-packages/airflow/example_dags/example_skip_dag.py
[2023-09-20 04:01:47,702] {logging_mixin.py:104} INFO - [2023-09-20 04:01:47,702] {dag.py:1824} INFO - Sync 1 DAGs
[2023-09-20 04:01:47,713] {logging_mixin.py:104} INFO - [2023-09-20 04:01:47,713] {dag.py:2280} INFO - Setting next_dagrun for example_skip_dag to 2023-09-18 00:00:00+00:00
[2023-09-20 04:01:47,722] {scheduler_job.py:190} INFO - Processing /home/airflow/.local/lib/python3.6/site-packages/airflow/example_dags/example_skip_dag.py took 0.050 seconds
[2023-09-20 04:02:17,771] {scheduler_job.py:182} INFO - Started process (PID=3084) to work on /home/airflow/.local/lib/python3.6/site-packages/airflow/example_dags/example_skip_dag.py
[2023-09-20 04:02:17,771] {scheduler_job.py:629} INFO - Processing file /home/airflow/.local/lib/python3.6/site-packages/airflow/example_dags/example_skip_dag.py for tasks to queue
[2023-09-20 04:02:17,772] {logging_mixin.py:104} INFO - [2023-09-20 04:02:17,772] {dagbag.py:451} INFO - Filling up the DagBag from /home/airflow/.local/lib/python3.6/site-packages/airflow/example_dags/example_skip_dag.py
[2023-09-20 04:02:17,780] {scheduler_job.py:639} INFO - DAG(s) dict_keys(['example_skip_dag']) retrieved from /home/airflow/.local/lib/python3.6/site-packages/airflow/example_dags/example_skip_dag.py
[2023-09-20 04:02:17,798] {logging_mixin.py:104} INFO - [2023-09-20 04:02:17,798] {dag.py:1824} INFO - Sync 1 DAGs
[2023-09-20 04:02:17,809] {logging_mixin.py:104} INFO - [2023-09-20 04:02:17,809] {dag.py:2280} INFO - Setting next_dagrun for example_skip_dag to 2023-09-18 00:00:00+00:00
[2023-09-20 04:02:17,819] {scheduler_job.py:190} INFO - Processing /home/airflow/.local/lib/python3.6/site-packages/airflow/example_dags/example_skip_dag.py took 0.051 seconds
[2023-09-20 04:02:48,720] {scheduler_job.py:182} INFO - Started process (PID=3215) to work on /home/airflow/.local/lib/python3.6/site-packages/airflow/example_dags/example_skip_dag.py
[2023-09-20 04:02:48,720] {scheduler_job.py:629} INFO - Processing file /home/airflow/.local/lib/python3.6/site-packages/airflow/example_dags/example_skip_dag.py for tasks to queue
[2023-09-20 04:02:48,721] {logging_mixin.py:104} INFO - [2023-09-20 04:02:48,721] {dagbag.py:451} INFO - Filling up the DagBag from /home/airflow/.local/lib/python3.6/site-packages/airflow/example_dags/example_skip_dag.py
[2023-09-20 04:02:48,730] {scheduler_job.py:639} INFO - DAG(s) dict_keys(['example_skip_dag']) retrieved from /home/airflow/.local/lib/python3.6/site-packages/airflow/example_dags/example_skip_dag.py
[2023-09-20 04:02:48,751] {logging_mixin.py:104} INFO - [2023-09-20 04:02:48,751] {dag.py:1824} INFO - Sync 1 DAGs
[2023-09-20 04:02:48,764] {logging_mixin.py:104} INFO - [2023-09-20 04:02:48,764] {dag.py:2280} INFO - Setting next_dagrun for example_skip_dag to 2023-09-18 00:00:00+00:00
[2023-09-20 04:02:48,773] {scheduler_job.py:190} INFO - Processing /home/airflow/.local/lib/python3.6/site-packages/airflow/example_dags/example_skip_dag.py took 0.057 seconds
[2023-09-20 04:03:19,777] {scheduler_job.py:182} INFO - Started process (PID=3345) to work on /home/airflow/.local/lib/python3.6/site-packages/airflow/example_dags/example_skip_dag.py
[2023-09-20 04:03:19,778] {scheduler_job.py:629} INFO - Processing file /home/airflow/.local/lib/python3.6/site-packages/airflow/example_dags/example_skip_dag.py for tasks to queue
[2023-09-20 04:03:19,778] {logging_mixin.py:104} INFO - [2023-09-20 04:03:19,778] {dagbag.py:451} INFO - Filling up the DagBag from /home/airflow/.local/lib/python3.6/site-packages/airflow/example_dags/example_skip_dag.py
[2023-09-20 04:03:19,786] {scheduler_job.py:639} INFO - DAG(s) dict_keys(['example_skip_dag']) retrieved from /home/airflow/.local/lib/python3.6/site-packages/airflow/example_dags/example_skip_dag.py
[2023-09-20 04:03:19,803] {logging_mixin.py:104} INFO - [2023-09-20 04:03:19,803] {dag.py:1824} INFO - Sync 1 DAGs
[2023-09-20 04:03:19,814] {logging_mixin.py:104} INFO - [2023-09-20 04:03:19,814] {dag.py:2280} INFO - Setting next_dagrun for example_skip_dag to 2023-09-18 00:00:00+00:00
[2023-09-20 04:03:19,823] {scheduler_job.py:190} INFO - Processing /home/airflow/.local/lib/python3.6/site-packages/airflow/example_dags/example_skip_dag.py took 0.049 seconds
[2023-09-20 04:03:50,777] {scheduler_job.py:182} INFO - Started process (PID=3475) to work on /home/airflow/.local/lib/python3.6/site-packages/airflow/example_dags/example_skip_dag.py
[2023-09-20 04:03:50,778] {scheduler_job.py:629} INFO - Processing file /home/airflow/.local/lib/python3.6/site-packages/airflow/example_dags/example_skip_dag.py for tasks to queue
[2023-09-20 04:03:50,779] {logging_mixin.py:104} INFO - [2023-09-20 04:03:50,779] {dagbag.py:451} INFO - Filling up the DagBag from /home/airflow/.local/lib/python3.6/site-packages/airflow/example_dags/example_skip_dag.py
[2023-09-20 04:03:50,794] {scheduler_job.py:639} INFO - DAG(s) dict_keys(['example_skip_dag']) retrieved from /home/airflow/.local/lib/python3.6/site-packages/airflow/example_dags/example_skip_dag.py
[2023-09-20 04:03:50,816] {logging_mixin.py:104} INFO - [2023-09-20 04:03:50,816] {dag.py:1824} INFO - Sync 1 DAGs
[2023-09-20 04:03:50,827] {logging_mixin.py:104} INFO - [2023-09-20 04:03:50,827] {dag.py:2280} INFO - Setting next_dagrun for example_skip_dag to 2023-09-18 00:00:00+00:00
[2023-09-20 04:03:50,835] {scheduler_job.py:190} INFO - Processing /home/airflow/.local/lib/python3.6/site-packages/airflow/example_dags/example_skip_dag.py took 0.063 seconds
[2023-09-20 04:04:21,794] {scheduler_job.py:182} INFO - Started process (PID=3605) to work on /home/airflow/.local/lib/python3.6/site-packages/airflow/example_dags/example_skip_dag.py
[2023-09-20 04:04:21,796] {scheduler_job.py:629} INFO - Processing file /home/airflow/.local/lib/python3.6/site-packages/airflow/example_dags/example_skip_dag.py for tasks to queue
[2023-09-20 04:04:21,796] {logging_mixin.py:104} INFO - [2023-09-20 04:04:21,796] {dagbag.py:451} INFO - Filling up the DagBag from /home/airflow/.local/lib/python3.6/site-packages/airflow/example_dags/example_skip_dag.py
[2023-09-20 04:04:21,804] {scheduler_job.py:639} INFO - DAG(s) dict_keys(['example_skip_dag']) retrieved from /home/airflow/.local/lib/python3.6/site-packages/airflow/example_dags/example_skip_dag.py
[2023-09-20 04:04:21,823] {logging_mixin.py:104} INFO - [2023-09-20 04:04:21,823] {dag.py:1824} INFO - Sync 1 DAGs
[2023-09-20 04:04:21,838] {logging_mixin.py:104} INFO - [2023-09-20 04:04:21,838] {dag.py:2280} INFO - Setting next_dagrun for example_skip_dag to 2023-09-18 00:00:00+00:00
[2023-09-20 04:04:21,849] {scheduler_job.py:190} INFO - Processing /home/airflow/.local/lib/python3.6/site-packages/airflow/example_dags/example_skip_dag.py took 0.057 seconds
[2023-09-20 04:04:52,790] {scheduler_job.py:182} INFO - Started process (PID=3735) to work on /home/airflow/.local/lib/python3.6/site-packages/airflow/example_dags/example_skip_dag.py
[2023-09-20 04:04:52,791] {scheduler_job.py:629} INFO - Processing file /home/airflow/.local/lib/python3.6/site-packages/airflow/example_dags/example_skip_dag.py for tasks to queue
[2023-09-20 04:04:52,791] {logging_mixin.py:104} INFO - [2023-09-20 04:04:52,791] {dagbag.py:451} INFO - Filling up the DagBag from /home/airflow/.local/lib/python3.6/site-packages/airflow/example_dags/example_skip_dag.py
[2023-09-20 04:04:52,803] {scheduler_job.py:639} INFO - DAG(s) dict_keys(['example_skip_dag']) retrieved from /home/airflow/.local/lib/python3.6/site-packages/airflow/example_dags/example_skip_dag.py
[2023-09-20 04:04:52,821] {logging_mixin.py:104} INFO - [2023-09-20 04:04:52,821] {dag.py:1824} INFO - Sync 1 DAGs
[2023-09-20 04:04:52,836] {logging_mixin.py:104} INFO - [2023-09-20 04:04:52,836] {dag.py:2280} INFO - Setting next_dagrun for example_skip_dag to 2023-09-18 00:00:00+00:00
[2023-09-20 04:04:52,847] {scheduler_job.py:190} INFO - Processing /home/airflow/.local/lib/python3.6/site-packages/airflow/example_dags/example_skip_dag.py took 0.060 seconds
[2023-09-20 04:05:23,851] {scheduler_job.py:182} INFO - Started process (PID=3865) to work on /home/airflow/.local/lib/python3.6/site-packages/airflow/example_dags/example_skip_dag.py
[2023-09-20 04:05:23,853] {scheduler_job.py:629} INFO - Processing file /home/airflow/.local/lib/python3.6/site-packages/airflow/example_dags/example_skip_dag.py for tasks to queue
[2023-09-20 04:05:23,854] {logging_mixin.py:104} INFO - [2023-09-20 04:05:23,853] {dagbag.py:451} INFO - Filling up the DagBag from /home/airflow/.local/lib/python3.6/site-packages/airflow/example_dags/example_skip_dag.py
[2023-09-20 04:05:23,868] {scheduler_job.py:639} INFO - DAG(s) dict_keys(['example_skip_dag']) retrieved from /home/airflow/.local/lib/python3.6/site-packages/airflow/example_dags/example_skip_dag.py
[2023-09-20 04:05:23,897] {logging_mixin.py:104} INFO - [2023-09-20 04:05:23,897] {dag.py:1824} INFO - Sync 1 DAGs
[2023-09-20 04:05:23,913] {logging_mixin.py:104} INFO - [2023-09-20 04:05:23,913] {dag.py:2280} INFO - Setting next_dagrun for example_skip_dag to 2023-09-18 00:00:00+00:00
[2023-09-20 04:05:23,925] {scheduler_job.py:190} INFO - Processing /home/airflow/.local/lib/python3.6/site-packages/airflow/example_dags/example_skip_dag.py took 0.077 seconds
[2023-09-20 04:05:54,906] {scheduler_job.py:182} INFO - Started process (PID=3995) to work on /home/airflow/.local/lib/python3.6/site-packages/airflow/example_dags/example_skip_dag.py
[2023-09-20 04:05:54,907] {scheduler_job.py:629} INFO - Processing file /home/airflow/.local/lib/python3.6/site-packages/airflow/example_dags/example_skip_dag.py for tasks to queue
[2023-09-20 04:05:54,907] {logging_mixin.py:104} INFO - [2023-09-20 04:05:54,907] {dagbag.py:451} INFO - Filling up the DagBag from /home/airflow/.local/lib/python3.6/site-packages/airflow/example_dags/example_skip_dag.py
[2023-09-20 04:05:54,916] {scheduler_job.py:639} INFO - DAG(s) dict_keys(['example_skip_dag']) retrieved from /home/airflow/.local/lib/python3.6/site-packages/airflow/example_dags/example_skip_dag.py
[2023-09-20 04:05:54,934] {logging_mixin.py:104} INFO - [2023-09-20 04:05:54,934] {dag.py:1824} INFO - Sync 1 DAGs
[2023-09-20 04:05:54,945] {logging_mixin.py:104} INFO - [2023-09-20 04:05:54,945] {dag.py:2280} INFO - Setting next_dagrun for example_skip_dag to 2023-09-18 00:00:00+00:00
[2023-09-20 04:05:54,953] {scheduler_job.py:190} INFO - Processing /home/airflow/.local/lib/python3.6/site-packages/airflow/example_dags/example_skip_dag.py took 0.050 seconds
[2023-09-20 04:06:25,085] {scheduler_job.py:182} INFO - Started process (PID=4127) to work on /home/airflow/.local/lib/python3.6/site-packages/airflow/example_dags/example_skip_dag.py
[2023-09-20 04:06:25,086] {scheduler_job.py:629} INFO - Processing file /home/airflow/.local/lib/python3.6/site-packages/airflow/example_dags/example_skip_dag.py for tasks to queue
[2023-09-20 04:06:25,086] {logging_mixin.py:104} INFO - [2023-09-20 04:06:25,086] {dagbag.py:451} INFO - Filling up the DagBag from /home/airflow/.local/lib/python3.6/site-packages/airflow/example_dags/example_skip_dag.py
[2023-09-20 04:06:25,094] {scheduler_job.py:639} INFO - DAG(s) dict_keys(['example_skip_dag']) retrieved from /home/airflow/.local/lib/python3.6/site-packages/airflow/example_dags/example_skip_dag.py
[2023-09-20 04:06:25,112] {logging_mixin.py:104} INFO - [2023-09-20 04:06:25,112] {dag.py:1824} INFO - Sync 1 DAGs
[2023-09-20 04:06:25,123] {logging_mixin.py:104} INFO - [2023-09-20 04:06:25,123] {dag.py:2280} INFO - Setting next_dagrun for example_skip_dag to 2023-09-18 00:00:00+00:00
[2023-09-20 04:06:25,135] {scheduler_job.py:190} INFO - Processing /home/airflow/.local/lib/python3.6/site-packages/airflow/example_dags/example_skip_dag.py took 0.053 seconds
[2023-09-20 04:06:55,329] {scheduler_job.py:182} INFO - Started process (PID=4262) to work on /home/airflow/.local/lib/python3.6/site-packages/airflow/example_dags/example_skip_dag.py
[2023-09-20 04:06:55,329] {scheduler_job.py:629} INFO - Processing file /home/airflow/.local/lib/python3.6/site-packages/airflow/example_dags/example_skip_dag.py for tasks to queue
[2023-09-20 04:06:55,330] {logging_mixin.py:104} INFO - [2023-09-20 04:06:55,330] {dagbag.py:451} INFO - Filling up the DagBag from /home/airflow/.local/lib/python3.6/site-packages/airflow/example_dags/example_skip_dag.py
[2023-09-20 04:06:55,338] {scheduler_job.py:639} INFO - DAG(s) dict_keys(['example_skip_dag']) retrieved from /home/airflow/.local/lib/python3.6/site-packages/airflow/example_dags/example_skip_dag.py
[2023-09-20 04:06:55,355] {logging_mixin.py:104} INFO - [2023-09-20 04:06:55,355] {dag.py:1824} INFO - Sync 1 DAGs
[2023-09-20 04:06:55,366] {logging_mixin.py:104} INFO - [2023-09-20 04:06:55,366] {dag.py:2280} INFO - Setting next_dagrun for example_skip_dag to 2023-09-18 00:00:00+00:00
[2023-09-20 04:06:55,383] {scheduler_job.py:190} INFO - Processing /home/airflow/.local/lib/python3.6/site-packages/airflow/example_dags/example_skip_dag.py took 0.057 seconds
[2023-09-20 04:07:25,676] {scheduler_job.py:182} INFO - Started process (PID=4397) to work on /home/airflow/.local/lib/python3.6/site-packages/airflow/example_dags/example_skip_dag.py
[2023-09-20 04:07:25,677] {scheduler_job.py:629} INFO - Processing file /home/airflow/.local/lib/python3.6/site-packages/airflow/example_dags/example_skip_dag.py for tasks to queue
[2023-09-20 04:07:25,678] {logging_mixin.py:104} INFO - [2023-09-20 04:07:25,678] {dagbag.py:451} INFO - Filling up the DagBag from /home/airflow/.local/lib/python3.6/site-packages/airflow/example_dags/example_skip_dag.py
[2023-09-20 04:07:25,686] {scheduler_job.py:639} INFO - DAG(s) dict_keys(['example_skip_dag']) retrieved from /home/airflow/.local/lib/python3.6/site-packages/airflow/example_dags/example_skip_dag.py
[2023-09-20 04:07:25,703] {logging_mixin.py:104} INFO - [2023-09-20 04:07:25,703] {dag.py:1824} INFO - Sync 1 DAGs
[2023-09-20 04:07:25,714] {logging_mixin.py:104} INFO - [2023-09-20 04:07:25,714] {dag.py:2280} INFO - Setting next_dagrun for example_skip_dag to 2023-09-18 00:00:00+00:00
[2023-09-20 04:07:25,724] {scheduler_job.py:190} INFO - Processing /home/airflow/.local/lib/python3.6/site-packages/airflow/example_dags/example_skip_dag.py took 0.050 seconds
[2023-09-20 04:07:55,796] {scheduler_job.py:182} INFO - Started process (PID=4527) to work on /home/airflow/.local/lib/python3.6/site-packages/airflow/example_dags/example_skip_dag.py
[2023-09-20 04:07:55,797] {scheduler_job.py:629} INFO - Processing file /home/airflow/.local/lib/python3.6/site-packages/airflow/example_dags/example_skip_dag.py for tasks to queue
[2023-09-20 04:07:55,798] {logging_mixin.py:104} INFO - [2023-09-20 04:07:55,798] {dagbag.py:451} INFO - Filling up the DagBag from /home/airflow/.local/lib/python3.6/site-packages/airflow/example_dags/example_skip_dag.py
[2023-09-20 04:07:55,806] {scheduler_job.py:639} INFO - DAG(s) dict_keys(['example_skip_dag']) retrieved from /home/airflow/.local/lib/python3.6/site-packages/airflow/example_dags/example_skip_dag.py
[2023-09-20 04:07:55,823] {logging_mixin.py:104} INFO - [2023-09-20 04:07:55,823] {dag.py:1824} INFO - Sync 1 DAGs
[2023-09-20 04:07:55,835] {logging_mixin.py:104} INFO - [2023-09-20 04:07:55,835] {dag.py:2280} INFO - Setting next_dagrun for example_skip_dag to 2023-09-18 00:00:00+00:00
[2023-09-20 04:07:55,846] {scheduler_job.py:190} INFO - Processing /home/airflow/.local/lib/python3.6/site-packages/airflow/example_dags/example_skip_dag.py took 0.052 seconds
[2023-09-20 04:08:25,940] {scheduler_job.py:182} INFO - Started process (PID=4655) to work on /home/airflow/.local/lib/python3.6/site-packages/airflow/example_dags/example_skip_dag.py
[2023-09-20 04:08:25,941] {scheduler_job.py:629} INFO - Processing file /home/airflow/.local/lib/python3.6/site-packages/airflow/example_dags/example_skip_dag.py for tasks to queue
[2023-09-20 04:08:25,942] {logging_mixin.py:104} INFO - [2023-09-20 04:08:25,942] {dagbag.py:451} INFO - Filling up the DagBag from /home/airflow/.local/lib/python3.6/site-packages/airflow/example_dags/example_skip_dag.py
[2023-09-20 04:08:25,950] {scheduler_job.py:639} INFO - DAG(s) dict_keys(['example_skip_dag']) retrieved from /home/airflow/.local/lib/python3.6/site-packages/airflow/example_dags/example_skip_dag.py
[2023-09-20 04:08:25,968] {logging_mixin.py:104} INFO - [2023-09-20 04:08:25,968] {dag.py:1824} INFO - Sync 1 DAGs
[2023-09-20 04:08:25,979] {logging_mixin.py:104} INFO - [2023-09-20 04:08:25,979] {dag.py:2280} INFO - Setting next_dagrun for example_skip_dag to 2023-09-18 00:00:00+00:00
[2023-09-20 04:08:25,989] {scheduler_job.py:190} INFO - Processing /home/airflow/.local/lib/python3.6/site-packages/airflow/example_dags/example_skip_dag.py took 0.051 seconds
[2023-09-20 04:08:56,129] {scheduler_job.py:182} INFO - Started process (PID=4785) to work on /home/airflow/.local/lib/python3.6/site-packages/airflow/example_dags/example_skip_dag.py
[2023-09-20 04:08:56,130] {scheduler_job.py:629} INFO - Processing file /home/airflow/.local/lib/python3.6/site-packages/airflow/example_dags/example_skip_dag.py for tasks to queue
[2023-09-20 04:08:56,130] {logging_mixin.py:104} INFO - [2023-09-20 04:08:56,130] {dagbag.py:451} INFO - Filling up the DagBag from /home/airflow/.local/lib/python3.6/site-packages/airflow/example_dags/example_skip_dag.py
[2023-09-20 04:08:56,139] {scheduler_job.py:639} INFO - DAG(s) dict_keys(['example_skip_dag']) retrieved from /home/airflow/.local/lib/python3.6/site-packages/airflow/example_dags/example_skip_dag.py
[2023-09-20 04:08:56,157] {logging_mixin.py:104} INFO - [2023-09-20 04:08:56,157] {dag.py:1824} INFO - Sync 1 DAGs
[2023-09-20 04:08:56,169] {logging_mixin.py:104} INFO - [2023-09-20 04:08:56,169] {dag.py:2280} INFO - Setting next_dagrun for example_skip_dag to 2023-09-18 00:00:00+00:00
[2023-09-20 04:08:56,178] {scheduler_job.py:190} INFO - Processing /home/airflow/.local/lib/python3.6/site-packages/airflow/example_dags/example_skip_dag.py took 0.051 seconds
[2023-09-20 04:09:26,246] {scheduler_job.py:182} INFO - Started process (PID=4915) to work on /home/airflow/.local/lib/python3.6/site-packages/airflow/example_dags/example_skip_dag.py
[2023-09-20 04:09:26,247] {scheduler_job.py:629} INFO - Processing file /home/airflow/.local/lib/python3.6/site-packages/airflow/example_dags/example_skip_dag.py for tasks to queue
[2023-09-20 04:09:26,248] {logging_mixin.py:104} INFO - [2023-09-20 04:09:26,248] {dagbag.py:451} INFO - Filling up the DagBag from /home/airflow/.local/lib/python3.6/site-packages/airflow/example_dags/example_skip_dag.py
[2023-09-20 04:09:26,256] {scheduler_job.py:639} INFO - DAG(s) dict_keys(['example_skip_dag']) retrieved from /home/airflow/.local/lib/python3.6/site-packages/airflow/example_dags/example_skip_dag.py
[2023-09-20 04:09:26,273] {logging_mixin.py:104} INFO - [2023-09-20 04:09:26,273] {dag.py:1824} INFO - Sync 1 DAGs
[2023-09-20 04:09:26,285] {logging_mixin.py:104} INFO - [2023-09-20 04:09:26,285] {dag.py:2280} INFO - Setting next_dagrun for example_skip_dag to 2023-09-18 00:00:00+00:00
[2023-09-20 04:09:26,293] {scheduler_job.py:190} INFO - Processing /home/airflow/.local/lib/python3.6/site-packages/airflow/example_dags/example_skip_dag.py took 0.050 seconds
[2023-09-20 04:09:56,361] {scheduler_job.py:182} INFO - Started process (PID=5045) to work on /home/airflow/.local/lib/python3.6/site-packages/airflow/example_dags/example_skip_dag.py
[2023-09-20 04:09:56,362] {scheduler_job.py:629} INFO - Processing file /home/airflow/.local/lib/python3.6/site-packages/airflow/example_dags/example_skip_dag.py for tasks to queue
[2023-09-20 04:09:56,362] {logging_mixin.py:104} INFO - [2023-09-20 04:09:56,362] {dagbag.py:451} INFO - Filling up the DagBag from /home/airflow/.local/lib/python3.6/site-packages/airflow/example_dags/example_skip_dag.py
[2023-09-20 04:09:56,370] {scheduler_job.py:639} INFO - DAG(s) dict_keys(['example_skip_dag']) retrieved from /home/airflow/.local/lib/python3.6/site-packages/airflow/example_dags/example_skip_dag.py
[2023-09-20 04:09:56,388] {logging_mixin.py:104} INFO - [2023-09-20 04:09:56,388] {dag.py:1824} INFO - Sync 1 DAGs
[2023-09-20 04:09:56,399] {logging_mixin.py:104} INFO - [2023-09-20 04:09:56,399] {dag.py:2280} INFO - Setting next_dagrun for example_skip_dag to 2023-09-18 00:00:00+00:00
[2023-09-20 04:09:56,408] {scheduler_job.py:190} INFO - Processing /home/airflow/.local/lib/python3.6/site-packages/airflow/example_dags/example_skip_dag.py took 0.050 seconds
[2023-09-20 04:10:26,469] {scheduler_job.py:182} INFO - Started process (PID=5175) to work on /home/airflow/.local/lib/python3.6/site-packages/airflow/example_dags/example_skip_dag.py
[2023-09-20 04:10:26,470] {scheduler_job.py:629} INFO - Processing file /home/airflow/.local/lib/python3.6/site-packages/airflow/example_dags/example_skip_dag.py for tasks to queue
[2023-09-20 04:10:26,470] {logging_mixin.py:104} INFO - [2023-09-20 04:10:26,470] {dagbag.py:451} INFO - Filling up the DagBag from /home/airflow/.local/lib/python3.6/site-packages/airflow/example_dags/example_skip_dag.py
[2023-09-20 04:10:26,478] {scheduler_job.py:639} INFO - DAG(s) dict_keys(['example_skip_dag']) retrieved from /home/airflow/.local/lib/python3.6/site-packages/airflow/example_dags/example_skip_dag.py
[2023-09-20 04:10:26,495] {logging_mixin.py:104} INFO - [2023-09-20 04:10:26,495] {dag.py:1824} INFO - Sync 1 DAGs
[2023-09-20 04:10:26,506] {logging_mixin.py:104} INFO - [2023-09-20 04:10:26,506] {dag.py:2280} INFO - Setting next_dagrun for example_skip_dag to 2023-09-18 00:00:00+00:00
[2023-09-20 04:10:26,514] {scheduler_job.py:190} INFO - Processing /home/airflow/.local/lib/python3.6/site-packages/airflow/example_dags/example_skip_dag.py took 0.048 seconds
[2023-09-20 04:10:57,021] {scheduler_job.py:182} INFO - Started process (PID=5319) to work on /home/airflow/.local/lib/python3.6/site-packages/airflow/example_dags/example_skip_dag.py
[2023-09-20 04:10:57,022] {scheduler_job.py:629} INFO - Processing file /home/airflow/.local/lib/python3.6/site-packages/airflow/example_dags/example_skip_dag.py for tasks to queue
[2023-09-20 04:10:57,023] {logging_mixin.py:104} INFO - [2023-09-20 04:10:57,022] {dagbag.py:451} INFO - Filling up the DagBag from /home/airflow/.local/lib/python3.6/site-packages/airflow/example_dags/example_skip_dag.py
[2023-09-20 04:10:57,031] {scheduler_job.py:639} INFO - DAG(s) dict_keys(['example_skip_dag']) retrieved from /home/airflow/.local/lib/python3.6/site-packages/airflow/example_dags/example_skip_dag.py
[2023-09-20 04:10:57,048] {logging_mixin.py:104} INFO - [2023-09-20 04:10:57,048] {dag.py:1824} INFO - Sync 1 DAGs
[2023-09-20 04:10:57,061] {logging_mixin.py:104} INFO - [2023-09-20 04:10:57,061] {dag.py:2280} INFO - Setting next_dagrun for example_skip_dag to 2023-09-18 00:00:00+00:00
[2023-09-20 04:10:57,073] {scheduler_job.py:190} INFO - Processing /home/airflow/.local/lib/python3.6/site-packages/airflow/example_dags/example_skip_dag.py took 0.054 seconds
[2023-09-20 04:11:27,180] {scheduler_job.py:182} INFO - Started process (PID=5450) to work on /home/airflow/.local/lib/python3.6/site-packages/airflow/example_dags/example_skip_dag.py
[2023-09-20 04:11:27,181] {scheduler_job.py:629} INFO - Processing file /home/airflow/.local/lib/python3.6/site-packages/airflow/example_dags/example_skip_dag.py for tasks to queue
[2023-09-20 04:11:27,182] {logging_mixin.py:104} INFO - [2023-09-20 04:11:27,182] {dagbag.py:451} INFO - Filling up the DagBag from /home/airflow/.local/lib/python3.6/site-packages/airflow/example_dags/example_skip_dag.py
[2023-09-20 04:11:27,191] {scheduler_job.py:639} INFO - DAG(s) dict_keys(['example_skip_dag']) retrieved from /home/airflow/.local/lib/python3.6/site-packages/airflow/example_dags/example_skip_dag.py
[2023-09-20 04:11:27,212] {logging_mixin.py:104} INFO - [2023-09-20 04:11:27,212] {dag.py:1824} INFO - Sync 1 DAGs
[2023-09-20 04:11:27,226] {logging_mixin.py:104} INFO - [2023-09-20 04:11:27,226] {dag.py:2280} INFO - Setting next_dagrun for example_skip_dag to 2023-09-18 00:00:00+00:00
[2023-09-20 04:11:27,237] {scheduler_job.py:190} INFO - Processing /home/airflow/.local/lib/python3.6/site-packages/airflow/example_dags/example_skip_dag.py took 0.061 seconds
[2023-09-20 04:11:57,539] {scheduler_job.py:182} INFO - Started process (PID=5585) to work on /home/airflow/.local/lib/python3.6/site-packages/airflow/example_dags/example_skip_dag.py
[2023-09-20 04:11:57,540] {scheduler_job.py:629} INFO - Processing file /home/airflow/.local/lib/python3.6/site-packages/airflow/example_dags/example_skip_dag.py for tasks to queue
[2023-09-20 04:11:57,541] {logging_mixin.py:104} INFO - [2023-09-20 04:11:57,541] {dagbag.py:451} INFO - Filling up the DagBag from /home/airflow/.local/lib/python3.6/site-packages/airflow/example_dags/example_skip_dag.py
[2023-09-20 04:11:57,552] {scheduler_job.py:639} INFO - DAG(s) dict_keys(['example_skip_dag']) retrieved from /home/airflow/.local/lib/python3.6/site-packages/airflow/example_dags/example_skip_dag.py
[2023-09-20 04:11:57,570] {logging_mixin.py:104} INFO - [2023-09-20 04:11:57,570] {dag.py:1824} INFO - Sync 1 DAGs
[2023-09-20 04:11:57,585] {logging_mixin.py:104} INFO - [2023-09-20 04:11:57,585] {dag.py:2280} INFO - Setting next_dagrun for example_skip_dag to 2023-09-18 00:00:00+00:00
[2023-09-20 04:11:57,596] {scheduler_job.py:190} INFO - Processing /home/airflow/.local/lib/python3.6/site-packages/airflow/example_dags/example_skip_dag.py took 0.060 seconds
[2023-09-20 04:12:27,755] {scheduler_job.py:182} INFO - Started process (PID=5720) to work on /home/airflow/.local/lib/python3.6/site-packages/airflow/example_dags/example_skip_dag.py
[2023-09-20 04:12:27,756] {scheduler_job.py:629} INFO - Processing file /home/airflow/.local/lib/python3.6/site-packages/airflow/example_dags/example_skip_dag.py for tasks to queue
[2023-09-20 04:12:27,756] {logging_mixin.py:104} INFO - [2023-09-20 04:12:27,756] {dagbag.py:451} INFO - Filling up the DagBag from /home/airflow/.local/lib/python3.6/site-packages/airflow/example_dags/example_skip_dag.py
[2023-09-20 04:12:27,764] {scheduler_job.py:639} INFO - DAG(s) dict_keys(['example_skip_dag']) retrieved from /home/airflow/.local/lib/python3.6/site-packages/airflow/example_dags/example_skip_dag.py
[2023-09-20 04:12:27,782] {logging_mixin.py:104} INFO - [2023-09-20 04:12:27,782] {dag.py:1824} INFO - Sync 1 DAGs
[2023-09-20 04:12:27,793] {logging_mixin.py:104} INFO - [2023-09-20 04:12:27,793] {dag.py:2280} INFO - Setting next_dagrun for example_skip_dag to 2023-09-18 00:00:00+00:00
[2023-09-20 04:12:27,803] {scheduler_job.py:190} INFO - Processing /home/airflow/.local/lib/python3.6/site-packages/airflow/example_dags/example_skip_dag.py took 0.051 seconds
[2023-09-20 04:12:57,961] {scheduler_job.py:182} INFO - Started process (PID=5852) to work on /home/airflow/.local/lib/python3.6/site-packages/airflow/example_dags/example_skip_dag.py
[2023-09-20 04:12:57,962] {scheduler_job.py:629} INFO - Processing file /home/airflow/.local/lib/python3.6/site-packages/airflow/example_dags/example_skip_dag.py for tasks to queue
[2023-09-20 04:12:57,963] {logging_mixin.py:104} INFO - [2023-09-20 04:12:57,963] {dagbag.py:451} INFO - Filling up the DagBag from /home/airflow/.local/lib/python3.6/site-packages/airflow/example_dags/example_skip_dag.py
[2023-09-20 04:12:57,971] {scheduler_job.py:639} INFO - DAG(s) dict_keys(['example_skip_dag']) retrieved from /home/airflow/.local/lib/python3.6/site-packages/airflow/example_dags/example_skip_dag.py
[2023-09-20 04:12:57,989] {logging_mixin.py:104} INFO - [2023-09-20 04:12:57,989] {dag.py:1824} INFO - Sync 1 DAGs
[2023-09-20 04:12:58,002] {logging_mixin.py:104} INFO - [2023-09-20 04:12:58,001] {dag.py:2280} INFO - Setting next_dagrun for example_skip_dag to 2023-09-18 00:00:00+00:00
[2023-09-20 04:12:58,012] {scheduler_job.py:190} INFO - Processing /home/airflow/.local/lib/python3.6/site-packages/airflow/example_dags/example_skip_dag.py took 0.054 seconds
[2023-09-20 04:13:28,077] {scheduler_job.py:182} INFO - Started process (PID=5982) to work on /home/airflow/.local/lib/python3.6/site-packages/airflow/example_dags/example_skip_dag.py
[2023-09-20 04:13:28,078] {scheduler_job.py:629} INFO - Processing file /home/airflow/.local/lib/python3.6/site-packages/airflow/example_dags/example_skip_dag.py for tasks to queue
[2023-09-20 04:13:28,078] {logging_mixin.py:104} INFO - [2023-09-20 04:13:28,078] {dagbag.py:451} INFO - Filling up the DagBag from /home/airflow/.local/lib/python3.6/site-packages/airflow/example_dags/example_skip_dag.py
[2023-09-20 04:13:28,086] {scheduler_job.py:639} INFO - DAG(s) dict_keys(['example_skip_dag']) retrieved from /home/airflow/.local/lib/python3.6/site-packages/airflow/example_dags/example_skip_dag.py
[2023-09-20 04:13:28,103] {logging_mixin.py:104} INFO - [2023-09-20 04:13:28,103] {dag.py:1824} INFO - Sync 1 DAGs
[2023-09-20 04:13:28,114] {logging_mixin.py:104} INFO - [2023-09-20 04:13:28,114] {dag.py:2280} INFO - Setting next_dagrun for example_skip_dag to 2023-09-18 00:00:00+00:00
[2023-09-20 04:13:28,125] {scheduler_job.py:190} INFO - Processing /home/airflow/.local/lib/python3.6/site-packages/airflow/example_dags/example_skip_dag.py took 0.050 seconds
[2023-09-20 04:13:58,286] {scheduler_job.py:182} INFO - Started process (PID=6104) to work on /home/airflow/.local/lib/python3.6/site-packages/airflow/example_dags/example_skip_dag.py
[2023-09-20 04:13:58,287] {scheduler_job.py:629} INFO - Processing file /home/airflow/.local/lib/python3.6/site-packages/airflow/example_dags/example_skip_dag.py for tasks to queue
[2023-09-20 04:13:58,288] {logging_mixin.py:104} INFO - [2023-09-20 04:13:58,288] {dagbag.py:451} INFO - Filling up the DagBag from /home/airflow/.local/lib/python3.6/site-packages/airflow/example_dags/example_skip_dag.py
[2023-09-20 04:13:58,295] {scheduler_job.py:639} INFO - DAG(s) dict_keys(['example_skip_dag']) retrieved from /home/airflow/.local/lib/python3.6/site-packages/airflow/example_dags/example_skip_dag.py
[2023-09-20 04:13:58,312] {logging_mixin.py:104} INFO - [2023-09-20 04:13:58,312] {dag.py:1824} INFO - Sync 1 DAGs
[2023-09-20 04:13:58,326] {logging_mixin.py:104} INFO - [2023-09-20 04:13:58,326] {dag.py:2280} INFO - Setting next_dagrun for example_skip_dag to 2023-09-18 00:00:00+00:00
[2023-09-20 04:13:58,337] {scheduler_job.py:190} INFO - Processing /home/airflow/.local/lib/python3.6/site-packages/airflow/example_dags/example_skip_dag.py took 0.054 seconds
