[2023-09-20 03:51:10,046] {scheduler_job.py:182} INFO - Started process (PID=230) to work on /home/airflow/.local/lib/python3.6/site-packages/airflow/example_dags/example_branch_python_dop_operator_3.py
[2023-09-20 03:51:10,047] {scheduler_job.py:629} INFO - Processing file /home/airflow/.local/lib/python3.6/site-packages/airflow/example_dags/example_branch_python_dop_operator_3.py for tasks to queue
[2023-09-20 03:51:10,048] {logging_mixin.py:104} INFO - [2023-09-20 03:51:10,047] {dagbag.py:451} INFO - Filling up the DagBag from /home/airflow/.local/lib/python3.6/site-packages/airflow/example_dags/example_branch_python_dop_operator_3.py
[2023-09-20 03:51:10,064] {scheduler_job.py:639} INFO - DAG(s) dict_keys(['example_branch_dop_operator_v3']) retrieved from /home/airflow/.local/lib/python3.6/site-packages/airflow/example_dags/example_branch_python_dop_operator_3.py
[2023-09-20 03:51:10,091] {logging_mixin.py:104} INFO - [2023-09-20 03:51:10,091] {dag.py:1824} INFO - Sync 1 DAGs
[2023-09-20 03:51:10,100] {logging_mixin.py:104} INFO - [2023-09-20 03:51:10,100] {dag.py:1843} INFO - Creating ORM DAG for example_branch_dop_operator_v3
[2023-09-20 03:51:10,114] {logging_mixin.py:104} INFO - [2023-09-20 03:51:10,114] {dag.py:2280} INFO - Setting next_dagrun for example_branch_dop_operator_v3 to 2023-09-18 00:00:00+00:00
[2023-09-20 03:51:10,127] {scheduler_job.py:190} INFO - Processing /home/airflow/.local/lib/python3.6/site-packages/airflow/example_dags/example_branch_python_dop_operator_3.py took 0.085 seconds
[2023-09-20 03:51:40,393] {scheduler_job.py:182} INFO - Started process (PID=360) to work on /home/airflow/.local/lib/python3.6/site-packages/airflow/example_dags/example_branch_python_dop_operator_3.py
[2023-09-20 03:51:40,396] {scheduler_job.py:629} INFO - Processing file /home/airflow/.local/lib/python3.6/site-packages/airflow/example_dags/example_branch_python_dop_operator_3.py for tasks to queue
[2023-09-20 03:51:40,397] {logging_mixin.py:104} INFO - [2023-09-20 03:51:40,397] {dagbag.py:451} INFO - Filling up the DagBag from /home/airflow/.local/lib/python3.6/site-packages/airflow/example_dags/example_branch_python_dop_operator_3.py
[2023-09-20 03:51:40,410] {scheduler_job.py:639} INFO - DAG(s) dict_keys(['example_branch_dop_operator_v3']) retrieved from /home/airflow/.local/lib/python3.6/site-packages/airflow/example_dags/example_branch_python_dop_operator_3.py
[2023-09-20 03:51:40,432] {logging_mixin.py:104} INFO - [2023-09-20 03:51:40,432] {dag.py:1824} INFO - Sync 1 DAGs
[2023-09-20 03:51:40,458] {logging_mixin.py:104} INFO - [2023-09-20 03:51:40,458] {dag.py:2280} INFO - Setting next_dagrun for example_branch_dop_operator_v3 to 2023-09-18 00:00:00+00:00
[2023-09-20 03:51:40,472] {scheduler_job.py:190} INFO - Processing /home/airflow/.local/lib/python3.6/site-packages/airflow/example_dags/example_branch_python_dop_operator_3.py took 0.082 seconds
[2023-09-20 03:52:10,657] {scheduler_job.py:182} INFO - Started process (PID=497) to work on /home/airflow/.local/lib/python3.6/site-packages/airflow/example_dags/example_branch_python_dop_operator_3.py
[2023-09-20 03:52:10,658] {scheduler_job.py:629} INFO - Processing file /home/airflow/.local/lib/python3.6/site-packages/airflow/example_dags/example_branch_python_dop_operator_3.py for tasks to queue
[2023-09-20 03:52:10,659] {logging_mixin.py:104} INFO - [2023-09-20 03:52:10,659] {dagbag.py:451} INFO - Filling up the DagBag from /home/airflow/.local/lib/python3.6/site-packages/airflow/example_dags/example_branch_python_dop_operator_3.py
[2023-09-20 03:52:10,669] {scheduler_job.py:639} INFO - DAG(s) dict_keys(['example_branch_dop_operator_v3']) retrieved from /home/airflow/.local/lib/python3.6/site-packages/airflow/example_dags/example_branch_python_dop_operator_3.py
[2023-09-20 03:52:10,686] {logging_mixin.py:104} INFO - [2023-09-20 03:52:10,686] {dag.py:1824} INFO - Sync 1 DAGs
[2023-09-20 03:52:10,708] {logging_mixin.py:104} INFO - [2023-09-20 03:52:10,708] {dag.py:2280} INFO - Setting next_dagrun for example_branch_dop_operator_v3 to 2023-09-18 00:00:00+00:00
[2023-09-20 03:52:10,719] {scheduler_job.py:190} INFO - Processing /home/airflow/.local/lib/python3.6/site-packages/airflow/example_dags/example_branch_python_dop_operator_3.py took 0.064 seconds
[2023-09-20 03:52:40,914] {scheduler_job.py:182} INFO - Started process (PID=619) to work on /home/airflow/.local/lib/python3.6/site-packages/airflow/example_dags/example_branch_python_dop_operator_3.py
[2023-09-20 03:52:40,914] {scheduler_job.py:629} INFO - Processing file /home/airflow/.local/lib/python3.6/site-packages/airflow/example_dags/example_branch_python_dop_operator_3.py for tasks to queue
[2023-09-20 03:52:40,915] {logging_mixin.py:104} INFO - [2023-09-20 03:52:40,915] {dagbag.py:451} INFO - Filling up the DagBag from /home/airflow/.local/lib/python3.6/site-packages/airflow/example_dags/example_branch_python_dop_operator_3.py
[2023-09-20 03:52:40,926] {scheduler_job.py:639} INFO - DAG(s) dict_keys(['example_branch_dop_operator_v3']) retrieved from /home/airflow/.local/lib/python3.6/site-packages/airflow/example_dags/example_branch_python_dop_operator_3.py
[2023-09-20 03:52:40,945] {logging_mixin.py:104} INFO - [2023-09-20 03:52:40,945] {dag.py:1824} INFO - Sync 1 DAGs
[2023-09-20 03:52:40,969] {logging_mixin.py:104} INFO - [2023-09-20 03:52:40,969] {dag.py:2280} INFO - Setting next_dagrun for example_branch_dop_operator_v3 to 2023-09-18 00:00:00+00:00
[2023-09-20 03:52:40,978] {scheduler_job.py:190} INFO - Processing /home/airflow/.local/lib/python3.6/site-packages/airflow/example_dags/example_branch_python_dop_operator_3.py took 0.068 seconds
[2023-09-20 03:53:11,000] {scheduler_job.py:182} INFO - Started process (PID=779) to work on /home/airflow/.local/lib/python3.6/site-packages/airflow/example_dags/example_branch_python_dop_operator_3.py
[2023-09-20 03:53:11,001] {scheduler_job.py:629} INFO - Processing file /home/airflow/.local/lib/python3.6/site-packages/airflow/example_dags/example_branch_python_dop_operator_3.py for tasks to queue
[2023-09-20 03:53:11,001] {logging_mixin.py:104} INFO - [2023-09-20 03:53:11,001] {dagbag.py:451} INFO - Filling up the DagBag from /home/airflow/.local/lib/python3.6/site-packages/airflow/example_dags/example_branch_python_dop_operator_3.py
[2023-09-20 03:53:11,012] {scheduler_job.py:639} INFO - DAG(s) dict_keys(['example_branch_dop_operator_v3']) retrieved from /home/airflow/.local/lib/python3.6/site-packages/airflow/example_dags/example_branch_python_dop_operator_3.py
[2023-09-20 03:53:11,030] {logging_mixin.py:104} INFO - [2023-09-20 03:53:11,030] {dag.py:1824} INFO - Sync 1 DAGs
[2023-09-20 03:53:11,051] {logging_mixin.py:104} INFO - [2023-09-20 03:53:11,051] {dag.py:2280} INFO - Setting next_dagrun for example_branch_dop_operator_v3 to 2023-09-18 00:00:00+00:00
[2023-09-20 03:53:11,060] {scheduler_job.py:190} INFO - Processing /home/airflow/.local/lib/python3.6/site-packages/airflow/example_dags/example_branch_python_dop_operator_3.py took 0.063 seconds
[2023-09-20 03:53:41,097] {scheduler_job.py:182} INFO - Started process (PID=892) to work on /home/airflow/.local/lib/python3.6/site-packages/airflow/example_dags/example_branch_python_dop_operator_3.py
[2023-09-20 03:53:41,097] {scheduler_job.py:629} INFO - Processing file /home/airflow/.local/lib/python3.6/site-packages/airflow/example_dags/example_branch_python_dop_operator_3.py for tasks to queue
[2023-09-20 03:53:41,098] {logging_mixin.py:104} INFO - [2023-09-20 03:53:41,098] {dagbag.py:451} INFO - Filling up the DagBag from /home/airflow/.local/lib/python3.6/site-packages/airflow/example_dags/example_branch_python_dop_operator_3.py
[2023-09-20 03:53:41,109] {scheduler_job.py:639} INFO - DAG(s) dict_keys(['example_branch_dop_operator_v3']) retrieved from /home/airflow/.local/lib/python3.6/site-packages/airflow/example_dags/example_branch_python_dop_operator_3.py
[2023-09-20 03:53:41,126] {logging_mixin.py:104} INFO - [2023-09-20 03:53:41,126] {dag.py:1824} INFO - Sync 1 DAGs
[2023-09-20 03:53:41,147] {logging_mixin.py:104} INFO - [2023-09-20 03:53:41,147] {dag.py:2280} INFO - Setting next_dagrun for example_branch_dop_operator_v3 to 2023-09-18 00:00:00+00:00
[2023-09-20 03:53:41,158] {scheduler_job.py:190} INFO - Processing /home/airflow/.local/lib/python3.6/site-packages/airflow/example_dags/example_branch_python_dop_operator_3.py took 0.065 seconds
[2023-09-20 03:54:11,189] {scheduler_job.py:182} INFO - Started process (PID=1022) to work on /home/airflow/.local/lib/python3.6/site-packages/airflow/example_dags/example_branch_python_dop_operator_3.py
[2023-09-20 03:54:11,190] {scheduler_job.py:629} INFO - Processing file /home/airflow/.local/lib/python3.6/site-packages/airflow/example_dags/example_branch_python_dop_operator_3.py for tasks to queue
[2023-09-20 03:54:11,191] {logging_mixin.py:104} INFO - [2023-09-20 03:54:11,191] {dagbag.py:451} INFO - Filling up the DagBag from /home/airflow/.local/lib/python3.6/site-packages/airflow/example_dags/example_branch_python_dop_operator_3.py
[2023-09-20 03:54:11,201] {scheduler_job.py:639} INFO - DAG(s) dict_keys(['example_branch_dop_operator_v3']) retrieved from /home/airflow/.local/lib/python3.6/site-packages/airflow/example_dags/example_branch_python_dop_operator_3.py
[2023-09-20 03:54:11,219] {logging_mixin.py:104} INFO - [2023-09-20 03:54:11,218] {dag.py:1824} INFO - Sync 1 DAGs
[2023-09-20 03:54:11,239] {logging_mixin.py:104} INFO - [2023-09-20 03:54:11,239] {dag.py:2280} INFO - Setting next_dagrun for example_branch_dop_operator_v3 to 2023-09-18 00:00:00+00:00
[2023-09-20 03:54:11,247] {scheduler_job.py:190} INFO - Processing /home/airflow/.local/lib/python3.6/site-packages/airflow/example_dags/example_branch_python_dop_operator_3.py took 0.060 seconds
[2023-09-20 03:54:41,412] {scheduler_job.py:182} INFO - Started process (PID=1155) to work on /home/airflow/.local/lib/python3.6/site-packages/airflow/example_dags/example_branch_python_dop_operator_3.py
[2023-09-20 03:54:41,413] {scheduler_job.py:629} INFO - Processing file /home/airflow/.local/lib/python3.6/site-packages/airflow/example_dags/example_branch_python_dop_operator_3.py for tasks to queue
[2023-09-20 03:54:41,413] {logging_mixin.py:104} INFO - [2023-09-20 03:54:41,413] {dagbag.py:451} INFO - Filling up the DagBag from /home/airflow/.local/lib/python3.6/site-packages/airflow/example_dags/example_branch_python_dop_operator_3.py
[2023-09-20 03:54:41,425] {scheduler_job.py:639} INFO - DAG(s) dict_keys(['example_branch_dop_operator_v3']) retrieved from /home/airflow/.local/lib/python3.6/site-packages/airflow/example_dags/example_branch_python_dop_operator_3.py
[2023-09-20 03:54:41,442] {logging_mixin.py:104} INFO - [2023-09-20 03:54:41,442] {dag.py:1824} INFO - Sync 1 DAGs
[2023-09-20 03:54:41,463] {logging_mixin.py:104} INFO - [2023-09-20 03:54:41,463] {dag.py:2280} INFO - Setting next_dagrun for example_branch_dop_operator_v3 to 2023-09-18 00:00:00+00:00
[2023-09-20 03:54:41,472] {scheduler_job.py:190} INFO - Processing /home/airflow/.local/lib/python3.6/site-packages/airflow/example_dags/example_branch_python_dop_operator_3.py took 0.063 seconds
[2023-09-20 03:55:12,575] {scheduler_job.py:182} INFO - Started process (PID=1300) to work on /home/airflow/.local/lib/python3.6/site-packages/airflow/example_dags/example_branch_python_dop_operator_3.py
[2023-09-20 03:55:12,576] {scheduler_job.py:629} INFO - Processing file /home/airflow/.local/lib/python3.6/site-packages/airflow/example_dags/example_branch_python_dop_operator_3.py for tasks to queue
[2023-09-20 03:55:12,577] {logging_mixin.py:104} INFO - [2023-09-20 03:55:12,576] {dagbag.py:451} INFO - Filling up the DagBag from /home/airflow/.local/lib/python3.6/site-packages/airflow/example_dags/example_branch_python_dop_operator_3.py
[2023-09-20 03:55:12,592] {scheduler_job.py:639} INFO - DAG(s) dict_keys(['example_branch_dop_operator_v3']) retrieved from /home/airflow/.local/lib/python3.6/site-packages/airflow/example_dags/example_branch_python_dop_operator_3.py
[2023-09-20 03:55:12,611] {logging_mixin.py:104} INFO - [2023-09-20 03:55:12,611] {dag.py:1824} INFO - Sync 1 DAGs
[2023-09-20 03:55:12,632] {logging_mixin.py:104} INFO - [2023-09-20 03:55:12,632] {dag.py:2280} INFO - Setting next_dagrun for example_branch_dop_operator_v3 to 2023-09-18 00:00:00+00:00
[2023-09-20 03:55:12,641] {scheduler_job.py:190} INFO - Processing /home/airflow/.local/lib/python3.6/site-packages/airflow/example_dags/example_branch_python_dop_operator_3.py took 0.069 seconds
[2023-09-20 03:55:43,533] {scheduler_job.py:182} INFO - Started process (PID=1430) to work on /home/airflow/.local/lib/python3.6/site-packages/airflow/example_dags/example_branch_python_dop_operator_3.py
[2023-09-20 03:55:43,534] {scheduler_job.py:629} INFO - Processing file /home/airflow/.local/lib/python3.6/site-packages/airflow/example_dags/example_branch_python_dop_operator_3.py for tasks to queue
[2023-09-20 03:55:43,534] {logging_mixin.py:104} INFO - [2023-09-20 03:55:43,534] {dagbag.py:451} INFO - Filling up the DagBag from /home/airflow/.local/lib/python3.6/site-packages/airflow/example_dags/example_branch_python_dop_operator_3.py
[2023-09-20 03:55:43,546] {scheduler_job.py:639} INFO - DAG(s) dict_keys(['example_branch_dop_operator_v3']) retrieved from /home/airflow/.local/lib/python3.6/site-packages/airflow/example_dags/example_branch_python_dop_operator_3.py
[2023-09-20 03:55:43,571] {logging_mixin.py:104} INFO - [2023-09-20 03:55:43,571] {dag.py:1824} INFO - Sync 1 DAGs
[2023-09-20 03:55:43,596] {logging_mixin.py:104} INFO - [2023-09-20 03:55:43,596] {dag.py:2280} INFO - Setting next_dagrun for example_branch_dop_operator_v3 to 2023-09-18 00:00:00+00:00
[2023-09-20 03:55:43,612] {scheduler_job.py:190} INFO - Processing /home/airflow/.local/lib/python3.6/site-packages/airflow/example_dags/example_branch_python_dop_operator_3.py took 0.082 seconds
[2023-09-20 03:56:14,504] {scheduler_job.py:182} INFO - Started process (PID=1560) to work on /home/airflow/.local/lib/python3.6/site-packages/airflow/example_dags/example_branch_python_dop_operator_3.py
[2023-09-20 03:56:14,506] {scheduler_job.py:629} INFO - Processing file /home/airflow/.local/lib/python3.6/site-packages/airflow/example_dags/example_branch_python_dop_operator_3.py for tasks to queue
[2023-09-20 03:56:14,506] {logging_mixin.py:104} INFO - [2023-09-20 03:56:14,506] {dagbag.py:451} INFO - Filling up the DagBag from /home/airflow/.local/lib/python3.6/site-packages/airflow/example_dags/example_branch_python_dop_operator_3.py
[2023-09-20 03:56:14,517] {scheduler_job.py:639} INFO - DAG(s) dict_keys(['example_branch_dop_operator_v3']) retrieved from /home/airflow/.local/lib/python3.6/site-packages/airflow/example_dags/example_branch_python_dop_operator_3.py
[2023-09-20 03:56:14,535] {logging_mixin.py:104} INFO - [2023-09-20 03:56:14,535] {dag.py:1824} INFO - Sync 1 DAGs
[2023-09-20 03:56:14,556] {logging_mixin.py:104} INFO - [2023-09-20 03:56:14,556] {dag.py:2280} INFO - Setting next_dagrun for example_branch_dop_operator_v3 to 2023-09-18 00:00:00+00:00
[2023-09-20 03:56:14,565] {scheduler_job.py:190} INFO - Processing /home/airflow/.local/lib/python3.6/site-packages/airflow/example_dags/example_branch_python_dop_operator_3.py took 0.064 seconds
[2023-09-20 03:56:45,463] {scheduler_job.py:182} INFO - Started process (PID=1690) to work on /home/airflow/.local/lib/python3.6/site-packages/airflow/example_dags/example_branch_python_dop_operator_3.py
[2023-09-20 03:56:45,464] {scheduler_job.py:629} INFO - Processing file /home/airflow/.local/lib/python3.6/site-packages/airflow/example_dags/example_branch_python_dop_operator_3.py for tasks to queue
[2023-09-20 03:56:45,465] {logging_mixin.py:104} INFO - [2023-09-20 03:56:45,464] {dagbag.py:451} INFO - Filling up the DagBag from /home/airflow/.local/lib/python3.6/site-packages/airflow/example_dags/example_branch_python_dop_operator_3.py
[2023-09-20 03:56:45,476] {scheduler_job.py:639} INFO - DAG(s) dict_keys(['example_branch_dop_operator_v3']) retrieved from /home/airflow/.local/lib/python3.6/site-packages/airflow/example_dags/example_branch_python_dop_operator_3.py
[2023-09-20 03:56:45,493] {logging_mixin.py:104} INFO - [2023-09-20 03:56:45,493] {dag.py:1824} INFO - Sync 1 DAGs
[2023-09-20 03:56:45,514] {logging_mixin.py:104} INFO - [2023-09-20 03:56:45,514] {dag.py:2280} INFO - Setting next_dagrun for example_branch_dop_operator_v3 to 2023-09-18 00:00:00+00:00
[2023-09-20 03:56:45,523] {scheduler_job.py:190} INFO - Processing /home/airflow/.local/lib/python3.6/site-packages/airflow/example_dags/example_branch_python_dop_operator_3.py took 0.062 seconds
[2023-09-20 03:57:16,500] {scheduler_job.py:182} INFO - Started process (PID=1822) to work on /home/airflow/.local/lib/python3.6/site-packages/airflow/example_dags/example_branch_python_dop_operator_3.py
[2023-09-20 03:57:16,500] {scheduler_job.py:629} INFO - Processing file /home/airflow/.local/lib/python3.6/site-packages/airflow/example_dags/example_branch_python_dop_operator_3.py for tasks to queue
[2023-09-20 03:57:16,501] {logging_mixin.py:104} INFO - [2023-09-20 03:57:16,501] {dagbag.py:451} INFO - Filling up the DagBag from /home/airflow/.local/lib/python3.6/site-packages/airflow/example_dags/example_branch_python_dop_operator_3.py
[2023-09-20 03:57:16,512] {scheduler_job.py:639} INFO - DAG(s) dict_keys(['example_branch_dop_operator_v3']) retrieved from /home/airflow/.local/lib/python3.6/site-packages/airflow/example_dags/example_branch_python_dop_operator_3.py
[2023-09-20 03:57:16,529] {logging_mixin.py:104} INFO - [2023-09-20 03:57:16,529] {dag.py:1824} INFO - Sync 1 DAGs
[2023-09-20 03:57:16,549] {logging_mixin.py:104} INFO - [2023-09-20 03:57:16,549] {dag.py:2280} INFO - Setting next_dagrun for example_branch_dop_operator_v3 to 2023-09-18 00:00:00+00:00
[2023-09-20 03:57:16,561] {scheduler_job.py:190} INFO - Processing /home/airflow/.local/lib/python3.6/site-packages/airflow/example_dags/example_branch_python_dop_operator_3.py took 0.064 seconds
[2023-09-20 03:57:46,629] {scheduler_job.py:182} INFO - Started process (PID=1950) to work on /home/airflow/.local/lib/python3.6/site-packages/airflow/example_dags/example_branch_python_dop_operator_3.py
[2023-09-20 03:57:46,630] {scheduler_job.py:629} INFO - Processing file /home/airflow/.local/lib/python3.6/site-packages/airflow/example_dags/example_branch_python_dop_operator_3.py for tasks to queue
[2023-09-20 03:57:46,631] {logging_mixin.py:104} INFO - [2023-09-20 03:57:46,631] {dagbag.py:451} INFO - Filling up the DagBag from /home/airflow/.local/lib/python3.6/site-packages/airflow/example_dags/example_branch_python_dop_operator_3.py
[2023-09-20 03:57:46,644] {scheduler_job.py:639} INFO - DAG(s) dict_keys(['example_branch_dop_operator_v3']) retrieved from /home/airflow/.local/lib/python3.6/site-packages/airflow/example_dags/example_branch_python_dop_operator_3.py
[2023-09-20 03:57:46,662] {logging_mixin.py:104} INFO - [2023-09-20 03:57:46,662] {dag.py:1824} INFO - Sync 1 DAGs
[2023-09-20 03:57:46,682] {logging_mixin.py:104} INFO - [2023-09-20 03:57:46,682] {dag.py:2280} INFO - Setting next_dagrun for example_branch_dop_operator_v3 to 2023-09-18 00:00:00+00:00
[2023-09-20 03:57:46,691] {scheduler_job.py:190} INFO - Processing /home/airflow/.local/lib/python3.6/site-packages/airflow/example_dags/example_branch_python_dop_operator_3.py took 0.064 seconds
[2023-09-20 03:58:16,753] {scheduler_job.py:182} INFO - Started process (PID=2080) to work on /home/airflow/.local/lib/python3.6/site-packages/airflow/example_dags/example_branch_python_dop_operator_3.py
[2023-09-20 03:58:16,753] {scheduler_job.py:629} INFO - Processing file /home/airflow/.local/lib/python3.6/site-packages/airflow/example_dags/example_branch_python_dop_operator_3.py for tasks to queue
[2023-09-20 03:58:16,754] {logging_mixin.py:104} INFO - [2023-09-20 03:58:16,754] {dagbag.py:451} INFO - Filling up the DagBag from /home/airflow/.local/lib/python3.6/site-packages/airflow/example_dags/example_branch_python_dop_operator_3.py
[2023-09-20 03:58:16,764] {scheduler_job.py:639} INFO - DAG(s) dict_keys(['example_branch_dop_operator_v3']) retrieved from /home/airflow/.local/lib/python3.6/site-packages/airflow/example_dags/example_branch_python_dop_operator_3.py
[2023-09-20 03:58:16,781] {logging_mixin.py:104} INFO - [2023-09-20 03:58:16,781] {dag.py:1824} INFO - Sync 1 DAGs
[2023-09-20 03:58:16,802] {logging_mixin.py:104} INFO - [2023-09-20 03:58:16,802] {dag.py:2280} INFO - Setting next_dagrun for example_branch_dop_operator_v3 to 2023-09-18 00:00:00+00:00
[2023-09-20 03:58:16,813] {scheduler_job.py:190} INFO - Processing /home/airflow/.local/lib/python3.6/site-packages/airflow/example_dags/example_branch_python_dop_operator_3.py took 0.063 seconds
[2023-09-20 03:58:46,898] {scheduler_job.py:182} INFO - Started process (PID=2210) to work on /home/airflow/.local/lib/python3.6/site-packages/airflow/example_dags/example_branch_python_dop_operator_3.py
[2023-09-20 03:58:46,899] {scheduler_job.py:629} INFO - Processing file /home/airflow/.local/lib/python3.6/site-packages/airflow/example_dags/example_branch_python_dop_operator_3.py for tasks to queue
[2023-09-20 03:58:46,900] {logging_mixin.py:104} INFO - [2023-09-20 03:58:46,900] {dagbag.py:451} INFO - Filling up the DagBag from /home/airflow/.local/lib/python3.6/site-packages/airflow/example_dags/example_branch_python_dop_operator_3.py
[2023-09-20 03:58:46,912] {scheduler_job.py:639} INFO - DAG(s) dict_keys(['example_branch_dop_operator_v3']) retrieved from /home/airflow/.local/lib/python3.6/site-packages/airflow/example_dags/example_branch_python_dop_operator_3.py
[2023-09-20 03:58:46,929] {logging_mixin.py:104} INFO - [2023-09-20 03:58:46,929] {dag.py:1824} INFO - Sync 1 DAGs
[2023-09-20 03:58:46,950] {logging_mixin.py:104} INFO - [2023-09-20 03:58:46,950] {dag.py:2280} INFO - Setting next_dagrun for example_branch_dop_operator_v3 to 2023-09-18 00:00:00+00:00
[2023-09-20 03:58:46,961] {scheduler_job.py:190} INFO - Processing /home/airflow/.local/lib/python3.6/site-packages/airflow/example_dags/example_branch_python_dop_operator_3.py took 0.065 seconds
[2023-09-20 03:59:17,093] {scheduler_job.py:182} INFO - Started process (PID=2345) to work on /home/airflow/.local/lib/python3.6/site-packages/airflow/example_dags/example_branch_python_dop_operator_3.py
[2023-09-20 03:59:17,096] {scheduler_job.py:629} INFO - Processing file /home/airflow/.local/lib/python3.6/site-packages/airflow/example_dags/example_branch_python_dop_operator_3.py for tasks to queue
[2023-09-20 03:59:17,097] {logging_mixin.py:104} INFO - [2023-09-20 03:59:17,096] {dagbag.py:451} INFO - Filling up the DagBag from /home/airflow/.local/lib/python3.6/site-packages/airflow/example_dags/example_branch_python_dop_operator_3.py
[2023-09-20 03:59:17,117] {scheduler_job.py:639} INFO - DAG(s) dict_keys(['example_branch_dop_operator_v3']) retrieved from /home/airflow/.local/lib/python3.6/site-packages/airflow/example_dags/example_branch_python_dop_operator_3.py
[2023-09-20 03:59:17,141] {logging_mixin.py:104} INFO - [2023-09-20 03:59:17,141] {dag.py:1824} INFO - Sync 1 DAGs
[2023-09-20 03:59:17,166] {logging_mixin.py:104} INFO - [2023-09-20 03:59:17,166] {dag.py:2280} INFO - Setting next_dagrun for example_branch_dop_operator_v3 to 2023-09-18 00:00:00+00:00
[2023-09-20 03:59:17,176] {scheduler_job.py:190} INFO - Processing /home/airflow/.local/lib/python3.6/site-packages/airflow/example_dags/example_branch_python_dop_operator_3.py took 0.088 seconds
[2023-09-20 03:59:47,209] {scheduler_job.py:182} INFO - Started process (PID=2475) to work on /home/airflow/.local/lib/python3.6/site-packages/airflow/example_dags/example_branch_python_dop_operator_3.py
[2023-09-20 03:59:47,210] {scheduler_job.py:629} INFO - Processing file /home/airflow/.local/lib/python3.6/site-packages/airflow/example_dags/example_branch_python_dop_operator_3.py for tasks to queue
[2023-09-20 03:59:47,211] {logging_mixin.py:104} INFO - [2023-09-20 03:59:47,211] {dagbag.py:451} INFO - Filling up the DagBag from /home/airflow/.local/lib/python3.6/site-packages/airflow/example_dags/example_branch_python_dop_operator_3.py
[2023-09-20 03:59:47,224] {scheduler_job.py:639} INFO - DAG(s) dict_keys(['example_branch_dop_operator_v3']) retrieved from /home/airflow/.local/lib/python3.6/site-packages/airflow/example_dags/example_branch_python_dop_operator_3.py
[2023-09-20 03:59:47,243] {logging_mixin.py:104} INFO - [2023-09-20 03:59:47,243] {dag.py:1824} INFO - Sync 1 DAGs
[2023-09-20 03:59:47,268] {logging_mixin.py:104} INFO - [2023-09-20 03:59:47,268] {dag.py:2280} INFO - Setting next_dagrun for example_branch_dop_operator_v3 to 2023-09-18 00:00:00+00:00
[2023-09-20 03:59:47,277] {scheduler_job.py:190} INFO - Processing /home/airflow/.local/lib/python3.6/site-packages/airflow/example_dags/example_branch_python_dop_operator_3.py took 0.072 seconds
[2023-09-20 04:00:17,439] {scheduler_job.py:182} INFO - Started process (PID=2599) to work on /home/airflow/.local/lib/python3.6/site-packages/airflow/example_dags/example_branch_python_dop_operator_3.py
[2023-09-20 04:00:17,440] {scheduler_job.py:629} INFO - Processing file /home/airflow/.local/lib/python3.6/site-packages/airflow/example_dags/example_branch_python_dop_operator_3.py for tasks to queue
[2023-09-20 04:00:17,441] {logging_mixin.py:104} INFO - [2023-09-20 04:00:17,440] {dagbag.py:451} INFO - Filling up the DagBag from /home/airflow/.local/lib/python3.6/site-packages/airflow/example_dags/example_branch_python_dop_operator_3.py
[2023-09-20 04:00:17,452] {scheduler_job.py:639} INFO - DAG(s) dict_keys(['example_branch_dop_operator_v3']) retrieved from /home/airflow/.local/lib/python3.6/site-packages/airflow/example_dags/example_branch_python_dop_operator_3.py
[2023-09-20 04:00:17,473] {logging_mixin.py:104} INFO - [2023-09-20 04:00:17,473] {dag.py:1824} INFO - Sync 1 DAGs
[2023-09-20 04:00:17,497] {logging_mixin.py:104} INFO - [2023-09-20 04:00:17,497] {dag.py:2280} INFO - Setting next_dagrun for example_branch_dop_operator_v3 to 2023-09-18 00:00:00+00:00
[2023-09-20 04:00:17,507] {scheduler_job.py:190} INFO - Processing /home/airflow/.local/lib/python3.6/site-packages/airflow/example_dags/example_branch_python_dop_operator_3.py took 0.071 seconds
[2023-09-20 04:00:47,562] {scheduler_job.py:182} INFO - Started process (PID=2725) to work on /home/airflow/.local/lib/python3.6/site-packages/airflow/example_dags/example_branch_python_dop_operator_3.py
[2023-09-20 04:00:47,563] {scheduler_job.py:629} INFO - Processing file /home/airflow/.local/lib/python3.6/site-packages/airflow/example_dags/example_branch_python_dop_operator_3.py for tasks to queue
[2023-09-20 04:00:47,564] {logging_mixin.py:104} INFO - [2023-09-20 04:00:47,564] {dagbag.py:451} INFO - Filling up the DagBag from /home/airflow/.local/lib/python3.6/site-packages/airflow/example_dags/example_branch_python_dop_operator_3.py
[2023-09-20 04:00:47,579] {scheduler_job.py:639} INFO - DAG(s) dict_keys(['example_branch_dop_operator_v3']) retrieved from /home/airflow/.local/lib/python3.6/site-packages/airflow/example_dags/example_branch_python_dop_operator_3.py
[2023-09-20 04:00:47,596] {logging_mixin.py:104} INFO - [2023-09-20 04:00:47,596] {dag.py:1824} INFO - Sync 1 DAGs
[2023-09-20 04:00:47,620] {logging_mixin.py:104} INFO - [2023-09-20 04:00:47,620] {dag.py:2280} INFO - Setting next_dagrun for example_branch_dop_operator_v3 to 2023-09-18 00:00:00+00:00
[2023-09-20 04:00:47,630] {scheduler_job.py:190} INFO - Processing /home/airflow/.local/lib/python3.6/site-packages/airflow/example_dags/example_branch_python_dop_operator_3.py took 0.072 seconds
[2023-09-20 04:01:17,694] {scheduler_job.py:182} INFO - Started process (PID=2849) to work on /home/airflow/.local/lib/python3.6/site-packages/airflow/example_dags/example_branch_python_dop_operator_3.py
[2023-09-20 04:01:17,695] {scheduler_job.py:629} INFO - Processing file /home/airflow/.local/lib/python3.6/site-packages/airflow/example_dags/example_branch_python_dop_operator_3.py for tasks to queue
[2023-09-20 04:01:17,695] {logging_mixin.py:104} INFO - [2023-09-20 04:01:17,695] {dagbag.py:451} INFO - Filling up the DagBag from /home/airflow/.local/lib/python3.6/site-packages/airflow/example_dags/example_branch_python_dop_operator_3.py
[2023-09-20 04:01:17,706] {scheduler_job.py:639} INFO - DAG(s) dict_keys(['example_branch_dop_operator_v3']) retrieved from /home/airflow/.local/lib/python3.6/site-packages/airflow/example_dags/example_branch_python_dop_operator_3.py
[2023-09-20 04:01:17,723] {logging_mixin.py:104} INFO - [2023-09-20 04:01:17,723] {dag.py:1824} INFO - Sync 1 DAGs
[2023-09-20 04:01:17,744] {logging_mixin.py:104} INFO - [2023-09-20 04:01:17,743] {dag.py:2280} INFO - Setting next_dagrun for example_branch_dop_operator_v3 to 2023-09-18 00:00:00+00:00
[2023-09-20 04:01:17,753] {scheduler_job.py:190} INFO - Processing /home/airflow/.local/lib/python3.6/site-packages/airflow/example_dags/example_branch_python_dop_operator_3.py took 0.062 seconds
[2023-09-20 04:01:47,821] {scheduler_job.py:182} INFO - Started process (PID=2975) to work on /home/airflow/.local/lib/python3.6/site-packages/airflow/example_dags/example_branch_python_dop_operator_3.py
[2023-09-20 04:01:47,822] {scheduler_job.py:629} INFO - Processing file /home/airflow/.local/lib/python3.6/site-packages/airflow/example_dags/example_branch_python_dop_operator_3.py for tasks to queue
[2023-09-20 04:01:47,822] {logging_mixin.py:104} INFO - [2023-09-20 04:01:47,822] {dagbag.py:451} INFO - Filling up the DagBag from /home/airflow/.local/lib/python3.6/site-packages/airflow/example_dags/example_branch_python_dop_operator_3.py
[2023-09-20 04:01:47,835] {scheduler_job.py:639} INFO - DAG(s) dict_keys(['example_branch_dop_operator_v3']) retrieved from /home/airflow/.local/lib/python3.6/site-packages/airflow/example_dags/example_branch_python_dop_operator_3.py
[2023-09-20 04:01:47,854] {logging_mixin.py:104} INFO - [2023-09-20 04:01:47,854] {dag.py:1824} INFO - Sync 1 DAGs
[2023-09-20 04:01:47,876] {logging_mixin.py:104} INFO - [2023-09-20 04:01:47,876] {dag.py:2280} INFO - Setting next_dagrun for example_branch_dop_operator_v3 to 2023-09-18 00:00:00+00:00
[2023-09-20 04:01:47,886] {scheduler_job.py:190} INFO - Processing /home/airflow/.local/lib/python3.6/site-packages/airflow/example_dags/example_branch_python_dop_operator_3.py took 0.068 seconds
[2023-09-20 04:02:17,919] {scheduler_job.py:182} INFO - Started process (PID=3105) to work on /home/airflow/.local/lib/python3.6/site-packages/airflow/example_dags/example_branch_python_dop_operator_3.py
[2023-09-20 04:02:17,920] {scheduler_job.py:629} INFO - Processing file /home/airflow/.local/lib/python3.6/site-packages/airflow/example_dags/example_branch_python_dop_operator_3.py for tasks to queue
[2023-09-20 04:02:17,920] {logging_mixin.py:104} INFO - [2023-09-20 04:02:17,920] {dagbag.py:451} INFO - Filling up the DagBag from /home/airflow/.local/lib/python3.6/site-packages/airflow/example_dags/example_branch_python_dop_operator_3.py
[2023-09-20 04:02:17,931] {scheduler_job.py:639} INFO - DAG(s) dict_keys(['example_branch_dop_operator_v3']) retrieved from /home/airflow/.local/lib/python3.6/site-packages/airflow/example_dags/example_branch_python_dop_operator_3.py
[2023-09-20 04:02:17,949] {logging_mixin.py:104} INFO - [2023-09-20 04:02:17,948] {dag.py:1824} INFO - Sync 1 DAGs
[2023-09-20 04:02:17,970] {logging_mixin.py:104} INFO - [2023-09-20 04:02:17,970] {dag.py:2280} INFO - Setting next_dagrun for example_branch_dop_operator_v3 to 2023-09-18 00:00:00+00:00
[2023-09-20 04:02:17,979] {scheduler_job.py:190} INFO - Processing /home/airflow/.local/lib/python3.6/site-packages/airflow/example_dags/example_branch_python_dop_operator_3.py took 0.063 seconds
[2023-09-20 04:02:48,982] {scheduler_job.py:182} INFO - Started process (PID=3245) to work on /home/airflow/.local/lib/python3.6/site-packages/airflow/example_dags/example_branch_python_dop_operator_3.py
[2023-09-20 04:02:48,983] {scheduler_job.py:629} INFO - Processing file /home/airflow/.local/lib/python3.6/site-packages/airflow/example_dags/example_branch_python_dop_operator_3.py for tasks to queue
[2023-09-20 04:02:48,984] {logging_mixin.py:104} INFO - [2023-09-20 04:02:48,984] {dagbag.py:451} INFO - Filling up the DagBag from /home/airflow/.local/lib/python3.6/site-packages/airflow/example_dags/example_branch_python_dop_operator_3.py
[2023-09-20 04:02:48,995] {scheduler_job.py:639} INFO - DAG(s) dict_keys(['example_branch_dop_operator_v3']) retrieved from /home/airflow/.local/lib/python3.6/site-packages/airflow/example_dags/example_branch_python_dop_operator_3.py
[2023-09-20 04:02:49,012] {logging_mixin.py:104} INFO - [2023-09-20 04:02:49,012] {dag.py:1824} INFO - Sync 1 DAGs
[2023-09-20 04:02:49,034] {logging_mixin.py:104} INFO - [2023-09-20 04:02:49,034] {dag.py:2280} INFO - Setting next_dagrun for example_branch_dop_operator_v3 to 2023-09-18 00:00:00+00:00
[2023-09-20 04:02:49,043] {scheduler_job.py:190} INFO - Processing /home/airflow/.local/lib/python3.6/site-packages/airflow/example_dags/example_branch_python_dop_operator_3.py took 0.063 seconds
[2023-09-20 04:03:19,988] {scheduler_job.py:182} INFO - Started process (PID=3375) to work on /home/airflow/.local/lib/python3.6/site-packages/airflow/example_dags/example_branch_python_dop_operator_3.py
[2023-09-20 04:03:19,989] {scheduler_job.py:629} INFO - Processing file /home/airflow/.local/lib/python3.6/site-packages/airflow/example_dags/example_branch_python_dop_operator_3.py for tasks to queue
[2023-09-20 04:03:19,990] {logging_mixin.py:104} INFO - [2023-09-20 04:03:19,990] {dagbag.py:451} INFO - Filling up the DagBag from /home/airflow/.local/lib/python3.6/site-packages/airflow/example_dags/example_branch_python_dop_operator_3.py
[2023-09-20 04:03:20,002] {scheduler_job.py:639} INFO - DAG(s) dict_keys(['example_branch_dop_operator_v3']) retrieved from /home/airflow/.local/lib/python3.6/site-packages/airflow/example_dags/example_branch_python_dop_operator_3.py
[2023-09-20 04:03:20,019] {logging_mixin.py:104} INFO - [2023-09-20 04:03:20,019] {dag.py:1824} INFO - Sync 1 DAGs
[2023-09-20 04:03:20,040] {logging_mixin.py:104} INFO - [2023-09-20 04:03:20,040] {dag.py:2280} INFO - Setting next_dagrun for example_branch_dop_operator_v3 to 2023-09-18 00:00:00+00:00
[2023-09-20 04:03:20,049] {scheduler_job.py:190} INFO - Processing /home/airflow/.local/lib/python3.6/site-packages/airflow/example_dags/example_branch_python_dop_operator_3.py took 0.063 seconds
[2023-09-20 04:03:51,001] {scheduler_job.py:182} INFO - Started process (PID=3505) to work on /home/airflow/.local/lib/python3.6/site-packages/airflow/example_dags/example_branch_python_dop_operator_3.py
[2023-09-20 04:03:51,002] {scheduler_job.py:629} INFO - Processing file /home/airflow/.local/lib/python3.6/site-packages/airflow/example_dags/example_branch_python_dop_operator_3.py for tasks to queue
[2023-09-20 04:03:51,003] {logging_mixin.py:104} INFO - [2023-09-20 04:03:51,003] {dagbag.py:451} INFO - Filling up the DagBag from /home/airflow/.local/lib/python3.6/site-packages/airflow/example_dags/example_branch_python_dop_operator_3.py
[2023-09-20 04:03:51,014] {scheduler_job.py:639} INFO - DAG(s) dict_keys(['example_branch_dop_operator_v3']) retrieved from /home/airflow/.local/lib/python3.6/site-packages/airflow/example_dags/example_branch_python_dop_operator_3.py
[2023-09-20 04:03:51,033] {logging_mixin.py:104} INFO - [2023-09-20 04:03:51,033] {dag.py:1824} INFO - Sync 1 DAGs
[2023-09-20 04:03:51,054] {logging_mixin.py:104} INFO - [2023-09-20 04:03:51,054] {dag.py:2280} INFO - Setting next_dagrun for example_branch_dop_operator_v3 to 2023-09-18 00:00:00+00:00
[2023-09-20 04:03:51,063] {scheduler_job.py:190} INFO - Processing /home/airflow/.local/lib/python3.6/site-packages/airflow/example_dags/example_branch_python_dop_operator_3.py took 0.064 seconds
[2023-09-20 04:04:22,013] {scheduler_job.py:182} INFO - Started process (PID=3635) to work on /home/airflow/.local/lib/python3.6/site-packages/airflow/example_dags/example_branch_python_dop_operator_3.py
[2023-09-20 04:04:22,014] {scheduler_job.py:629} INFO - Processing file /home/airflow/.local/lib/python3.6/site-packages/airflow/example_dags/example_branch_python_dop_operator_3.py for tasks to queue
[2023-09-20 04:04:22,015] {logging_mixin.py:104} INFO - [2023-09-20 04:04:22,015] {dagbag.py:451} INFO - Filling up the DagBag from /home/airflow/.local/lib/python3.6/site-packages/airflow/example_dags/example_branch_python_dop_operator_3.py
[2023-09-20 04:04:22,026] {scheduler_job.py:639} INFO - DAG(s) dict_keys(['example_branch_dop_operator_v3']) retrieved from /home/airflow/.local/lib/python3.6/site-packages/airflow/example_dags/example_branch_python_dop_operator_3.py
[2023-09-20 04:04:22,044] {logging_mixin.py:104} INFO - [2023-09-20 04:04:22,044] {dag.py:1824} INFO - Sync 1 DAGs
[2023-09-20 04:04:22,069] {logging_mixin.py:104} INFO - [2023-09-20 04:04:22,069] {dag.py:2280} INFO - Setting next_dagrun for example_branch_dop_operator_v3 to 2023-09-18 00:00:00+00:00
[2023-09-20 04:04:22,081] {scheduler_job.py:190} INFO - Processing /home/airflow/.local/lib/python3.6/site-packages/airflow/example_dags/example_branch_python_dop_operator_3.py took 0.071 seconds
[2023-09-20 04:04:53,012] {scheduler_job.py:182} INFO - Started process (PID=3765) to work on /home/airflow/.local/lib/python3.6/site-packages/airflow/example_dags/example_branch_python_dop_operator_3.py
[2023-09-20 04:04:53,013] {scheduler_job.py:629} INFO - Processing file /home/airflow/.local/lib/python3.6/site-packages/airflow/example_dags/example_branch_python_dop_operator_3.py for tasks to queue
[2023-09-20 04:04:53,014] {logging_mixin.py:104} INFO - [2023-09-20 04:04:53,014] {dagbag.py:451} INFO - Filling up the DagBag from /home/airflow/.local/lib/python3.6/site-packages/airflow/example_dags/example_branch_python_dop_operator_3.py
[2023-09-20 04:04:53,025] {scheduler_job.py:639} INFO - DAG(s) dict_keys(['example_branch_dop_operator_v3']) retrieved from /home/airflow/.local/lib/python3.6/site-packages/airflow/example_dags/example_branch_python_dop_operator_3.py
[2023-09-20 04:04:53,047] {logging_mixin.py:104} INFO - [2023-09-20 04:04:53,047] {dag.py:1824} INFO - Sync 1 DAGs
[2023-09-20 04:04:53,072] {logging_mixin.py:104} INFO - [2023-09-20 04:04:53,072] {dag.py:2280} INFO - Setting next_dagrun for example_branch_dop_operator_v3 to 2023-09-18 00:00:00+00:00
[2023-09-20 04:04:53,084] {scheduler_job.py:190} INFO - Processing /home/airflow/.local/lib/python3.6/site-packages/airflow/example_dags/example_branch_python_dop_operator_3.py took 0.074 seconds
[2023-09-20 04:05:24,087] {scheduler_job.py:182} INFO - Started process (PID=3895) to work on /home/airflow/.local/lib/python3.6/site-packages/airflow/example_dags/example_branch_python_dop_operator_3.py
[2023-09-20 04:05:24,088] {scheduler_job.py:629} INFO - Processing file /home/airflow/.local/lib/python3.6/site-packages/airflow/example_dags/example_branch_python_dop_operator_3.py for tasks to queue
[2023-09-20 04:05:24,088] {logging_mixin.py:104} INFO - [2023-09-20 04:05:24,088] {dagbag.py:451} INFO - Filling up the DagBag from /home/airflow/.local/lib/python3.6/site-packages/airflow/example_dags/example_branch_python_dop_operator_3.py
[2023-09-20 04:05:24,099] {scheduler_job.py:639} INFO - DAG(s) dict_keys(['example_branch_dop_operator_v3']) retrieved from /home/airflow/.local/lib/python3.6/site-packages/airflow/example_dags/example_branch_python_dop_operator_3.py
[2023-09-20 04:05:24,118] {logging_mixin.py:104} INFO - [2023-09-20 04:05:24,118] {dag.py:1824} INFO - Sync 1 DAGs
[2023-09-20 04:05:24,141] {logging_mixin.py:104} INFO - [2023-09-20 04:05:24,140] {dag.py:2280} INFO - Setting next_dagrun for example_branch_dop_operator_v3 to 2023-09-18 00:00:00+00:00
[2023-09-20 04:05:24,150] {scheduler_job.py:190} INFO - Processing /home/airflow/.local/lib/python3.6/site-packages/airflow/example_dags/example_branch_python_dop_operator_3.py took 0.065 seconds
[2023-09-20 04:05:55,116] {scheduler_job.py:182} INFO - Started process (PID=4025) to work on /home/airflow/.local/lib/python3.6/site-packages/airflow/example_dags/example_branch_python_dop_operator_3.py
[2023-09-20 04:05:55,117] {scheduler_job.py:629} INFO - Processing file /home/airflow/.local/lib/python3.6/site-packages/airflow/example_dags/example_branch_python_dop_operator_3.py for tasks to queue
[2023-09-20 04:05:55,118] {logging_mixin.py:104} INFO - [2023-09-20 04:05:55,117] {dagbag.py:451} INFO - Filling up the DagBag from /home/airflow/.local/lib/python3.6/site-packages/airflow/example_dags/example_branch_python_dop_operator_3.py
[2023-09-20 04:05:55,129] {scheduler_job.py:639} INFO - DAG(s) dict_keys(['example_branch_dop_operator_v3']) retrieved from /home/airflow/.local/lib/python3.6/site-packages/airflow/example_dags/example_branch_python_dop_operator_3.py
[2023-09-20 04:05:55,149] {logging_mixin.py:104} INFO - [2023-09-20 04:05:55,149] {dag.py:1824} INFO - Sync 1 DAGs
[2023-09-20 04:05:55,171] {logging_mixin.py:104} INFO - [2023-09-20 04:05:55,171] {dag.py:2280} INFO - Setting next_dagrun for example_branch_dop_operator_v3 to 2023-09-18 00:00:00+00:00
[2023-09-20 04:05:55,180] {scheduler_job.py:190} INFO - Processing /home/airflow/.local/lib/python3.6/site-packages/airflow/example_dags/example_branch_python_dop_operator_3.py took 0.066 seconds
[2023-09-20 04:06:25,357] {scheduler_job.py:182} INFO - Started process (PID=4154) to work on /home/airflow/.local/lib/python3.6/site-packages/airflow/example_dags/example_branch_python_dop_operator_3.py
[2023-09-20 04:06:25,359] {scheduler_job.py:629} INFO - Processing file /home/airflow/.local/lib/python3.6/site-packages/airflow/example_dags/example_branch_python_dop_operator_3.py for tasks to queue
[2023-09-20 04:06:25,359] {logging_mixin.py:104} INFO - [2023-09-20 04:06:25,359] {dagbag.py:451} INFO - Filling up the DagBag from /home/airflow/.local/lib/python3.6/site-packages/airflow/example_dags/example_branch_python_dop_operator_3.py
[2023-09-20 04:06:25,370] {scheduler_job.py:639} INFO - DAG(s) dict_keys(['example_branch_dop_operator_v3']) retrieved from /home/airflow/.local/lib/python3.6/site-packages/airflow/example_dags/example_branch_python_dop_operator_3.py
[2023-09-20 04:06:25,387] {logging_mixin.py:104} INFO - [2023-09-20 04:06:25,387] {dag.py:1824} INFO - Sync 1 DAGs
[2023-09-20 04:06:25,408] {logging_mixin.py:104} INFO - [2023-09-20 04:06:25,408] {dag.py:2280} INFO - Setting next_dagrun for example_branch_dop_operator_v3 to 2023-09-18 00:00:00+00:00
[2023-09-20 04:06:25,416] {scheduler_job.py:190} INFO - Processing /home/airflow/.local/lib/python3.6/site-packages/airflow/example_dags/example_branch_python_dop_operator_3.py took 0.061 seconds
[2023-09-20 04:06:55,468] {scheduler_job.py:182} INFO - Started process (PID=4274) to work on /home/airflow/.local/lib/python3.6/site-packages/airflow/example_dags/example_branch_python_dop_operator_3.py
[2023-09-20 04:06:55,469] {scheduler_job.py:629} INFO - Processing file /home/airflow/.local/lib/python3.6/site-packages/airflow/example_dags/example_branch_python_dop_operator_3.py for tasks to queue
[2023-09-20 04:06:55,470] {logging_mixin.py:104} INFO - [2023-09-20 04:06:55,470] {dagbag.py:451} INFO - Filling up the DagBag from /home/airflow/.local/lib/python3.6/site-packages/airflow/example_dags/example_branch_python_dop_operator_3.py
[2023-09-20 04:06:55,481] {scheduler_job.py:639} INFO - DAG(s) dict_keys(['example_branch_dop_operator_v3']) retrieved from /home/airflow/.local/lib/python3.6/site-packages/airflow/example_dags/example_branch_python_dop_operator_3.py
[2023-09-20 04:06:55,498] {logging_mixin.py:104} INFO - [2023-09-20 04:06:55,498] {dag.py:1824} INFO - Sync 1 DAGs
[2023-09-20 04:06:55,519] {logging_mixin.py:104} INFO - [2023-09-20 04:06:55,519] {dag.py:2280} INFO - Setting next_dagrun for example_branch_dop_operator_v3 to 2023-09-18 00:00:00+00:00
[2023-09-20 04:06:55,528] {scheduler_job.py:190} INFO - Processing /home/airflow/.local/lib/python3.6/site-packages/airflow/example_dags/example_branch_python_dop_operator_3.py took 0.062 seconds
[2023-09-20 04:07:25,740] {scheduler_job.py:182} INFO - Started process (PID=4407) to work on /home/airflow/.local/lib/python3.6/site-packages/airflow/example_dags/example_branch_python_dop_operator_3.py
[2023-09-20 04:07:25,741] {scheduler_job.py:629} INFO - Processing file /home/airflow/.local/lib/python3.6/site-packages/airflow/example_dags/example_branch_python_dop_operator_3.py for tasks to queue
[2023-09-20 04:07:25,741] {logging_mixin.py:104} INFO - [2023-09-20 04:07:25,741] {dagbag.py:451} INFO - Filling up the DagBag from /home/airflow/.local/lib/python3.6/site-packages/airflow/example_dags/example_branch_python_dop_operator_3.py
[2023-09-20 04:07:25,752] {scheduler_job.py:639} INFO - DAG(s) dict_keys(['example_branch_dop_operator_v3']) retrieved from /home/airflow/.local/lib/python3.6/site-packages/airflow/example_dags/example_branch_python_dop_operator_3.py
[2023-09-20 04:07:25,769] {logging_mixin.py:104} INFO - [2023-09-20 04:07:25,769] {dag.py:1824} INFO - Sync 1 DAGs
[2023-09-20 04:07:25,789] {logging_mixin.py:104} INFO - [2023-09-20 04:07:25,789] {dag.py:2280} INFO - Setting next_dagrun for example_branch_dop_operator_v3 to 2023-09-18 00:00:00+00:00
[2023-09-20 04:07:25,800] {scheduler_job.py:190} INFO - Processing /home/airflow/.local/lib/python3.6/site-packages/airflow/example_dags/example_branch_python_dop_operator_3.py took 0.063 seconds
[2023-09-20 04:07:55,863] {scheduler_job.py:182} INFO - Started process (PID=4537) to work on /home/airflow/.local/lib/python3.6/site-packages/airflow/example_dags/example_branch_python_dop_operator_3.py
[2023-09-20 04:07:55,864] {scheduler_job.py:629} INFO - Processing file /home/airflow/.local/lib/python3.6/site-packages/airflow/example_dags/example_branch_python_dop_operator_3.py for tasks to queue
[2023-09-20 04:07:55,865] {logging_mixin.py:104} INFO - [2023-09-20 04:07:55,865] {dagbag.py:451} INFO - Filling up the DagBag from /home/airflow/.local/lib/python3.6/site-packages/airflow/example_dags/example_branch_python_dop_operator_3.py
[2023-09-20 04:07:55,875] {scheduler_job.py:639} INFO - DAG(s) dict_keys(['example_branch_dop_operator_v3']) retrieved from /home/airflow/.local/lib/python3.6/site-packages/airflow/example_dags/example_branch_python_dop_operator_3.py
[2023-09-20 04:07:55,891] {logging_mixin.py:104} INFO - [2023-09-20 04:07:55,891] {dag.py:1824} INFO - Sync 1 DAGs
[2023-09-20 04:07:55,912] {logging_mixin.py:104} INFO - [2023-09-20 04:07:55,912] {dag.py:2280} INFO - Setting next_dagrun for example_branch_dop_operator_v3 to 2023-09-18 00:00:00+00:00
[2023-09-20 04:07:55,920] {scheduler_job.py:190} INFO - Processing /home/airflow/.local/lib/python3.6/site-packages/airflow/example_dags/example_branch_python_dop_operator_3.py took 0.060 seconds
[2023-09-20 04:08:26,068] {scheduler_job.py:182} INFO - Started process (PID=4667) to work on /home/airflow/.local/lib/python3.6/site-packages/airflow/example_dags/example_branch_python_dop_operator_3.py
[2023-09-20 04:08:26,069] {scheduler_job.py:629} INFO - Processing file /home/airflow/.local/lib/python3.6/site-packages/airflow/example_dags/example_branch_python_dop_operator_3.py for tasks to queue
[2023-09-20 04:08:26,069] {logging_mixin.py:104} INFO - [2023-09-20 04:08:26,069] {dagbag.py:451} INFO - Filling up the DagBag from /home/airflow/.local/lib/python3.6/site-packages/airflow/example_dags/example_branch_python_dop_operator_3.py
[2023-09-20 04:08:26,080] {scheduler_job.py:639} INFO - DAG(s) dict_keys(['example_branch_dop_operator_v3']) retrieved from /home/airflow/.local/lib/python3.6/site-packages/airflow/example_dags/example_branch_python_dop_operator_3.py
[2023-09-20 04:08:26,096] {logging_mixin.py:104} INFO - [2023-09-20 04:08:26,096] {dag.py:1824} INFO - Sync 1 DAGs
[2023-09-20 04:08:26,118] {logging_mixin.py:104} INFO - [2023-09-20 04:08:26,118] {dag.py:2280} INFO - Setting next_dagrun for example_branch_dop_operator_v3 to 2023-09-18 00:00:00+00:00
[2023-09-20 04:08:26,129] {scheduler_job.py:190} INFO - Processing /home/airflow/.local/lib/python3.6/site-packages/airflow/example_dags/example_branch_python_dop_operator_3.py took 0.063 seconds
[2023-09-20 04:08:56,194] {scheduler_job.py:182} INFO - Started process (PID=4795) to work on /home/airflow/.local/lib/python3.6/site-packages/airflow/example_dags/example_branch_python_dop_operator_3.py
[2023-09-20 04:08:56,195] {scheduler_job.py:629} INFO - Processing file /home/airflow/.local/lib/python3.6/site-packages/airflow/example_dags/example_branch_python_dop_operator_3.py for tasks to queue
[2023-09-20 04:08:56,195] {logging_mixin.py:104} INFO - [2023-09-20 04:08:56,195] {dagbag.py:451} INFO - Filling up the DagBag from /home/airflow/.local/lib/python3.6/site-packages/airflow/example_dags/example_branch_python_dop_operator_3.py
[2023-09-20 04:08:56,207] {scheduler_job.py:639} INFO - DAG(s) dict_keys(['example_branch_dop_operator_v3']) retrieved from /home/airflow/.local/lib/python3.6/site-packages/airflow/example_dags/example_branch_python_dop_operator_3.py
[2023-09-20 04:08:56,225] {logging_mixin.py:104} INFO - [2023-09-20 04:08:56,225] {dag.py:1824} INFO - Sync 1 DAGs
[2023-09-20 04:08:56,246] {logging_mixin.py:104} INFO - [2023-09-20 04:08:56,246] {dag.py:2280} INFO - Setting next_dagrun for example_branch_dop_operator_v3 to 2023-09-18 00:00:00+00:00
[2023-09-20 04:08:56,256] {scheduler_job.py:190} INFO - Processing /home/airflow/.local/lib/python3.6/site-packages/airflow/example_dags/example_branch_python_dop_operator_3.py took 0.064 seconds
[2023-09-20 04:09:26,326] {scheduler_job.py:182} INFO - Started process (PID=4930) to work on /home/airflow/.local/lib/python3.6/site-packages/airflow/example_dags/example_branch_python_dop_operator_3.py
[2023-09-20 04:09:26,328] {scheduler_job.py:629} INFO - Processing file /home/airflow/.local/lib/python3.6/site-packages/airflow/example_dags/example_branch_python_dop_operator_3.py for tasks to queue
[2023-09-20 04:09:26,328] {logging_mixin.py:104} INFO - [2023-09-20 04:09:26,328] {dagbag.py:451} INFO - Filling up the DagBag from /home/airflow/.local/lib/python3.6/site-packages/airflow/example_dags/example_branch_python_dop_operator_3.py
[2023-09-20 04:09:26,339] {scheduler_job.py:639} INFO - DAG(s) dict_keys(['example_branch_dop_operator_v3']) retrieved from /home/airflow/.local/lib/python3.6/site-packages/airflow/example_dags/example_branch_python_dop_operator_3.py
[2023-09-20 04:09:26,356] {logging_mixin.py:104} INFO - [2023-09-20 04:09:26,356] {dag.py:1824} INFO - Sync 1 DAGs
[2023-09-20 04:09:26,377] {logging_mixin.py:104} INFO - [2023-09-20 04:09:26,377] {dag.py:2280} INFO - Setting next_dagrun for example_branch_dop_operator_v3 to 2023-09-18 00:00:00+00:00
[2023-09-20 04:09:26,386] {scheduler_job.py:190} INFO - Processing /home/airflow/.local/lib/python3.6/site-packages/airflow/example_dags/example_branch_python_dop_operator_3.py took 0.062 seconds
[2023-09-20 04:09:56,441] {scheduler_job.py:182} INFO - Started process (PID=5060) to work on /home/airflow/.local/lib/python3.6/site-packages/airflow/example_dags/example_branch_python_dop_operator_3.py
[2023-09-20 04:09:56,443] {scheduler_job.py:629} INFO - Processing file /home/airflow/.local/lib/python3.6/site-packages/airflow/example_dags/example_branch_python_dop_operator_3.py for tasks to queue
[2023-09-20 04:09:56,443] {logging_mixin.py:104} INFO - [2023-09-20 04:09:56,443] {dagbag.py:451} INFO - Filling up the DagBag from /home/airflow/.local/lib/python3.6/site-packages/airflow/example_dags/example_branch_python_dop_operator_3.py
[2023-09-20 04:09:56,455] {scheduler_job.py:639} INFO - DAG(s) dict_keys(['example_branch_dop_operator_v3']) retrieved from /home/airflow/.local/lib/python3.6/site-packages/airflow/example_dags/example_branch_python_dop_operator_3.py
[2023-09-20 04:09:56,473] {logging_mixin.py:104} INFO - [2023-09-20 04:09:56,473] {dag.py:1824} INFO - Sync 1 DAGs
[2023-09-20 04:09:56,494] {logging_mixin.py:104} INFO - [2023-09-20 04:09:56,494] {dag.py:2280} INFO - Setting next_dagrun for example_branch_dop_operator_v3 to 2023-09-18 00:00:00+00:00
[2023-09-20 04:09:56,503] {scheduler_job.py:190} INFO - Processing /home/airflow/.local/lib/python3.6/site-packages/airflow/example_dags/example_branch_python_dop_operator_3.py took 0.065 seconds
[2023-09-20 04:10:26,657] {scheduler_job.py:182} INFO - Started process (PID=5197) to work on /home/airflow/.local/lib/python3.6/site-packages/airflow/example_dags/example_branch_python_dop_operator_3.py
[2023-09-20 04:10:26,658] {scheduler_job.py:629} INFO - Processing file /home/airflow/.local/lib/python3.6/site-packages/airflow/example_dags/example_branch_python_dop_operator_3.py for tasks to queue
[2023-09-20 04:10:26,658] {logging_mixin.py:104} INFO - [2023-09-20 04:10:26,658] {dagbag.py:451} INFO - Filling up the DagBag from /home/airflow/.local/lib/python3.6/site-packages/airflow/example_dags/example_branch_python_dop_operator_3.py
[2023-09-20 04:10:26,669] {scheduler_job.py:639} INFO - DAG(s) dict_keys(['example_branch_dop_operator_v3']) retrieved from /home/airflow/.local/lib/python3.6/site-packages/airflow/example_dags/example_branch_python_dop_operator_3.py
[2023-09-20 04:10:26,686] {logging_mixin.py:104} INFO - [2023-09-20 04:10:26,686] {dag.py:1824} INFO - Sync 1 DAGs
[2023-09-20 04:10:26,708] {logging_mixin.py:104} INFO - [2023-09-20 04:10:26,708] {dag.py:2280} INFO - Setting next_dagrun for example_branch_dop_operator_v3 to 2023-09-18 00:00:00+00:00
[2023-09-20 04:10:26,719] {scheduler_job.py:190} INFO - Processing /home/airflow/.local/lib/python3.6/site-packages/airflow/example_dags/example_branch_python_dop_operator_3.py took 0.065 seconds
[2023-09-20 04:10:56,877] {scheduler_job.py:182} INFO - Started process (PID=5302) to work on /home/airflow/.local/lib/python3.6/site-packages/airflow/example_dags/example_branch_python_dop_operator_3.py
[2023-09-20 04:10:56,878] {scheduler_job.py:629} INFO - Processing file /home/airflow/.local/lib/python3.6/site-packages/airflow/example_dags/example_branch_python_dop_operator_3.py for tasks to queue
[2023-09-20 04:10:56,878] {logging_mixin.py:104} INFO - [2023-09-20 04:10:56,878] {dagbag.py:451} INFO - Filling up the DagBag from /home/airflow/.local/lib/python3.6/site-packages/airflow/example_dags/example_branch_python_dop_operator_3.py
[2023-09-20 04:10:56,889] {scheduler_job.py:639} INFO - DAG(s) dict_keys(['example_branch_dop_operator_v3']) retrieved from /home/airflow/.local/lib/python3.6/site-packages/airflow/example_dags/example_branch_python_dop_operator_3.py
[2023-09-20 04:10:56,907] {logging_mixin.py:104} INFO - [2023-09-20 04:10:56,906] {dag.py:1824} INFO - Sync 1 DAGs
[2023-09-20 04:10:56,929] {logging_mixin.py:104} INFO - [2023-09-20 04:10:56,928] {dag.py:2280} INFO - Setting next_dagrun for example_branch_dop_operator_v3 to 2023-09-18 00:00:00+00:00
[2023-09-20 04:10:56,939] {scheduler_job.py:190} INFO - Processing /home/airflow/.local/lib/python3.6/site-packages/airflow/example_dags/example_branch_python_dop_operator_3.py took 0.064 seconds
[2023-09-20 04:11:27,020] {scheduler_job.py:182} INFO - Started process (PID=5430) to work on /home/airflow/.local/lib/python3.6/site-packages/airflow/example_dags/example_branch_python_dop_operator_3.py
[2023-09-20 04:11:27,021] {scheduler_job.py:629} INFO - Processing file /home/airflow/.local/lib/python3.6/site-packages/airflow/example_dags/example_branch_python_dop_operator_3.py for tasks to queue
[2023-09-20 04:11:27,022] {logging_mixin.py:104} INFO - [2023-09-20 04:11:27,022] {dagbag.py:451} INFO - Filling up the DagBag from /home/airflow/.local/lib/python3.6/site-packages/airflow/example_dags/example_branch_python_dop_operator_3.py
[2023-09-20 04:11:27,033] {scheduler_job.py:639} INFO - DAG(s) dict_keys(['example_branch_dop_operator_v3']) retrieved from /home/airflow/.local/lib/python3.6/site-packages/airflow/example_dags/example_branch_python_dop_operator_3.py
[2023-09-20 04:11:27,051] {logging_mixin.py:104} INFO - [2023-09-20 04:11:27,051] {dag.py:1824} INFO - Sync 1 DAGs
[2023-09-20 04:11:27,074] {logging_mixin.py:104} INFO - [2023-09-20 04:11:27,074] {dag.py:2280} INFO - Setting next_dagrun for example_branch_dop_operator_v3 to 2023-09-18 00:00:00+00:00
[2023-09-20 04:11:27,086] {scheduler_job.py:190} INFO - Processing /home/airflow/.local/lib/python3.6/site-packages/airflow/example_dags/example_branch_python_dop_operator_3.py took 0.068 seconds
[2023-09-20 04:11:57,294] {scheduler_job.py:182} INFO - Started process (PID=5562) to work on /home/airflow/.local/lib/python3.6/site-packages/airflow/example_dags/example_branch_python_dop_operator_3.py
[2023-09-20 04:11:57,295] {scheduler_job.py:629} INFO - Processing file /home/airflow/.local/lib/python3.6/site-packages/airflow/example_dags/example_branch_python_dop_operator_3.py for tasks to queue
[2023-09-20 04:11:57,296] {logging_mixin.py:104} INFO - [2023-09-20 04:11:57,296] {dagbag.py:451} INFO - Filling up the DagBag from /home/airflow/.local/lib/python3.6/site-packages/airflow/example_dags/example_branch_python_dop_operator_3.py
[2023-09-20 04:11:57,308] {scheduler_job.py:639} INFO - DAG(s) dict_keys(['example_branch_dop_operator_v3']) retrieved from /home/airflow/.local/lib/python3.6/site-packages/airflow/example_dags/example_branch_python_dop_operator_3.py
[2023-09-20 04:11:57,328] {logging_mixin.py:104} INFO - [2023-09-20 04:11:57,328] {dag.py:1824} INFO - Sync 1 DAGs
[2023-09-20 04:11:57,351] {logging_mixin.py:104} INFO - [2023-09-20 04:11:57,351] {dag.py:2280} INFO - Setting next_dagrun for example_branch_dop_operator_v3 to 2023-09-18 00:00:00+00:00
[2023-09-20 04:11:57,362] {scheduler_job.py:190} INFO - Processing /home/airflow/.local/lib/python3.6/site-packages/airflow/example_dags/example_branch_python_dop_operator_3.py took 0.070 seconds
[2023-09-20 04:12:27,457] {scheduler_job.py:182} INFO - Started process (PID=5692) to work on /home/airflow/.local/lib/python3.6/site-packages/airflow/example_dags/example_branch_python_dop_operator_3.py
[2023-09-20 04:12:27,458] {scheduler_job.py:629} INFO - Processing file /home/airflow/.local/lib/python3.6/site-packages/airflow/example_dags/example_branch_python_dop_operator_3.py for tasks to queue
[2023-09-20 04:12:27,458] {logging_mixin.py:104} INFO - [2023-09-20 04:12:27,458] {dagbag.py:451} INFO - Filling up the DagBag from /home/airflow/.local/lib/python3.6/site-packages/airflow/example_dags/example_branch_python_dop_operator_3.py
[2023-09-20 04:12:27,471] {scheduler_job.py:639} INFO - DAG(s) dict_keys(['example_branch_dop_operator_v3']) retrieved from /home/airflow/.local/lib/python3.6/site-packages/airflow/example_dags/example_branch_python_dop_operator_3.py
[2023-09-20 04:12:27,491] {logging_mixin.py:104} INFO - [2023-09-20 04:12:27,491] {dag.py:1824} INFO - Sync 1 DAGs
[2023-09-20 04:12:27,516] {logging_mixin.py:104} INFO - [2023-09-20 04:12:27,516] {dag.py:2280} INFO - Setting next_dagrun for example_branch_dop_operator_v3 to 2023-09-18 00:00:00+00:00
[2023-09-20 04:12:27,527] {scheduler_job.py:190} INFO - Processing /home/airflow/.local/lib/python3.6/site-packages/airflow/example_dags/example_branch_python_dop_operator_3.py took 0.073 seconds
[2023-09-20 04:12:57,662] {scheduler_job.py:182} INFO - Started process (PID=5822) to work on /home/airflow/.local/lib/python3.6/site-packages/airflow/example_dags/example_branch_python_dop_operator_3.py
[2023-09-20 04:12:57,663] {scheduler_job.py:629} INFO - Processing file /home/airflow/.local/lib/python3.6/site-packages/airflow/example_dags/example_branch_python_dop_operator_3.py for tasks to queue
[2023-09-20 04:12:57,663] {logging_mixin.py:104} INFO - [2023-09-20 04:12:57,663] {dagbag.py:451} INFO - Filling up the DagBag from /home/airflow/.local/lib/python3.6/site-packages/airflow/example_dags/example_branch_python_dop_operator_3.py
[2023-09-20 04:12:57,675] {scheduler_job.py:639} INFO - DAG(s) dict_keys(['example_branch_dop_operator_v3']) retrieved from /home/airflow/.local/lib/python3.6/site-packages/airflow/example_dags/example_branch_python_dop_operator_3.py
[2023-09-20 04:12:57,692] {logging_mixin.py:104} INFO - [2023-09-20 04:12:57,692] {dag.py:1824} INFO - Sync 1 DAGs
[2023-09-20 04:12:57,714] {logging_mixin.py:104} INFO - [2023-09-20 04:12:57,714] {dag.py:2280} INFO - Setting next_dagrun for example_branch_dop_operator_v3 to 2023-09-18 00:00:00+00:00
[2023-09-20 04:12:57,725] {scheduler_job.py:190} INFO - Processing /home/airflow/.local/lib/python3.6/site-packages/airflow/example_dags/example_branch_python_dop_operator_3.py took 0.066 seconds
[2023-09-20 04:13:27,787] {scheduler_job.py:182} INFO - Started process (PID=5951) to work on /home/airflow/.local/lib/python3.6/site-packages/airflow/example_dags/example_branch_python_dop_operator_3.py
[2023-09-20 04:13:27,788] {scheduler_job.py:629} INFO - Processing file /home/airflow/.local/lib/python3.6/site-packages/airflow/example_dags/example_branch_python_dop_operator_3.py for tasks to queue
[2023-09-20 04:13:27,788] {logging_mixin.py:104} INFO - [2023-09-20 04:13:27,788] {dagbag.py:451} INFO - Filling up the DagBag from /home/airflow/.local/lib/python3.6/site-packages/airflow/example_dags/example_branch_python_dop_operator_3.py
[2023-09-20 04:13:27,799] {scheduler_job.py:639} INFO - DAG(s) dict_keys(['example_branch_dop_operator_v3']) retrieved from /home/airflow/.local/lib/python3.6/site-packages/airflow/example_dags/example_branch_python_dop_operator_3.py
[2023-09-20 04:13:27,816] {logging_mixin.py:104} INFO - [2023-09-20 04:13:27,816] {dag.py:1824} INFO - Sync 1 DAGs
[2023-09-20 04:13:27,840] {logging_mixin.py:104} INFO - [2023-09-20 04:13:27,840] {dag.py:2280} INFO - Setting next_dagrun for example_branch_dop_operator_v3 to 2023-09-18 00:00:00+00:00
[2023-09-20 04:13:27,851] {scheduler_job.py:190} INFO - Processing /home/airflow/.local/lib/python3.6/site-packages/airflow/example_dags/example_branch_python_dop_operator_3.py took 0.067 seconds
[2023-09-20 04:13:58,135] {scheduler_job.py:182} INFO - Started process (PID=6092) to work on /home/airflow/.local/lib/python3.6/site-packages/airflow/example_dags/example_branch_python_dop_operator_3.py
[2023-09-20 04:13:58,136] {scheduler_job.py:629} INFO - Processing file /home/airflow/.local/lib/python3.6/site-packages/airflow/example_dags/example_branch_python_dop_operator_3.py for tasks to queue
[2023-09-20 04:13:58,136] {logging_mixin.py:104} INFO - [2023-09-20 04:13:58,136] {dagbag.py:451} INFO - Filling up the DagBag from /home/airflow/.local/lib/python3.6/site-packages/airflow/example_dags/example_branch_python_dop_operator_3.py
[2023-09-20 04:13:58,147] {scheduler_job.py:639} INFO - DAG(s) dict_keys(['example_branch_dop_operator_v3']) retrieved from /home/airflow/.local/lib/python3.6/site-packages/airflow/example_dags/example_branch_python_dop_operator_3.py
[2023-09-20 04:13:58,164] {logging_mixin.py:104} INFO - [2023-09-20 04:13:58,164] {dag.py:1824} INFO - Sync 1 DAGs
[2023-09-20 04:13:58,185] {logging_mixin.py:104} INFO - [2023-09-20 04:13:58,185] {dag.py:2280} INFO - Setting next_dagrun for example_branch_dop_operator_v3 to 2023-09-18 00:00:00+00:00
[2023-09-20 04:13:58,196] {scheduler_job.py:190} INFO - Processing /home/airflow/.local/lib/python3.6/site-packages/airflow/example_dags/example_branch_python_dop_operator_3.py took 0.064 seconds
