[2023-09-20 03:51:09,505] {scheduler_job.py:182} INFO - Started process (PID=180) to work on /home/airflow/.local/lib/python3.6/site-packages/airflow/example_dags/example_xcomargs.py
[2023-09-20 03:51:09,506] {scheduler_job.py:629} INFO - Processing file /home/airflow/.local/lib/python3.6/site-packages/airflow/example_dags/example_xcomargs.py for tasks to queue
[2023-09-20 03:51:09,507] {logging_mixin.py:104} INFO - [2023-09-20 03:51:09,507] {dagbag.py:451} INFO - Filling up the DagBag from /home/airflow/.local/lib/python3.6/site-packages/airflow/example_dags/example_xcomargs.py
[2023-09-20 03:51:09,525] {scheduler_job.py:639} INFO - DAG(s) dict_keys(['example_xcom_args', 'example_xcom_args_with_operators']) retrieved from /home/airflow/.local/lib/python3.6/site-packages/airflow/example_dags/example_xcomargs.py
[2023-09-20 03:51:09,557] {logging_mixin.py:104} INFO - [2023-09-20 03:51:09,557] {dag.py:1824} INFO - Sync 2 DAGs
[2023-09-20 03:51:09,568] {logging_mixin.py:104} INFO - [2023-09-20 03:51:09,568] {dag.py:1843} INFO - Creating ORM DAG for example_xcom_args_with_operators
[2023-09-20 03:51:09,569] {logging_mixin.py:104} INFO - [2023-09-20 03:51:09,568] {dag.py:1843} INFO - Creating ORM DAG for example_xcom_args
[2023-09-20 03:51:09,574] {logging_mixin.py:104} INFO - [2023-09-20 03:51:09,574] {dag.py:2280} INFO - Setting next_dagrun for example_xcom_args to None
[2023-09-20 03:51:09,575] {logging_mixin.py:104} INFO - [2023-09-20 03:51:09,575] {dag.py:2280} INFO - Setting next_dagrun for example_xcom_args_with_operators to None
[2023-09-20 03:51:09,595] {scheduler_job.py:190} INFO - Processing /home/airflow/.local/lib/python3.6/site-packages/airflow/example_dags/example_xcomargs.py took 0.093 seconds
[2023-09-20 03:51:39,875] {scheduler_job.py:182} INFO - Started process (PID=315) to work on /home/airflow/.local/lib/python3.6/site-packages/airflow/example_dags/example_xcomargs.py
[2023-09-20 03:51:39,877] {scheduler_job.py:629} INFO - Processing file /home/airflow/.local/lib/python3.6/site-packages/airflow/example_dags/example_xcomargs.py for tasks to queue
[2023-09-20 03:51:39,877] {logging_mixin.py:104} INFO - [2023-09-20 03:51:39,877] {dagbag.py:451} INFO - Filling up the DagBag from /home/airflow/.local/lib/python3.6/site-packages/airflow/example_dags/example_xcomargs.py
[2023-09-20 03:51:39,889] {scheduler_job.py:639} INFO - DAG(s) dict_keys(['example_xcom_args', 'example_xcom_args_with_operators']) retrieved from /home/airflow/.local/lib/python3.6/site-packages/airflow/example_dags/example_xcomargs.py
[2023-09-20 03:51:39,916] {logging_mixin.py:104} INFO - [2023-09-20 03:51:39,916] {dag.py:1824} INFO - Sync 2 DAGs
[2023-09-20 03:51:39,932] {logging_mixin.py:104} INFO - [2023-09-20 03:51:39,932] {dag.py:2280} INFO - Setting next_dagrun for example_xcom_args to None
[2023-09-20 03:51:39,933] {logging_mixin.py:104} INFO - [2023-09-20 03:51:39,933] {dag.py:2280} INFO - Setting next_dagrun for example_xcom_args_with_operators to None
[2023-09-20 03:51:39,946] {scheduler_job.py:190} INFO - Processing /home/airflow/.local/lib/python3.6/site-packages/airflow/example_dags/example_xcomargs.py took 0.074 seconds
[2023-09-20 03:52:10,220] {scheduler_job.py:182} INFO - Started process (PID=445) to work on /home/airflow/.local/lib/python3.6/site-packages/airflow/example_dags/example_xcomargs.py
[2023-09-20 03:52:10,221] {scheduler_job.py:629} INFO - Processing file /home/airflow/.local/lib/python3.6/site-packages/airflow/example_dags/example_xcomargs.py for tasks to queue
[2023-09-20 03:52:10,221] {logging_mixin.py:104} INFO - [2023-09-20 03:52:10,221] {dagbag.py:451} INFO - Filling up the DagBag from /home/airflow/.local/lib/python3.6/site-packages/airflow/example_dags/example_xcomargs.py
[2023-09-20 03:52:10,234] {scheduler_job.py:639} INFO - DAG(s) dict_keys(['example_xcom_args', 'example_xcom_args_with_operators']) retrieved from /home/airflow/.local/lib/python3.6/site-packages/airflow/example_dags/example_xcomargs.py
[2023-09-20 03:52:10,258] {logging_mixin.py:104} INFO - [2023-09-20 03:52:10,258] {dag.py:1824} INFO - Sync 2 DAGs
[2023-09-20 03:52:10,271] {logging_mixin.py:104} INFO - [2023-09-20 03:52:10,271] {dag.py:2280} INFO - Setting next_dagrun for example_xcom_args to None
[2023-09-20 03:52:10,272] {logging_mixin.py:104} INFO - [2023-09-20 03:52:10,272] {dag.py:2280} INFO - Setting next_dagrun for example_xcom_args_with_operators to None
[2023-09-20 03:52:10,287] {scheduler_job.py:190} INFO - Processing /home/airflow/.local/lib/python3.6/site-packages/airflow/example_dags/example_xcomargs.py took 0.070 seconds
[2023-09-20 03:52:40,472] {scheduler_job.py:182} INFO - Started process (PID=575) to work on /home/airflow/.local/lib/python3.6/site-packages/airflow/example_dags/example_xcomargs.py
[2023-09-20 03:52:40,473] {scheduler_job.py:629} INFO - Processing file /home/airflow/.local/lib/python3.6/site-packages/airflow/example_dags/example_xcomargs.py for tasks to queue
[2023-09-20 03:52:40,473] {logging_mixin.py:104} INFO - [2023-09-20 03:52:40,473] {dagbag.py:451} INFO - Filling up the DagBag from /home/airflow/.local/lib/python3.6/site-packages/airflow/example_dags/example_xcomargs.py
[2023-09-20 03:52:40,484] {scheduler_job.py:639} INFO - DAG(s) dict_keys(['example_xcom_args', 'example_xcom_args_with_operators']) retrieved from /home/airflow/.local/lib/python3.6/site-packages/airflow/example_dags/example_xcomargs.py
[2023-09-20 03:52:40,506] {logging_mixin.py:104} INFO - [2023-09-20 03:52:40,506] {dag.py:1824} INFO - Sync 2 DAGs
[2023-09-20 03:52:40,518] {logging_mixin.py:104} INFO - [2023-09-20 03:52:40,518] {dag.py:2280} INFO - Setting next_dagrun for example_xcom_args to None
[2023-09-20 03:52:40,519] {logging_mixin.py:104} INFO - [2023-09-20 03:52:40,519] {dag.py:2280} INFO - Setting next_dagrun for example_xcom_args_with_operators to None
[2023-09-20 03:52:40,530] {scheduler_job.py:190} INFO - Processing /home/airflow/.local/lib/python3.6/site-packages/airflow/example_dags/example_xcomargs.py took 0.060 seconds
[2023-09-20 03:53:10,583] {scheduler_job.py:182} INFO - Started process (PID=735) to work on /home/airflow/.local/lib/python3.6/site-packages/airflow/example_dags/example_xcomargs.py
[2023-09-20 03:53:10,584] {scheduler_job.py:629} INFO - Processing file /home/airflow/.local/lib/python3.6/site-packages/airflow/example_dags/example_xcomargs.py for tasks to queue
[2023-09-20 03:53:10,584] {logging_mixin.py:104} INFO - [2023-09-20 03:53:10,584] {dagbag.py:451} INFO - Filling up the DagBag from /home/airflow/.local/lib/python3.6/site-packages/airflow/example_dags/example_xcomargs.py
[2023-09-20 03:53:10,596] {scheduler_job.py:639} INFO - DAG(s) dict_keys(['example_xcom_args', 'example_xcom_args_with_operators']) retrieved from /home/airflow/.local/lib/python3.6/site-packages/airflow/example_dags/example_xcomargs.py
[2023-09-20 03:53:10,619] {logging_mixin.py:104} INFO - [2023-09-20 03:53:10,619] {dag.py:1824} INFO - Sync 2 DAGs
[2023-09-20 03:53:10,632] {logging_mixin.py:104} INFO - [2023-09-20 03:53:10,632] {dag.py:2280} INFO - Setting next_dagrun for example_xcom_args to None
[2023-09-20 03:53:10,633] {logging_mixin.py:104} INFO - [2023-09-20 03:53:10,633] {dag.py:2280} INFO - Setting next_dagrun for example_xcom_args_with_operators to None
[2023-09-20 03:53:10,645] {scheduler_job.py:190} INFO - Processing /home/airflow/.local/lib/python3.6/site-packages/airflow/example_dags/example_xcomargs.py took 0.066 seconds
[2023-09-20 03:53:40,692] {scheduler_job.py:182} INFO - Started process (PID=865) to work on /home/airflow/.local/lib/python3.6/site-packages/airflow/example_dags/example_xcomargs.py
[2023-09-20 03:53:40,692] {scheduler_job.py:629} INFO - Processing file /home/airflow/.local/lib/python3.6/site-packages/airflow/example_dags/example_xcomargs.py for tasks to queue
[2023-09-20 03:53:40,693] {logging_mixin.py:104} INFO - [2023-09-20 03:53:40,693] {dagbag.py:451} INFO - Filling up the DagBag from /home/airflow/.local/lib/python3.6/site-packages/airflow/example_dags/example_xcomargs.py
[2023-09-20 03:53:40,704] {scheduler_job.py:639} INFO - DAG(s) dict_keys(['example_xcom_args', 'example_xcom_args_with_operators']) retrieved from /home/airflow/.local/lib/python3.6/site-packages/airflow/example_dags/example_xcomargs.py
[2023-09-20 03:53:40,732] {logging_mixin.py:104} INFO - [2023-09-20 03:53:40,732] {dag.py:1824} INFO - Sync 2 DAGs
[2023-09-20 03:53:40,743] {logging_mixin.py:104} INFO - [2023-09-20 03:53:40,743] {dag.py:2280} INFO - Setting next_dagrun for example_xcom_args to None
[2023-09-20 03:53:40,744] {logging_mixin.py:104} INFO - [2023-09-20 03:53:40,744] {dag.py:2280} INFO - Setting next_dagrun for example_xcom_args_with_operators to None
[2023-09-20 03:53:40,754] {scheduler_job.py:190} INFO - Processing /home/airflow/.local/lib/python3.6/site-packages/airflow/example_dags/example_xcomargs.py took 0.065 seconds
[2023-09-20 03:54:10,921] {scheduler_job.py:182} INFO - Started process (PID=995) to work on /home/airflow/.local/lib/python3.6/site-packages/airflow/example_dags/example_xcomargs.py
[2023-09-20 03:54:10,922] {scheduler_job.py:629} INFO - Processing file /home/airflow/.local/lib/python3.6/site-packages/airflow/example_dags/example_xcomargs.py for tasks to queue
[2023-09-20 03:54:10,922] {logging_mixin.py:104} INFO - [2023-09-20 03:54:10,922] {dagbag.py:451} INFO - Filling up the DagBag from /home/airflow/.local/lib/python3.6/site-packages/airflow/example_dags/example_xcomargs.py
[2023-09-20 03:54:10,933] {scheduler_job.py:639} INFO - DAG(s) dict_keys(['example_xcom_args', 'example_xcom_args_with_operators']) retrieved from /home/airflow/.local/lib/python3.6/site-packages/airflow/example_dags/example_xcomargs.py
[2023-09-20 03:54:10,958] {logging_mixin.py:104} INFO - [2023-09-20 03:54:10,958] {dag.py:1824} INFO - Sync 2 DAGs
[2023-09-20 03:54:10,972] {logging_mixin.py:104} INFO - [2023-09-20 03:54:10,972] {dag.py:2280} INFO - Setting next_dagrun for example_xcom_args to None
[2023-09-20 03:54:10,972] {logging_mixin.py:104} INFO - [2023-09-20 03:54:10,972] {dag.py:2280} INFO - Setting next_dagrun for example_xcom_args_with_operators to None
[2023-09-20 03:54:10,983] {scheduler_job.py:190} INFO - Processing /home/airflow/.local/lib/python3.6/site-packages/airflow/example_dags/example_xcomargs.py took 0.064 seconds
[2023-09-20 03:54:41,258] {scheduler_job.py:182} INFO - Started process (PID=1130) to work on /home/airflow/.local/lib/python3.6/site-packages/airflow/example_dags/example_xcomargs.py
[2023-09-20 03:54:41,259] {scheduler_job.py:629} INFO - Processing file /home/airflow/.local/lib/python3.6/site-packages/airflow/example_dags/example_xcomargs.py for tasks to queue
[2023-09-20 03:54:41,259] {logging_mixin.py:104} INFO - [2023-09-20 03:54:41,259] {dagbag.py:451} INFO - Filling up the DagBag from /home/airflow/.local/lib/python3.6/site-packages/airflow/example_dags/example_xcomargs.py
[2023-09-20 03:54:41,273] {scheduler_job.py:639} INFO - DAG(s) dict_keys(['example_xcom_args', 'example_xcom_args_with_operators']) retrieved from /home/airflow/.local/lib/python3.6/site-packages/airflow/example_dags/example_xcomargs.py
[2023-09-20 03:54:41,296] {logging_mixin.py:104} INFO - [2023-09-20 03:54:41,296] {dag.py:1824} INFO - Sync 2 DAGs
[2023-09-20 03:54:41,308] {logging_mixin.py:104} INFO - [2023-09-20 03:54:41,307] {dag.py:2280} INFO - Setting next_dagrun for example_xcom_args to None
[2023-09-20 03:54:41,308] {logging_mixin.py:104} INFO - [2023-09-20 03:54:41,308] {dag.py:2280} INFO - Setting next_dagrun for example_xcom_args_with_operators to None
[2023-09-20 03:54:41,318] {scheduler_job.py:190} INFO - Processing /home/airflow/.local/lib/python3.6/site-packages/airflow/example_dags/example_xcomargs.py took 0.064 seconds
[2023-09-20 03:55:12,188] {scheduler_job.py:182} INFO - Started process (PID=1251) to work on /home/airflow/.local/lib/python3.6/site-packages/airflow/example_dags/example_xcomargs.py
[2023-09-20 03:55:12,188] {scheduler_job.py:629} INFO - Processing file /home/airflow/.local/lib/python3.6/site-packages/airflow/example_dags/example_xcomargs.py for tasks to queue
[2023-09-20 03:55:12,189] {logging_mixin.py:104} INFO - [2023-09-20 03:55:12,189] {dagbag.py:451} INFO - Filling up the DagBag from /home/airflow/.local/lib/python3.6/site-packages/airflow/example_dags/example_xcomargs.py
[2023-09-20 03:55:12,201] {scheduler_job.py:639} INFO - DAG(s) dict_keys(['example_xcom_args', 'example_xcom_args_with_operators']) retrieved from /home/airflow/.local/lib/python3.6/site-packages/airflow/example_dags/example_xcomargs.py
[2023-09-20 03:55:12,228] {logging_mixin.py:104} INFO - [2023-09-20 03:55:12,228] {dag.py:1824} INFO - Sync 2 DAGs
[2023-09-20 03:55:12,240] {logging_mixin.py:104} INFO - [2023-09-20 03:55:12,240] {dag.py:2280} INFO - Setting next_dagrun for example_xcom_args to None
[2023-09-20 03:55:12,241] {logging_mixin.py:104} INFO - [2023-09-20 03:55:12,241] {dag.py:2280} INFO - Setting next_dagrun for example_xcom_args_with_operators to None
[2023-09-20 03:55:12,254] {scheduler_job.py:190} INFO - Processing /home/airflow/.local/lib/python3.6/site-packages/airflow/example_dags/example_xcomargs.py took 0.068 seconds
[2023-09-20 03:55:43,194] {scheduler_job.py:182} INFO - Started process (PID=1380) to work on /home/airflow/.local/lib/python3.6/site-packages/airflow/example_dags/example_xcomargs.py
[2023-09-20 03:55:43,195] {scheduler_job.py:629} INFO - Processing file /home/airflow/.local/lib/python3.6/site-packages/airflow/example_dags/example_xcomargs.py for tasks to queue
[2023-09-20 03:55:43,196] {logging_mixin.py:104} INFO - [2023-09-20 03:55:43,196] {dagbag.py:451} INFO - Filling up the DagBag from /home/airflow/.local/lib/python3.6/site-packages/airflow/example_dags/example_xcomargs.py
[2023-09-20 03:55:43,209] {scheduler_job.py:639} INFO - DAG(s) dict_keys(['example_xcom_args', 'example_xcom_args_with_operators']) retrieved from /home/airflow/.local/lib/python3.6/site-packages/airflow/example_dags/example_xcomargs.py
[2023-09-20 03:55:43,231] {logging_mixin.py:104} INFO - [2023-09-20 03:55:43,231] {dag.py:1824} INFO - Sync 2 DAGs
[2023-09-20 03:55:43,242] {logging_mixin.py:104} INFO - [2023-09-20 03:55:43,242] {dag.py:2280} INFO - Setting next_dagrun for example_xcom_args to None
[2023-09-20 03:55:43,243] {logging_mixin.py:104} INFO - [2023-09-20 03:55:43,243] {dag.py:2280} INFO - Setting next_dagrun for example_xcom_args_with_operators to None
[2023-09-20 03:55:43,252] {scheduler_job.py:190} INFO - Processing /home/airflow/.local/lib/python3.6/site-packages/airflow/example_dags/example_xcomargs.py took 0.061 seconds
[2023-09-20 03:56:14,168] {scheduler_job.py:182} INFO - Started process (PID=1510) to work on /home/airflow/.local/lib/python3.6/site-packages/airflow/example_dags/example_xcomargs.py
[2023-09-20 03:56:14,170] {scheduler_job.py:629} INFO - Processing file /home/airflow/.local/lib/python3.6/site-packages/airflow/example_dags/example_xcomargs.py for tasks to queue
[2023-09-20 03:56:14,170] {logging_mixin.py:104} INFO - [2023-09-20 03:56:14,170] {dagbag.py:451} INFO - Filling up the DagBag from /home/airflow/.local/lib/python3.6/site-packages/airflow/example_dags/example_xcomargs.py
[2023-09-20 03:56:14,180] {scheduler_job.py:639} INFO - DAG(s) dict_keys(['example_xcom_args', 'example_xcom_args_with_operators']) retrieved from /home/airflow/.local/lib/python3.6/site-packages/airflow/example_dags/example_xcomargs.py
[2023-09-20 03:56:14,204] {logging_mixin.py:104} INFO - [2023-09-20 03:56:14,204] {dag.py:1824} INFO - Sync 2 DAGs
[2023-09-20 03:56:14,215] {logging_mixin.py:104} INFO - [2023-09-20 03:56:14,215] {dag.py:2280} INFO - Setting next_dagrun for example_xcom_args to None
[2023-09-20 03:56:14,215] {logging_mixin.py:104} INFO - [2023-09-20 03:56:14,215] {dag.py:2280} INFO - Setting next_dagrun for example_xcom_args_with_operators to None
[2023-09-20 03:56:14,227] {scheduler_job.py:190} INFO - Processing /home/airflow/.local/lib/python3.6/site-packages/airflow/example_dags/example_xcomargs.py took 0.060 seconds
[2023-09-20 03:56:45,122] {scheduler_job.py:182} INFO - Started process (PID=1640) to work on /home/airflow/.local/lib/python3.6/site-packages/airflow/example_dags/example_xcomargs.py
[2023-09-20 03:56:45,122] {scheduler_job.py:629} INFO - Processing file /home/airflow/.local/lib/python3.6/site-packages/airflow/example_dags/example_xcomargs.py for tasks to queue
[2023-09-20 03:56:45,123] {logging_mixin.py:104} INFO - [2023-09-20 03:56:45,123] {dagbag.py:451} INFO - Filling up the DagBag from /home/airflow/.local/lib/python3.6/site-packages/airflow/example_dags/example_xcomargs.py
[2023-09-20 03:56:45,134] {scheduler_job.py:639} INFO - DAG(s) dict_keys(['example_xcom_args', 'example_xcom_args_with_operators']) retrieved from /home/airflow/.local/lib/python3.6/site-packages/airflow/example_dags/example_xcomargs.py
[2023-09-20 03:56:45,159] {logging_mixin.py:104} INFO - [2023-09-20 03:56:45,159] {dag.py:1824} INFO - Sync 2 DAGs
[2023-09-20 03:56:45,170] {logging_mixin.py:104} INFO - [2023-09-20 03:56:45,170] {dag.py:2280} INFO - Setting next_dagrun for example_xcom_args to None
[2023-09-20 03:56:45,171] {logging_mixin.py:104} INFO - [2023-09-20 03:56:45,171] {dag.py:2280} INFO - Setting next_dagrun for example_xcom_args_with_operators to None
[2023-09-20 03:56:45,182] {scheduler_job.py:190} INFO - Processing /home/airflow/.local/lib/python3.6/site-packages/airflow/example_dags/example_xcomargs.py took 0.063 seconds
[2023-09-20 03:57:16,079] {scheduler_job.py:182} INFO - Started process (PID=1771) to work on /home/airflow/.local/lib/python3.6/site-packages/airflow/example_dags/example_xcomargs.py
[2023-09-20 03:57:16,080] {scheduler_job.py:629} INFO - Processing file /home/airflow/.local/lib/python3.6/site-packages/airflow/example_dags/example_xcomargs.py for tasks to queue
[2023-09-20 03:57:16,080] {logging_mixin.py:104} INFO - [2023-09-20 03:57:16,080] {dagbag.py:451} INFO - Filling up the DagBag from /home/airflow/.local/lib/python3.6/site-packages/airflow/example_dags/example_xcomargs.py
[2023-09-20 03:57:16,092] {scheduler_job.py:639} INFO - DAG(s) dict_keys(['example_xcom_args', 'example_xcom_args_with_operators']) retrieved from /home/airflow/.local/lib/python3.6/site-packages/airflow/example_dags/example_xcomargs.py
[2023-09-20 03:57:16,115] {logging_mixin.py:104} INFO - [2023-09-20 03:57:16,114] {dag.py:1824} INFO - Sync 2 DAGs
[2023-09-20 03:57:16,127] {logging_mixin.py:104} INFO - [2023-09-20 03:57:16,127] {dag.py:2280} INFO - Setting next_dagrun for example_xcom_args to None
[2023-09-20 03:57:16,127] {logging_mixin.py:104} INFO - [2023-09-20 03:57:16,127] {dag.py:2280} INFO - Setting next_dagrun for example_xcom_args_with_operators to None
[2023-09-20 03:57:16,139] {scheduler_job.py:190} INFO - Processing /home/airflow/.local/lib/python3.6/site-packages/airflow/example_dags/example_xcomargs.py took 0.062 seconds
[2023-09-20 03:57:46,269] {scheduler_job.py:182} INFO - Started process (PID=1905) to work on /home/airflow/.local/lib/python3.6/site-packages/airflow/example_dags/example_xcomargs.py
[2023-09-20 03:57:46,270] {scheduler_job.py:629} INFO - Processing file /home/airflow/.local/lib/python3.6/site-packages/airflow/example_dags/example_xcomargs.py for tasks to queue
[2023-09-20 03:57:46,271] {logging_mixin.py:104} INFO - [2023-09-20 03:57:46,271] {dagbag.py:451} INFO - Filling up the DagBag from /home/airflow/.local/lib/python3.6/site-packages/airflow/example_dags/example_xcomargs.py
[2023-09-20 03:57:46,282] {scheduler_job.py:639} INFO - DAG(s) dict_keys(['example_xcom_args', 'example_xcom_args_with_operators']) retrieved from /home/airflow/.local/lib/python3.6/site-packages/airflow/example_dags/example_xcomargs.py
[2023-09-20 03:57:46,306] {logging_mixin.py:104} INFO - [2023-09-20 03:57:46,306] {dag.py:1824} INFO - Sync 2 DAGs
[2023-09-20 03:57:46,321] {logging_mixin.py:104} INFO - [2023-09-20 03:57:46,321] {dag.py:2280} INFO - Setting next_dagrun for example_xcom_args to None
[2023-09-20 03:57:46,322] {logging_mixin.py:104} INFO - [2023-09-20 03:57:46,322] {dag.py:2280} INFO - Setting next_dagrun for example_xcom_args_with_operators to None
[2023-09-20 03:57:46,337] {scheduler_job.py:190} INFO - Processing /home/airflow/.local/lib/python3.6/site-packages/airflow/example_dags/example_xcomargs.py took 0.071 seconds
[2023-09-20 03:58:16,421] {scheduler_job.py:182} INFO - Started process (PID=2035) to work on /home/airflow/.local/lib/python3.6/site-packages/airflow/example_dags/example_xcomargs.py
[2023-09-20 03:58:16,422] {scheduler_job.py:629} INFO - Processing file /home/airflow/.local/lib/python3.6/site-packages/airflow/example_dags/example_xcomargs.py for tasks to queue
[2023-09-20 03:58:16,423] {logging_mixin.py:104} INFO - [2023-09-20 03:58:16,423] {dagbag.py:451} INFO - Filling up the DagBag from /home/airflow/.local/lib/python3.6/site-packages/airflow/example_dags/example_xcomargs.py
[2023-09-20 03:58:16,434] {scheduler_job.py:639} INFO - DAG(s) dict_keys(['example_xcom_args', 'example_xcom_args_with_operators']) retrieved from /home/airflow/.local/lib/python3.6/site-packages/airflow/example_dags/example_xcomargs.py
[2023-09-20 03:58:16,457] {logging_mixin.py:104} INFO - [2023-09-20 03:58:16,457] {dag.py:1824} INFO - Sync 2 DAGs
[2023-09-20 03:58:16,468] {logging_mixin.py:104} INFO - [2023-09-20 03:58:16,468] {dag.py:2280} INFO - Setting next_dagrun for example_xcom_args to None
[2023-09-20 03:58:16,469] {logging_mixin.py:104} INFO - [2023-09-20 03:58:16,469] {dag.py:2280} INFO - Setting next_dagrun for example_xcom_args_with_operators to None
[2023-09-20 03:58:16,480] {scheduler_job.py:190} INFO - Processing /home/airflow/.local/lib/python3.6/site-packages/airflow/example_dags/example_xcomargs.py took 0.061 seconds
[2023-09-20 03:58:46,558] {scheduler_job.py:182} INFO - Started process (PID=2165) to work on /home/airflow/.local/lib/python3.6/site-packages/airflow/example_dags/example_xcomargs.py
[2023-09-20 03:58:46,559] {scheduler_job.py:629} INFO - Processing file /home/airflow/.local/lib/python3.6/site-packages/airflow/example_dags/example_xcomargs.py for tasks to queue
[2023-09-20 03:58:46,559] {logging_mixin.py:104} INFO - [2023-09-20 03:58:46,559] {dagbag.py:451} INFO - Filling up the DagBag from /home/airflow/.local/lib/python3.6/site-packages/airflow/example_dags/example_xcomargs.py
[2023-09-20 03:58:46,570] {scheduler_job.py:639} INFO - DAG(s) dict_keys(['example_xcom_args', 'example_xcom_args_with_operators']) retrieved from /home/airflow/.local/lib/python3.6/site-packages/airflow/example_dags/example_xcomargs.py
[2023-09-20 03:58:46,593] {logging_mixin.py:104} INFO - [2023-09-20 03:58:46,593] {dag.py:1824} INFO - Sync 2 DAGs
[2023-09-20 03:58:46,605] {logging_mixin.py:104} INFO - [2023-09-20 03:58:46,605] {dag.py:2280} INFO - Setting next_dagrun for example_xcom_args to None
[2023-09-20 03:58:46,606] {logging_mixin.py:104} INFO - [2023-09-20 03:58:46,606] {dag.py:2280} INFO - Setting next_dagrun for example_xcom_args_with_operators to None
[2023-09-20 03:58:46,616] {scheduler_job.py:190} INFO - Processing /home/airflow/.local/lib/python3.6/site-packages/airflow/example_dags/example_xcomargs.py took 0.061 seconds
[2023-09-20 03:59:16,785] {scheduler_job.py:182} INFO - Started process (PID=2305) to work on /home/airflow/.local/lib/python3.6/site-packages/airflow/example_dags/example_xcomargs.py
[2023-09-20 03:59:16,787] {scheduler_job.py:629} INFO - Processing file /home/airflow/.local/lib/python3.6/site-packages/airflow/example_dags/example_xcomargs.py for tasks to queue
[2023-09-20 03:59:16,788] {logging_mixin.py:104} INFO - [2023-09-20 03:59:16,787] {dagbag.py:451} INFO - Filling up the DagBag from /home/airflow/.local/lib/python3.6/site-packages/airflow/example_dags/example_xcomargs.py
[2023-09-20 03:59:16,799] {scheduler_job.py:639} INFO - DAG(s) dict_keys(['example_xcom_args', 'example_xcom_args_with_operators']) retrieved from /home/airflow/.local/lib/python3.6/site-packages/airflow/example_dags/example_xcomargs.py
[2023-09-20 03:59:16,822] {logging_mixin.py:104} INFO - [2023-09-20 03:59:16,822] {dag.py:1824} INFO - Sync 2 DAGs
[2023-09-20 03:59:16,837] {logging_mixin.py:104} INFO - [2023-09-20 03:59:16,837] {dag.py:2280} INFO - Setting next_dagrun for example_xcom_args to None
[2023-09-20 03:59:16,838] {logging_mixin.py:104} INFO - [2023-09-20 03:59:16,838] {dag.py:2280} INFO - Setting next_dagrun for example_xcom_args_with_operators to None
[2023-09-20 03:59:16,849] {scheduler_job.py:190} INFO - Processing /home/airflow/.local/lib/python3.6/site-packages/airflow/example_dags/example_xcomargs.py took 0.066 seconds
[2023-09-20 03:59:46,909] {scheduler_job.py:182} INFO - Started process (PID=2435) to work on /home/airflow/.local/lib/python3.6/site-packages/airflow/example_dags/example_xcomargs.py
[2023-09-20 03:59:46,910] {scheduler_job.py:629} INFO - Processing file /home/airflow/.local/lib/python3.6/site-packages/airflow/example_dags/example_xcomargs.py for tasks to queue
[2023-09-20 03:59:46,910] {logging_mixin.py:104} INFO - [2023-09-20 03:59:46,910] {dagbag.py:451} INFO - Filling up the DagBag from /home/airflow/.local/lib/python3.6/site-packages/airflow/example_dags/example_xcomargs.py
[2023-09-20 03:59:46,921] {scheduler_job.py:639} INFO - DAG(s) dict_keys(['example_xcom_args', 'example_xcom_args_with_operators']) retrieved from /home/airflow/.local/lib/python3.6/site-packages/airflow/example_dags/example_xcomargs.py
[2023-09-20 03:59:46,944] {logging_mixin.py:104} INFO - [2023-09-20 03:59:46,944] {dag.py:1824} INFO - Sync 2 DAGs
[2023-09-20 03:59:46,955] {logging_mixin.py:104} INFO - [2023-09-20 03:59:46,955] {dag.py:2280} INFO - Setting next_dagrun for example_xcom_args to None
[2023-09-20 03:59:46,956] {logging_mixin.py:104} INFO - [2023-09-20 03:59:46,956] {dag.py:2280} INFO - Setting next_dagrun for example_xcom_args_with_operators to None
[2023-09-20 03:59:46,966] {scheduler_job.py:190} INFO - Processing /home/airflow/.local/lib/python3.6/site-packages/airflow/example_dags/example_xcomargs.py took 0.060 seconds
[2023-09-20 04:00:17,120] {scheduler_job.py:182} INFO - Started process (PID=2572) to work on /home/airflow/.local/lib/python3.6/site-packages/airflow/example_dags/example_xcomargs.py
[2023-09-20 04:00:17,121] {scheduler_job.py:629} INFO - Processing file /home/airflow/.local/lib/python3.6/site-packages/airflow/example_dags/example_xcomargs.py for tasks to queue
[2023-09-20 04:00:17,121] {logging_mixin.py:104} INFO - [2023-09-20 04:00:17,121] {dagbag.py:451} INFO - Filling up the DagBag from /home/airflow/.local/lib/python3.6/site-packages/airflow/example_dags/example_xcomargs.py
[2023-09-20 04:00:17,133] {scheduler_job.py:639} INFO - DAG(s) dict_keys(['example_xcom_args', 'example_xcom_args_with_operators']) retrieved from /home/airflow/.local/lib/python3.6/site-packages/airflow/example_dags/example_xcomargs.py
[2023-09-20 04:00:17,156] {logging_mixin.py:104} INFO - [2023-09-20 04:00:17,156] {dag.py:1824} INFO - Sync 2 DAGs
[2023-09-20 04:00:17,169] {logging_mixin.py:104} INFO - [2023-09-20 04:00:17,169] {dag.py:2280} INFO - Setting next_dagrun for example_xcom_args to None
[2023-09-20 04:00:17,169] {logging_mixin.py:104} INFO - [2023-09-20 04:00:17,169] {dag.py:2280} INFO - Setting next_dagrun for example_xcom_args_with_operators to None
[2023-09-20 04:00:17,183] {scheduler_job.py:190} INFO - Processing /home/airflow/.local/lib/python3.6/site-packages/airflow/example_dags/example_xcomargs.py took 0.066 seconds
[2023-09-20 04:00:47,454] {scheduler_job.py:182} INFO - Started process (PID=2715) to work on /home/airflow/.local/lib/python3.6/site-packages/airflow/example_dags/example_xcomargs.py
[2023-09-20 04:00:47,455] {scheduler_job.py:629} INFO - Processing file /home/airflow/.local/lib/python3.6/site-packages/airflow/example_dags/example_xcomargs.py for tasks to queue
[2023-09-20 04:00:47,456] {logging_mixin.py:104} INFO - [2023-09-20 04:00:47,456] {dagbag.py:451} INFO - Filling up the DagBag from /home/airflow/.local/lib/python3.6/site-packages/airflow/example_dags/example_xcomargs.py
[2023-09-20 04:00:47,471] {scheduler_job.py:639} INFO - DAG(s) dict_keys(['example_xcom_args', 'example_xcom_args_with_operators']) retrieved from /home/airflow/.local/lib/python3.6/site-packages/airflow/example_dags/example_xcomargs.py
[2023-09-20 04:00:47,503] {logging_mixin.py:104} INFO - [2023-09-20 04:00:47,503] {dag.py:1824} INFO - Sync 2 DAGs
[2023-09-20 04:00:47,519] {logging_mixin.py:104} INFO - [2023-09-20 04:00:47,519] {dag.py:2280} INFO - Setting next_dagrun for example_xcom_args to None
[2023-09-20 04:00:47,521] {logging_mixin.py:104} INFO - [2023-09-20 04:00:47,521] {dag.py:2280} INFO - Setting next_dagrun for example_xcom_args_with_operators to None
[2023-09-20 04:00:47,535] {scheduler_job.py:190} INFO - Processing /home/airflow/.local/lib/python3.6/site-packages/airflow/example_dags/example_xcomargs.py took 0.084 seconds
[2023-09-20 04:01:17,764] {scheduler_job.py:182} INFO - Started process (PID=2855) to work on /home/airflow/.local/lib/python3.6/site-packages/airflow/example_dags/example_xcomargs.py
[2023-09-20 04:01:17,765] {scheduler_job.py:629} INFO - Processing file /home/airflow/.local/lib/python3.6/site-packages/airflow/example_dags/example_xcomargs.py for tasks to queue
[2023-09-20 04:01:17,766] {logging_mixin.py:104} INFO - [2023-09-20 04:01:17,766] {dagbag.py:451} INFO - Filling up the DagBag from /home/airflow/.local/lib/python3.6/site-packages/airflow/example_dags/example_xcomargs.py
[2023-09-20 04:01:17,778] {scheduler_job.py:639} INFO - DAG(s) dict_keys(['example_xcom_args', 'example_xcom_args_with_operators']) retrieved from /home/airflow/.local/lib/python3.6/site-packages/airflow/example_dags/example_xcomargs.py
[2023-09-20 04:01:17,805] {logging_mixin.py:104} INFO - [2023-09-20 04:01:17,804] {dag.py:1824} INFO - Sync 2 DAGs
[2023-09-20 04:01:17,819] {logging_mixin.py:104} INFO - [2023-09-20 04:01:17,819] {dag.py:2280} INFO - Setting next_dagrun for example_xcom_args to None
[2023-09-20 04:01:17,820] {logging_mixin.py:104} INFO - [2023-09-20 04:01:17,820] {dag.py:2280} INFO - Setting next_dagrun for example_xcom_args_with_operators to None
[2023-09-20 04:01:17,835] {scheduler_job.py:190} INFO - Processing /home/airflow/.local/lib/python3.6/site-packages/airflow/example_dags/example_xcomargs.py took 0.075 seconds
[2023-09-20 04:01:47,951] {scheduler_job.py:182} INFO - Started process (PID=2990) to work on /home/airflow/.local/lib/python3.6/site-packages/airflow/example_dags/example_xcomargs.py
[2023-09-20 04:01:47,952] {scheduler_job.py:629} INFO - Processing file /home/airflow/.local/lib/python3.6/site-packages/airflow/example_dags/example_xcomargs.py for tasks to queue
[2023-09-20 04:01:47,953] {logging_mixin.py:104} INFO - [2023-09-20 04:01:47,953] {dagbag.py:451} INFO - Filling up the DagBag from /home/airflow/.local/lib/python3.6/site-packages/airflow/example_dags/example_xcomargs.py
[2023-09-20 04:01:47,964] {scheduler_job.py:639} INFO - DAG(s) dict_keys(['example_xcom_args', 'example_xcom_args_with_operators']) retrieved from /home/airflow/.local/lib/python3.6/site-packages/airflow/example_dags/example_xcomargs.py
[2023-09-20 04:01:47,988] {logging_mixin.py:104} INFO - [2023-09-20 04:01:47,988] {dag.py:1824} INFO - Sync 2 DAGs
[2023-09-20 04:01:47,999] {logging_mixin.py:104} INFO - [2023-09-20 04:01:47,999] {dag.py:2280} INFO - Setting next_dagrun for example_xcom_args to None
[2023-09-20 04:01:47,999] {logging_mixin.py:104} INFO - [2023-09-20 04:01:47,999] {dag.py:2280} INFO - Setting next_dagrun for example_xcom_args_with_operators to None
[2023-09-20 04:01:48,009] {scheduler_job.py:190} INFO - Processing /home/airflow/.local/lib/python3.6/site-packages/airflow/example_dags/example_xcomargs.py took 0.061 seconds
[2023-09-20 04:02:18,074] {scheduler_job.py:182} INFO - Started process (PID=3125) to work on /home/airflow/.local/lib/python3.6/site-packages/airflow/example_dags/example_xcomargs.py
[2023-09-20 04:02:18,075] {scheduler_job.py:629} INFO - Processing file /home/airflow/.local/lib/python3.6/site-packages/airflow/example_dags/example_xcomargs.py for tasks to queue
[2023-09-20 04:02:18,075] {logging_mixin.py:104} INFO - [2023-09-20 04:02:18,075] {dagbag.py:451} INFO - Filling up the DagBag from /home/airflow/.local/lib/python3.6/site-packages/airflow/example_dags/example_xcomargs.py
[2023-09-20 04:02:18,086] {scheduler_job.py:639} INFO - DAG(s) dict_keys(['example_xcom_args', 'example_xcom_args_with_operators']) retrieved from /home/airflow/.local/lib/python3.6/site-packages/airflow/example_dags/example_xcomargs.py
[2023-09-20 04:02:18,108] {logging_mixin.py:104} INFO - [2023-09-20 04:02:18,108] {dag.py:1824} INFO - Sync 2 DAGs
[2023-09-20 04:02:18,120] {logging_mixin.py:104} INFO - [2023-09-20 04:02:18,120] {dag.py:2280} INFO - Setting next_dagrun for example_xcom_args to None
[2023-09-20 04:02:18,120] {logging_mixin.py:104} INFO - [2023-09-20 04:02:18,120] {dag.py:2280} INFO - Setting next_dagrun for example_xcom_args_with_operators to None
[2023-09-20 04:02:18,131] {scheduler_job.py:190} INFO - Processing /home/airflow/.local/lib/python3.6/site-packages/airflow/example_dags/example_xcomargs.py took 0.059 seconds
[2023-09-20 04:02:48,619] {scheduler_job.py:182} INFO - Started process (PID=3200) to work on /home/airflow/.local/lib/python3.6/site-packages/airflow/example_dags/example_xcomargs.py
[2023-09-20 04:02:48,620] {scheduler_job.py:629} INFO - Processing file /home/airflow/.local/lib/python3.6/site-packages/airflow/example_dags/example_xcomargs.py for tasks to queue
[2023-09-20 04:02:48,621] {logging_mixin.py:104} INFO - [2023-09-20 04:02:48,621] {dagbag.py:451} INFO - Filling up the DagBag from /home/airflow/.local/lib/python3.6/site-packages/airflow/example_dags/example_xcomargs.py
[2023-09-20 04:02:48,637] {scheduler_job.py:639} INFO - DAG(s) dict_keys(['example_xcom_args', 'example_xcom_args_with_operators']) retrieved from /home/airflow/.local/lib/python3.6/site-packages/airflow/example_dags/example_xcomargs.py
[2023-09-20 04:02:48,661] {logging_mixin.py:104} INFO - [2023-09-20 04:02:48,661] {dag.py:1824} INFO - Sync 2 DAGs
[2023-09-20 04:02:48,675] {logging_mixin.py:104} INFO - [2023-09-20 04:02:48,675] {dag.py:2280} INFO - Setting next_dagrun for example_xcom_args to None
[2023-09-20 04:02:48,675] {logging_mixin.py:104} INFO - [2023-09-20 04:02:48,675] {dag.py:2280} INFO - Setting next_dagrun for example_xcom_args_with_operators to None
[2023-09-20 04:02:48,689] {scheduler_job.py:190} INFO - Processing /home/airflow/.local/lib/python3.6/site-packages/airflow/example_dags/example_xcomargs.py took 0.073 seconds
[2023-09-20 04:03:19,685] {scheduler_job.py:182} INFO - Started process (PID=3330) to work on /home/airflow/.local/lib/python3.6/site-packages/airflow/example_dags/example_xcomargs.py
[2023-09-20 04:03:19,686] {scheduler_job.py:629} INFO - Processing file /home/airflow/.local/lib/python3.6/site-packages/airflow/example_dags/example_xcomargs.py for tasks to queue
[2023-09-20 04:03:19,686] {logging_mixin.py:104} INFO - [2023-09-20 04:03:19,686] {dagbag.py:451} INFO - Filling up the DagBag from /home/airflow/.local/lib/python3.6/site-packages/airflow/example_dags/example_xcomargs.py
[2023-09-20 04:03:19,700] {scheduler_job.py:639} INFO - DAG(s) dict_keys(['example_xcom_args', 'example_xcom_args_with_operators']) retrieved from /home/airflow/.local/lib/python3.6/site-packages/airflow/example_dags/example_xcomargs.py
[2023-09-20 04:03:19,724] {logging_mixin.py:104} INFO - [2023-09-20 04:03:19,724] {dag.py:1824} INFO - Sync 2 DAGs
[2023-09-20 04:03:19,736] {logging_mixin.py:104} INFO - [2023-09-20 04:03:19,736] {dag.py:2280} INFO - Setting next_dagrun for example_xcom_args to None
[2023-09-20 04:03:19,736] {logging_mixin.py:104} INFO - [2023-09-20 04:03:19,736] {dag.py:2280} INFO - Setting next_dagrun for example_xcom_args_with_operators to None
[2023-09-20 04:03:19,747] {scheduler_job.py:190} INFO - Processing /home/airflow/.local/lib/python3.6/site-packages/airflow/example_dags/example_xcomargs.py took 0.064 seconds
[2023-09-20 04:03:50,678] {scheduler_job.py:182} INFO - Started process (PID=3460) to work on /home/airflow/.local/lib/python3.6/site-packages/airflow/example_dags/example_xcomargs.py
[2023-09-20 04:03:50,679] {scheduler_job.py:629} INFO - Processing file /home/airflow/.local/lib/python3.6/site-packages/airflow/example_dags/example_xcomargs.py for tasks to queue
[2023-09-20 04:03:50,679] {logging_mixin.py:104} INFO - [2023-09-20 04:03:50,679] {dagbag.py:451} INFO - Filling up the DagBag from /home/airflow/.local/lib/python3.6/site-packages/airflow/example_dags/example_xcomargs.py
[2023-09-20 04:03:50,691] {scheduler_job.py:639} INFO - DAG(s) dict_keys(['example_xcom_args', 'example_xcom_args_with_operators']) retrieved from /home/airflow/.local/lib/python3.6/site-packages/airflow/example_dags/example_xcomargs.py
[2023-09-20 04:03:50,714] {logging_mixin.py:104} INFO - [2023-09-20 04:03:50,714] {dag.py:1824} INFO - Sync 2 DAGs
[2023-09-20 04:03:50,725] {logging_mixin.py:104} INFO - [2023-09-20 04:03:50,725] {dag.py:2280} INFO - Setting next_dagrun for example_xcom_args to None
[2023-09-20 04:03:50,726] {logging_mixin.py:104} INFO - [2023-09-20 04:03:50,725] {dag.py:2280} INFO - Setting next_dagrun for example_xcom_args_with_operators to None
[2023-09-20 04:03:50,738] {scheduler_job.py:190} INFO - Processing /home/airflow/.local/lib/python3.6/site-packages/airflow/example_dags/example_xcomargs.py took 0.062 seconds
[2023-09-20 04:04:21,708] {scheduler_job.py:182} INFO - Started process (PID=3590) to work on /home/airflow/.local/lib/python3.6/site-packages/airflow/example_dags/example_xcomargs.py
[2023-09-20 04:04:21,710] {scheduler_job.py:629} INFO - Processing file /home/airflow/.local/lib/python3.6/site-packages/airflow/example_dags/example_xcomargs.py for tasks to queue
[2023-09-20 04:04:21,710] {logging_mixin.py:104} INFO - [2023-09-20 04:04:21,710] {dagbag.py:451} INFO - Filling up the DagBag from /home/airflow/.local/lib/python3.6/site-packages/airflow/example_dags/example_xcomargs.py
[2023-09-20 04:04:21,722] {scheduler_job.py:639} INFO - DAG(s) dict_keys(['example_xcom_args', 'example_xcom_args_with_operators']) retrieved from /home/airflow/.local/lib/python3.6/site-packages/airflow/example_dags/example_xcomargs.py
[2023-09-20 04:04:21,744] {logging_mixin.py:104} INFO - [2023-09-20 04:04:21,744] {dag.py:1824} INFO - Sync 2 DAGs
[2023-09-20 04:04:21,755] {logging_mixin.py:104} INFO - [2023-09-20 04:04:21,755] {dag.py:2280} INFO - Setting next_dagrun for example_xcom_args to None
[2023-09-20 04:04:21,756] {logging_mixin.py:104} INFO - [2023-09-20 04:04:21,756] {dag.py:2280} INFO - Setting next_dagrun for example_xcom_args_with_operators to None
[2023-09-20 04:04:21,767] {scheduler_job.py:190} INFO - Processing /home/airflow/.local/lib/python3.6/site-packages/airflow/example_dags/example_xcomargs.py took 0.061 seconds
[2023-09-20 04:04:52,699] {scheduler_job.py:182} INFO - Started process (PID=3720) to work on /home/airflow/.local/lib/python3.6/site-packages/airflow/example_dags/example_xcomargs.py
[2023-09-20 04:04:52,700] {scheduler_job.py:629} INFO - Processing file /home/airflow/.local/lib/python3.6/site-packages/airflow/example_dags/example_xcomargs.py for tasks to queue
[2023-09-20 04:04:52,700] {logging_mixin.py:104} INFO - [2023-09-20 04:04:52,700] {dagbag.py:451} INFO - Filling up the DagBag from /home/airflow/.local/lib/python3.6/site-packages/airflow/example_dags/example_xcomargs.py
[2023-09-20 04:04:52,712] {scheduler_job.py:639} INFO - DAG(s) dict_keys(['example_xcom_args', 'example_xcom_args_with_operators']) retrieved from /home/airflow/.local/lib/python3.6/site-packages/airflow/example_dags/example_xcomargs.py
[2023-09-20 04:04:52,735] {logging_mixin.py:104} INFO - [2023-09-20 04:04:52,735] {dag.py:1824} INFO - Sync 2 DAGs
[2023-09-20 04:04:52,746] {logging_mixin.py:104} INFO - [2023-09-20 04:04:52,746] {dag.py:2280} INFO - Setting next_dagrun for example_xcom_args to None
[2023-09-20 04:04:52,747] {logging_mixin.py:104} INFO - [2023-09-20 04:04:52,747] {dag.py:2280} INFO - Setting next_dagrun for example_xcom_args_with_operators to None
[2023-09-20 04:04:52,758] {scheduler_job.py:190} INFO - Processing /home/airflow/.local/lib/python3.6/site-packages/airflow/example_dags/example_xcomargs.py took 0.062 seconds
[2023-09-20 04:05:23,746] {scheduler_job.py:182} INFO - Started process (PID=3850) to work on /home/airflow/.local/lib/python3.6/site-packages/airflow/example_dags/example_xcomargs.py
[2023-09-20 04:05:23,747] {scheduler_job.py:629} INFO - Processing file /home/airflow/.local/lib/python3.6/site-packages/airflow/example_dags/example_xcomargs.py for tasks to queue
[2023-09-20 04:05:23,748] {logging_mixin.py:104} INFO - [2023-09-20 04:05:23,748] {dagbag.py:451} INFO - Filling up the DagBag from /home/airflow/.local/lib/python3.6/site-packages/airflow/example_dags/example_xcomargs.py
[2023-09-20 04:05:23,764] {scheduler_job.py:639} INFO - DAG(s) dict_keys(['example_xcom_args', 'example_xcom_args_with_operators']) retrieved from /home/airflow/.local/lib/python3.6/site-packages/airflow/example_dags/example_xcomargs.py
[2023-09-20 04:05:23,789] {logging_mixin.py:104} INFO - [2023-09-20 04:05:23,789] {dag.py:1824} INFO - Sync 2 DAGs
[2023-09-20 04:05:23,804] {logging_mixin.py:104} INFO - [2023-09-20 04:05:23,804] {dag.py:2280} INFO - Setting next_dagrun for example_xcom_args to None
[2023-09-20 04:05:23,805] {logging_mixin.py:104} INFO - [2023-09-20 04:05:23,805] {dag.py:2280} INFO - Setting next_dagrun for example_xcom_args_with_operators to None
[2023-09-20 04:05:23,820] {scheduler_job.py:190} INFO - Processing /home/airflow/.local/lib/python3.6/site-packages/airflow/example_dags/example_xcomargs.py took 0.079 seconds
[2023-09-20 04:05:54,813] {scheduler_job.py:182} INFO - Started process (PID=3980) to work on /home/airflow/.local/lib/python3.6/site-packages/airflow/example_dags/example_xcomargs.py
[2023-09-20 04:05:54,813] {scheduler_job.py:629} INFO - Processing file /home/airflow/.local/lib/python3.6/site-packages/airflow/example_dags/example_xcomargs.py for tasks to queue
[2023-09-20 04:05:54,814] {logging_mixin.py:104} INFO - [2023-09-20 04:05:54,814] {dagbag.py:451} INFO - Filling up the DagBag from /home/airflow/.local/lib/python3.6/site-packages/airflow/example_dags/example_xcomargs.py
[2023-09-20 04:05:54,825] {scheduler_job.py:639} INFO - DAG(s) dict_keys(['example_xcom_args', 'example_xcom_args_with_operators']) retrieved from /home/airflow/.local/lib/python3.6/site-packages/airflow/example_dags/example_xcomargs.py
[2023-09-20 04:05:54,852] {logging_mixin.py:104} INFO - [2023-09-20 04:05:54,851] {dag.py:1824} INFO - Sync 2 DAGs
[2023-09-20 04:05:54,863] {logging_mixin.py:104} INFO - [2023-09-20 04:05:54,863] {dag.py:2280} INFO - Setting next_dagrun for example_xcom_args to None
[2023-09-20 04:05:54,864] {logging_mixin.py:104} INFO - [2023-09-20 04:05:54,864] {dag.py:2280} INFO - Setting next_dagrun for example_xcom_args_with_operators to None
[2023-09-20 04:05:54,874] {scheduler_job.py:190} INFO - Processing /home/airflow/.local/lib/python3.6/site-packages/airflow/example_dags/example_xcomargs.py took 0.064 seconds
[2023-09-20 04:06:24,941] {scheduler_job.py:182} INFO - Started process (PID=4115) to work on /home/airflow/.local/lib/python3.6/site-packages/airflow/example_dags/example_xcomargs.py
[2023-09-20 04:06:24,943] {scheduler_job.py:629} INFO - Processing file /home/airflow/.local/lib/python3.6/site-packages/airflow/example_dags/example_xcomargs.py for tasks to queue
[2023-09-20 04:06:24,944] {logging_mixin.py:104} INFO - [2023-09-20 04:06:24,943] {dagbag.py:451} INFO - Filling up the DagBag from /home/airflow/.local/lib/python3.6/site-packages/airflow/example_dags/example_xcomargs.py
[2023-09-20 04:06:24,958] {scheduler_job.py:639} INFO - DAG(s) dict_keys(['example_xcom_args', 'example_xcom_args_with_operators']) retrieved from /home/airflow/.local/lib/python3.6/site-packages/airflow/example_dags/example_xcomargs.py
[2023-09-20 04:06:24,983] {logging_mixin.py:104} INFO - [2023-09-20 04:06:24,982] {dag.py:1824} INFO - Sync 2 DAGs
[2023-09-20 04:06:24,996] {logging_mixin.py:104} INFO - [2023-09-20 04:06:24,996] {dag.py:2280} INFO - Setting next_dagrun for example_xcom_args to None
[2023-09-20 04:06:24,996] {logging_mixin.py:104} INFO - [2023-09-20 04:06:24,996] {dag.py:2280} INFO - Setting next_dagrun for example_xcom_args_with_operators to None
[2023-09-20 04:06:25,007] {scheduler_job.py:190} INFO - Processing /home/airflow/.local/lib/python3.6/site-packages/airflow/example_dags/example_xcomargs.py took 0.071 seconds
[2023-09-20 04:06:55,189] {scheduler_job.py:182} INFO - Started process (PID=4245) to work on /home/airflow/.local/lib/python3.6/site-packages/airflow/example_dags/example_xcomargs.py
[2023-09-20 04:06:55,190] {scheduler_job.py:629} INFO - Processing file /home/airflow/.local/lib/python3.6/site-packages/airflow/example_dags/example_xcomargs.py for tasks to queue
[2023-09-20 04:06:55,191] {logging_mixin.py:104} INFO - [2023-09-20 04:06:55,191] {dagbag.py:451} INFO - Filling up the DagBag from /home/airflow/.local/lib/python3.6/site-packages/airflow/example_dags/example_xcomargs.py
[2023-09-20 04:06:55,202] {scheduler_job.py:639} INFO - DAG(s) dict_keys(['example_xcom_args', 'example_xcom_args_with_operators']) retrieved from /home/airflow/.local/lib/python3.6/site-packages/airflow/example_dags/example_xcomargs.py
[2023-09-20 04:06:55,226] {logging_mixin.py:104} INFO - [2023-09-20 04:06:55,225] {dag.py:1824} INFO - Sync 2 DAGs
[2023-09-20 04:06:55,237] {logging_mixin.py:104} INFO - [2023-09-20 04:06:55,237] {dag.py:2280} INFO - Setting next_dagrun for example_xcom_args to None
[2023-09-20 04:06:55,239] {logging_mixin.py:104} INFO - [2023-09-20 04:06:55,238] {dag.py:2280} INFO - Setting next_dagrun for example_xcom_args_with_operators to None
[2023-09-20 04:06:55,250] {scheduler_job.py:190} INFO - Processing /home/airflow/.local/lib/python3.6/site-packages/airflow/example_dags/example_xcomargs.py took 0.063 seconds
[2023-09-20 04:07:25,459] {scheduler_job.py:182} INFO - Started process (PID=4377) to work on /home/airflow/.local/lib/python3.6/site-packages/airflow/example_dags/example_xcomargs.py
[2023-09-20 04:07:25,460] {scheduler_job.py:629} INFO - Processing file /home/airflow/.local/lib/python3.6/site-packages/airflow/example_dags/example_xcomargs.py for tasks to queue
[2023-09-20 04:07:25,460] {logging_mixin.py:104} INFO - [2023-09-20 04:07:25,460] {dagbag.py:451} INFO - Filling up the DagBag from /home/airflow/.local/lib/python3.6/site-packages/airflow/example_dags/example_xcomargs.py
[2023-09-20 04:07:25,471] {scheduler_job.py:639} INFO - DAG(s) dict_keys(['example_xcom_args', 'example_xcom_args_with_operators']) retrieved from /home/airflow/.local/lib/python3.6/site-packages/airflow/example_dags/example_xcomargs.py
[2023-09-20 04:07:25,494] {logging_mixin.py:104} INFO - [2023-09-20 04:07:25,494] {dag.py:1824} INFO - Sync 2 DAGs
[2023-09-20 04:07:25,505] {logging_mixin.py:104} INFO - [2023-09-20 04:07:25,505] {dag.py:2280} INFO - Setting next_dagrun for example_xcom_args to None
[2023-09-20 04:07:25,506] {logging_mixin.py:104} INFO - [2023-09-20 04:07:25,506] {dag.py:2280} INFO - Setting next_dagrun for example_xcom_args_with_operators to None
[2023-09-20 04:07:25,519] {scheduler_job.py:190} INFO - Processing /home/airflow/.local/lib/python3.6/site-packages/airflow/example_dags/example_xcomargs.py took 0.063 seconds
[2023-09-20 04:07:55,596] {scheduler_job.py:182} INFO - Started process (PID=4505) to work on /home/airflow/.local/lib/python3.6/site-packages/airflow/example_dags/example_xcomargs.py
[2023-09-20 04:07:55,596] {scheduler_job.py:629} INFO - Processing file /home/airflow/.local/lib/python3.6/site-packages/airflow/example_dags/example_xcomargs.py for tasks to queue
[2023-09-20 04:07:55,597] {logging_mixin.py:104} INFO - [2023-09-20 04:07:55,597] {dagbag.py:451} INFO - Filling up the DagBag from /home/airflow/.local/lib/python3.6/site-packages/airflow/example_dags/example_xcomargs.py
[2023-09-20 04:07:55,609] {scheduler_job.py:639} INFO - DAG(s) dict_keys(['example_xcom_args', 'example_xcom_args_with_operators']) retrieved from /home/airflow/.local/lib/python3.6/site-packages/airflow/example_dags/example_xcomargs.py
[2023-09-20 04:07:55,630] {logging_mixin.py:104} INFO - [2023-09-20 04:07:55,629] {dag.py:1824} INFO - Sync 2 DAGs
[2023-09-20 04:07:55,641] {logging_mixin.py:104} INFO - [2023-09-20 04:07:55,641] {dag.py:2280} INFO - Setting next_dagrun for example_xcom_args to None
[2023-09-20 04:07:55,642] {logging_mixin.py:104} INFO - [2023-09-20 04:07:55,642] {dag.py:2280} INFO - Setting next_dagrun for example_xcom_args_with_operators to None
[2023-09-20 04:07:55,652] {scheduler_job.py:190} INFO - Processing /home/airflow/.local/lib/python3.6/site-packages/airflow/example_dags/example_xcomargs.py took 0.059 seconds
[2023-09-20 04:08:25,793] {scheduler_job.py:182} INFO - Started process (PID=4635) to work on /home/airflow/.local/lib/python3.6/site-packages/airflow/example_dags/example_xcomargs.py
[2023-09-20 04:08:25,794] {scheduler_job.py:629} INFO - Processing file /home/airflow/.local/lib/python3.6/site-packages/airflow/example_dags/example_xcomargs.py for tasks to queue
[2023-09-20 04:08:25,794] {logging_mixin.py:104} INFO - [2023-09-20 04:08:25,794] {dagbag.py:451} INFO - Filling up the DagBag from /home/airflow/.local/lib/python3.6/site-packages/airflow/example_dags/example_xcomargs.py
[2023-09-20 04:08:25,806] {scheduler_job.py:639} INFO - DAG(s) dict_keys(['example_xcom_args', 'example_xcom_args_with_operators']) retrieved from /home/airflow/.local/lib/python3.6/site-packages/airflow/example_dags/example_xcomargs.py
[2023-09-20 04:08:25,828] {logging_mixin.py:104} INFO - [2023-09-20 04:08:25,828] {dag.py:1824} INFO - Sync 2 DAGs
[2023-09-20 04:08:25,846] {logging_mixin.py:104} INFO - [2023-09-20 04:08:25,846] {dag.py:2280} INFO - Setting next_dagrun for example_xcom_args to None
[2023-09-20 04:08:25,847] {logging_mixin.py:104} INFO - [2023-09-20 04:08:25,847] {dag.py:2280} INFO - Setting next_dagrun for example_xcom_args_with_operators to None
[2023-09-20 04:08:25,859] {scheduler_job.py:190} INFO - Processing /home/airflow/.local/lib/python3.6/site-packages/airflow/example_dags/example_xcomargs.py took 0.069 seconds
[2023-09-20 04:08:56,055] {scheduler_job.py:182} INFO - Started process (PID=4775) to work on /home/airflow/.local/lib/python3.6/site-packages/airflow/example_dags/example_xcomargs.py
[2023-09-20 04:08:56,055] {scheduler_job.py:629} INFO - Processing file /home/airflow/.local/lib/python3.6/site-packages/airflow/example_dags/example_xcomargs.py for tasks to queue
[2023-09-20 04:08:56,056] {logging_mixin.py:104} INFO - [2023-09-20 04:08:56,056] {dagbag.py:451} INFO - Filling up the DagBag from /home/airflow/.local/lib/python3.6/site-packages/airflow/example_dags/example_xcomargs.py
[2023-09-20 04:08:56,067] {scheduler_job.py:639} INFO - DAG(s) dict_keys(['example_xcom_args', 'example_xcom_args_with_operators']) retrieved from /home/airflow/.local/lib/python3.6/site-packages/airflow/example_dags/example_xcomargs.py
[2023-09-20 04:08:56,090] {logging_mixin.py:104} INFO - [2023-09-20 04:08:56,090] {dag.py:1824} INFO - Sync 2 DAGs
[2023-09-20 04:08:56,102] {logging_mixin.py:104} INFO - [2023-09-20 04:08:56,102] {dag.py:2280} INFO - Setting next_dagrun for example_xcom_args to None
[2023-09-20 04:08:56,102] {logging_mixin.py:104} INFO - [2023-09-20 04:08:56,102] {dag.py:2280} INFO - Setting next_dagrun for example_xcom_args_with_operators to None
[2023-09-20 04:08:56,113] {scheduler_job.py:190} INFO - Processing /home/airflow/.local/lib/python3.6/site-packages/airflow/example_dags/example_xcomargs.py took 0.061 seconds
[2023-09-20 04:09:26,188] {scheduler_job.py:182} INFO - Started process (PID=4910) to work on /home/airflow/.local/lib/python3.6/site-packages/airflow/example_dags/example_xcomargs.py
[2023-09-20 04:09:26,189] {scheduler_job.py:629} INFO - Processing file /home/airflow/.local/lib/python3.6/site-packages/airflow/example_dags/example_xcomargs.py for tasks to queue
[2023-09-20 04:09:26,190] {logging_mixin.py:104} INFO - [2023-09-20 04:09:26,190] {dagbag.py:451} INFO - Filling up the DagBag from /home/airflow/.local/lib/python3.6/site-packages/airflow/example_dags/example_xcomargs.py
[2023-09-20 04:09:26,201] {scheduler_job.py:639} INFO - DAG(s) dict_keys(['example_xcom_args', 'example_xcom_args_with_operators']) retrieved from /home/airflow/.local/lib/python3.6/site-packages/airflow/example_dags/example_xcomargs.py
[2023-09-20 04:09:26,223] {logging_mixin.py:104} INFO - [2023-09-20 04:09:26,223] {dag.py:1824} INFO - Sync 2 DAGs
[2023-09-20 04:09:26,234] {logging_mixin.py:104} INFO - [2023-09-20 04:09:26,234] {dag.py:2280} INFO - Setting next_dagrun for example_xcom_args to None
[2023-09-20 04:09:26,235] {logging_mixin.py:104} INFO - [2023-09-20 04:09:26,235] {dag.py:2280} INFO - Setting next_dagrun for example_xcom_args_with_operators to None
[2023-09-20 04:09:26,245] {scheduler_job.py:190} INFO - Processing /home/airflow/.local/lib/python3.6/site-packages/airflow/example_dags/example_xcomargs.py took 0.060 seconds
[2023-09-20 04:09:56,303] {scheduler_job.py:182} INFO - Started process (PID=5040) to work on /home/airflow/.local/lib/python3.6/site-packages/airflow/example_dags/example_xcomargs.py
[2023-09-20 04:09:56,304] {scheduler_job.py:629} INFO - Processing file /home/airflow/.local/lib/python3.6/site-packages/airflow/example_dags/example_xcomargs.py for tasks to queue
[2023-09-20 04:09:56,304] {logging_mixin.py:104} INFO - [2023-09-20 04:09:56,304] {dagbag.py:451} INFO - Filling up the DagBag from /home/airflow/.local/lib/python3.6/site-packages/airflow/example_dags/example_xcomargs.py
[2023-09-20 04:09:56,315] {scheduler_job.py:639} INFO - DAG(s) dict_keys(['example_xcom_args', 'example_xcom_args_with_operators']) retrieved from /home/airflow/.local/lib/python3.6/site-packages/airflow/example_dags/example_xcomargs.py
[2023-09-20 04:09:56,339] {logging_mixin.py:104} INFO - [2023-09-20 04:09:56,339] {dag.py:1824} INFO - Sync 2 DAGs
[2023-09-20 04:09:56,351] {logging_mixin.py:104} INFO - [2023-09-20 04:09:56,351] {dag.py:2280} INFO - Setting next_dagrun for example_xcom_args to None
[2023-09-20 04:09:56,351] {logging_mixin.py:104} INFO - [2023-09-20 04:09:56,351] {dag.py:2280} INFO - Setting next_dagrun for example_xcom_args_with_operators to None
[2023-09-20 04:09:56,361] {scheduler_job.py:190} INFO - Processing /home/airflow/.local/lib/python3.6/site-packages/airflow/example_dags/example_xcomargs.py took 0.060 seconds
[2023-09-20 04:10:26,452] {scheduler_job.py:182} INFO - Started process (PID=5170) to work on /home/airflow/.local/lib/python3.6/site-packages/airflow/example_dags/example_xcomargs.py
[2023-09-20 04:10:26,453] {scheduler_job.py:629} INFO - Processing file /home/airflow/.local/lib/python3.6/site-packages/airflow/example_dags/example_xcomargs.py for tasks to queue
[2023-09-20 04:10:26,454] {logging_mixin.py:104} INFO - [2023-09-20 04:10:26,454] {dagbag.py:451} INFO - Filling up the DagBag from /home/airflow/.local/lib/python3.6/site-packages/airflow/example_dags/example_xcomargs.py
[2023-09-20 04:10:26,465] {scheduler_job.py:639} INFO - DAG(s) dict_keys(['example_xcom_args', 'example_xcom_args_with_operators']) retrieved from /home/airflow/.local/lib/python3.6/site-packages/airflow/example_dags/example_xcomargs.py
[2023-09-20 04:10:26,487] {logging_mixin.py:104} INFO - [2023-09-20 04:10:26,487] {dag.py:1824} INFO - Sync 2 DAGs
[2023-09-20 04:10:26,499] {logging_mixin.py:104} INFO - [2023-09-20 04:10:26,499] {dag.py:2280} INFO - Setting next_dagrun for example_xcom_args to None
[2023-09-20 04:10:26,499] {logging_mixin.py:104} INFO - [2023-09-20 04:10:26,499] {dag.py:2280} INFO - Setting next_dagrun for example_xcom_args_with_operators to None
[2023-09-20 04:10:26,511] {scheduler_job.py:190} INFO - Processing /home/airflow/.local/lib/python3.6/site-packages/airflow/example_dags/example_xcomargs.py took 0.061 seconds
[2023-09-20 04:10:56,880] {scheduler_job.py:182} INFO - Started process (PID=5304) to work on /home/airflow/.local/lib/python3.6/site-packages/airflow/example_dags/example_xcomargs.py
[2023-09-20 04:10:56,881] {scheduler_job.py:629} INFO - Processing file /home/airflow/.local/lib/python3.6/site-packages/airflow/example_dags/example_xcomargs.py for tasks to queue
[2023-09-20 04:10:56,881] {logging_mixin.py:104} INFO - [2023-09-20 04:10:56,881] {dagbag.py:451} INFO - Filling up the DagBag from /home/airflow/.local/lib/python3.6/site-packages/airflow/example_dags/example_xcomargs.py
[2023-09-20 04:10:56,892] {scheduler_job.py:639} INFO - DAG(s) dict_keys(['example_xcom_args', 'example_xcom_args_with_operators']) retrieved from /home/airflow/.local/lib/python3.6/site-packages/airflow/example_dags/example_xcomargs.py
[2023-09-20 04:10:56,913] {logging_mixin.py:104} INFO - [2023-09-20 04:10:56,913] {dag.py:1824} INFO - Sync 2 DAGs
[2023-09-20 04:10:56,925] {logging_mixin.py:104} INFO - [2023-09-20 04:10:56,925] {dag.py:2280} INFO - Setting next_dagrun for example_xcom_args to None
[2023-09-20 04:10:56,925] {logging_mixin.py:104} INFO - [2023-09-20 04:10:56,925] {dag.py:2280} INFO - Setting next_dagrun for example_xcom_args_with_operators to None
[2023-09-20 04:10:56,938] {scheduler_job.py:190} INFO - Processing /home/airflow/.local/lib/python3.6/site-packages/airflow/example_dags/example_xcomargs.py took 0.060 seconds
[2023-09-20 04:11:27,046] {scheduler_job.py:182} INFO - Started process (PID=5435) to work on /home/airflow/.local/lib/python3.6/site-packages/airflow/example_dags/example_xcomargs.py
[2023-09-20 04:11:27,048] {scheduler_job.py:629} INFO - Processing file /home/airflow/.local/lib/python3.6/site-packages/airflow/example_dags/example_xcomargs.py for tasks to queue
[2023-09-20 04:11:27,048] {logging_mixin.py:104} INFO - [2023-09-20 04:11:27,048] {dagbag.py:451} INFO - Filling up the DagBag from /home/airflow/.local/lib/python3.6/site-packages/airflow/example_dags/example_xcomargs.py
[2023-09-20 04:11:27,059] {scheduler_job.py:639} INFO - DAG(s) dict_keys(['example_xcom_args', 'example_xcom_args_with_operators']) retrieved from /home/airflow/.local/lib/python3.6/site-packages/airflow/example_dags/example_xcomargs.py
[2023-09-20 04:11:27,085] {logging_mixin.py:104} INFO - [2023-09-20 04:11:27,085] {dag.py:1824} INFO - Sync 2 DAGs
[2023-09-20 04:11:27,099] {logging_mixin.py:104} INFO - [2023-09-20 04:11:27,099] {dag.py:2280} INFO - Setting next_dagrun for example_xcom_args to None
[2023-09-20 04:11:27,100] {logging_mixin.py:104} INFO - [2023-09-20 04:11:27,100] {dag.py:2280} INFO - Setting next_dagrun for example_xcom_args_with_operators to None
[2023-09-20 04:11:27,113] {scheduler_job.py:190} INFO - Processing /home/airflow/.local/lib/python3.6/site-packages/airflow/example_dags/example_xcomargs.py took 0.070 seconds
[2023-09-20 04:11:57,379] {scheduler_job.py:182} INFO - Started process (PID=5567) to work on /home/airflow/.local/lib/python3.6/site-packages/airflow/example_dags/example_xcomargs.py
[2023-09-20 04:11:57,380] {scheduler_job.py:629} INFO - Processing file /home/airflow/.local/lib/python3.6/site-packages/airflow/example_dags/example_xcomargs.py for tasks to queue
[2023-09-20 04:11:57,380] {logging_mixin.py:104} INFO - [2023-09-20 04:11:57,380] {dagbag.py:451} INFO - Filling up the DagBag from /home/airflow/.local/lib/python3.6/site-packages/airflow/example_dags/example_xcomargs.py
[2023-09-20 04:11:57,392] {scheduler_job.py:639} INFO - DAG(s) dict_keys(['example_xcom_args', 'example_xcom_args_with_operators']) retrieved from /home/airflow/.local/lib/python3.6/site-packages/airflow/example_dags/example_xcomargs.py
[2023-09-20 04:11:57,416] {logging_mixin.py:104} INFO - [2023-09-20 04:11:57,416] {dag.py:1824} INFO - Sync 2 DAGs
[2023-09-20 04:11:57,428] {logging_mixin.py:104} INFO - [2023-09-20 04:11:57,428] {dag.py:2280} INFO - Setting next_dagrun for example_xcom_args to None
[2023-09-20 04:11:57,429] {logging_mixin.py:104} INFO - [2023-09-20 04:11:57,429] {dag.py:2280} INFO - Setting next_dagrun for example_xcom_args_with_operators to None
[2023-09-20 04:11:57,440] {scheduler_job.py:190} INFO - Processing /home/airflow/.local/lib/python3.6/site-packages/airflow/example_dags/example_xcomargs.py took 0.064 seconds
[2023-09-20 04:12:27,461] {scheduler_job.py:182} INFO - Started process (PID=5695) to work on /home/airflow/.local/lib/python3.6/site-packages/airflow/example_dags/example_xcomargs.py
[2023-09-20 04:12:27,461] {scheduler_job.py:629} INFO - Processing file /home/airflow/.local/lib/python3.6/site-packages/airflow/example_dags/example_xcomargs.py for tasks to queue
[2023-09-20 04:12:27,462] {logging_mixin.py:104} INFO - [2023-09-20 04:12:27,462] {dagbag.py:451} INFO - Filling up the DagBag from /home/airflow/.local/lib/python3.6/site-packages/airflow/example_dags/example_xcomargs.py
[2023-09-20 04:12:27,476] {scheduler_job.py:639} INFO - DAG(s) dict_keys(['example_xcom_args', 'example_xcom_args_with_operators']) retrieved from /home/airflow/.local/lib/python3.6/site-packages/airflow/example_dags/example_xcomargs.py
[2023-09-20 04:12:27,501] {logging_mixin.py:104} INFO - [2023-09-20 04:12:27,501] {dag.py:1824} INFO - Sync 2 DAGs
[2023-09-20 04:12:27,515] {logging_mixin.py:104} INFO - [2023-09-20 04:12:27,515] {dag.py:2280} INFO - Setting next_dagrun for example_xcom_args to None
[2023-09-20 04:12:27,515] {logging_mixin.py:104} INFO - [2023-09-20 04:12:27,515] {dag.py:2280} INFO - Setting next_dagrun for example_xcom_args_with_operators to None
[2023-09-20 04:12:27,529] {scheduler_job.py:190} INFO - Processing /home/airflow/.local/lib/python3.6/site-packages/airflow/example_dags/example_xcomargs.py took 0.071 seconds
[2023-09-20 04:12:57,667] {scheduler_job.py:182} INFO - Started process (PID=5825) to work on /home/airflow/.local/lib/python3.6/site-packages/airflow/example_dags/example_xcomargs.py
[2023-09-20 04:12:57,668] {scheduler_job.py:629} INFO - Processing file /home/airflow/.local/lib/python3.6/site-packages/airflow/example_dags/example_xcomargs.py for tasks to queue
[2023-09-20 04:12:57,668] {logging_mixin.py:104} INFO - [2023-09-20 04:12:57,668] {dagbag.py:451} INFO - Filling up the DagBag from /home/airflow/.local/lib/python3.6/site-packages/airflow/example_dags/example_xcomargs.py
[2023-09-20 04:12:57,680] {scheduler_job.py:639} INFO - DAG(s) dict_keys(['example_xcom_args', 'example_xcom_args_with_operators']) retrieved from /home/airflow/.local/lib/python3.6/site-packages/airflow/example_dags/example_xcomargs.py
[2023-09-20 04:12:57,703] {logging_mixin.py:104} INFO - [2023-09-20 04:12:57,703] {dag.py:1824} INFO - Sync 2 DAGs
[2023-09-20 04:12:57,714] {logging_mixin.py:104} INFO - [2023-09-20 04:12:57,714] {dag.py:2280} INFO - Setting next_dagrun for example_xcom_args to None
[2023-09-20 04:12:57,715] {logging_mixin.py:104} INFO - [2023-09-20 04:12:57,715] {dag.py:2280} INFO - Setting next_dagrun for example_xcom_args_with_operators to None
[2023-09-20 04:12:57,727] {scheduler_job.py:190} INFO - Processing /home/airflow/.local/lib/python3.6/site-packages/airflow/example_dags/example_xcomargs.py took 0.063 seconds
[2023-09-20 04:13:27,794] {scheduler_job.py:182} INFO - Started process (PID=5955) to work on /home/airflow/.local/lib/python3.6/site-packages/airflow/example_dags/example_xcomargs.py
[2023-09-20 04:13:27,795] {scheduler_job.py:629} INFO - Processing file /home/airflow/.local/lib/python3.6/site-packages/airflow/example_dags/example_xcomargs.py for tasks to queue
[2023-09-20 04:13:27,796] {logging_mixin.py:104} INFO - [2023-09-20 04:13:27,796] {dagbag.py:451} INFO - Filling up the DagBag from /home/airflow/.local/lib/python3.6/site-packages/airflow/example_dags/example_xcomargs.py
[2023-09-20 04:13:27,807] {scheduler_job.py:639} INFO - DAG(s) dict_keys(['example_xcom_args', 'example_xcom_args_with_operators']) retrieved from /home/airflow/.local/lib/python3.6/site-packages/airflow/example_dags/example_xcomargs.py
[2023-09-20 04:13:27,830] {logging_mixin.py:104} INFO - [2023-09-20 04:13:27,830] {dag.py:1824} INFO - Sync 2 DAGs
[2023-09-20 04:13:27,843] {logging_mixin.py:104} INFO - [2023-09-20 04:13:27,843] {dag.py:2280} INFO - Setting next_dagrun for example_xcom_args to None
[2023-09-20 04:13:27,843] {logging_mixin.py:104} INFO - [2023-09-20 04:13:27,843] {dag.py:2280} INFO - Setting next_dagrun for example_xcom_args_with_operators to None
[2023-09-20 04:13:27,853] {scheduler_job.py:190} INFO - Processing /home/airflow/.local/lib/python3.6/site-packages/airflow/example_dags/example_xcomargs.py took 0.061 seconds
[2023-09-20 04:13:58,212] {scheduler_job.py:182} INFO - Started process (PID=6097) to work on /home/airflow/.local/lib/python3.6/site-packages/airflow/example_dags/example_xcomargs.py
[2023-09-20 04:13:58,212] {scheduler_job.py:629} INFO - Processing file /home/airflow/.local/lib/python3.6/site-packages/airflow/example_dags/example_xcomargs.py for tasks to queue
[2023-09-20 04:13:58,213] {logging_mixin.py:104} INFO - [2023-09-20 04:13:58,213] {dagbag.py:451} INFO - Filling up the DagBag from /home/airflow/.local/lib/python3.6/site-packages/airflow/example_dags/example_xcomargs.py
[2023-09-20 04:13:58,224] {scheduler_job.py:639} INFO - DAG(s) dict_keys(['example_xcom_args', 'example_xcom_args_with_operators']) retrieved from /home/airflow/.local/lib/python3.6/site-packages/airflow/example_dags/example_xcomargs.py
[2023-09-20 04:13:58,245] {logging_mixin.py:104} INFO - [2023-09-20 04:13:58,245] {dag.py:1824} INFO - Sync 2 DAGs
[2023-09-20 04:13:58,256] {logging_mixin.py:104} INFO - [2023-09-20 04:13:58,255] {dag.py:2280} INFO - Setting next_dagrun for example_xcom_args to None
[2023-09-20 04:13:58,256] {logging_mixin.py:104} INFO - [2023-09-20 04:13:58,256] {dag.py:2280} INFO - Setting next_dagrun for example_xcom_args_with_operators to None
[2023-09-20 04:13:58,268] {scheduler_job.py:190} INFO - Processing /home/airflow/.local/lib/python3.6/site-packages/airflow/example_dags/example_xcomargs.py took 0.059 seconds
