[2023-09-20 03:51:09,618] {scheduler_job.py:182} INFO - Started process (PID=190) to work on /home/airflow/.local/lib/python3.6/site-packages/airflow/example_dags/example_python_operator.py
[2023-09-20 03:51:09,620] {scheduler_job.py:629} INFO - Processing file /home/airflow/.local/lib/python3.6/site-packages/airflow/example_dags/example_python_operator.py for tasks to queue
[2023-09-20 03:51:09,621] {logging_mixin.py:104} INFO - [2023-09-20 03:51:09,620] {dagbag.py:451} INFO - Filling up the DagBag from /home/airflow/.local/lib/python3.6/site-packages/airflow/example_dags/example_python_operator.py
[2023-09-20 03:51:09,635] {scheduler_job.py:639} INFO - DAG(s) dict_keys(['example_python_operator']) retrieved from /home/airflow/.local/lib/python3.6/site-packages/airflow/example_dags/example_python_operator.py
[2023-09-20 03:51:09,665] {logging_mixin.py:104} INFO - [2023-09-20 03:51:09,665] {dag.py:1824} INFO - Sync 1 DAGs
[2023-09-20 03:51:09,677] {logging_mixin.py:104} INFO - [2023-09-20 03:51:09,677] {dag.py:1843} INFO - Creating ORM DAG for example_python_operator
[2023-09-20 03:51:09,683] {logging_mixin.py:104} INFO - [2023-09-20 03:51:09,683] {dag.py:2280} INFO - Setting next_dagrun for example_python_operator to None
[2023-09-20 03:51:09,705] {scheduler_job.py:190} INFO - Processing /home/airflow/.local/lib/python3.6/site-packages/airflow/example_dags/example_python_operator.py took 0.091 seconds
[2023-09-20 03:51:39,862] {scheduler_job.py:182} INFO - Started process (PID=310) to work on /home/airflow/.local/lib/python3.6/site-packages/airflow/example_dags/example_python_operator.py
[2023-09-20 03:51:39,863] {scheduler_job.py:629} INFO - Processing file /home/airflow/.local/lib/python3.6/site-packages/airflow/example_dags/example_python_operator.py for tasks to queue
[2023-09-20 03:51:39,863] {logging_mixin.py:104} INFO - [2023-09-20 03:51:39,863] {dagbag.py:451} INFO - Filling up the DagBag from /home/airflow/.local/lib/python3.6/site-packages/airflow/example_dags/example_python_operator.py
[2023-09-20 03:51:39,875] {scheduler_job.py:639} INFO - DAG(s) dict_keys(['example_python_operator']) retrieved from /home/airflow/.local/lib/python3.6/site-packages/airflow/example_dags/example_python_operator.py
[2023-09-20 03:51:39,895] {logging_mixin.py:104} INFO - [2023-09-20 03:51:39,895] {dag.py:1824} INFO - Sync 1 DAGs
[2023-09-20 03:51:39,909] {logging_mixin.py:104} INFO - [2023-09-20 03:51:39,909] {dag.py:2280} INFO - Setting next_dagrun for example_python_operator to None
[2023-09-20 03:51:39,922] {scheduler_job.py:190} INFO - Processing /home/airflow/.local/lib/python3.6/site-packages/airflow/example_dags/example_python_operator.py took 0.064 seconds
[2023-09-20 03:52:10,208] {scheduler_job.py:182} INFO - Started process (PID=440) to work on /home/airflow/.local/lib/python3.6/site-packages/airflow/example_dags/example_python_operator.py
[2023-09-20 03:52:10,209] {scheduler_job.py:629} INFO - Processing file /home/airflow/.local/lib/python3.6/site-packages/airflow/example_dags/example_python_operator.py for tasks to queue
[2023-09-20 03:52:10,210] {logging_mixin.py:104} INFO - [2023-09-20 03:52:10,210] {dagbag.py:451} INFO - Filling up the DagBag from /home/airflow/.local/lib/python3.6/site-packages/airflow/example_dags/example_python_operator.py
[2023-09-20 03:52:10,223] {scheduler_job.py:639} INFO - DAG(s) dict_keys(['example_python_operator']) retrieved from /home/airflow/.local/lib/python3.6/site-packages/airflow/example_dags/example_python_operator.py
[2023-09-20 03:52:10,244] {logging_mixin.py:104} INFO - [2023-09-20 03:52:10,244] {dag.py:1824} INFO - Sync 1 DAGs
[2023-09-20 03:52:10,258] {logging_mixin.py:104} INFO - [2023-09-20 03:52:10,258] {dag.py:2280} INFO - Setting next_dagrun for example_python_operator to None
[2023-09-20 03:52:10,268] {scheduler_job.py:190} INFO - Processing /home/airflow/.local/lib/python3.6/site-packages/airflow/example_dags/example_python_operator.py took 0.062 seconds
[2023-09-20 03:52:40,464] {scheduler_job.py:182} INFO - Started process (PID=570) to work on /home/airflow/.local/lib/python3.6/site-packages/airflow/example_dags/example_python_operator.py
[2023-09-20 03:52:40,464] {scheduler_job.py:629} INFO - Processing file /home/airflow/.local/lib/python3.6/site-packages/airflow/example_dags/example_python_operator.py for tasks to queue
[2023-09-20 03:52:40,465] {logging_mixin.py:104} INFO - [2023-09-20 03:52:40,465] {dagbag.py:451} INFO - Filling up the DagBag from /home/airflow/.local/lib/python3.6/site-packages/airflow/example_dags/example_python_operator.py
[2023-09-20 03:52:40,474] {scheduler_job.py:639} INFO - DAG(s) dict_keys(['example_python_operator']) retrieved from /home/airflow/.local/lib/python3.6/site-packages/airflow/example_dags/example_python_operator.py
[2023-09-20 03:52:40,492] {logging_mixin.py:104} INFO - [2023-09-20 03:52:40,492] {dag.py:1824} INFO - Sync 1 DAGs
[2023-09-20 03:52:40,503] {logging_mixin.py:104} INFO - [2023-09-20 03:52:40,503] {dag.py:2280} INFO - Setting next_dagrun for example_python_operator to None
[2023-09-20 03:52:40,513] {scheduler_job.py:190} INFO - Processing /home/airflow/.local/lib/python3.6/site-packages/airflow/example_dags/example_python_operator.py took 0.052 seconds
[2023-09-20 03:53:10,572] {scheduler_job.py:182} INFO - Started process (PID=730) to work on /home/airflow/.local/lib/python3.6/site-packages/airflow/example_dags/example_python_operator.py
[2023-09-20 03:53:10,573] {scheduler_job.py:629} INFO - Processing file /home/airflow/.local/lib/python3.6/site-packages/airflow/example_dags/example_python_operator.py for tasks to queue
[2023-09-20 03:53:10,574] {logging_mixin.py:104} INFO - [2023-09-20 03:53:10,574] {dagbag.py:451} INFO - Filling up the DagBag from /home/airflow/.local/lib/python3.6/site-packages/airflow/example_dags/example_python_operator.py
[2023-09-20 03:53:10,585] {scheduler_job.py:639} INFO - DAG(s) dict_keys(['example_python_operator']) retrieved from /home/airflow/.local/lib/python3.6/site-packages/airflow/example_dags/example_python_operator.py
[2023-09-20 03:53:10,603] {logging_mixin.py:104} INFO - [2023-09-20 03:53:10,603] {dag.py:1824} INFO - Sync 1 DAGs
[2023-09-20 03:53:10,616] {logging_mixin.py:104} INFO - [2023-09-20 03:53:10,615] {dag.py:2280} INFO - Setting next_dagrun for example_python_operator to None
[2023-09-20 03:53:10,626] {scheduler_job.py:190} INFO - Processing /home/airflow/.local/lib/python3.6/site-packages/airflow/example_dags/example_python_operator.py took 0.057 seconds
[2023-09-20 03:53:40,683] {scheduler_job.py:182} INFO - Started process (PID=860) to work on /home/airflow/.local/lib/python3.6/site-packages/airflow/example_dags/example_python_operator.py
[2023-09-20 03:53:40,683] {scheduler_job.py:629} INFO - Processing file /home/airflow/.local/lib/python3.6/site-packages/airflow/example_dags/example_python_operator.py for tasks to queue
[2023-09-20 03:53:40,684] {logging_mixin.py:104} INFO - [2023-09-20 03:53:40,684] {dagbag.py:451} INFO - Filling up the DagBag from /home/airflow/.local/lib/python3.6/site-packages/airflow/example_dags/example_python_operator.py
[2023-09-20 03:53:40,694] {scheduler_job.py:639} INFO - DAG(s) dict_keys(['example_python_operator']) retrieved from /home/airflow/.local/lib/python3.6/site-packages/airflow/example_dags/example_python_operator.py
[2023-09-20 03:53:40,714] {logging_mixin.py:104} INFO - [2023-09-20 03:53:40,714] {dag.py:1824} INFO - Sync 1 DAGs
[2023-09-20 03:53:40,728] {logging_mixin.py:104} INFO - [2023-09-20 03:53:40,728] {dag.py:2280} INFO - Setting next_dagrun for example_python_operator to None
[2023-09-20 03:53:40,737] {scheduler_job.py:190} INFO - Processing /home/airflow/.local/lib/python3.6/site-packages/airflow/example_dags/example_python_operator.py took 0.058 seconds
[2023-09-20 03:54:10,907] {scheduler_job.py:182} INFO - Started process (PID=990) to work on /home/airflow/.local/lib/python3.6/site-packages/airflow/example_dags/example_python_operator.py
[2023-09-20 03:54:10,909] {scheduler_job.py:629} INFO - Processing file /home/airflow/.local/lib/python3.6/site-packages/airflow/example_dags/example_python_operator.py for tasks to queue
[2023-09-20 03:54:10,909] {logging_mixin.py:104} INFO - [2023-09-20 03:54:10,909] {dagbag.py:451} INFO - Filling up the DagBag from /home/airflow/.local/lib/python3.6/site-packages/airflow/example_dags/example_python_operator.py
[2023-09-20 03:54:10,921] {scheduler_job.py:639} INFO - DAG(s) dict_keys(['example_python_operator']) retrieved from /home/airflow/.local/lib/python3.6/site-packages/airflow/example_dags/example_python_operator.py
[2023-09-20 03:54:10,940] {logging_mixin.py:104} INFO - [2023-09-20 03:54:10,940] {dag.py:1824} INFO - Sync 1 DAGs
[2023-09-20 03:54:10,953] {logging_mixin.py:104} INFO - [2023-09-20 03:54:10,953] {dag.py:2280} INFO - Setting next_dagrun for example_python_operator to None
[2023-09-20 03:54:10,964] {scheduler_job.py:190} INFO - Processing /home/airflow/.local/lib/python3.6/site-packages/airflow/example_dags/example_python_operator.py took 0.059 seconds
[2023-09-20 03:54:41,204] {scheduler_job.py:182} INFO - Started process (PID=1125) to work on /home/airflow/.local/lib/python3.6/site-packages/airflow/example_dags/example_python_operator.py
[2023-09-20 03:54:41,205] {scheduler_job.py:629} INFO - Processing file /home/airflow/.local/lib/python3.6/site-packages/airflow/example_dags/example_python_operator.py for tasks to queue
[2023-09-20 03:54:41,206] {logging_mixin.py:104} INFO - [2023-09-20 03:54:41,206] {dagbag.py:451} INFO - Filling up the DagBag from /home/airflow/.local/lib/python3.6/site-packages/airflow/example_dags/example_python_operator.py
[2023-09-20 03:54:41,215] {scheduler_job.py:639} INFO - DAG(s) dict_keys(['example_python_operator']) retrieved from /home/airflow/.local/lib/python3.6/site-packages/airflow/example_dags/example_python_operator.py
[2023-09-20 03:54:41,233] {logging_mixin.py:104} INFO - [2023-09-20 03:54:41,233] {dag.py:1824} INFO - Sync 1 DAGs
[2023-09-20 03:54:41,245] {logging_mixin.py:104} INFO - [2023-09-20 03:54:41,245] {dag.py:2280} INFO - Setting next_dagrun for example_python_operator to None
[2023-09-20 03:54:41,253] {scheduler_job.py:190} INFO - Processing /home/airflow/.local/lib/python3.6/site-packages/airflow/example_dags/example_python_operator.py took 0.051 seconds
[2023-09-20 03:55:12,272] {scheduler_job.py:182} INFO - Started process (PID=1260) to work on /home/airflow/.local/lib/python3.6/site-packages/airflow/example_dags/example_python_operator.py
[2023-09-20 03:55:12,273] {scheduler_job.py:629} INFO - Processing file /home/airflow/.local/lib/python3.6/site-packages/airflow/example_dags/example_python_operator.py for tasks to queue
[2023-09-20 03:55:12,274] {logging_mixin.py:104} INFO - [2023-09-20 03:55:12,274] {dagbag.py:451} INFO - Filling up the DagBag from /home/airflow/.local/lib/python3.6/site-packages/airflow/example_dags/example_python_operator.py
[2023-09-20 03:55:12,286] {scheduler_job.py:639} INFO - DAG(s) dict_keys(['example_python_operator']) retrieved from /home/airflow/.local/lib/python3.6/site-packages/airflow/example_dags/example_python_operator.py
[2023-09-20 03:55:12,306] {logging_mixin.py:104} INFO - [2023-09-20 03:55:12,306] {dag.py:1824} INFO - Sync 1 DAGs
[2023-09-20 03:55:12,323] {logging_mixin.py:104} INFO - [2023-09-20 03:55:12,323] {dag.py:2280} INFO - Setting next_dagrun for example_python_operator to None
[2023-09-20 03:55:12,336] {scheduler_job.py:190} INFO - Processing /home/airflow/.local/lib/python3.6/site-packages/airflow/example_dags/example_python_operator.py took 0.067 seconds
[2023-09-20 03:55:43,269] {scheduler_job.py:182} INFO - Started process (PID=1390) to work on /home/airflow/.local/lib/python3.6/site-packages/airflow/example_dags/example_python_operator.py
[2023-09-20 03:55:43,270] {scheduler_job.py:629} INFO - Processing file /home/airflow/.local/lib/python3.6/site-packages/airflow/example_dags/example_python_operator.py for tasks to queue
[2023-09-20 03:55:43,270] {logging_mixin.py:104} INFO - [2023-09-20 03:55:43,270] {dagbag.py:451} INFO - Filling up the DagBag from /home/airflow/.local/lib/python3.6/site-packages/airflow/example_dags/example_python_operator.py
[2023-09-20 03:55:43,281] {scheduler_job.py:639} INFO - DAG(s) dict_keys(['example_python_operator']) retrieved from /home/airflow/.local/lib/python3.6/site-packages/airflow/example_dags/example_python_operator.py
[2023-09-20 03:55:43,298] {logging_mixin.py:104} INFO - [2023-09-20 03:55:43,298] {dag.py:1824} INFO - Sync 1 DAGs
[2023-09-20 03:55:43,309] {logging_mixin.py:104} INFO - [2023-09-20 03:55:43,309] {dag.py:2280} INFO - Setting next_dagrun for example_python_operator to None
[2023-09-20 03:55:43,319] {scheduler_job.py:190} INFO - Processing /home/airflow/.local/lib/python3.6/site-packages/airflow/example_dags/example_python_operator.py took 0.053 seconds
[2023-09-20 03:56:14,243] {scheduler_job.py:182} INFO - Started process (PID=1520) to work on /home/airflow/.local/lib/python3.6/site-packages/airflow/example_dags/example_python_operator.py
[2023-09-20 03:56:14,244] {scheduler_job.py:629} INFO - Processing file /home/airflow/.local/lib/python3.6/site-packages/airflow/example_dags/example_python_operator.py for tasks to queue
[2023-09-20 03:56:14,245] {logging_mixin.py:104} INFO - [2023-09-20 03:56:14,245] {dagbag.py:451} INFO - Filling up the DagBag from /home/airflow/.local/lib/python3.6/site-packages/airflow/example_dags/example_python_operator.py
[2023-09-20 03:56:14,254] {scheduler_job.py:639} INFO - DAG(s) dict_keys(['example_python_operator']) retrieved from /home/airflow/.local/lib/python3.6/site-packages/airflow/example_dags/example_python_operator.py
[2023-09-20 03:56:14,272] {logging_mixin.py:104} INFO - [2023-09-20 03:56:14,272] {dag.py:1824} INFO - Sync 1 DAGs
[2023-09-20 03:56:14,283] {logging_mixin.py:104} INFO - [2023-09-20 03:56:14,283] {dag.py:2280} INFO - Setting next_dagrun for example_python_operator to None
[2023-09-20 03:56:14,291] {scheduler_job.py:190} INFO - Processing /home/airflow/.local/lib/python3.6/site-packages/airflow/example_dags/example_python_operator.py took 0.051 seconds
[2023-09-20 03:56:45,198] {scheduler_job.py:182} INFO - Started process (PID=1650) to work on /home/airflow/.local/lib/python3.6/site-packages/airflow/example_dags/example_python_operator.py
[2023-09-20 03:56:45,199] {scheduler_job.py:629} INFO - Processing file /home/airflow/.local/lib/python3.6/site-packages/airflow/example_dags/example_python_operator.py for tasks to queue
[2023-09-20 03:56:45,199] {logging_mixin.py:104} INFO - [2023-09-20 03:56:45,199] {dagbag.py:451} INFO - Filling up the DagBag from /home/airflow/.local/lib/python3.6/site-packages/airflow/example_dags/example_python_operator.py
[2023-09-20 03:56:45,209] {scheduler_job.py:639} INFO - DAG(s) dict_keys(['example_python_operator']) retrieved from /home/airflow/.local/lib/python3.6/site-packages/airflow/example_dags/example_python_operator.py
[2023-09-20 03:56:45,227] {logging_mixin.py:104} INFO - [2023-09-20 03:56:45,227] {dag.py:1824} INFO - Sync 1 DAGs
[2023-09-20 03:56:45,239] {logging_mixin.py:104} INFO - [2023-09-20 03:56:45,239] {dag.py:2280} INFO - Setting next_dagrun for example_python_operator to None
[2023-09-20 03:56:45,249] {scheduler_job.py:190} INFO - Processing /home/airflow/.local/lib/python3.6/site-packages/airflow/example_dags/example_python_operator.py took 0.054 seconds
[2023-09-20 03:57:16,155] {scheduler_job.py:182} INFO - Started process (PID=1781) to work on /home/airflow/.local/lib/python3.6/site-packages/airflow/example_dags/example_python_operator.py
[2023-09-20 03:57:16,156] {scheduler_job.py:629} INFO - Processing file /home/airflow/.local/lib/python3.6/site-packages/airflow/example_dags/example_python_operator.py for tasks to queue
[2023-09-20 03:57:16,156] {logging_mixin.py:104} INFO - [2023-09-20 03:57:16,156] {dagbag.py:451} INFO - Filling up the DagBag from /home/airflow/.local/lib/python3.6/site-packages/airflow/example_dags/example_python_operator.py
[2023-09-20 03:57:16,166] {scheduler_job.py:639} INFO - DAG(s) dict_keys(['example_python_operator']) retrieved from /home/airflow/.local/lib/python3.6/site-packages/airflow/example_dags/example_python_operator.py
[2023-09-20 03:57:16,185] {logging_mixin.py:104} INFO - [2023-09-20 03:57:16,185] {dag.py:1824} INFO - Sync 1 DAGs
[2023-09-20 03:57:16,196] {logging_mixin.py:104} INFO - [2023-09-20 03:57:16,196] {dag.py:2280} INFO - Setting next_dagrun for example_python_operator to None
[2023-09-20 03:57:16,206] {scheduler_job.py:190} INFO - Processing /home/airflow/.local/lib/python3.6/site-packages/airflow/example_dags/example_python_operator.py took 0.054 seconds
[2023-09-20 03:57:46,344] {scheduler_job.py:182} INFO - Started process (PID=1910) to work on /home/airflow/.local/lib/python3.6/site-packages/airflow/example_dags/example_python_operator.py
[2023-09-20 03:57:46,345] {scheduler_job.py:629} INFO - Processing file /home/airflow/.local/lib/python3.6/site-packages/airflow/example_dags/example_python_operator.py for tasks to queue
[2023-09-20 03:57:46,346] {logging_mixin.py:104} INFO - [2023-09-20 03:57:46,346] {dagbag.py:451} INFO - Filling up the DagBag from /home/airflow/.local/lib/python3.6/site-packages/airflow/example_dags/example_python_operator.py
[2023-09-20 03:57:46,357] {scheduler_job.py:639} INFO - DAG(s) dict_keys(['example_python_operator']) retrieved from /home/airflow/.local/lib/python3.6/site-packages/airflow/example_dags/example_python_operator.py
[2023-09-20 03:57:46,377] {logging_mixin.py:104} INFO - [2023-09-20 03:57:46,377] {dag.py:1824} INFO - Sync 1 DAGs
[2023-09-20 03:57:46,390] {logging_mixin.py:104} INFO - [2023-09-20 03:57:46,390] {dag.py:2280} INFO - Setting next_dagrun for example_python_operator to None
[2023-09-20 03:57:46,401] {scheduler_job.py:190} INFO - Processing /home/airflow/.local/lib/python3.6/site-packages/airflow/example_dags/example_python_operator.py took 0.060 seconds
[2023-09-20 03:58:16,482] {scheduler_job.py:182} INFO - Started process (PID=2040) to work on /home/airflow/.local/lib/python3.6/site-packages/airflow/example_dags/example_python_operator.py
[2023-09-20 03:58:16,483] {scheduler_job.py:629} INFO - Processing file /home/airflow/.local/lib/python3.6/site-packages/airflow/example_dags/example_python_operator.py for tasks to queue
[2023-09-20 03:58:16,484] {logging_mixin.py:104} INFO - [2023-09-20 03:58:16,484] {dagbag.py:451} INFO - Filling up the DagBag from /home/airflow/.local/lib/python3.6/site-packages/airflow/example_dags/example_python_operator.py
[2023-09-20 03:58:16,494] {scheduler_job.py:639} INFO - DAG(s) dict_keys(['example_python_operator']) retrieved from /home/airflow/.local/lib/python3.6/site-packages/airflow/example_dags/example_python_operator.py
[2023-09-20 03:58:16,512] {logging_mixin.py:104} INFO - [2023-09-20 03:58:16,512] {dag.py:1824} INFO - Sync 1 DAGs
[2023-09-20 03:58:16,523] {logging_mixin.py:104} INFO - [2023-09-20 03:58:16,523] {dag.py:2280} INFO - Setting next_dagrun for example_python_operator to None
[2023-09-20 03:58:16,531] {scheduler_job.py:190} INFO - Processing /home/airflow/.local/lib/python3.6/site-packages/airflow/example_dags/example_python_operator.py took 0.052 seconds
[2023-09-20 03:58:46,620] {scheduler_job.py:182} INFO - Started process (PID=2170) to work on /home/airflow/.local/lib/python3.6/site-packages/airflow/example_dags/example_python_operator.py
[2023-09-20 03:58:46,621] {scheduler_job.py:629} INFO - Processing file /home/airflow/.local/lib/python3.6/site-packages/airflow/example_dags/example_python_operator.py for tasks to queue
[2023-09-20 03:58:46,621] {logging_mixin.py:104} INFO - [2023-09-20 03:58:46,621] {dagbag.py:451} INFO - Filling up the DagBag from /home/airflow/.local/lib/python3.6/site-packages/airflow/example_dags/example_python_operator.py
[2023-09-20 03:58:46,631] {scheduler_job.py:639} INFO - DAG(s) dict_keys(['example_python_operator']) retrieved from /home/airflow/.local/lib/python3.6/site-packages/airflow/example_dags/example_python_operator.py
[2023-09-20 03:58:46,649] {logging_mixin.py:104} INFO - [2023-09-20 03:58:46,649] {dag.py:1824} INFO - Sync 1 DAGs
[2023-09-20 03:58:46,660] {logging_mixin.py:104} INFO - [2023-09-20 03:58:46,660] {dag.py:2280} INFO - Setting next_dagrun for example_python_operator to None
[2023-09-20 03:58:46,668] {scheduler_job.py:190} INFO - Processing /home/airflow/.local/lib/python3.6/site-packages/airflow/example_dags/example_python_operator.py took 0.051 seconds
[2023-09-20 03:59:16,714] {scheduler_job.py:182} INFO - Started process (PID=2295) to work on /home/airflow/.local/lib/python3.6/site-packages/airflow/example_dags/example_python_operator.py
[2023-09-20 03:59:16,716] {scheduler_job.py:629} INFO - Processing file /home/airflow/.local/lib/python3.6/site-packages/airflow/example_dags/example_python_operator.py for tasks to queue
[2023-09-20 03:59:16,716] {logging_mixin.py:104} INFO - [2023-09-20 03:59:16,716] {dagbag.py:451} INFO - Filling up the DagBag from /home/airflow/.local/lib/python3.6/site-packages/airflow/example_dags/example_python_operator.py
[2023-09-20 03:59:16,726] {scheduler_job.py:639} INFO - DAG(s) dict_keys(['example_python_operator']) retrieved from /home/airflow/.local/lib/python3.6/site-packages/airflow/example_dags/example_python_operator.py
[2023-09-20 03:59:16,745] {logging_mixin.py:104} INFO - [2023-09-20 03:59:16,745] {dag.py:1824} INFO - Sync 1 DAGs
[2023-09-20 03:59:16,756] {logging_mixin.py:104} INFO - [2023-09-20 03:59:16,756] {dag.py:2280} INFO - Setting next_dagrun for example_python_operator to None
[2023-09-20 03:59:16,766] {scheduler_job.py:190} INFO - Processing /home/airflow/.local/lib/python3.6/site-packages/airflow/example_dags/example_python_operator.py took 0.055 seconds
[2023-09-20 03:59:46,839] {scheduler_job.py:182} INFO - Started process (PID=2425) to work on /home/airflow/.local/lib/python3.6/site-packages/airflow/example_dags/example_python_operator.py
[2023-09-20 03:59:46,840] {scheduler_job.py:629} INFO - Processing file /home/airflow/.local/lib/python3.6/site-packages/airflow/example_dags/example_python_operator.py for tasks to queue
[2023-09-20 03:59:46,841] {logging_mixin.py:104} INFO - [2023-09-20 03:59:46,841] {dagbag.py:451} INFO - Filling up the DagBag from /home/airflow/.local/lib/python3.6/site-packages/airflow/example_dags/example_python_operator.py
[2023-09-20 03:59:46,851] {scheduler_job.py:639} INFO - DAG(s) dict_keys(['example_python_operator']) retrieved from /home/airflow/.local/lib/python3.6/site-packages/airflow/example_dags/example_python_operator.py
[2023-09-20 03:59:46,871] {logging_mixin.py:104} INFO - [2023-09-20 03:59:46,871] {dag.py:1824} INFO - Sync 1 DAGs
[2023-09-20 03:59:46,883] {logging_mixin.py:104} INFO - [2023-09-20 03:59:46,883] {dag.py:2280} INFO - Setting next_dagrun for example_python_operator to None
[2023-09-20 03:59:46,892] {scheduler_job.py:190} INFO - Processing /home/airflow/.local/lib/python3.6/site-packages/airflow/example_dags/example_python_operator.py took 0.055 seconds
[2023-09-20 04:00:16,981] {scheduler_job.py:182} INFO - Started process (PID=2557) to work on /home/airflow/.local/lib/python3.6/site-packages/airflow/example_dags/example_python_operator.py
[2023-09-20 04:00:16,982] {scheduler_job.py:629} INFO - Processing file /home/airflow/.local/lib/python3.6/site-packages/airflow/example_dags/example_python_operator.py for tasks to queue
[2023-09-20 04:00:16,983] {logging_mixin.py:104} INFO - [2023-09-20 04:00:16,983] {dagbag.py:451} INFO - Filling up the DagBag from /home/airflow/.local/lib/python3.6/site-packages/airflow/example_dags/example_python_operator.py
[2023-09-20 04:00:16,992] {scheduler_job.py:639} INFO - DAG(s) dict_keys(['example_python_operator']) retrieved from /home/airflow/.local/lib/python3.6/site-packages/airflow/example_dags/example_python_operator.py
[2023-09-20 04:00:17,010] {logging_mixin.py:104} INFO - [2023-09-20 04:00:17,010] {dag.py:1824} INFO - Sync 1 DAGs
[2023-09-20 04:00:17,021] {logging_mixin.py:104} INFO - [2023-09-20 04:00:17,021] {dag.py:2280} INFO - Setting next_dagrun for example_python_operator to None
[2023-09-20 04:00:17,031] {scheduler_job.py:190} INFO - Processing /home/airflow/.local/lib/python3.6/site-packages/airflow/example_dags/example_python_operator.py took 0.052 seconds
[2023-09-20 04:00:47,222] {scheduler_job.py:182} INFO - Started process (PID=2685) to work on /home/airflow/.local/lib/python3.6/site-packages/airflow/example_dags/example_python_operator.py
[2023-09-20 04:00:47,223] {scheduler_job.py:629} INFO - Processing file /home/airflow/.local/lib/python3.6/site-packages/airflow/example_dags/example_python_operator.py for tasks to queue
[2023-09-20 04:00:47,224] {logging_mixin.py:104} INFO - [2023-09-20 04:00:47,223] {dagbag.py:451} INFO - Filling up the DagBag from /home/airflow/.local/lib/python3.6/site-packages/airflow/example_dags/example_python_operator.py
[2023-09-20 04:00:47,235] {scheduler_job.py:639} INFO - DAG(s) dict_keys(['example_python_operator']) retrieved from /home/airflow/.local/lib/python3.6/site-packages/airflow/example_dags/example_python_operator.py
[2023-09-20 04:00:47,253] {logging_mixin.py:104} INFO - [2023-09-20 04:00:47,253] {dag.py:1824} INFO - Sync 1 DAGs
[2023-09-20 04:00:47,266] {logging_mixin.py:104} INFO - [2023-09-20 04:00:47,266] {dag.py:2280} INFO - Setting next_dagrun for example_python_operator to None
[2023-09-20 04:00:47,278] {scheduler_job.py:190} INFO - Processing /home/airflow/.local/lib/python3.6/site-packages/airflow/example_dags/example_python_operator.py took 0.059 seconds
[2023-09-20 04:01:17,317] {scheduler_job.py:182} INFO - Started process (PID=2810) to work on /home/airflow/.local/lib/python3.6/site-packages/airflow/example_dags/example_python_operator.py
[2023-09-20 04:01:17,319] {scheduler_job.py:629} INFO - Processing file /home/airflow/.local/lib/python3.6/site-packages/airflow/example_dags/example_python_operator.py for tasks to queue
[2023-09-20 04:01:17,320] {logging_mixin.py:104} INFO - [2023-09-20 04:01:17,320] {dagbag.py:451} INFO - Filling up the DagBag from /home/airflow/.local/lib/python3.6/site-packages/airflow/example_dags/example_python_operator.py
[2023-09-20 04:01:17,333] {scheduler_job.py:639} INFO - DAG(s) dict_keys(['example_python_operator']) retrieved from /home/airflow/.local/lib/python3.6/site-packages/airflow/example_dags/example_python_operator.py
[2023-09-20 04:01:17,355] {logging_mixin.py:104} INFO - [2023-09-20 04:01:17,355] {dag.py:1824} INFO - Sync 1 DAGs
[2023-09-20 04:01:17,370] {logging_mixin.py:104} INFO - [2023-09-20 04:01:17,369] {dag.py:2280} INFO - Setting next_dagrun for example_python_operator to None
[2023-09-20 04:01:17,381] {scheduler_job.py:190} INFO - Processing /home/airflow/.local/lib/python3.6/site-packages/airflow/example_dags/example_python_operator.py took 0.067 seconds
[2023-09-20 04:01:47,593] {scheduler_job.py:182} INFO - Started process (PID=2947) to work on /home/airflow/.local/lib/python3.6/site-packages/airflow/example_dags/example_python_operator.py
[2023-09-20 04:01:47,594] {scheduler_job.py:629} INFO - Processing file /home/airflow/.local/lib/python3.6/site-packages/airflow/example_dags/example_python_operator.py for tasks to queue
[2023-09-20 04:01:47,594] {logging_mixin.py:104} INFO - [2023-09-20 04:01:47,594] {dagbag.py:451} INFO - Filling up the DagBag from /home/airflow/.local/lib/python3.6/site-packages/airflow/example_dags/example_python_operator.py
[2023-09-20 04:01:47,604] {scheduler_job.py:639} INFO - DAG(s) dict_keys(['example_python_operator']) retrieved from /home/airflow/.local/lib/python3.6/site-packages/airflow/example_dags/example_python_operator.py
[2023-09-20 04:01:47,622] {logging_mixin.py:104} INFO - [2023-09-20 04:01:47,622] {dag.py:1824} INFO - Sync 1 DAGs
[2023-09-20 04:01:47,634] {logging_mixin.py:104} INFO - [2023-09-20 04:01:47,634] {dag.py:2280} INFO - Setting next_dagrun for example_python_operator to None
[2023-09-20 04:01:47,648] {scheduler_job.py:190} INFO - Processing /home/airflow/.local/lib/python3.6/site-packages/airflow/example_dags/example_python_operator.py took 0.058 seconds
[2023-09-20 04:02:17,704] {scheduler_job.py:182} INFO - Started process (PID=3077) to work on /home/airflow/.local/lib/python3.6/site-packages/airflow/example_dags/example_python_operator.py
[2023-09-20 04:02:17,705] {scheduler_job.py:629} INFO - Processing file /home/airflow/.local/lib/python3.6/site-packages/airflow/example_dags/example_python_operator.py for tasks to queue
[2023-09-20 04:02:17,705] {logging_mixin.py:104} INFO - [2023-09-20 04:02:17,705] {dagbag.py:451} INFO - Filling up the DagBag from /home/airflow/.local/lib/python3.6/site-packages/airflow/example_dags/example_python_operator.py
[2023-09-20 04:02:17,715] {scheduler_job.py:639} INFO - DAG(s) dict_keys(['example_python_operator']) retrieved from /home/airflow/.local/lib/python3.6/site-packages/airflow/example_dags/example_python_operator.py
[2023-09-20 04:02:17,733] {logging_mixin.py:104} INFO - [2023-09-20 04:02:17,733] {dag.py:1824} INFO - Sync 1 DAGs
[2023-09-20 04:02:17,744] {logging_mixin.py:104} INFO - [2023-09-20 04:02:17,744] {dag.py:2280} INFO - Setting next_dagrun for example_python_operator to None
[2023-09-20 04:02:17,753] {scheduler_job.py:190} INFO - Processing /home/airflow/.local/lib/python3.6/site-packages/airflow/example_dags/example_python_operator.py took 0.051 seconds
[2023-09-20 04:02:48,708] {scheduler_job.py:182} INFO - Started process (PID=3210) to work on /home/airflow/.local/lib/python3.6/site-packages/airflow/example_dags/example_python_operator.py
[2023-09-20 04:02:48,709] {scheduler_job.py:629} INFO - Processing file /home/airflow/.local/lib/python3.6/site-packages/airflow/example_dags/example_python_operator.py for tasks to queue
[2023-09-20 04:02:48,709] {logging_mixin.py:104} INFO - [2023-09-20 04:02:48,709] {dagbag.py:451} INFO - Filling up the DagBag from /home/airflow/.local/lib/python3.6/site-packages/airflow/example_dags/example_python_operator.py
[2023-09-20 04:02:48,720] {scheduler_job.py:639} INFO - DAG(s) dict_keys(['example_python_operator']) retrieved from /home/airflow/.local/lib/python3.6/site-packages/airflow/example_dags/example_python_operator.py
[2023-09-20 04:02:48,741] {logging_mixin.py:104} INFO - [2023-09-20 04:02:48,741] {dag.py:1824} INFO - Sync 1 DAGs
[2023-09-20 04:02:48,754] {logging_mixin.py:104} INFO - [2023-09-20 04:02:48,754] {dag.py:2280} INFO - Setting next_dagrun for example_python_operator to None
[2023-09-20 04:02:48,765] {scheduler_job.py:190} INFO - Processing /home/airflow/.local/lib/python3.6/site-packages/airflow/example_dags/example_python_operator.py took 0.060 seconds
[2023-09-20 04:03:19,763] {scheduler_job.py:182} INFO - Started process (PID=3340) to work on /home/airflow/.local/lib/python3.6/site-packages/airflow/example_dags/example_python_operator.py
[2023-09-20 04:03:19,764] {scheduler_job.py:629} INFO - Processing file /home/airflow/.local/lib/python3.6/site-packages/airflow/example_dags/example_python_operator.py for tasks to queue
[2023-09-20 04:03:19,764] {logging_mixin.py:104} INFO - [2023-09-20 04:03:19,764] {dagbag.py:451} INFO - Filling up the DagBag from /home/airflow/.local/lib/python3.6/site-packages/airflow/example_dags/example_python_operator.py
[2023-09-20 04:03:19,774] {scheduler_job.py:639} INFO - DAG(s) dict_keys(['example_python_operator']) retrieved from /home/airflow/.local/lib/python3.6/site-packages/airflow/example_dags/example_python_operator.py
[2023-09-20 04:03:19,792] {logging_mixin.py:104} INFO - [2023-09-20 04:03:19,792] {dag.py:1824} INFO - Sync 1 DAGs
[2023-09-20 04:03:19,803] {logging_mixin.py:104} INFO - [2023-09-20 04:03:19,803] {dag.py:2280} INFO - Setting next_dagrun for example_python_operator to None
[2023-09-20 04:03:19,811] {scheduler_job.py:190} INFO - Processing /home/airflow/.local/lib/python3.6/site-packages/airflow/example_dags/example_python_operator.py took 0.051 seconds
[2023-09-20 04:03:50,758] {scheduler_job.py:182} INFO - Started process (PID=3470) to work on /home/airflow/.local/lib/python3.6/site-packages/airflow/example_dags/example_python_operator.py
[2023-09-20 04:03:50,760] {scheduler_job.py:629} INFO - Processing file /home/airflow/.local/lib/python3.6/site-packages/airflow/example_dags/example_python_operator.py for tasks to queue
[2023-09-20 04:03:50,761] {logging_mixin.py:104} INFO - [2023-09-20 04:03:50,761] {dagbag.py:451} INFO - Filling up the DagBag from /home/airflow/.local/lib/python3.6/site-packages/airflow/example_dags/example_python_operator.py
[2023-09-20 04:03:50,778] {scheduler_job.py:639} INFO - DAG(s) dict_keys(['example_python_operator']) retrieved from /home/airflow/.local/lib/python3.6/site-packages/airflow/example_dags/example_python_operator.py
[2023-09-20 04:03:50,804] {logging_mixin.py:104} INFO - [2023-09-20 04:03:50,804] {dag.py:1824} INFO - Sync 1 DAGs
[2023-09-20 04:03:50,817] {logging_mixin.py:104} INFO - [2023-09-20 04:03:50,817] {dag.py:2280} INFO - Setting next_dagrun for example_python_operator to None
[2023-09-20 04:03:50,827] {scheduler_job.py:190} INFO - Processing /home/airflow/.local/lib/python3.6/site-packages/airflow/example_dags/example_python_operator.py took 0.073 seconds
[2023-09-20 04:04:21,784] {scheduler_job.py:182} INFO - Started process (PID=3600) to work on /home/airflow/.local/lib/python3.6/site-packages/airflow/example_dags/example_python_operator.py
[2023-09-20 04:04:21,785] {scheduler_job.py:629} INFO - Processing file /home/airflow/.local/lib/python3.6/site-packages/airflow/example_dags/example_python_operator.py for tasks to queue
[2023-09-20 04:04:21,786] {logging_mixin.py:104} INFO - [2023-09-20 04:04:21,786] {dagbag.py:451} INFO - Filling up the DagBag from /home/airflow/.local/lib/python3.6/site-packages/airflow/example_dags/example_python_operator.py
[2023-09-20 04:04:21,795] {scheduler_job.py:639} INFO - DAG(s) dict_keys(['example_python_operator']) retrieved from /home/airflow/.local/lib/python3.6/site-packages/airflow/example_dags/example_python_operator.py
[2023-09-20 04:04:21,813] {logging_mixin.py:104} INFO - [2023-09-20 04:04:21,813] {dag.py:1824} INFO - Sync 1 DAGs
[2023-09-20 04:04:21,826] {logging_mixin.py:104} INFO - [2023-09-20 04:04:21,825] {dag.py:2280} INFO - Setting next_dagrun for example_python_operator to None
[2023-09-20 04:04:21,837] {scheduler_job.py:190} INFO - Processing /home/airflow/.local/lib/python3.6/site-packages/airflow/example_dags/example_python_operator.py took 0.056 seconds
[2023-09-20 04:04:52,777] {scheduler_job.py:182} INFO - Started process (PID=3730) to work on /home/airflow/.local/lib/python3.6/site-packages/airflow/example_dags/example_python_operator.py
[2023-09-20 04:04:52,778] {scheduler_job.py:629} INFO - Processing file /home/airflow/.local/lib/python3.6/site-packages/airflow/example_dags/example_python_operator.py for tasks to queue
[2023-09-20 04:04:52,779] {logging_mixin.py:104} INFO - [2023-09-20 04:04:52,779] {dagbag.py:451} INFO - Filling up the DagBag from /home/airflow/.local/lib/python3.6/site-packages/airflow/example_dags/example_python_operator.py
[2023-09-20 04:04:52,789] {scheduler_job.py:639} INFO - DAG(s) dict_keys(['example_python_operator']) retrieved from /home/airflow/.local/lib/python3.6/site-packages/airflow/example_dags/example_python_operator.py
[2023-09-20 04:04:52,811] {logging_mixin.py:104} INFO - [2023-09-20 04:04:52,811] {dag.py:1824} INFO - Sync 1 DAGs
[2023-09-20 04:04:52,822] {logging_mixin.py:104} INFO - [2023-09-20 04:04:52,822] {dag.py:2280} INFO - Setting next_dagrun for example_python_operator to None
[2023-09-20 04:04:52,834] {scheduler_job.py:190} INFO - Processing /home/airflow/.local/lib/python3.6/site-packages/airflow/example_dags/example_python_operator.py took 0.060 seconds
[2023-09-20 04:05:23,841] {scheduler_job.py:182} INFO - Started process (PID=3860) to work on /home/airflow/.local/lib/python3.6/site-packages/airflow/example_dags/example_python_operator.py
[2023-09-20 04:05:23,842] {scheduler_job.py:629} INFO - Processing file /home/airflow/.local/lib/python3.6/site-packages/airflow/example_dags/example_python_operator.py for tasks to queue
[2023-09-20 04:05:23,842] {logging_mixin.py:104} INFO - [2023-09-20 04:05:23,842] {dagbag.py:451} INFO - Filling up the DagBag from /home/airflow/.local/lib/python3.6/site-packages/airflow/example_dags/example_python_operator.py
[2023-09-20 04:05:23,855] {scheduler_job.py:639} INFO - DAG(s) dict_keys(['example_python_operator']) retrieved from /home/airflow/.local/lib/python3.6/site-packages/airflow/example_dags/example_python_operator.py
[2023-09-20 04:05:23,884] {logging_mixin.py:104} INFO - [2023-09-20 04:05:23,884] {dag.py:1824} INFO - Sync 1 DAGs
[2023-09-20 04:05:23,901] {logging_mixin.py:104} INFO - [2023-09-20 04:05:23,900] {dag.py:2280} INFO - Setting next_dagrun for example_python_operator to None
[2023-09-20 04:05:23,914] {scheduler_job.py:190} INFO - Processing /home/airflow/.local/lib/python3.6/site-packages/airflow/example_dags/example_python_operator.py took 0.077 seconds
[2023-09-20 04:05:54,890] {scheduler_job.py:182} INFO - Started process (PID=3990) to work on /home/airflow/.local/lib/python3.6/site-packages/airflow/example_dags/example_python_operator.py
[2023-09-20 04:05:54,891] {scheduler_job.py:629} INFO - Processing file /home/airflow/.local/lib/python3.6/site-packages/airflow/example_dags/example_python_operator.py for tasks to queue
[2023-09-20 04:05:54,892] {logging_mixin.py:104} INFO - [2023-09-20 04:05:54,892] {dagbag.py:451} INFO - Filling up the DagBag from /home/airflow/.local/lib/python3.6/site-packages/airflow/example_dags/example_python_operator.py
[2023-09-20 04:05:54,902] {scheduler_job.py:639} INFO - DAG(s) dict_keys(['example_python_operator']) retrieved from /home/airflow/.local/lib/python3.6/site-packages/airflow/example_dags/example_python_operator.py
[2023-09-20 04:05:54,920] {logging_mixin.py:104} INFO - [2023-09-20 04:05:54,920] {dag.py:1824} INFO - Sync 1 DAGs
[2023-09-20 04:05:54,931] {logging_mixin.py:104} INFO - [2023-09-20 04:05:54,931] {dag.py:2280} INFO - Setting next_dagrun for example_python_operator to None
[2023-09-20 04:05:54,940] {scheduler_job.py:190} INFO - Processing /home/airflow/.local/lib/python3.6/site-packages/airflow/example_dags/example_python_operator.py took 0.053 seconds
[2023-09-20 04:06:25,020] {scheduler_job.py:182} INFO - Started process (PID=4122) to work on /home/airflow/.local/lib/python3.6/site-packages/airflow/example_dags/example_python_operator.py
[2023-09-20 04:06:25,021] {scheduler_job.py:629} INFO - Processing file /home/airflow/.local/lib/python3.6/site-packages/airflow/example_dags/example_python_operator.py for tasks to queue
[2023-09-20 04:06:25,022] {logging_mixin.py:104} INFO - [2023-09-20 04:06:25,022] {dagbag.py:451} INFO - Filling up the DagBag from /home/airflow/.local/lib/python3.6/site-packages/airflow/example_dags/example_python_operator.py
[2023-09-20 04:06:25,031] {scheduler_job.py:639} INFO - DAG(s) dict_keys(['example_python_operator']) retrieved from /home/airflow/.local/lib/python3.6/site-packages/airflow/example_dags/example_python_operator.py
[2023-09-20 04:06:25,048] {logging_mixin.py:104} INFO - [2023-09-20 04:06:25,048] {dag.py:1824} INFO - Sync 1 DAGs
[2023-09-20 04:06:25,059] {logging_mixin.py:104} INFO - [2023-09-20 04:06:25,059] {dag.py:2280} INFO - Setting next_dagrun for example_python_operator to None
[2023-09-20 04:06:25,069] {scheduler_job.py:190} INFO - Processing /home/airflow/.local/lib/python3.6/site-packages/airflow/example_dags/example_python_operator.py took 0.052 seconds
[2023-09-20 04:06:55,183] {scheduler_job.py:182} INFO - Started process (PID=4242) to work on /home/airflow/.local/lib/python3.6/site-packages/airflow/example_dags/example_python_operator.py
[2023-09-20 04:06:55,184] {scheduler_job.py:629} INFO - Processing file /home/airflow/.local/lib/python3.6/site-packages/airflow/example_dags/example_python_operator.py for tasks to queue
[2023-09-20 04:06:55,184] {logging_mixin.py:104} INFO - [2023-09-20 04:06:55,184] {dagbag.py:451} INFO - Filling up the DagBag from /home/airflow/.local/lib/python3.6/site-packages/airflow/example_dags/example_python_operator.py
[2023-09-20 04:06:55,195] {scheduler_job.py:639} INFO - DAG(s) dict_keys(['example_python_operator']) retrieved from /home/airflow/.local/lib/python3.6/site-packages/airflow/example_dags/example_python_operator.py
[2023-09-20 04:06:55,213] {logging_mixin.py:104} INFO - [2023-09-20 04:06:55,213] {dag.py:1824} INFO - Sync 1 DAGs
[2023-09-20 04:06:55,226] {logging_mixin.py:104} INFO - [2023-09-20 04:06:55,225] {dag.py:2280} INFO - Setting next_dagrun for example_python_operator to None
[2023-09-20 04:06:55,236] {scheduler_job.py:190} INFO - Processing /home/airflow/.local/lib/python3.6/site-packages/airflow/example_dags/example_python_operator.py took 0.056 seconds
[2023-09-20 04:07:25,287] {scheduler_job.py:182} INFO - Started process (PID=4369) to work on /home/airflow/.local/lib/python3.6/site-packages/airflow/example_dags/example_python_operator.py
[2023-09-20 04:07:25,288] {scheduler_job.py:629} INFO - Processing file /home/airflow/.local/lib/python3.6/site-packages/airflow/example_dags/example_python_operator.py for tasks to queue
[2023-09-20 04:07:25,289] {logging_mixin.py:104} INFO - [2023-09-20 04:07:25,289] {dagbag.py:451} INFO - Filling up the DagBag from /home/airflow/.local/lib/python3.6/site-packages/airflow/example_dags/example_python_operator.py
[2023-09-20 04:07:25,302] {scheduler_job.py:639} INFO - DAG(s) dict_keys(['example_python_operator']) retrieved from /home/airflow/.local/lib/python3.6/site-packages/airflow/example_dags/example_python_operator.py
[2023-09-20 04:07:25,410] {logging_mixin.py:104} INFO - [2023-09-20 04:07:25,410] {dag.py:1824} INFO - Sync 1 DAGs
[2023-09-20 04:07:25,425] {logging_mixin.py:104} INFO - [2023-09-20 04:07:25,425] {dag.py:2280} INFO - Setting next_dagrun for example_python_operator to None
[2023-09-20 04:07:25,437] {scheduler_job.py:190} INFO - Processing /home/airflow/.local/lib/python3.6/site-packages/airflow/example_dags/example_python_operator.py took 0.154 seconds
[2023-09-20 04:07:55,588] {scheduler_job.py:182} INFO - Started process (PID=4501) to work on /home/airflow/.local/lib/python3.6/site-packages/airflow/example_dags/example_python_operator.py
[2023-09-20 04:07:55,589] {scheduler_job.py:629} INFO - Processing file /home/airflow/.local/lib/python3.6/site-packages/airflow/example_dags/example_python_operator.py for tasks to queue
[2023-09-20 04:07:55,589] {logging_mixin.py:104} INFO - [2023-09-20 04:07:55,589] {dagbag.py:451} INFO - Filling up the DagBag from /home/airflow/.local/lib/python3.6/site-packages/airflow/example_dags/example_python_operator.py
[2023-09-20 04:07:55,599] {scheduler_job.py:639} INFO - DAG(s) dict_keys(['example_python_operator']) retrieved from /home/airflow/.local/lib/python3.6/site-packages/airflow/example_dags/example_python_operator.py
[2023-09-20 04:07:55,618] {logging_mixin.py:104} INFO - [2023-09-20 04:07:55,618] {dag.py:1824} INFO - Sync 1 DAGs
[2023-09-20 04:07:55,629] {logging_mixin.py:104} INFO - [2023-09-20 04:07:55,629] {dag.py:2280} INFO - Setting next_dagrun for example_python_operator to None
[2023-09-20 04:07:55,639] {scheduler_job.py:190} INFO - Processing /home/airflow/.local/lib/python3.6/site-packages/airflow/example_dags/example_python_operator.py took 0.053 seconds
[2023-09-20 04:08:25,784] {scheduler_job.py:182} INFO - Started process (PID=4630) to work on /home/airflow/.local/lib/python3.6/site-packages/airflow/example_dags/example_python_operator.py
[2023-09-20 04:08:25,784] {scheduler_job.py:629} INFO - Processing file /home/airflow/.local/lib/python3.6/site-packages/airflow/example_dags/example_python_operator.py for tasks to queue
[2023-09-20 04:08:25,785] {logging_mixin.py:104} INFO - [2023-09-20 04:08:25,785] {dagbag.py:451} INFO - Filling up the DagBag from /home/airflow/.local/lib/python3.6/site-packages/airflow/example_dags/example_python_operator.py
[2023-09-20 04:08:25,795] {scheduler_job.py:639} INFO - DAG(s) dict_keys(['example_python_operator']) retrieved from /home/airflow/.local/lib/python3.6/site-packages/airflow/example_dags/example_python_operator.py
[2023-09-20 04:08:25,814] {logging_mixin.py:104} INFO - [2023-09-20 04:08:25,814] {dag.py:1824} INFO - Sync 1 DAGs
[2023-09-20 04:08:25,825] {logging_mixin.py:104} INFO - [2023-09-20 04:08:25,825] {dag.py:2280} INFO - Setting next_dagrun for example_python_operator to None
[2023-09-20 04:08:25,835] {scheduler_job.py:190} INFO - Processing /home/airflow/.local/lib/python3.6/site-packages/airflow/example_dags/example_python_operator.py took 0.054 seconds
[2023-09-20 04:08:55,965] {scheduler_job.py:182} INFO - Started process (PID=4762) to work on /home/airflow/.local/lib/python3.6/site-packages/airflow/example_dags/example_python_operator.py
[2023-09-20 04:08:55,965] {scheduler_job.py:629} INFO - Processing file /home/airflow/.local/lib/python3.6/site-packages/airflow/example_dags/example_python_operator.py for tasks to queue
[2023-09-20 04:08:55,966] {logging_mixin.py:104} INFO - [2023-09-20 04:08:55,966] {dagbag.py:451} INFO - Filling up the DagBag from /home/airflow/.local/lib/python3.6/site-packages/airflow/example_dags/example_python_operator.py
[2023-09-20 04:08:55,978] {scheduler_job.py:639} INFO - DAG(s) dict_keys(['example_python_operator']) retrieved from /home/airflow/.local/lib/python3.6/site-packages/airflow/example_dags/example_python_operator.py
[2023-09-20 04:08:55,997] {logging_mixin.py:104} INFO - [2023-09-20 04:08:55,997] {dag.py:1824} INFO - Sync 1 DAGs
[2023-09-20 04:08:56,008] {logging_mixin.py:104} INFO - [2023-09-20 04:08:56,008] {dag.py:2280} INFO - Setting next_dagrun for example_python_operator to None
[2023-09-20 04:08:56,019] {scheduler_job.py:190} INFO - Processing /home/airflow/.local/lib/python3.6/site-packages/airflow/example_dags/example_python_operator.py took 0.057 seconds
[2023-09-20 04:09:26,044] {scheduler_job.py:182} INFO - Started process (PID=4890) to work on /home/airflow/.local/lib/python3.6/site-packages/airflow/example_dags/example_python_operator.py
[2023-09-20 04:09:26,045] {scheduler_job.py:629} INFO - Processing file /home/airflow/.local/lib/python3.6/site-packages/airflow/example_dags/example_python_operator.py for tasks to queue
[2023-09-20 04:09:26,045] {logging_mixin.py:104} INFO - [2023-09-20 04:09:26,045] {dagbag.py:451} INFO - Filling up the DagBag from /home/airflow/.local/lib/python3.6/site-packages/airflow/example_dags/example_python_operator.py
[2023-09-20 04:09:26,055] {scheduler_job.py:639} INFO - DAG(s) dict_keys(['example_python_operator']) retrieved from /home/airflow/.local/lib/python3.6/site-packages/airflow/example_dags/example_python_operator.py
[2023-09-20 04:09:26,073] {logging_mixin.py:104} INFO - [2023-09-20 04:09:26,073] {dag.py:1824} INFO - Sync 1 DAGs
[2023-09-20 04:09:26,084] {logging_mixin.py:104} INFO - [2023-09-20 04:09:26,084] {dag.py:2280} INFO - Setting next_dagrun for example_python_operator to None
[2023-09-20 04:09:26,095] {scheduler_job.py:190} INFO - Processing /home/airflow/.local/lib/python3.6/site-packages/airflow/example_dags/example_python_operator.py took 0.054 seconds
[2023-09-20 04:09:56,163] {scheduler_job.py:182} INFO - Started process (PID=5020) to work on /home/airflow/.local/lib/python3.6/site-packages/airflow/example_dags/example_python_operator.py
[2023-09-20 04:09:56,163] {scheduler_job.py:629} INFO - Processing file /home/airflow/.local/lib/python3.6/site-packages/airflow/example_dags/example_python_operator.py for tasks to queue
[2023-09-20 04:09:56,164] {logging_mixin.py:104} INFO - [2023-09-20 04:09:56,164] {dagbag.py:451} INFO - Filling up the DagBag from /home/airflow/.local/lib/python3.6/site-packages/airflow/example_dags/example_python_operator.py
[2023-09-20 04:09:56,173] {scheduler_job.py:639} INFO - DAG(s) dict_keys(['example_python_operator']) retrieved from /home/airflow/.local/lib/python3.6/site-packages/airflow/example_dags/example_python_operator.py
[2023-09-20 04:09:56,191] {logging_mixin.py:104} INFO - [2023-09-20 04:09:56,191] {dag.py:1824} INFO - Sync 1 DAGs
[2023-09-20 04:09:56,201] {logging_mixin.py:104} INFO - [2023-09-20 04:09:56,201] {dag.py:2280} INFO - Setting next_dagrun for example_python_operator to None
[2023-09-20 04:09:56,211] {scheduler_job.py:190} INFO - Processing /home/airflow/.local/lib/python3.6/site-packages/airflow/example_dags/example_python_operator.py took 0.051 seconds
[2023-09-20 04:10:26,313] {scheduler_job.py:182} INFO - Started process (PID=5152) to work on /home/airflow/.local/lib/python3.6/site-packages/airflow/example_dags/example_python_operator.py
[2023-09-20 04:10:26,315] {scheduler_job.py:629} INFO - Processing file /home/airflow/.local/lib/python3.6/site-packages/airflow/example_dags/example_python_operator.py for tasks to queue
[2023-09-20 04:10:26,315] {logging_mixin.py:104} INFO - [2023-09-20 04:10:26,315] {dagbag.py:451} INFO - Filling up the DagBag from /home/airflow/.local/lib/python3.6/site-packages/airflow/example_dags/example_python_operator.py
[2023-09-20 04:10:26,326] {scheduler_job.py:639} INFO - DAG(s) dict_keys(['example_python_operator']) retrieved from /home/airflow/.local/lib/python3.6/site-packages/airflow/example_dags/example_python_operator.py
[2023-09-20 04:10:26,346] {logging_mixin.py:104} INFO - [2023-09-20 04:10:26,346] {dag.py:1824} INFO - Sync 1 DAGs
[2023-09-20 04:10:26,357] {logging_mixin.py:104} INFO - [2023-09-20 04:10:26,357] {dag.py:2280} INFO - Setting next_dagrun for example_python_operator to None
[2023-09-20 04:10:26,368] {scheduler_job.py:190} INFO - Processing /home/airflow/.local/lib/python3.6/site-packages/airflow/example_dags/example_python_operator.py took 0.057 seconds
[2023-09-20 04:10:56,736] {scheduler_job.py:182} INFO - Started process (PID=5289) to work on /home/airflow/.local/lib/python3.6/site-packages/airflow/example_dags/example_python_operator.py
[2023-09-20 04:10:56,736] {scheduler_job.py:629} INFO - Processing file /home/airflow/.local/lib/python3.6/site-packages/airflow/example_dags/example_python_operator.py for tasks to queue
[2023-09-20 04:10:56,737] {logging_mixin.py:104} INFO - [2023-09-20 04:10:56,737] {dagbag.py:451} INFO - Filling up the DagBag from /home/airflow/.local/lib/python3.6/site-packages/airflow/example_dags/example_python_operator.py
[2023-09-20 04:10:56,746] {scheduler_job.py:639} INFO - DAG(s) dict_keys(['example_python_operator']) retrieved from /home/airflow/.local/lib/python3.6/site-packages/airflow/example_dags/example_python_operator.py
[2023-09-20 04:10:56,764] {logging_mixin.py:104} INFO - [2023-09-20 04:10:56,764] {dag.py:1824} INFO - Sync 1 DAGs
[2023-09-20 04:10:56,775] {logging_mixin.py:104} INFO - [2023-09-20 04:10:56,775] {dag.py:2280} INFO - Setting next_dagrun for example_python_operator to None
[2023-09-20 04:10:56,784] {scheduler_job.py:190} INFO - Processing /home/airflow/.local/lib/python3.6/site-packages/airflow/example_dags/example_python_operator.py took 0.051 seconds
[2023-09-20 04:11:26,893] {scheduler_job.py:182} INFO - Started process (PID=5415) to work on /home/airflow/.local/lib/python3.6/site-packages/airflow/example_dags/example_python_operator.py
[2023-09-20 04:11:26,894] {scheduler_job.py:629} INFO - Processing file /home/airflow/.local/lib/python3.6/site-packages/airflow/example_dags/example_python_operator.py for tasks to queue
[2023-09-20 04:11:26,895] {logging_mixin.py:104} INFO - [2023-09-20 04:11:26,895] {dagbag.py:451} INFO - Filling up the DagBag from /home/airflow/.local/lib/python3.6/site-packages/airflow/example_dags/example_python_operator.py
[2023-09-20 04:11:26,905] {scheduler_job.py:639} INFO - DAG(s) dict_keys(['example_python_operator']) retrieved from /home/airflow/.local/lib/python3.6/site-packages/airflow/example_dags/example_python_operator.py
[2023-09-20 04:11:26,922] {logging_mixin.py:104} INFO - [2023-09-20 04:11:26,922] {dag.py:1824} INFO - Sync 1 DAGs
[2023-09-20 04:11:26,934] {logging_mixin.py:104} INFO - [2023-09-20 04:11:26,934] {dag.py:2280} INFO - Setting next_dagrun for example_python_operator to None
[2023-09-20 04:11:26,944] {scheduler_job.py:190} INFO - Processing /home/airflow/.local/lib/python3.6/site-packages/airflow/example_dags/example_python_operator.py took 0.054 seconds
[2023-09-20 04:11:57,142] {scheduler_job.py:182} INFO - Started process (PID=5547) to work on /home/airflow/.local/lib/python3.6/site-packages/airflow/example_dags/example_python_operator.py
[2023-09-20 04:11:57,143] {scheduler_job.py:629} INFO - Processing file /home/airflow/.local/lib/python3.6/site-packages/airflow/example_dags/example_python_operator.py for tasks to queue
[2023-09-20 04:11:57,144] {logging_mixin.py:104} INFO - [2023-09-20 04:11:57,144] {dagbag.py:451} INFO - Filling up the DagBag from /home/airflow/.local/lib/python3.6/site-packages/airflow/example_dags/example_python_operator.py
[2023-09-20 04:11:57,155] {scheduler_job.py:639} INFO - DAG(s) dict_keys(['example_python_operator']) retrieved from /home/airflow/.local/lib/python3.6/site-packages/airflow/example_dags/example_python_operator.py
[2023-09-20 04:11:57,173] {logging_mixin.py:104} INFO - [2023-09-20 04:11:57,173] {dag.py:1824} INFO - Sync 1 DAGs
[2023-09-20 04:11:57,186] {logging_mixin.py:104} INFO - [2023-09-20 04:11:57,185] {dag.py:2280} INFO - Setting next_dagrun for example_python_operator to None
[2023-09-20 04:11:57,196] {scheduler_job.py:190} INFO - Processing /home/airflow/.local/lib/python3.6/site-packages/airflow/example_dags/example_python_operator.py took 0.057 seconds
[2023-09-20 04:12:27,234] {scheduler_job.py:182} INFO - Started process (PID=5675) to work on /home/airflow/.local/lib/python3.6/site-packages/airflow/example_dags/example_python_operator.py
[2023-09-20 04:12:27,235] {scheduler_job.py:629} INFO - Processing file /home/airflow/.local/lib/python3.6/site-packages/airflow/example_dags/example_python_operator.py for tasks to queue
[2023-09-20 04:12:27,236] {logging_mixin.py:104} INFO - [2023-09-20 04:12:27,236] {dagbag.py:451} INFO - Filling up the DagBag from /home/airflow/.local/lib/python3.6/site-packages/airflow/example_dags/example_python_operator.py
[2023-09-20 04:12:27,247] {scheduler_job.py:639} INFO - DAG(s) dict_keys(['example_python_operator']) retrieved from /home/airflow/.local/lib/python3.6/site-packages/airflow/example_dags/example_python_operator.py
[2023-09-20 04:12:27,267] {logging_mixin.py:104} INFO - [2023-09-20 04:12:27,267] {dag.py:1824} INFO - Sync 1 DAGs
[2023-09-20 04:12:27,282] {logging_mixin.py:104} INFO - [2023-09-20 04:12:27,281] {dag.py:2280} INFO - Setting next_dagrun for example_python_operator to None
[2023-09-20 04:12:27,297] {scheduler_job.py:190} INFO - Processing /home/airflow/.local/lib/python3.6/site-packages/airflow/example_dags/example_python_operator.py took 0.065 seconds
[2023-09-20 04:12:57,524] {scheduler_job.py:182} INFO - Started process (PID=5807) to work on /home/airflow/.local/lib/python3.6/site-packages/airflow/example_dags/example_python_operator.py
[2023-09-20 04:12:57,525] {scheduler_job.py:629} INFO - Processing file /home/airflow/.local/lib/python3.6/site-packages/airflow/example_dags/example_python_operator.py for tasks to queue
[2023-09-20 04:12:57,526] {logging_mixin.py:104} INFO - [2023-09-20 04:12:57,526] {dagbag.py:451} INFO - Filling up the DagBag from /home/airflow/.local/lib/python3.6/site-packages/airflow/example_dags/example_python_operator.py
[2023-09-20 04:12:57,537] {scheduler_job.py:639} INFO - DAG(s) dict_keys(['example_python_operator']) retrieved from /home/airflow/.local/lib/python3.6/site-packages/airflow/example_dags/example_python_operator.py
[2023-09-20 04:12:57,556] {logging_mixin.py:104} INFO - [2023-09-20 04:12:57,556] {dag.py:1824} INFO - Sync 1 DAGs
[2023-09-20 04:12:57,569] {logging_mixin.py:104} INFO - [2023-09-20 04:12:57,569] {dag.py:2280} INFO - Setting next_dagrun for example_python_operator to None
[2023-09-20 04:12:57,581] {scheduler_job.py:190} INFO - Processing /home/airflow/.local/lib/python3.6/site-packages/airflow/example_dags/example_python_operator.py took 0.060 seconds
[2023-09-20 04:13:27,660] {scheduler_job.py:182} INFO - Started process (PID=5935) to work on /home/airflow/.local/lib/python3.6/site-packages/airflow/example_dags/example_python_operator.py
[2023-09-20 04:13:27,661] {scheduler_job.py:629} INFO - Processing file /home/airflow/.local/lib/python3.6/site-packages/airflow/example_dags/example_python_operator.py for tasks to queue
[2023-09-20 04:13:27,662] {logging_mixin.py:104} INFO - [2023-09-20 04:13:27,662] {dagbag.py:451} INFO - Filling up the DagBag from /home/airflow/.local/lib/python3.6/site-packages/airflow/example_dags/example_python_operator.py
[2023-09-20 04:13:27,672] {scheduler_job.py:639} INFO - DAG(s) dict_keys(['example_python_operator']) retrieved from /home/airflow/.local/lib/python3.6/site-packages/airflow/example_dags/example_python_operator.py
[2023-09-20 04:13:27,691] {logging_mixin.py:104} INFO - [2023-09-20 04:13:27,691] {dag.py:1824} INFO - Sync 1 DAGs
[2023-09-20 04:13:27,703] {logging_mixin.py:104} INFO - [2023-09-20 04:13:27,703] {dag.py:2280} INFO - Setting next_dagrun for example_python_operator to None
[2023-09-20 04:13:27,712] {scheduler_job.py:190} INFO - Processing /home/airflow/.local/lib/python3.6/site-packages/airflow/example_dags/example_python_operator.py took 0.054 seconds
[2023-09-20 04:13:57,991] {scheduler_job.py:182} INFO - Started process (PID=6070) to work on /home/airflow/.local/lib/python3.6/site-packages/airflow/example_dags/example_python_operator.py
[2023-09-20 04:13:57,992] {scheduler_job.py:629} INFO - Processing file /home/airflow/.local/lib/python3.6/site-packages/airflow/example_dags/example_python_operator.py for tasks to queue
[2023-09-20 04:13:57,993] {logging_mixin.py:104} INFO - [2023-09-20 04:13:57,993] {dagbag.py:451} INFO - Filling up the DagBag from /home/airflow/.local/lib/python3.6/site-packages/airflow/example_dags/example_python_operator.py
[2023-09-20 04:13:58,003] {scheduler_job.py:639} INFO - DAG(s) dict_keys(['example_python_operator']) retrieved from /home/airflow/.local/lib/python3.6/site-packages/airflow/example_dags/example_python_operator.py
[2023-09-20 04:13:58,021] {logging_mixin.py:104} INFO - [2023-09-20 04:13:58,021] {dag.py:1824} INFO - Sync 1 DAGs
[2023-09-20 04:13:58,032] {logging_mixin.py:104} INFO - [2023-09-20 04:13:58,032] {dag.py:2280} INFO - Setting next_dagrun for example_python_operator to None
[2023-09-20 04:13:58,043] {scheduler_job.py:190} INFO - Processing /home/airflow/.local/lib/python3.6/site-packages/airflow/example_dags/example_python_operator.py took 0.055 seconds
