[2023-09-20 03:51:09,841] {scheduler_job.py:182} INFO - Started process (PID=210) to work on /home/airflow/.local/lib/python3.6/site-packages/airflow/example_dags/example_kubernetes_executor.py
[2023-09-20 03:51:09,842] {scheduler_job.py:629} INFO - Processing file /home/airflow/.local/lib/python3.6/site-packages/airflow/example_dags/example_kubernetes_executor.py for tasks to queue
[2023-09-20 03:51:09,842] {logging_mixin.py:104} INFO - [2023-09-20 03:51:09,842] {dagbag.py:451} INFO - Filling up the DagBag from /home/airflow/.local/lib/python3.6/site-packages/airflow/example_dags/example_kubernetes_executor.py
[2023-09-20 03:51:09,859] {scheduler_job.py:639} INFO - DAG(s) dict_keys(['example_kubernetes_executor']) retrieved from /home/airflow/.local/lib/python3.6/site-packages/airflow/example_dags/example_kubernetes_executor.py
[2023-09-20 03:51:09,886] {logging_mixin.py:104} INFO - [2023-09-20 03:51:09,886] {dag.py:1824} INFO - Sync 1 DAGs
[2023-09-20 03:51:09,901] {logging_mixin.py:104} INFO - [2023-09-20 03:51:09,901] {dag.py:1843} INFO - Creating ORM DAG for example_kubernetes_executor
[2023-09-20 03:51:09,907] {logging_mixin.py:104} INFO - [2023-09-20 03:51:09,907] {dag.py:2280} INFO - Setting next_dagrun for example_kubernetes_executor to None
[2023-09-20 03:51:09,926] {scheduler_job.py:190} INFO - Processing /home/airflow/.local/lib/python3.6/site-packages/airflow/example_dags/example_kubernetes_executor.py took 0.088 seconds
[2023-09-20 03:51:40,047] {scheduler_job.py:182} INFO - Started process (PID=335) to work on /home/airflow/.local/lib/python3.6/site-packages/airflow/example_dags/example_kubernetes_executor.py
[2023-09-20 03:51:40,048] {scheduler_job.py:629} INFO - Processing file /home/airflow/.local/lib/python3.6/site-packages/airflow/example_dags/example_kubernetes_executor.py for tasks to queue
[2023-09-20 03:51:40,049] {logging_mixin.py:104} INFO - [2023-09-20 03:51:40,049] {dagbag.py:451} INFO - Filling up the DagBag from /home/airflow/.local/lib/python3.6/site-packages/airflow/example_dags/example_kubernetes_executor.py
[2023-09-20 03:51:40,061] {scheduler_job.py:639} INFO - DAG(s) dict_keys(['example_kubernetes_executor']) retrieved from /home/airflow/.local/lib/python3.6/site-packages/airflow/example_dags/example_kubernetes_executor.py
[2023-09-20 03:51:40,091] {logging_mixin.py:104} INFO - [2023-09-20 03:51:40,090] {dag.py:1824} INFO - Sync 1 DAGs
[2023-09-20 03:51:40,119] {logging_mixin.py:104} INFO - [2023-09-20 03:51:40,119] {dag.py:2280} INFO - Setting next_dagrun for example_kubernetes_executor to None
[2023-09-20 03:51:40,154] {scheduler_job.py:190} INFO - Processing /home/airflow/.local/lib/python3.6/site-packages/airflow/example_dags/example_kubernetes_executor.py took 0.110 seconds
[2023-09-20 03:52:10,445] {scheduler_job.py:182} INFO - Started process (PID=467) to work on /home/airflow/.local/lib/python3.6/site-packages/airflow/example_dags/example_kubernetes_executor.py
[2023-09-20 03:52:10,446] {scheduler_job.py:629} INFO - Processing file /home/airflow/.local/lib/python3.6/site-packages/airflow/example_dags/example_kubernetes_executor.py for tasks to queue
[2023-09-20 03:52:10,446] {logging_mixin.py:104} INFO - [2023-09-20 03:52:10,446] {dagbag.py:451} INFO - Filling up the DagBag from /home/airflow/.local/lib/python3.6/site-packages/airflow/example_dags/example_kubernetes_executor.py
[2023-09-20 03:52:10,457] {scheduler_job.py:639} INFO - DAG(s) dict_keys(['example_kubernetes_executor']) retrieved from /home/airflow/.local/lib/python3.6/site-packages/airflow/example_dags/example_kubernetes_executor.py
[2023-09-20 03:52:10,475] {logging_mixin.py:104} INFO - [2023-09-20 03:52:10,475] {dag.py:1824} INFO - Sync 1 DAGs
[2023-09-20 03:52:10,487] {logging_mixin.py:104} INFO - [2023-09-20 03:52:10,487] {dag.py:2280} INFO - Setting next_dagrun for example_kubernetes_executor to None
[2023-09-20 03:52:10,496] {scheduler_job.py:190} INFO - Processing /home/airflow/.local/lib/python3.6/site-packages/airflow/example_dags/example_kubernetes_executor.py took 0.054 seconds
[2023-09-20 03:52:40,756] {scheduler_job.py:182} INFO - Started process (PID=607) to work on /home/airflow/.local/lib/python3.6/site-packages/airflow/example_dags/example_kubernetes_executor.py
[2023-09-20 03:52:40,757] {scheduler_job.py:629} INFO - Processing file /home/airflow/.local/lib/python3.6/site-packages/airflow/example_dags/example_kubernetes_executor.py for tasks to queue
[2023-09-20 03:52:40,758] {logging_mixin.py:104} INFO - [2023-09-20 03:52:40,758] {dagbag.py:451} INFO - Filling up the DagBag from /home/airflow/.local/lib/python3.6/site-packages/airflow/example_dags/example_kubernetes_executor.py
[2023-09-20 03:52:40,769] {scheduler_job.py:639} INFO - DAG(s) dict_keys(['example_kubernetes_executor']) retrieved from /home/airflow/.local/lib/python3.6/site-packages/airflow/example_dags/example_kubernetes_executor.py
[2023-09-20 03:52:40,786] {logging_mixin.py:104} INFO - [2023-09-20 03:52:40,785] {dag.py:1824} INFO - Sync 1 DAGs
[2023-09-20 03:52:40,797] {logging_mixin.py:104} INFO - [2023-09-20 03:52:40,797] {dag.py:2280} INFO - Setting next_dagrun for example_kubernetes_executor to None
[2023-09-20 03:52:40,812] {scheduler_job.py:190} INFO - Processing /home/airflow/.local/lib/python3.6/site-packages/airflow/example_dags/example_kubernetes_executor.py took 0.058 seconds
[2023-09-20 03:53:10,860] {scheduler_job.py:182} INFO - Started process (PID=765) to work on /home/airflow/.local/lib/python3.6/site-packages/airflow/example_dags/example_kubernetes_executor.py
[2023-09-20 03:53:10,861] {scheduler_job.py:629} INFO - Processing file /home/airflow/.local/lib/python3.6/site-packages/airflow/example_dags/example_kubernetes_executor.py for tasks to queue
[2023-09-20 03:53:10,862] {logging_mixin.py:104} INFO - [2023-09-20 03:53:10,861] {dagbag.py:451} INFO - Filling up the DagBag from /home/airflow/.local/lib/python3.6/site-packages/airflow/example_dags/example_kubernetes_executor.py
[2023-09-20 03:53:10,871] {scheduler_job.py:639} INFO - DAG(s) dict_keys(['example_kubernetes_executor']) retrieved from /home/airflow/.local/lib/python3.6/site-packages/airflow/example_dags/example_kubernetes_executor.py
[2023-09-20 03:53:10,889] {logging_mixin.py:104} INFO - [2023-09-20 03:53:10,889] {dag.py:1824} INFO - Sync 1 DAGs
[2023-09-20 03:53:10,902] {logging_mixin.py:104} INFO - [2023-09-20 03:53:10,902] {dag.py:2280} INFO - Setting next_dagrun for example_kubernetes_executor to None
[2023-09-20 03:53:10,911] {scheduler_job.py:190} INFO - Processing /home/airflow/.local/lib/python3.6/site-packages/airflow/example_dags/example_kubernetes_executor.py took 0.054 seconds
[2023-09-20 03:53:41,237] {scheduler_job.py:182} INFO - Started process (PID=907) to work on /home/airflow/.local/lib/python3.6/site-packages/airflow/example_dags/example_kubernetes_executor.py
[2023-09-20 03:53:41,238] {scheduler_job.py:629} INFO - Processing file /home/airflow/.local/lib/python3.6/site-packages/airflow/example_dags/example_kubernetes_executor.py for tasks to queue
[2023-09-20 03:53:41,239] {logging_mixin.py:104} INFO - [2023-09-20 03:53:41,238] {dagbag.py:451} INFO - Filling up the DagBag from /home/airflow/.local/lib/python3.6/site-packages/airflow/example_dags/example_kubernetes_executor.py
[2023-09-20 03:53:41,249] {scheduler_job.py:639} INFO - DAG(s) dict_keys(['example_kubernetes_executor']) retrieved from /home/airflow/.local/lib/python3.6/site-packages/airflow/example_dags/example_kubernetes_executor.py
[2023-09-20 03:53:41,267] {logging_mixin.py:104} INFO - [2023-09-20 03:53:41,267] {dag.py:1824} INFO - Sync 1 DAGs
[2023-09-20 03:53:41,278] {logging_mixin.py:104} INFO - [2023-09-20 03:53:41,278] {dag.py:2280} INFO - Setting next_dagrun for example_kubernetes_executor to None
[2023-09-20 03:53:41,287] {scheduler_job.py:190} INFO - Processing /home/airflow/.local/lib/python3.6/site-packages/airflow/example_dags/example_kubernetes_executor.py took 0.053 seconds
[2023-09-20 03:54:11,327] {scheduler_job.py:182} INFO - Started process (PID=1037) to work on /home/airflow/.local/lib/python3.6/site-packages/airflow/example_dags/example_kubernetes_executor.py
[2023-09-20 03:54:11,328] {scheduler_job.py:629} INFO - Processing file /home/airflow/.local/lib/python3.6/site-packages/airflow/example_dags/example_kubernetes_executor.py for tasks to queue
[2023-09-20 03:54:11,329] {logging_mixin.py:104} INFO - [2023-09-20 03:54:11,329] {dagbag.py:451} INFO - Filling up the DagBag from /home/airflow/.local/lib/python3.6/site-packages/airflow/example_dags/example_kubernetes_executor.py
[2023-09-20 03:54:11,338] {scheduler_job.py:639} INFO - DAG(s) dict_keys(['example_kubernetes_executor']) retrieved from /home/airflow/.local/lib/python3.6/site-packages/airflow/example_dags/example_kubernetes_executor.py
[2023-09-20 03:54:11,355] {logging_mixin.py:104} INFO - [2023-09-20 03:54:11,355] {dag.py:1824} INFO - Sync 1 DAGs
[2023-09-20 03:54:11,366] {logging_mixin.py:104} INFO - [2023-09-20 03:54:11,366] {dag.py:2280} INFO - Setting next_dagrun for example_kubernetes_executor to None
[2023-09-20 03:54:11,376] {scheduler_job.py:190} INFO - Processing /home/airflow/.local/lib/python3.6/site-packages/airflow/example_dags/example_kubernetes_executor.py took 0.052 seconds
[2023-09-20 03:54:41,552] {scheduler_job.py:182} INFO - Started process (PID=1175) to work on /home/airflow/.local/lib/python3.6/site-packages/airflow/example_dags/example_kubernetes_executor.py
[2023-09-20 03:54:41,553] {scheduler_job.py:629} INFO - Processing file /home/airflow/.local/lib/python3.6/site-packages/airflow/example_dags/example_kubernetes_executor.py for tasks to queue
[2023-09-20 03:54:41,553] {logging_mixin.py:104} INFO - [2023-09-20 03:54:41,553] {dagbag.py:451} INFO - Filling up the DagBag from /home/airflow/.local/lib/python3.6/site-packages/airflow/example_dags/example_kubernetes_executor.py
[2023-09-20 03:54:41,563] {scheduler_job.py:639} INFO - DAG(s) dict_keys(['example_kubernetes_executor']) retrieved from /home/airflow/.local/lib/python3.6/site-packages/airflow/example_dags/example_kubernetes_executor.py
[2023-09-20 03:54:41,580] {logging_mixin.py:104} INFO - [2023-09-20 03:54:41,580] {dag.py:1824} INFO - Sync 1 DAGs
[2023-09-20 03:54:41,591] {logging_mixin.py:104} INFO - [2023-09-20 03:54:41,591] {dag.py:2280} INFO - Setting next_dagrun for example_kubernetes_executor to None
[2023-09-20 03:54:41,600] {scheduler_job.py:190} INFO - Processing /home/airflow/.local/lib/python3.6/site-packages/airflow/example_dags/example_kubernetes_executor.py took 0.051 seconds
[2023-09-20 03:55:12,429] {scheduler_job.py:182} INFO - Started process (PID=1280) to work on /home/airflow/.local/lib/python3.6/site-packages/airflow/example_dags/example_kubernetes_executor.py
[2023-09-20 03:55:12,430] {scheduler_job.py:629} INFO - Processing file /home/airflow/.local/lib/python3.6/site-packages/airflow/example_dags/example_kubernetes_executor.py for tasks to queue
[2023-09-20 03:55:12,430] {logging_mixin.py:104} INFO - [2023-09-20 03:55:12,430] {dagbag.py:451} INFO - Filling up the DagBag from /home/airflow/.local/lib/python3.6/site-packages/airflow/example_dags/example_kubernetes_executor.py
[2023-09-20 03:55:12,443] {scheduler_job.py:639} INFO - DAG(s) dict_keys(['example_kubernetes_executor']) retrieved from /home/airflow/.local/lib/python3.6/site-packages/airflow/example_dags/example_kubernetes_executor.py
[2023-09-20 03:55:12,461] {logging_mixin.py:104} INFO - [2023-09-20 03:55:12,461] {dag.py:1824} INFO - Sync 1 DAGs
[2023-09-20 03:55:12,473] {logging_mixin.py:104} INFO - [2023-09-20 03:55:12,473] {dag.py:2280} INFO - Setting next_dagrun for example_kubernetes_executor to None
[2023-09-20 03:55:12,485] {scheduler_job.py:190} INFO - Processing /home/airflow/.local/lib/python3.6/site-packages/airflow/example_dags/example_kubernetes_executor.py took 0.060 seconds
[2023-09-20 03:55:43,403] {scheduler_job.py:182} INFO - Started process (PID=1410) to work on /home/airflow/.local/lib/python3.6/site-packages/airflow/example_dags/example_kubernetes_executor.py
[2023-09-20 03:55:43,404] {scheduler_job.py:629} INFO - Processing file /home/airflow/.local/lib/python3.6/site-packages/airflow/example_dags/example_kubernetes_executor.py for tasks to queue
[2023-09-20 03:55:43,404] {logging_mixin.py:104} INFO - [2023-09-20 03:55:43,404] {dagbag.py:451} INFO - Filling up the DagBag from /home/airflow/.local/lib/python3.6/site-packages/airflow/example_dags/example_kubernetes_executor.py
[2023-09-20 03:55:43,414] {scheduler_job.py:639} INFO - DAG(s) dict_keys(['example_kubernetes_executor']) retrieved from /home/airflow/.local/lib/python3.6/site-packages/airflow/example_dags/example_kubernetes_executor.py
[2023-09-20 03:55:43,431] {logging_mixin.py:104} INFO - [2023-09-20 03:55:43,431] {dag.py:1824} INFO - Sync 1 DAGs
[2023-09-20 03:55:43,441] {logging_mixin.py:104} INFO - [2023-09-20 03:55:43,441] {dag.py:2280} INFO - Setting next_dagrun for example_kubernetes_executor to None
[2023-09-20 03:55:43,450] {scheduler_job.py:190} INFO - Processing /home/airflow/.local/lib/python3.6/site-packages/airflow/example_dags/example_kubernetes_executor.py took 0.049 seconds
[2023-09-20 03:56:14,370] {scheduler_job.py:182} INFO - Started process (PID=1540) to work on /home/airflow/.local/lib/python3.6/site-packages/airflow/example_dags/example_kubernetes_executor.py
[2023-09-20 03:56:14,371] {scheduler_job.py:629} INFO - Processing file /home/airflow/.local/lib/python3.6/site-packages/airflow/example_dags/example_kubernetes_executor.py for tasks to queue
[2023-09-20 03:56:14,372] {logging_mixin.py:104} INFO - [2023-09-20 03:56:14,372] {dagbag.py:451} INFO - Filling up the DagBag from /home/airflow/.local/lib/python3.6/site-packages/airflow/example_dags/example_kubernetes_executor.py
[2023-09-20 03:56:14,381] {scheduler_job.py:639} INFO - DAG(s) dict_keys(['example_kubernetes_executor']) retrieved from /home/airflow/.local/lib/python3.6/site-packages/airflow/example_dags/example_kubernetes_executor.py
[2023-09-20 03:56:14,399] {logging_mixin.py:104} INFO - [2023-09-20 03:56:14,399] {dag.py:1824} INFO - Sync 1 DAGs
[2023-09-20 03:56:14,410] {logging_mixin.py:104} INFO - [2023-09-20 03:56:14,410] {dag.py:2280} INFO - Setting next_dagrun for example_kubernetes_executor to None
[2023-09-20 03:56:14,419] {scheduler_job.py:190} INFO - Processing /home/airflow/.local/lib/python3.6/site-packages/airflow/example_dags/example_kubernetes_executor.py took 0.051 seconds
[2023-09-20 03:56:45,328] {scheduler_job.py:182} INFO - Started process (PID=1670) to work on /home/airflow/.local/lib/python3.6/site-packages/airflow/example_dags/example_kubernetes_executor.py
[2023-09-20 03:56:45,329] {scheduler_job.py:629} INFO - Processing file /home/airflow/.local/lib/python3.6/site-packages/airflow/example_dags/example_kubernetes_executor.py for tasks to queue
[2023-09-20 03:56:45,329] {logging_mixin.py:104} INFO - [2023-09-20 03:56:45,329] {dagbag.py:451} INFO - Filling up the DagBag from /home/airflow/.local/lib/python3.6/site-packages/airflow/example_dags/example_kubernetes_executor.py
[2023-09-20 03:56:45,340] {scheduler_job.py:639} INFO - DAG(s) dict_keys(['example_kubernetes_executor']) retrieved from /home/airflow/.local/lib/python3.6/site-packages/airflow/example_dags/example_kubernetes_executor.py
[2023-09-20 03:56:45,357] {logging_mixin.py:104} INFO - [2023-09-20 03:56:45,357] {dag.py:1824} INFO - Sync 1 DAGs
[2023-09-20 03:56:45,369] {logging_mixin.py:104} INFO - [2023-09-20 03:56:45,368] {dag.py:2280} INFO - Setting next_dagrun for example_kubernetes_executor to None
[2023-09-20 03:56:45,379] {scheduler_job.py:190} INFO - Processing /home/airflow/.local/lib/python3.6/site-packages/airflow/example_dags/example_kubernetes_executor.py took 0.053 seconds
[2023-09-20 03:57:16,293] {scheduler_job.py:182} INFO - Started process (PID=1799) to work on /home/airflow/.local/lib/python3.6/site-packages/airflow/example_dags/example_kubernetes_executor.py
[2023-09-20 03:57:16,294] {scheduler_job.py:629} INFO - Processing file /home/airflow/.local/lib/python3.6/site-packages/airflow/example_dags/example_kubernetes_executor.py for tasks to queue
[2023-09-20 03:57:16,295] {logging_mixin.py:104} INFO - [2023-09-20 03:57:16,295] {dagbag.py:451} INFO - Filling up the DagBag from /home/airflow/.local/lib/python3.6/site-packages/airflow/example_dags/example_kubernetes_executor.py
[2023-09-20 03:57:16,308] {scheduler_job.py:639} INFO - DAG(s) dict_keys(['example_kubernetes_executor']) retrieved from /home/airflow/.local/lib/python3.6/site-packages/airflow/example_dags/example_kubernetes_executor.py
[2023-09-20 03:57:16,327] {logging_mixin.py:104} INFO - [2023-09-20 03:57:16,327] {dag.py:1824} INFO - Sync 1 DAGs
[2023-09-20 03:57:16,338] {logging_mixin.py:104} INFO - [2023-09-20 03:57:16,337] {dag.py:2280} INFO - Setting next_dagrun for example_kubernetes_executor to None
[2023-09-20 03:57:16,348] {scheduler_job.py:190} INFO - Processing /home/airflow/.local/lib/python3.6/site-packages/airflow/example_dags/example_kubernetes_executor.py took 0.059 seconds
[2023-09-20 03:57:46,426] {scheduler_job.py:182} INFO - Started process (PID=1925) to work on /home/airflow/.local/lib/python3.6/site-packages/airflow/example_dags/example_kubernetes_executor.py
[2023-09-20 03:57:46,428] {scheduler_job.py:629} INFO - Processing file /home/airflow/.local/lib/python3.6/site-packages/airflow/example_dags/example_kubernetes_executor.py for tasks to queue
[2023-09-20 03:57:46,428] {logging_mixin.py:104} INFO - [2023-09-20 03:57:46,428] {dagbag.py:451} INFO - Filling up the DagBag from /home/airflow/.local/lib/python3.6/site-packages/airflow/example_dags/example_kubernetes_executor.py
[2023-09-20 03:57:46,440] {scheduler_job.py:639} INFO - DAG(s) dict_keys(['example_kubernetes_executor']) retrieved from /home/airflow/.local/lib/python3.6/site-packages/airflow/example_dags/example_kubernetes_executor.py
[2023-09-20 03:57:46,459] {logging_mixin.py:104} INFO - [2023-09-20 03:57:46,459] {dag.py:1824} INFO - Sync 1 DAGs
[2023-09-20 03:57:46,471] {logging_mixin.py:104} INFO - [2023-09-20 03:57:46,471] {dag.py:2280} INFO - Setting next_dagrun for example_kubernetes_executor to None
[2023-09-20 03:57:46,481] {scheduler_job.py:190} INFO - Processing /home/airflow/.local/lib/python3.6/site-packages/airflow/example_dags/example_kubernetes_executor.py took 0.058 seconds
[2023-09-20 03:58:16,558] {scheduler_job.py:182} INFO - Started process (PID=2055) to work on /home/airflow/.local/lib/python3.6/site-packages/airflow/example_dags/example_kubernetes_executor.py
[2023-09-20 03:58:16,559] {scheduler_job.py:629} INFO - Processing file /home/airflow/.local/lib/python3.6/site-packages/airflow/example_dags/example_kubernetes_executor.py for tasks to queue
[2023-09-20 03:58:16,560] {logging_mixin.py:104} INFO - [2023-09-20 03:58:16,560] {dagbag.py:451} INFO - Filling up the DagBag from /home/airflow/.local/lib/python3.6/site-packages/airflow/example_dags/example_kubernetes_executor.py
[2023-09-20 03:58:16,570] {scheduler_job.py:639} INFO - DAG(s) dict_keys(['example_kubernetes_executor']) retrieved from /home/airflow/.local/lib/python3.6/site-packages/airflow/example_dags/example_kubernetes_executor.py
[2023-09-20 03:58:16,587] {logging_mixin.py:104} INFO - [2023-09-20 03:58:16,587] {dag.py:1824} INFO - Sync 1 DAGs
[2023-09-20 03:58:16,598] {logging_mixin.py:104} INFO - [2023-09-20 03:58:16,598] {dag.py:2280} INFO - Setting next_dagrun for example_kubernetes_executor to None
[2023-09-20 03:58:16,607] {scheduler_job.py:190} INFO - Processing /home/airflow/.local/lib/python3.6/site-packages/airflow/example_dags/example_kubernetes_executor.py took 0.051 seconds
[2023-09-20 03:58:46,695] {scheduler_job.py:182} INFO - Started process (PID=2185) to work on /home/airflow/.local/lib/python3.6/site-packages/airflow/example_dags/example_kubernetes_executor.py
[2023-09-20 03:58:46,696] {scheduler_job.py:629} INFO - Processing file /home/airflow/.local/lib/python3.6/site-packages/airflow/example_dags/example_kubernetes_executor.py for tasks to queue
[2023-09-20 03:58:46,696] {logging_mixin.py:104} INFO - [2023-09-20 03:58:46,696] {dagbag.py:451} INFO - Filling up the DagBag from /home/airflow/.local/lib/python3.6/site-packages/airflow/example_dags/example_kubernetes_executor.py
[2023-09-20 03:58:46,707] {scheduler_job.py:639} INFO - DAG(s) dict_keys(['example_kubernetes_executor']) retrieved from /home/airflow/.local/lib/python3.6/site-packages/airflow/example_dags/example_kubernetes_executor.py
[2023-09-20 03:58:46,724] {logging_mixin.py:104} INFO - [2023-09-20 03:58:46,724] {dag.py:1824} INFO - Sync 1 DAGs
[2023-09-20 03:58:46,735] {logging_mixin.py:104} INFO - [2023-09-20 03:58:46,735] {dag.py:2280} INFO - Setting next_dagrun for example_kubernetes_executor to None
[2023-09-20 03:58:46,744] {scheduler_job.py:190} INFO - Processing /home/airflow/.local/lib/python3.6/site-packages/airflow/example_dags/example_kubernetes_executor.py took 0.051 seconds
[2023-09-20 03:59:16,866] {scheduler_job.py:182} INFO - Started process (PID=2315) to work on /home/airflow/.local/lib/python3.6/site-packages/airflow/example_dags/example_kubernetes_executor.py
[2023-09-20 03:59:16,868] {scheduler_job.py:629} INFO - Processing file /home/airflow/.local/lib/python3.6/site-packages/airflow/example_dags/example_kubernetes_executor.py for tasks to queue
[2023-09-20 03:59:16,868] {logging_mixin.py:104} INFO - [2023-09-20 03:59:16,868] {dagbag.py:451} INFO - Filling up the DagBag from /home/airflow/.local/lib/python3.6/site-packages/airflow/example_dags/example_kubernetes_executor.py
[2023-09-20 03:59:16,878] {scheduler_job.py:639} INFO - DAG(s) dict_keys(['example_kubernetes_executor']) retrieved from /home/airflow/.local/lib/python3.6/site-packages/airflow/example_dags/example_kubernetes_executor.py
[2023-09-20 03:59:16,896] {logging_mixin.py:104} INFO - [2023-09-20 03:59:16,896] {dag.py:1824} INFO - Sync 1 DAGs
[2023-09-20 03:59:16,908] {logging_mixin.py:104} INFO - [2023-09-20 03:59:16,908] {dag.py:2280} INFO - Setting next_dagrun for example_kubernetes_executor to None
[2023-09-20 03:59:16,918] {scheduler_job.py:190} INFO - Processing /home/airflow/.local/lib/python3.6/site-packages/airflow/example_dags/example_kubernetes_executor.py took 0.054 seconds
[2023-09-20 03:59:46,983] {scheduler_job.py:182} INFO - Started process (PID=2445) to work on /home/airflow/.local/lib/python3.6/site-packages/airflow/example_dags/example_kubernetes_executor.py
[2023-09-20 03:59:46,984] {scheduler_job.py:629} INFO - Processing file /home/airflow/.local/lib/python3.6/site-packages/airflow/example_dags/example_kubernetes_executor.py for tasks to queue
[2023-09-20 03:59:46,984] {logging_mixin.py:104} INFO - [2023-09-20 03:59:46,984] {dagbag.py:451} INFO - Filling up the DagBag from /home/airflow/.local/lib/python3.6/site-packages/airflow/example_dags/example_kubernetes_executor.py
[2023-09-20 03:59:46,994] {scheduler_job.py:639} INFO - DAG(s) dict_keys(['example_kubernetes_executor']) retrieved from /home/airflow/.local/lib/python3.6/site-packages/airflow/example_dags/example_kubernetes_executor.py
[2023-09-20 03:59:47,012] {logging_mixin.py:104} INFO - [2023-09-20 03:59:47,012] {dag.py:1824} INFO - Sync 1 DAGs
[2023-09-20 03:59:47,024] {logging_mixin.py:104} INFO - [2023-09-20 03:59:47,024] {dag.py:2280} INFO - Setting next_dagrun for example_kubernetes_executor to None
[2023-09-20 03:59:47,033] {scheduler_job.py:190} INFO - Processing /home/airflow/.local/lib/python3.6/site-packages/airflow/example_dags/example_kubernetes_executor.py took 0.053 seconds
[2023-09-20 04:00:17,203] {scheduler_job.py:182} INFO - Started process (PID=2579) to work on /home/airflow/.local/lib/python3.6/site-packages/airflow/example_dags/example_kubernetes_executor.py
[2023-09-20 04:00:17,203] {scheduler_job.py:629} INFO - Processing file /home/airflow/.local/lib/python3.6/site-packages/airflow/example_dags/example_kubernetes_executor.py for tasks to queue
[2023-09-20 04:00:17,204] {logging_mixin.py:104} INFO - [2023-09-20 04:00:17,204] {dagbag.py:451} INFO - Filling up the DagBag from /home/airflow/.local/lib/python3.6/site-packages/airflow/example_dags/example_kubernetes_executor.py
[2023-09-20 04:00:17,214] {scheduler_job.py:639} INFO - DAG(s) dict_keys(['example_kubernetes_executor']) retrieved from /home/airflow/.local/lib/python3.6/site-packages/airflow/example_dags/example_kubernetes_executor.py
[2023-09-20 04:00:17,234] {logging_mixin.py:104} INFO - [2023-09-20 04:00:17,234] {dag.py:1824} INFO - Sync 1 DAGs
[2023-09-20 04:00:17,247] {logging_mixin.py:104} INFO - [2023-09-20 04:00:17,247] {dag.py:2280} INFO - Setting next_dagrun for example_kubernetes_executor to None
[2023-09-20 04:00:17,257] {scheduler_job.py:190} INFO - Processing /home/airflow/.local/lib/python3.6/site-packages/airflow/example_dags/example_kubernetes_executor.py took 0.057 seconds
[2023-09-20 04:00:47,378] {scheduler_job.py:182} INFO - Started process (PID=2705) to work on /home/airflow/.local/lib/python3.6/site-packages/airflow/example_dags/example_kubernetes_executor.py
[2023-09-20 04:00:47,379] {scheduler_job.py:629} INFO - Processing file /home/airflow/.local/lib/python3.6/site-packages/airflow/example_dags/example_kubernetes_executor.py for tasks to queue
[2023-09-20 04:00:47,380] {logging_mixin.py:104} INFO - [2023-09-20 04:00:47,380] {dagbag.py:451} INFO - Filling up the DagBag from /home/airflow/.local/lib/python3.6/site-packages/airflow/example_dags/example_kubernetes_executor.py
[2023-09-20 04:00:47,391] {scheduler_job.py:639} INFO - DAG(s) dict_keys(['example_kubernetes_executor']) retrieved from /home/airflow/.local/lib/python3.6/site-packages/airflow/example_dags/example_kubernetes_executor.py
[2023-09-20 04:00:47,410] {logging_mixin.py:104} INFO - [2023-09-20 04:00:47,410] {dag.py:1824} INFO - Sync 1 DAGs
[2023-09-20 04:00:47,422] {logging_mixin.py:104} INFO - [2023-09-20 04:00:47,422] {dag.py:2280} INFO - Setting next_dagrun for example_kubernetes_executor to None
[2023-09-20 04:00:47,435] {scheduler_job.py:190} INFO - Processing /home/airflow/.local/lib/python3.6/site-packages/airflow/example_dags/example_kubernetes_executor.py took 0.059 seconds
[2023-09-20 04:01:17,553] {scheduler_job.py:182} INFO - Started process (PID=2834) to work on /home/airflow/.local/lib/python3.6/site-packages/airflow/example_dags/example_kubernetes_executor.py
[2023-09-20 04:01:17,555] {scheduler_job.py:629} INFO - Processing file /home/airflow/.local/lib/python3.6/site-packages/airflow/example_dags/example_kubernetes_executor.py for tasks to queue
[2023-09-20 04:01:17,556] {logging_mixin.py:104} INFO - [2023-09-20 04:01:17,556] {dagbag.py:451} INFO - Filling up the DagBag from /home/airflow/.local/lib/python3.6/site-packages/airflow/example_dags/example_kubernetes_executor.py
[2023-09-20 04:01:17,566] {scheduler_job.py:639} INFO - DAG(s) dict_keys(['example_kubernetes_executor']) retrieved from /home/airflow/.local/lib/python3.6/site-packages/airflow/example_dags/example_kubernetes_executor.py
[2023-09-20 04:01:17,584] {logging_mixin.py:104} INFO - [2023-09-20 04:01:17,584] {dag.py:1824} INFO - Sync 1 DAGs
[2023-09-20 04:01:17,595] {logging_mixin.py:104} INFO - [2023-09-20 04:01:17,595] {dag.py:2280} INFO - Setting next_dagrun for example_kubernetes_executor to None
[2023-09-20 04:01:17,606] {scheduler_job.py:190} INFO - Processing /home/airflow/.local/lib/python3.6/site-packages/airflow/example_dags/example_kubernetes_executor.py took 0.055 seconds
[2023-09-20 04:01:47,737] {scheduler_job.py:182} INFO - Started process (PID=2960) to work on /home/airflow/.local/lib/python3.6/site-packages/airflow/example_dags/example_kubernetes_executor.py
[2023-09-20 04:01:47,738] {scheduler_job.py:629} INFO - Processing file /home/airflow/.local/lib/python3.6/site-packages/airflow/example_dags/example_kubernetes_executor.py for tasks to queue
[2023-09-20 04:01:47,738] {logging_mixin.py:104} INFO - [2023-09-20 04:01:47,738] {dagbag.py:451} INFO - Filling up the DagBag from /home/airflow/.local/lib/python3.6/site-packages/airflow/example_dags/example_kubernetes_executor.py
[2023-09-20 04:01:47,748] {scheduler_job.py:639} INFO - DAG(s) dict_keys(['example_kubernetes_executor']) retrieved from /home/airflow/.local/lib/python3.6/site-packages/airflow/example_dags/example_kubernetes_executor.py
[2023-09-20 04:01:47,766] {logging_mixin.py:104} INFO - [2023-09-20 04:01:47,766] {dag.py:1824} INFO - Sync 1 DAGs
[2023-09-20 04:01:47,777] {logging_mixin.py:104} INFO - [2023-09-20 04:01:47,777] {dag.py:2280} INFO - Setting next_dagrun for example_kubernetes_executor to None
[2023-09-20 04:01:47,786] {scheduler_job.py:190} INFO - Processing /home/airflow/.local/lib/python3.6/site-packages/airflow/example_dags/example_kubernetes_executor.py took 0.051 seconds
[2023-09-20 04:02:17,846] {scheduler_job.py:182} INFO - Started process (PID=3095) to work on /home/airflow/.local/lib/python3.6/site-packages/airflow/example_dags/example_kubernetes_executor.py
[2023-09-20 04:02:17,847] {scheduler_job.py:629} INFO - Processing file /home/airflow/.local/lib/python3.6/site-packages/airflow/example_dags/example_kubernetes_executor.py for tasks to queue
[2023-09-20 04:02:17,848] {logging_mixin.py:104} INFO - [2023-09-20 04:02:17,848] {dagbag.py:451} INFO - Filling up the DagBag from /home/airflow/.local/lib/python3.6/site-packages/airflow/example_dags/example_kubernetes_executor.py
[2023-09-20 04:02:17,858] {scheduler_job.py:639} INFO - DAG(s) dict_keys(['example_kubernetes_executor']) retrieved from /home/airflow/.local/lib/python3.6/site-packages/airflow/example_dags/example_kubernetes_executor.py
[2023-09-20 04:02:17,877] {logging_mixin.py:104} INFO - [2023-09-20 04:02:17,877] {dag.py:1824} INFO - Sync 1 DAGs
[2023-09-20 04:02:17,890] {logging_mixin.py:104} INFO - [2023-09-20 04:02:17,890] {dag.py:2280} INFO - Setting next_dagrun for example_kubernetes_executor to None
[2023-09-20 04:02:17,899] {scheduler_job.py:190} INFO - Processing /home/airflow/.local/lib/python3.6/site-packages/airflow/example_dags/example_kubernetes_executor.py took 0.055 seconds
[2023-09-20 04:02:48,868] {scheduler_job.py:182} INFO - Started process (PID=3230) to work on /home/airflow/.local/lib/python3.6/site-packages/airflow/example_dags/example_kubernetes_executor.py
[2023-09-20 04:02:48,869] {scheduler_job.py:629} INFO - Processing file /home/airflow/.local/lib/python3.6/site-packages/airflow/example_dags/example_kubernetes_executor.py for tasks to queue
[2023-09-20 04:02:48,870] {logging_mixin.py:104} INFO - [2023-09-20 04:02:48,869] {dagbag.py:451} INFO - Filling up the DagBag from /home/airflow/.local/lib/python3.6/site-packages/airflow/example_dags/example_kubernetes_executor.py
[2023-09-20 04:02:48,883] {scheduler_job.py:639} INFO - DAG(s) dict_keys(['example_kubernetes_executor']) retrieved from /home/airflow/.local/lib/python3.6/site-packages/airflow/example_dags/example_kubernetes_executor.py
[2023-09-20 04:02:48,905] {logging_mixin.py:104} INFO - [2023-09-20 04:02:48,905] {dag.py:1824} INFO - Sync 1 DAGs
[2023-09-20 04:02:48,924] {logging_mixin.py:104} INFO - [2023-09-20 04:02:48,923] {dag.py:2280} INFO - Setting next_dagrun for example_kubernetes_executor to None
[2023-09-20 04:02:48,941] {scheduler_job.py:190} INFO - Processing /home/airflow/.local/lib/python3.6/site-packages/airflow/example_dags/example_kubernetes_executor.py took 0.077 seconds
[2023-09-20 04:03:19,891] {scheduler_job.py:182} INFO - Started process (PID=3360) to work on /home/airflow/.local/lib/python3.6/site-packages/airflow/example_dags/example_kubernetes_executor.py
[2023-09-20 04:03:19,892] {scheduler_job.py:629} INFO - Processing file /home/airflow/.local/lib/python3.6/site-packages/airflow/example_dags/example_kubernetes_executor.py for tasks to queue
[2023-09-20 04:03:19,893] {logging_mixin.py:104} INFO - [2023-09-20 04:03:19,893] {dagbag.py:451} INFO - Filling up the DagBag from /home/airflow/.local/lib/python3.6/site-packages/airflow/example_dags/example_kubernetes_executor.py
[2023-09-20 04:03:19,903] {scheduler_job.py:639} INFO - DAG(s) dict_keys(['example_kubernetes_executor']) retrieved from /home/airflow/.local/lib/python3.6/site-packages/airflow/example_dags/example_kubernetes_executor.py
[2023-09-20 04:03:19,921] {logging_mixin.py:104} INFO - [2023-09-20 04:03:19,921] {dag.py:1824} INFO - Sync 1 DAGs
[2023-09-20 04:03:19,932] {logging_mixin.py:104} INFO - [2023-09-20 04:03:19,932] {dag.py:2280} INFO - Setting next_dagrun for example_kubernetes_executor to None
[2023-09-20 04:03:19,941] {scheduler_job.py:190} INFO - Processing /home/airflow/.local/lib/python3.6/site-packages/airflow/example_dags/example_kubernetes_executor.py took 0.052 seconds
[2023-09-20 04:03:50,909] {scheduler_job.py:182} INFO - Started process (PID=3490) to work on /home/airflow/.local/lib/python3.6/site-packages/airflow/example_dags/example_kubernetes_executor.py
[2023-09-20 04:03:50,910] {scheduler_job.py:629} INFO - Processing file /home/airflow/.local/lib/python3.6/site-packages/airflow/example_dags/example_kubernetes_executor.py for tasks to queue
[2023-09-20 04:03:50,911] {logging_mixin.py:104} INFO - [2023-09-20 04:03:50,911] {dagbag.py:451} INFO - Filling up the DagBag from /home/airflow/.local/lib/python3.6/site-packages/airflow/example_dags/example_kubernetes_executor.py
[2023-09-20 04:03:50,922] {scheduler_job.py:639} INFO - DAG(s) dict_keys(['example_kubernetes_executor']) retrieved from /home/airflow/.local/lib/python3.6/site-packages/airflow/example_dags/example_kubernetes_executor.py
[2023-09-20 04:03:50,940] {logging_mixin.py:104} INFO - [2023-09-20 04:03:50,940] {dag.py:1824} INFO - Sync 1 DAGs
[2023-09-20 04:03:50,952] {logging_mixin.py:104} INFO - [2023-09-20 04:03:50,952] {dag.py:2280} INFO - Setting next_dagrun for example_kubernetes_executor to None
[2023-09-20 04:03:50,961] {scheduler_job.py:190} INFO - Processing /home/airflow/.local/lib/python3.6/site-packages/airflow/example_dags/example_kubernetes_executor.py took 0.055 seconds
[2023-09-20 04:04:21,922] {scheduler_job.py:182} INFO - Started process (PID=3620) to work on /home/airflow/.local/lib/python3.6/site-packages/airflow/example_dags/example_kubernetes_executor.py
[2023-09-20 04:04:21,923] {scheduler_job.py:629} INFO - Processing file /home/airflow/.local/lib/python3.6/site-packages/airflow/example_dags/example_kubernetes_executor.py for tasks to queue
[2023-09-20 04:04:21,924] {logging_mixin.py:104} INFO - [2023-09-20 04:04:21,924] {dagbag.py:451} INFO - Filling up the DagBag from /home/airflow/.local/lib/python3.6/site-packages/airflow/example_dags/example_kubernetes_executor.py
[2023-09-20 04:04:21,934] {scheduler_job.py:639} INFO - DAG(s) dict_keys(['example_kubernetes_executor']) retrieved from /home/airflow/.local/lib/python3.6/site-packages/airflow/example_dags/example_kubernetes_executor.py
[2023-09-20 04:04:21,952] {logging_mixin.py:104} INFO - [2023-09-20 04:04:21,952] {dag.py:1824} INFO - Sync 1 DAGs
[2023-09-20 04:04:21,963] {logging_mixin.py:104} INFO - [2023-09-20 04:04:21,963] {dag.py:2280} INFO - Setting next_dagrun for example_kubernetes_executor to None
[2023-09-20 04:04:21,971] {scheduler_job.py:190} INFO - Processing /home/airflow/.local/lib/python3.6/site-packages/airflow/example_dags/example_kubernetes_executor.py took 0.052 seconds
[2023-09-20 04:04:52,920] {scheduler_job.py:182} INFO - Started process (PID=3750) to work on /home/airflow/.local/lib/python3.6/site-packages/airflow/example_dags/example_kubernetes_executor.py
[2023-09-20 04:04:52,920] {scheduler_job.py:629} INFO - Processing file /home/airflow/.local/lib/python3.6/site-packages/airflow/example_dags/example_kubernetes_executor.py for tasks to queue
[2023-09-20 04:04:52,921] {logging_mixin.py:104} INFO - [2023-09-20 04:04:52,921] {dagbag.py:451} INFO - Filling up the DagBag from /home/airflow/.local/lib/python3.6/site-packages/airflow/example_dags/example_kubernetes_executor.py
[2023-09-20 04:04:52,930] {scheduler_job.py:639} INFO - DAG(s) dict_keys(['example_kubernetes_executor']) retrieved from /home/airflow/.local/lib/python3.6/site-packages/airflow/example_dags/example_kubernetes_executor.py
[2023-09-20 04:04:52,949] {logging_mixin.py:104} INFO - [2023-09-20 04:04:52,949] {dag.py:1824} INFO - Sync 1 DAGs
[2023-09-20 04:04:52,960] {logging_mixin.py:104} INFO - [2023-09-20 04:04:52,960] {dag.py:2280} INFO - Setting next_dagrun for example_kubernetes_executor to None
[2023-09-20 04:04:52,969] {scheduler_job.py:190} INFO - Processing /home/airflow/.local/lib/python3.6/site-packages/airflow/example_dags/example_kubernetes_executor.py took 0.052 seconds
[2023-09-20 04:05:23,997] {scheduler_job.py:182} INFO - Started process (PID=3880) to work on /home/airflow/.local/lib/python3.6/site-packages/airflow/example_dags/example_kubernetes_executor.py
[2023-09-20 04:05:23,998] {scheduler_job.py:629} INFO - Processing file /home/airflow/.local/lib/python3.6/site-packages/airflow/example_dags/example_kubernetes_executor.py for tasks to queue
[2023-09-20 04:05:23,998] {logging_mixin.py:104} INFO - [2023-09-20 04:05:23,998] {dagbag.py:451} INFO - Filling up the DagBag from /home/airflow/.local/lib/python3.6/site-packages/airflow/example_dags/example_kubernetes_executor.py
[2023-09-20 04:05:24,008] {scheduler_job.py:639} INFO - DAG(s) dict_keys(['example_kubernetes_executor']) retrieved from /home/airflow/.local/lib/python3.6/site-packages/airflow/example_dags/example_kubernetes_executor.py
[2023-09-20 04:05:24,027] {logging_mixin.py:104} INFO - [2023-09-20 04:05:24,027] {dag.py:1824} INFO - Sync 1 DAGs
[2023-09-20 04:05:24,039] {logging_mixin.py:104} INFO - [2023-09-20 04:05:24,039] {dag.py:2280} INFO - Setting next_dagrun for example_kubernetes_executor to None
[2023-09-20 04:05:24,048] {scheduler_job.py:190} INFO - Processing /home/airflow/.local/lib/python3.6/site-packages/airflow/example_dags/example_kubernetes_executor.py took 0.053 seconds
[2023-09-20 04:05:55,022] {scheduler_job.py:182} INFO - Started process (PID=4010) to work on /home/airflow/.local/lib/python3.6/site-packages/airflow/example_dags/example_kubernetes_executor.py
[2023-09-20 04:05:55,023] {scheduler_job.py:629} INFO - Processing file /home/airflow/.local/lib/python3.6/site-packages/airflow/example_dags/example_kubernetes_executor.py for tasks to queue
[2023-09-20 04:05:55,023] {logging_mixin.py:104} INFO - [2023-09-20 04:05:55,023] {dagbag.py:451} INFO - Filling up the DagBag from /home/airflow/.local/lib/python3.6/site-packages/airflow/example_dags/example_kubernetes_executor.py
[2023-09-20 04:05:55,033] {scheduler_job.py:639} INFO - DAG(s) dict_keys(['example_kubernetes_executor']) retrieved from /home/airflow/.local/lib/python3.6/site-packages/airflow/example_dags/example_kubernetes_executor.py
[2023-09-20 04:05:55,051] {logging_mixin.py:104} INFO - [2023-09-20 04:05:55,051] {dag.py:1824} INFO - Sync 1 DAGs
[2023-09-20 04:05:55,062] {logging_mixin.py:104} INFO - [2023-09-20 04:05:55,062] {dag.py:2280} INFO - Setting next_dagrun for example_kubernetes_executor to None
[2023-09-20 04:05:55,071] {scheduler_job.py:190} INFO - Processing /home/airflow/.local/lib/python3.6/site-packages/airflow/example_dags/example_kubernetes_executor.py took 0.052 seconds
[2023-09-20 04:06:25,154] {scheduler_job.py:182} INFO - Started process (PID=4134) to work on /home/airflow/.local/lib/python3.6/site-packages/airflow/example_dags/example_kubernetes_executor.py
[2023-09-20 04:06:25,155] {scheduler_job.py:629} INFO - Processing file /home/airflow/.local/lib/python3.6/site-packages/airflow/example_dags/example_kubernetes_executor.py for tasks to queue
[2023-09-20 04:06:25,155] {logging_mixin.py:104} INFO - [2023-09-20 04:06:25,155] {dagbag.py:451} INFO - Filling up the DagBag from /home/airflow/.local/lib/python3.6/site-packages/airflow/example_dags/example_kubernetes_executor.py
[2023-09-20 04:06:25,165] {scheduler_job.py:639} INFO - DAG(s) dict_keys(['example_kubernetes_executor']) retrieved from /home/airflow/.local/lib/python3.6/site-packages/airflow/example_dags/example_kubernetes_executor.py
[2023-09-20 04:06:25,182] {logging_mixin.py:104} INFO - [2023-09-20 04:06:25,182] {dag.py:1824} INFO - Sync 1 DAGs
[2023-09-20 04:06:25,193] {logging_mixin.py:104} INFO - [2023-09-20 04:06:25,193] {dag.py:2280} INFO - Setting next_dagrun for example_kubernetes_executor to None
[2023-09-20 04:06:25,202] {scheduler_job.py:190} INFO - Processing /home/airflow/.local/lib/python3.6/site-packages/airflow/example_dags/example_kubernetes_executor.py took 0.051 seconds
[2023-09-20 04:06:55,398] {scheduler_job.py:182} INFO - Started process (PID=4267) to work on /home/airflow/.local/lib/python3.6/site-packages/airflow/example_dags/example_kubernetes_executor.py
[2023-09-20 04:06:55,399] {scheduler_job.py:629} INFO - Processing file /home/airflow/.local/lib/python3.6/site-packages/airflow/example_dags/example_kubernetes_executor.py for tasks to queue
[2023-09-20 04:06:55,400] {logging_mixin.py:104} INFO - [2023-09-20 04:06:55,400] {dagbag.py:451} INFO - Filling up the DagBag from /home/airflow/.local/lib/python3.6/site-packages/airflow/example_dags/example_kubernetes_executor.py
[2023-09-20 04:06:55,409] {scheduler_job.py:639} INFO - DAG(s) dict_keys(['example_kubernetes_executor']) retrieved from /home/airflow/.local/lib/python3.6/site-packages/airflow/example_dags/example_kubernetes_executor.py
[2023-09-20 04:06:55,428] {logging_mixin.py:104} INFO - [2023-09-20 04:06:55,428] {dag.py:1824} INFO - Sync 1 DAGs
[2023-09-20 04:06:55,439] {logging_mixin.py:104} INFO - [2023-09-20 04:06:55,439] {dag.py:2280} INFO - Setting next_dagrun for example_kubernetes_executor to None
[2023-09-20 04:06:55,450] {scheduler_job.py:190} INFO - Processing /home/airflow/.local/lib/python3.6/site-packages/airflow/example_dags/example_kubernetes_executor.py took 0.055 seconds
[2023-09-20 04:07:25,679] {scheduler_job.py:182} INFO - Started process (PID=4399) to work on /home/airflow/.local/lib/python3.6/site-packages/airflow/example_dags/example_kubernetes_executor.py
[2023-09-20 04:07:25,680] {scheduler_job.py:629} INFO - Processing file /home/airflow/.local/lib/python3.6/site-packages/airflow/example_dags/example_kubernetes_executor.py for tasks to queue
[2023-09-20 04:07:25,680] {logging_mixin.py:104} INFO - [2023-09-20 04:07:25,680] {dagbag.py:451} INFO - Filling up the DagBag from /home/airflow/.local/lib/python3.6/site-packages/airflow/example_dags/example_kubernetes_executor.py
[2023-09-20 04:07:25,690] {scheduler_job.py:639} INFO - DAG(s) dict_keys(['example_kubernetes_executor']) retrieved from /home/airflow/.local/lib/python3.6/site-packages/airflow/example_dags/example_kubernetes_executor.py
[2023-09-20 04:07:25,707] {logging_mixin.py:104} INFO - [2023-09-20 04:07:25,707] {dag.py:1824} INFO - Sync 1 DAGs
[2023-09-20 04:07:25,718] {logging_mixin.py:104} INFO - [2023-09-20 04:07:25,718] {dag.py:2280} INFO - Setting next_dagrun for example_kubernetes_executor to None
[2023-09-20 04:07:25,727] {scheduler_job.py:190} INFO - Processing /home/airflow/.local/lib/python3.6/site-packages/airflow/example_dags/example_kubernetes_executor.py took 0.050 seconds
[2023-09-20 04:07:55,799] {scheduler_job.py:182} INFO - Started process (PID=4529) to work on /home/airflow/.local/lib/python3.6/site-packages/airflow/example_dags/example_kubernetes_executor.py
[2023-09-20 04:07:55,800] {scheduler_job.py:629} INFO - Processing file /home/airflow/.local/lib/python3.6/site-packages/airflow/example_dags/example_kubernetes_executor.py for tasks to queue
[2023-09-20 04:07:55,800] {logging_mixin.py:104} INFO - [2023-09-20 04:07:55,800] {dagbag.py:451} INFO - Filling up the DagBag from /home/airflow/.local/lib/python3.6/site-packages/airflow/example_dags/example_kubernetes_executor.py
[2023-09-20 04:07:55,810] {scheduler_job.py:639} INFO - DAG(s) dict_keys(['example_kubernetes_executor']) retrieved from /home/airflow/.local/lib/python3.6/site-packages/airflow/example_dags/example_kubernetes_executor.py
[2023-09-20 04:07:55,828] {logging_mixin.py:104} INFO - [2023-09-20 04:07:55,827] {dag.py:1824} INFO - Sync 1 DAGs
[2023-09-20 04:07:55,839] {logging_mixin.py:104} INFO - [2023-09-20 04:07:55,838] {dag.py:2280} INFO - Setting next_dagrun for example_kubernetes_executor to None
[2023-09-20 04:07:55,849] {scheduler_job.py:190} INFO - Processing /home/airflow/.local/lib/python3.6/site-packages/airflow/example_dags/example_kubernetes_executor.py took 0.053 seconds
[2023-09-20 04:08:26,003] {scheduler_job.py:182} INFO - Started process (PID=4662) to work on /home/airflow/.local/lib/python3.6/site-packages/airflow/example_dags/example_kubernetes_executor.py
[2023-09-20 04:08:26,004] {scheduler_job.py:629} INFO - Processing file /home/airflow/.local/lib/python3.6/site-packages/airflow/example_dags/example_kubernetes_executor.py for tasks to queue
[2023-09-20 04:08:26,004] {logging_mixin.py:104} INFO - [2023-09-20 04:08:26,004] {dagbag.py:451} INFO - Filling up the DagBag from /home/airflow/.local/lib/python3.6/site-packages/airflow/example_dags/example_kubernetes_executor.py
[2023-09-20 04:08:26,014] {scheduler_job.py:639} INFO - DAG(s) dict_keys(['example_kubernetes_executor']) retrieved from /home/airflow/.local/lib/python3.6/site-packages/airflow/example_dags/example_kubernetes_executor.py
[2023-09-20 04:08:26,031] {logging_mixin.py:104} INFO - [2023-09-20 04:08:26,031] {dag.py:1824} INFO - Sync 1 DAGs
[2023-09-20 04:08:26,042] {logging_mixin.py:104} INFO - [2023-09-20 04:08:26,042] {dag.py:2280} INFO - Setting next_dagrun for example_kubernetes_executor to None
[2023-09-20 04:08:26,053] {scheduler_job.py:190} INFO - Processing /home/airflow/.local/lib/python3.6/site-packages/airflow/example_dags/example_kubernetes_executor.py took 0.052 seconds
[2023-09-20 04:08:56,164] {scheduler_job.py:182} INFO - Started process (PID=4790) to work on /home/airflow/.local/lib/python3.6/site-packages/airflow/example_dags/example_kubernetes_executor.py
[2023-09-20 04:08:56,165] {scheduler_job.py:629} INFO - Processing file /home/airflow/.local/lib/python3.6/site-packages/airflow/example_dags/example_kubernetes_executor.py for tasks to queue
[2023-09-20 04:08:56,165] {logging_mixin.py:104} INFO - [2023-09-20 04:08:56,165] {dagbag.py:451} INFO - Filling up the DagBag from /home/airflow/.local/lib/python3.6/site-packages/airflow/example_dags/example_kubernetes_executor.py
[2023-09-20 04:08:56,175] {scheduler_job.py:639} INFO - DAG(s) dict_keys(['example_kubernetes_executor']) retrieved from /home/airflow/.local/lib/python3.6/site-packages/airflow/example_dags/example_kubernetes_executor.py
[2023-09-20 04:08:56,194] {logging_mixin.py:104} INFO - [2023-09-20 04:08:56,194] {dag.py:1824} INFO - Sync 1 DAGs
[2023-09-20 04:08:56,205] {logging_mixin.py:104} INFO - [2023-09-20 04:08:56,205] {dag.py:2280} INFO - Setting next_dagrun for example_kubernetes_executor to None
[2023-09-20 04:08:56,214] {scheduler_job.py:190} INFO - Processing /home/airflow/.local/lib/python3.6/site-packages/airflow/example_dags/example_kubernetes_executor.py took 0.052 seconds
[2023-09-20 04:09:26,261] {scheduler_job.py:182} INFO - Started process (PID=4920) to work on /home/airflow/.local/lib/python3.6/site-packages/airflow/example_dags/example_kubernetes_executor.py
[2023-09-20 04:09:26,262] {scheduler_job.py:629} INFO - Processing file /home/airflow/.local/lib/python3.6/site-packages/airflow/example_dags/example_kubernetes_executor.py for tasks to queue
[2023-09-20 04:09:26,263] {logging_mixin.py:104} INFO - [2023-09-20 04:09:26,263] {dagbag.py:451} INFO - Filling up the DagBag from /home/airflow/.local/lib/python3.6/site-packages/airflow/example_dags/example_kubernetes_executor.py
[2023-09-20 04:09:26,272] {scheduler_job.py:639} INFO - DAG(s) dict_keys(['example_kubernetes_executor']) retrieved from /home/airflow/.local/lib/python3.6/site-packages/airflow/example_dags/example_kubernetes_executor.py
[2023-09-20 04:09:26,290] {logging_mixin.py:104} INFO - [2023-09-20 04:09:26,290] {dag.py:1824} INFO - Sync 1 DAGs
[2023-09-20 04:09:26,301] {logging_mixin.py:104} INFO - [2023-09-20 04:09:26,301] {dag.py:2280} INFO - Setting next_dagrun for example_kubernetes_executor to None
[2023-09-20 04:09:26,310] {scheduler_job.py:190} INFO - Processing /home/airflow/.local/lib/python3.6/site-packages/airflow/example_dags/example_kubernetes_executor.py took 0.051 seconds
[2023-09-20 04:09:56,377] {scheduler_job.py:182} INFO - Started process (PID=5050) to work on /home/airflow/.local/lib/python3.6/site-packages/airflow/example_dags/example_kubernetes_executor.py
[2023-09-20 04:09:56,378] {scheduler_job.py:629} INFO - Processing file /home/airflow/.local/lib/python3.6/site-packages/airflow/example_dags/example_kubernetes_executor.py for tasks to queue
[2023-09-20 04:09:56,379] {logging_mixin.py:104} INFO - [2023-09-20 04:09:56,379] {dagbag.py:451} INFO - Filling up the DagBag from /home/airflow/.local/lib/python3.6/site-packages/airflow/example_dags/example_kubernetes_executor.py
[2023-09-20 04:09:56,388] {scheduler_job.py:639} INFO - DAG(s) dict_keys(['example_kubernetes_executor']) retrieved from /home/airflow/.local/lib/python3.6/site-packages/airflow/example_dags/example_kubernetes_executor.py
[2023-09-20 04:09:56,405] {logging_mixin.py:104} INFO - [2023-09-20 04:09:56,404] {dag.py:1824} INFO - Sync 1 DAGs
[2023-09-20 04:09:56,416] {logging_mixin.py:104} INFO - [2023-09-20 04:09:56,416] {dag.py:2280} INFO - Setting next_dagrun for example_kubernetes_executor to None
[2023-09-20 04:09:56,425] {scheduler_job.py:190} INFO - Processing /home/airflow/.local/lib/python3.6/site-packages/airflow/example_dags/example_kubernetes_executor.py took 0.050 seconds
[2023-09-20 04:10:26,527] {scheduler_job.py:182} INFO - Started process (PID=5182) to work on /home/airflow/.local/lib/python3.6/site-packages/airflow/example_dags/example_kubernetes_executor.py
[2023-09-20 04:10:26,528] {scheduler_job.py:629} INFO - Processing file /home/airflow/.local/lib/python3.6/site-packages/airflow/example_dags/example_kubernetes_executor.py for tasks to queue
[2023-09-20 04:10:26,529] {logging_mixin.py:104} INFO - [2023-09-20 04:10:26,528] {dagbag.py:451} INFO - Filling up the DagBag from /home/airflow/.local/lib/python3.6/site-packages/airflow/example_dags/example_kubernetes_executor.py
[2023-09-20 04:10:26,538] {scheduler_job.py:639} INFO - DAG(s) dict_keys(['example_kubernetes_executor']) retrieved from /home/airflow/.local/lib/python3.6/site-packages/airflow/example_dags/example_kubernetes_executor.py
[2023-09-20 04:10:26,554] {logging_mixin.py:104} INFO - [2023-09-20 04:10:26,554] {dag.py:1824} INFO - Sync 1 DAGs
[2023-09-20 04:10:26,564] {logging_mixin.py:104} INFO - [2023-09-20 04:10:26,564] {dag.py:2280} INFO - Setting next_dagrun for example_kubernetes_executor to None
[2023-09-20 04:10:26,575] {scheduler_job.py:190} INFO - Processing /home/airflow/.local/lib/python3.6/site-packages/airflow/example_dags/example_kubernetes_executor.py took 0.051 seconds
[2023-09-20 04:10:57,174] {scheduler_job.py:182} INFO - Started process (PID=5332) to work on /home/airflow/.local/lib/python3.6/site-packages/airflow/example_dags/example_kubernetes_executor.py
[2023-09-20 04:10:57,175] {scheduler_job.py:629} INFO - Processing file /home/airflow/.local/lib/python3.6/site-packages/airflow/example_dags/example_kubernetes_executor.py for tasks to queue
[2023-09-20 04:10:57,175] {logging_mixin.py:104} INFO - [2023-09-20 04:10:57,175] {dagbag.py:451} INFO - Filling up the DagBag from /home/airflow/.local/lib/python3.6/site-packages/airflow/example_dags/example_kubernetes_executor.py
[2023-09-20 04:10:57,185] {scheduler_job.py:639} INFO - DAG(s) dict_keys(['example_kubernetes_executor']) retrieved from /home/airflow/.local/lib/python3.6/site-packages/airflow/example_dags/example_kubernetes_executor.py
[2023-09-20 04:10:57,205] {logging_mixin.py:104} INFO - [2023-09-20 04:10:57,204] {dag.py:1824} INFO - Sync 1 DAGs
[2023-09-20 04:10:57,221] {logging_mixin.py:104} INFO - [2023-09-20 04:10:57,221] {dag.py:2280} INFO - Setting next_dagrun for example_kubernetes_executor to None
[2023-09-20 04:10:57,234] {scheduler_job.py:190} INFO - Processing /home/airflow/.local/lib/python3.6/site-packages/airflow/example_dags/example_kubernetes_executor.py took 0.063 seconds
[2023-09-20 04:11:27,255] {scheduler_job.py:182} INFO - Started process (PID=5460) to work on /home/airflow/.local/lib/python3.6/site-packages/airflow/example_dags/example_kubernetes_executor.py
[2023-09-20 04:11:27,257] {scheduler_job.py:629} INFO - Processing file /home/airflow/.local/lib/python3.6/site-packages/airflow/example_dags/example_kubernetes_executor.py for tasks to queue
[2023-09-20 04:11:27,258] {logging_mixin.py:104} INFO - [2023-09-20 04:11:27,258] {dagbag.py:451} INFO - Filling up the DagBag from /home/airflow/.local/lib/python3.6/site-packages/airflow/example_dags/example_kubernetes_executor.py
[2023-09-20 04:11:27,269] {scheduler_job.py:639} INFO - DAG(s) dict_keys(['example_kubernetes_executor']) retrieved from /home/airflow/.local/lib/python3.6/site-packages/airflow/example_dags/example_kubernetes_executor.py
[2023-09-20 04:11:27,289] {logging_mixin.py:104} INFO - [2023-09-20 04:11:27,289] {dag.py:1824} INFO - Sync 1 DAGs
[2023-09-20 04:11:27,303] {logging_mixin.py:104} INFO - [2023-09-20 04:11:27,303] {dag.py:2280} INFO - Setting next_dagrun for example_kubernetes_executor to None
[2023-09-20 04:11:27,313] {scheduler_job.py:190} INFO - Processing /home/airflow/.local/lib/python3.6/site-packages/airflow/example_dags/example_kubernetes_executor.py took 0.060 seconds
[2023-09-20 04:11:57,675] {scheduler_job.py:182} INFO - Started process (PID=5605) to work on /home/airflow/.local/lib/python3.6/site-packages/airflow/example_dags/example_kubernetes_executor.py
[2023-09-20 04:11:57,676] {scheduler_job.py:629} INFO - Processing file /home/airflow/.local/lib/python3.6/site-packages/airflow/example_dags/example_kubernetes_executor.py for tasks to queue
[2023-09-20 04:11:57,676] {logging_mixin.py:104} INFO - [2023-09-20 04:11:57,676] {dagbag.py:451} INFO - Filling up the DagBag from /home/airflow/.local/lib/python3.6/site-packages/airflow/example_dags/example_kubernetes_executor.py
[2023-09-20 04:11:57,686] {scheduler_job.py:639} INFO - DAG(s) dict_keys(['example_kubernetes_executor']) retrieved from /home/airflow/.local/lib/python3.6/site-packages/airflow/example_dags/example_kubernetes_executor.py
[2023-09-20 04:11:57,704] {logging_mixin.py:104} INFO - [2023-09-20 04:11:57,704] {dag.py:1824} INFO - Sync 1 DAGs
[2023-09-20 04:11:57,717] {logging_mixin.py:104} INFO - [2023-09-20 04:11:57,717] {dag.py:2280} INFO - Setting next_dagrun for example_kubernetes_executor to None
[2023-09-20 04:11:57,726] {scheduler_job.py:190} INFO - Processing /home/airflow/.local/lib/python3.6/site-packages/airflow/example_dags/example_kubernetes_executor.py took 0.054 seconds
[2023-09-20 04:12:27,906] {scheduler_job.py:182} INFO - Started process (PID=5745) to work on /home/airflow/.local/lib/python3.6/site-packages/airflow/example_dags/example_kubernetes_executor.py
[2023-09-20 04:12:27,907] {scheduler_job.py:629} INFO - Processing file /home/airflow/.local/lib/python3.6/site-packages/airflow/example_dags/example_kubernetes_executor.py for tasks to queue
[2023-09-20 04:12:27,907] {logging_mixin.py:104} INFO - [2023-09-20 04:12:27,907] {dagbag.py:451} INFO - Filling up the DagBag from /home/airflow/.local/lib/python3.6/site-packages/airflow/example_dags/example_kubernetes_executor.py
[2023-09-20 04:12:27,917] {scheduler_job.py:639} INFO - DAG(s) dict_keys(['example_kubernetes_executor']) retrieved from /home/airflow/.local/lib/python3.6/site-packages/airflow/example_dags/example_kubernetes_executor.py
[2023-09-20 04:12:27,934] {logging_mixin.py:104} INFO - [2023-09-20 04:12:27,934] {dag.py:1824} INFO - Sync 1 DAGs
[2023-09-20 04:12:27,946] {logging_mixin.py:104} INFO - [2023-09-20 04:12:27,945] {dag.py:2280} INFO - Setting next_dagrun for example_kubernetes_executor to None
[2023-09-20 04:12:27,954] {scheduler_job.py:190} INFO - Processing /home/airflow/.local/lib/python3.6/site-packages/airflow/example_dags/example_kubernetes_executor.py took 0.051 seconds
[2023-09-20 04:12:58,113] {scheduler_job.py:182} INFO - Started process (PID=5875) to work on /home/airflow/.local/lib/python3.6/site-packages/airflow/example_dags/example_kubernetes_executor.py
[2023-09-20 04:12:58,114] {scheduler_job.py:629} INFO - Processing file /home/airflow/.local/lib/python3.6/site-packages/airflow/example_dags/example_kubernetes_executor.py for tasks to queue
[2023-09-20 04:12:58,114] {logging_mixin.py:104} INFO - [2023-09-20 04:12:58,114] {dagbag.py:451} INFO - Filling up the DagBag from /home/airflow/.local/lib/python3.6/site-packages/airflow/example_dags/example_kubernetes_executor.py
[2023-09-20 04:12:58,124] {scheduler_job.py:639} INFO - DAG(s) dict_keys(['example_kubernetes_executor']) retrieved from /home/airflow/.local/lib/python3.6/site-packages/airflow/example_dags/example_kubernetes_executor.py
[2023-09-20 04:12:58,141] {logging_mixin.py:104} INFO - [2023-09-20 04:12:58,141] {dag.py:1824} INFO - Sync 1 DAGs
[2023-09-20 04:12:58,152] {logging_mixin.py:104} INFO - [2023-09-20 04:12:58,152] {dag.py:2280} INFO - Setting next_dagrun for example_kubernetes_executor to None
[2023-09-20 04:12:58,161] {scheduler_job.py:190} INFO - Processing /home/airflow/.local/lib/python3.6/site-packages/airflow/example_dags/example_kubernetes_executor.py took 0.051 seconds
[2023-09-20 04:13:28,354] {scheduler_job.py:182} INFO - Started process (PID=6007) to work on /home/airflow/.local/lib/python3.6/site-packages/airflow/example_dags/example_kubernetes_executor.py
[2023-09-20 04:13:28,355] {scheduler_job.py:629} INFO - Processing file /home/airflow/.local/lib/python3.6/site-packages/airflow/example_dags/example_kubernetes_executor.py for tasks to queue
[2023-09-20 04:13:28,355] {logging_mixin.py:104} INFO - [2023-09-20 04:13:28,355] {dagbag.py:451} INFO - Filling up the DagBag from /home/airflow/.local/lib/python3.6/site-packages/airflow/example_dags/example_kubernetes_executor.py
[2023-09-20 04:13:28,364] {scheduler_job.py:639} INFO - DAG(s) dict_keys(['example_kubernetes_executor']) retrieved from /home/airflow/.local/lib/python3.6/site-packages/airflow/example_dags/example_kubernetes_executor.py
[2023-09-20 04:13:28,382] {logging_mixin.py:104} INFO - [2023-09-20 04:13:28,382] {dag.py:1824} INFO - Sync 1 DAGs
[2023-09-20 04:13:28,393] {logging_mixin.py:104} INFO - [2023-09-20 04:13:28,392] {dag.py:2280} INFO - Setting next_dagrun for example_kubernetes_executor to None
[2023-09-20 04:13:28,404] {scheduler_job.py:190} INFO - Processing /home/airflow/.local/lib/python3.6/site-packages/airflow/example_dags/example_kubernetes_executor.py took 0.052 seconds
[2023-09-20 04:13:58,572] {scheduler_job.py:182} INFO - Started process (PID=6136) to work on /home/airflow/.local/lib/python3.6/site-packages/airflow/example_dags/example_kubernetes_executor.py
[2023-09-20 04:13:58,573] {scheduler_job.py:629} INFO - Processing file /home/airflow/.local/lib/python3.6/site-packages/airflow/example_dags/example_kubernetes_executor.py for tasks to queue
[2023-09-20 04:13:58,573] {logging_mixin.py:104} INFO - [2023-09-20 04:13:58,573] {dagbag.py:451} INFO - Filling up the DagBag from /home/airflow/.local/lib/python3.6/site-packages/airflow/example_dags/example_kubernetes_executor.py
[2023-09-20 04:13:58,587] {scheduler_job.py:639} INFO - DAG(s) dict_keys(['example_kubernetes_executor']) retrieved from /home/airflow/.local/lib/python3.6/site-packages/airflow/example_dags/example_kubernetes_executor.py
[2023-09-20 04:13:58,610] {logging_mixin.py:104} INFO - [2023-09-20 04:13:58,610] {dag.py:1824} INFO - Sync 1 DAGs
[2023-09-20 04:13:58,624] {logging_mixin.py:104} INFO - [2023-09-20 04:13:58,624] {dag.py:2280} INFO - Setting next_dagrun for example_kubernetes_executor to None
[2023-09-20 04:13:58,634] {scheduler_job.py:190} INFO - Processing /home/airflow/.local/lib/python3.6/site-packages/airflow/example_dags/example_kubernetes_executor.py took 0.065 seconds
