[2023-09-20 03:51:10,220] {scheduler_job.py:182} INFO - Started process (PID=250) to work on /home/airflow/.local/lib/python3.6/site-packages/airflow/example_dags/example_latest_only.py
[2023-09-20 03:51:10,221] {scheduler_job.py:629} INFO - Processing file /home/airflow/.local/lib/python3.6/site-packages/airflow/example_dags/example_latest_only.py for tasks to queue
[2023-09-20 03:51:10,221] {logging_mixin.py:104} INFO - [2023-09-20 03:51:10,221] {dagbag.py:451} INFO - Filling up the DagBag from /home/airflow/.local/lib/python3.6/site-packages/airflow/example_dags/example_latest_only.py
[2023-09-20 03:51:10,230] {scheduler_job.py:639} INFO - DAG(s) dict_keys(['latest_only']) retrieved from /home/airflow/.local/lib/python3.6/site-packages/airflow/example_dags/example_latest_only.py
[2023-09-20 03:51:10,255] {logging_mixin.py:104} INFO - [2023-09-20 03:51:10,255] {dag.py:1824} INFO - Sync 1 DAGs
[2023-09-20 03:51:10,263] {logging_mixin.py:104} INFO - [2023-09-20 03:51:10,263] {dag.py:1843} INFO - Creating ORM DAG for latest_only
[2023-09-20 03:51:10,268] {logging_mixin.py:104} INFO - [2023-09-20 03:51:10,268] {dag.py:2280} INFO - Setting next_dagrun for latest_only to 2023-09-18 00:00:00+00:00
[2023-09-20 03:51:10,280] {scheduler_job.py:190} INFO - Processing /home/airflow/.local/lib/python3.6/site-packages/airflow/example_dags/example_latest_only.py took 0.063 seconds
[2023-09-20 03:51:40,568] {scheduler_job.py:182} INFO - Started process (PID=379) to work on /home/airflow/.local/lib/python3.6/site-packages/airflow/example_dags/example_latest_only.py
[2023-09-20 03:51:40,570] {scheduler_job.py:629} INFO - Processing file /home/airflow/.local/lib/python3.6/site-packages/airflow/example_dags/example_latest_only.py for tasks to queue
[2023-09-20 03:51:40,570] {logging_mixin.py:104} INFO - [2023-09-20 03:51:40,570] {dagbag.py:451} INFO - Filling up the DagBag from /home/airflow/.local/lib/python3.6/site-packages/airflow/example_dags/example_latest_only.py
[2023-09-20 03:51:40,578] {scheduler_job.py:639} INFO - DAG(s) dict_keys(['latest_only']) retrieved from /home/airflow/.local/lib/python3.6/site-packages/airflow/example_dags/example_latest_only.py
[2023-09-20 03:51:40,596] {logging_mixin.py:104} INFO - [2023-09-20 03:51:40,596] {dag.py:1824} INFO - Sync 1 DAGs
[2023-09-20 03:51:40,612] {logging_mixin.py:104} INFO - [2023-09-20 03:51:40,612] {dag.py:2280} INFO - Setting next_dagrun for latest_only to 2023-09-18 00:00:00+00:00
[2023-09-20 03:51:40,625] {scheduler_job.py:190} INFO - Processing /home/airflow/.local/lib/python3.6/site-packages/airflow/example_dags/example_latest_only.py took 0.060 seconds
[2023-09-20 03:52:10,841] {scheduler_job.py:182} INFO - Started process (PID=510) to work on /home/airflow/.local/lib/python3.6/site-packages/airflow/example_dags/example_latest_only.py
[2023-09-20 03:52:10,842] {scheduler_job.py:629} INFO - Processing file /home/airflow/.local/lib/python3.6/site-packages/airflow/example_dags/example_latest_only.py for tasks to queue
[2023-09-20 03:52:10,843] {logging_mixin.py:104} INFO - [2023-09-20 03:52:10,843] {dagbag.py:451} INFO - Filling up the DagBag from /home/airflow/.local/lib/python3.6/site-packages/airflow/example_dags/example_latest_only.py
[2023-09-20 03:52:10,865] {scheduler_job.py:639} INFO - DAG(s) dict_keys(['latest_only']) retrieved from /home/airflow/.local/lib/python3.6/site-packages/airflow/example_dags/example_latest_only.py
[2023-09-20 03:52:10,901] {logging_mixin.py:104} INFO - [2023-09-20 03:52:10,900] {dag.py:1824} INFO - Sync 1 DAGs
[2023-09-20 03:52:10,926] {logging_mixin.py:104} INFO - [2023-09-20 03:52:10,926] {dag.py:2280} INFO - Setting next_dagrun for latest_only to 2023-09-18 00:00:00+00:00
[2023-09-20 03:52:10,946] {scheduler_job.py:190} INFO - Processing /home/airflow/.local/lib/python3.6/site-packages/airflow/example_dags/example_latest_only.py took 0.112 seconds
[2023-09-20 03:52:41,127] {scheduler_job.py:182} INFO - Started process (PID=647) to work on /home/airflow/.local/lib/python3.6/site-packages/airflow/example_dags/example_latest_only.py
[2023-09-20 03:52:41,128] {scheduler_job.py:629} INFO - Processing file /home/airflow/.local/lib/python3.6/site-packages/airflow/example_dags/example_latest_only.py for tasks to queue
[2023-09-20 03:52:41,129] {logging_mixin.py:104} INFO - [2023-09-20 03:52:41,129] {dagbag.py:451} INFO - Filling up the DagBag from /home/airflow/.local/lib/python3.6/site-packages/airflow/example_dags/example_latest_only.py
[2023-09-20 03:52:41,137] {scheduler_job.py:639} INFO - DAG(s) dict_keys(['latest_only']) retrieved from /home/airflow/.local/lib/python3.6/site-packages/airflow/example_dags/example_latest_only.py
[2023-09-20 03:52:41,155] {logging_mixin.py:104} INFO - [2023-09-20 03:52:41,155] {dag.py:1824} INFO - Sync 1 DAGs
[2023-09-20 03:52:41,168] {logging_mixin.py:104} INFO - [2023-09-20 03:52:41,167] {dag.py:2280} INFO - Setting next_dagrun for latest_only to 2023-09-18 00:00:00+00:00
[2023-09-20 03:52:41,177] {scheduler_job.py:190} INFO - Processing /home/airflow/.local/lib/python3.6/site-packages/airflow/example_dags/example_latest_only.py took 0.052 seconds
[2023-09-20 03:53:11,233] {scheduler_job.py:182} INFO - Started process (PID=810) to work on /home/airflow/.local/lib/python3.6/site-packages/airflow/example_dags/example_latest_only.py
[2023-09-20 03:53:11,233] {scheduler_job.py:629} INFO - Processing file /home/airflow/.local/lib/python3.6/site-packages/airflow/example_dags/example_latest_only.py for tasks to queue
[2023-09-20 03:53:11,234] {logging_mixin.py:104} INFO - [2023-09-20 03:53:11,234] {dagbag.py:451} INFO - Filling up the DagBag from /home/airflow/.local/lib/python3.6/site-packages/airflow/example_dags/example_latest_only.py
[2023-09-20 03:53:11,242] {scheduler_job.py:639} INFO - DAG(s) dict_keys(['latest_only']) retrieved from /home/airflow/.local/lib/python3.6/site-packages/airflow/example_dags/example_latest_only.py
[2023-09-20 03:53:11,259] {logging_mixin.py:104} INFO - [2023-09-20 03:53:11,259] {dag.py:1824} INFO - Sync 1 DAGs
[2023-09-20 03:53:11,271] {logging_mixin.py:104} INFO - [2023-09-20 03:53:11,271] {dag.py:2280} INFO - Setting next_dagrun for latest_only to 2023-09-18 00:00:00+00:00
[2023-09-20 03:53:11,279] {scheduler_job.py:190} INFO - Processing /home/airflow/.local/lib/python3.6/site-packages/airflow/example_dags/example_latest_only.py took 0.049 seconds
[2023-09-20 03:53:41,496] {scheduler_job.py:182} INFO - Started process (PID=942) to work on /home/airflow/.local/lib/python3.6/site-packages/airflow/example_dags/example_latest_only.py
[2023-09-20 03:53:41,497] {scheduler_job.py:629} INFO - Processing file /home/airflow/.local/lib/python3.6/site-packages/airflow/example_dags/example_latest_only.py for tasks to queue
[2023-09-20 03:53:41,497] {logging_mixin.py:104} INFO - [2023-09-20 03:53:41,497] {dagbag.py:451} INFO - Filling up the DagBag from /home/airflow/.local/lib/python3.6/site-packages/airflow/example_dags/example_latest_only.py
[2023-09-20 03:53:41,505] {scheduler_job.py:639} INFO - DAG(s) dict_keys(['latest_only']) retrieved from /home/airflow/.local/lib/python3.6/site-packages/airflow/example_dags/example_latest_only.py
[2023-09-20 03:53:41,521] {logging_mixin.py:104} INFO - [2023-09-20 03:53:41,521] {dag.py:1824} INFO - Sync 1 DAGs
[2023-09-20 03:53:41,533] {logging_mixin.py:104} INFO - [2023-09-20 03:53:41,533] {dag.py:2280} INFO - Setting next_dagrun for latest_only to 2023-09-18 00:00:00+00:00
[2023-09-20 03:53:41,541] {scheduler_job.py:190} INFO - Processing /home/airflow/.local/lib/python3.6/site-packages/airflow/example_dags/example_latest_only.py took 0.048 seconds
[2023-09-20 03:54:11,587] {scheduler_job.py:182} INFO - Started process (PID=1072) to work on /home/airflow/.local/lib/python3.6/site-packages/airflow/example_dags/example_latest_only.py
[2023-09-20 03:54:11,588] {scheduler_job.py:629} INFO - Processing file /home/airflow/.local/lib/python3.6/site-packages/airflow/example_dags/example_latest_only.py for tasks to queue
[2023-09-20 03:54:11,589] {logging_mixin.py:104} INFO - [2023-09-20 03:54:11,589] {dagbag.py:451} INFO - Filling up the DagBag from /home/airflow/.local/lib/python3.6/site-packages/airflow/example_dags/example_latest_only.py
[2023-09-20 03:54:11,596] {scheduler_job.py:639} INFO - DAG(s) dict_keys(['latest_only']) retrieved from /home/airflow/.local/lib/python3.6/site-packages/airflow/example_dags/example_latest_only.py
[2023-09-20 03:54:11,612] {logging_mixin.py:104} INFO - [2023-09-20 03:54:11,612] {dag.py:1824} INFO - Sync 1 DAGs
[2023-09-20 03:54:11,623] {logging_mixin.py:104} INFO - [2023-09-20 03:54:11,623] {dag.py:2280} INFO - Setting next_dagrun for latest_only to 2023-09-18 00:00:00+00:00
[2023-09-20 03:54:11,634] {scheduler_job.py:190} INFO - Processing /home/airflow/.local/lib/python3.6/site-packages/airflow/example_dags/example_latest_only.py took 0.050 seconds
[2023-09-20 03:54:41,745] {scheduler_job.py:182} INFO - Started process (PID=1202) to work on /home/airflow/.local/lib/python3.6/site-packages/airflow/example_dags/example_latest_only.py
[2023-09-20 03:54:41,746] {scheduler_job.py:629} INFO - Processing file /home/airflow/.local/lib/python3.6/site-packages/airflow/example_dags/example_latest_only.py for tasks to queue
[2023-09-20 03:54:41,747] {logging_mixin.py:104} INFO - [2023-09-20 03:54:41,747] {dagbag.py:451} INFO - Filling up the DagBag from /home/airflow/.local/lib/python3.6/site-packages/airflow/example_dags/example_latest_only.py
[2023-09-20 03:54:41,755] {scheduler_job.py:639} INFO - DAG(s) dict_keys(['latest_only']) retrieved from /home/airflow/.local/lib/python3.6/site-packages/airflow/example_dags/example_latest_only.py
[2023-09-20 03:54:41,772] {logging_mixin.py:104} INFO - [2023-09-20 03:54:41,772] {dag.py:1824} INFO - Sync 1 DAGs
[2023-09-20 03:54:41,785] {logging_mixin.py:104} INFO - [2023-09-20 03:54:41,784] {dag.py:2280} INFO - Setting next_dagrun for latest_only to 2023-09-18 00:00:00+00:00
[2023-09-20 03:54:41,795] {scheduler_job.py:190} INFO - Processing /home/airflow/.local/lib/python3.6/site-packages/airflow/example_dags/example_latest_only.py took 0.052 seconds
[2023-09-20 03:55:12,724] {scheduler_job.py:182} INFO - Started process (PID=1320) to work on /home/airflow/.local/lib/python3.6/site-packages/airflow/example_dags/example_latest_only.py
[2023-09-20 03:55:12,724] {scheduler_job.py:629} INFO - Processing file /home/airflow/.local/lib/python3.6/site-packages/airflow/example_dags/example_latest_only.py for tasks to queue
[2023-09-20 03:55:12,725] {logging_mixin.py:104} INFO - [2023-09-20 03:55:12,725] {dagbag.py:451} INFO - Filling up the DagBag from /home/airflow/.local/lib/python3.6/site-packages/airflow/example_dags/example_latest_only.py
[2023-09-20 03:55:12,733] {scheduler_job.py:639} INFO - DAG(s) dict_keys(['latest_only']) retrieved from /home/airflow/.local/lib/python3.6/site-packages/airflow/example_dags/example_latest_only.py
[2023-09-20 03:55:12,750] {logging_mixin.py:104} INFO - [2023-09-20 03:55:12,750] {dag.py:1824} INFO - Sync 1 DAGs
[2023-09-20 03:55:12,763] {logging_mixin.py:104} INFO - [2023-09-20 03:55:12,763] {dag.py:2280} INFO - Setting next_dagrun for latest_only to 2023-09-18 00:00:00+00:00
[2023-09-20 03:55:12,773] {scheduler_job.py:190} INFO - Processing /home/airflow/.local/lib/python3.6/site-packages/airflow/example_dags/example_latest_only.py took 0.052 seconds
[2023-09-20 03:55:43,709] {scheduler_job.py:182} INFO - Started process (PID=1452) to work on /home/airflow/.local/lib/python3.6/site-packages/airflow/example_dags/example_latest_only.py
[2023-09-20 03:55:43,710] {scheduler_job.py:629} INFO - Processing file /home/airflow/.local/lib/python3.6/site-packages/airflow/example_dags/example_latest_only.py for tasks to queue
[2023-09-20 03:55:43,711] {logging_mixin.py:104} INFO - [2023-09-20 03:55:43,711] {dagbag.py:451} INFO - Filling up the DagBag from /home/airflow/.local/lib/python3.6/site-packages/airflow/example_dags/example_latest_only.py
[2023-09-20 03:55:43,722] {scheduler_job.py:639} INFO - DAG(s) dict_keys(['latest_only']) retrieved from /home/airflow/.local/lib/python3.6/site-packages/airflow/example_dags/example_latest_only.py
[2023-09-20 03:55:43,741] {logging_mixin.py:104} INFO - [2023-09-20 03:55:43,741] {dag.py:1824} INFO - Sync 1 DAGs
[2023-09-20 03:55:43,755] {logging_mixin.py:104} INFO - [2023-09-20 03:55:43,755] {dag.py:2280} INFO - Setting next_dagrun for latest_only to 2023-09-18 00:00:00+00:00
[2023-09-20 03:55:43,767] {scheduler_job.py:190} INFO - Processing /home/airflow/.local/lib/python3.6/site-packages/airflow/example_dags/example_latest_only.py took 0.061 seconds
[2023-09-20 03:56:14,645] {scheduler_job.py:182} INFO - Started process (PID=1580) to work on /home/airflow/.local/lib/python3.6/site-packages/airflow/example_dags/example_latest_only.py
[2023-09-20 03:56:14,646] {scheduler_job.py:629} INFO - Processing file /home/airflow/.local/lib/python3.6/site-packages/airflow/example_dags/example_latest_only.py for tasks to queue
[2023-09-20 03:56:14,646] {logging_mixin.py:104} INFO - [2023-09-20 03:56:14,646] {dagbag.py:451} INFO - Filling up the DagBag from /home/airflow/.local/lib/python3.6/site-packages/airflow/example_dags/example_latest_only.py
[2023-09-20 03:56:14,654] {scheduler_job.py:639} INFO - DAG(s) dict_keys(['latest_only']) retrieved from /home/airflow/.local/lib/python3.6/site-packages/airflow/example_dags/example_latest_only.py
[2023-09-20 03:56:14,671] {logging_mixin.py:104} INFO - [2023-09-20 03:56:14,671] {dag.py:1824} INFO - Sync 1 DAGs
[2023-09-20 03:56:14,685] {logging_mixin.py:104} INFO - [2023-09-20 03:56:14,685] {dag.py:2280} INFO - Setting next_dagrun for latest_only to 2023-09-18 00:00:00+00:00
[2023-09-20 03:56:14,696] {scheduler_job.py:190} INFO - Processing /home/airflow/.local/lib/python3.6/site-packages/airflow/example_dags/example_latest_only.py took 0.055 seconds
[2023-09-20 03:56:45,607] {scheduler_job.py:182} INFO - Started process (PID=1710) to work on /home/airflow/.local/lib/python3.6/site-packages/airflow/example_dags/example_latest_only.py
[2023-09-20 03:56:45,608] {scheduler_job.py:629} INFO - Processing file /home/airflow/.local/lib/python3.6/site-packages/airflow/example_dags/example_latest_only.py for tasks to queue
[2023-09-20 03:56:45,609] {logging_mixin.py:104} INFO - [2023-09-20 03:56:45,608] {dagbag.py:451} INFO - Filling up the DagBag from /home/airflow/.local/lib/python3.6/site-packages/airflow/example_dags/example_latest_only.py
[2023-09-20 03:56:45,616] {scheduler_job.py:639} INFO - DAG(s) dict_keys(['latest_only']) retrieved from /home/airflow/.local/lib/python3.6/site-packages/airflow/example_dags/example_latest_only.py
[2023-09-20 03:56:45,634] {logging_mixin.py:104} INFO - [2023-09-20 03:56:45,634] {dag.py:1824} INFO - Sync 1 DAGs
[2023-09-20 03:56:45,647] {logging_mixin.py:104} INFO - [2023-09-20 03:56:45,647] {dag.py:2280} INFO - Setting next_dagrun for latest_only to 2023-09-18 00:00:00+00:00
[2023-09-20 03:56:45,655] {scheduler_job.py:190} INFO - Processing /home/airflow/.local/lib/python3.6/site-packages/airflow/example_dags/example_latest_only.py took 0.050 seconds
[2023-09-20 03:57:16,716] {scheduler_job.py:182} INFO - Started process (PID=1842) to work on /home/airflow/.local/lib/python3.6/site-packages/airflow/example_dags/example_latest_only.py
[2023-09-20 03:57:16,717] {scheduler_job.py:629} INFO - Processing file /home/airflow/.local/lib/python3.6/site-packages/airflow/example_dags/example_latest_only.py for tasks to queue
[2023-09-20 03:57:16,717] {logging_mixin.py:104} INFO - [2023-09-20 03:57:16,717] {dagbag.py:451} INFO - Filling up the DagBag from /home/airflow/.local/lib/python3.6/site-packages/airflow/example_dags/example_latest_only.py
[2023-09-20 03:57:16,725] {scheduler_job.py:639} INFO - DAG(s) dict_keys(['latest_only']) retrieved from /home/airflow/.local/lib/python3.6/site-packages/airflow/example_dags/example_latest_only.py
[2023-09-20 03:57:16,743] {logging_mixin.py:104} INFO - [2023-09-20 03:57:16,743] {dag.py:1824} INFO - Sync 1 DAGs
[2023-09-20 03:57:16,754] {logging_mixin.py:104} INFO - [2023-09-20 03:57:16,754] {dag.py:2280} INFO - Setting next_dagrun for latest_only to 2023-09-18 00:00:00+00:00
[2023-09-20 03:57:16,764] {scheduler_job.py:190} INFO - Processing /home/airflow/.local/lib/python3.6/site-packages/airflow/example_dags/example_latest_only.py took 0.051 seconds
[2023-09-20 03:57:46,844] {scheduler_job.py:182} INFO - Started process (PID=1974) to work on /home/airflow/.local/lib/python3.6/site-packages/airflow/example_dags/example_latest_only.py
[2023-09-20 03:57:46,845] {scheduler_job.py:629} INFO - Processing file /home/airflow/.local/lib/python3.6/site-packages/airflow/example_dags/example_latest_only.py for tasks to queue
[2023-09-20 03:57:46,846] {logging_mixin.py:104} INFO - [2023-09-20 03:57:46,846] {dagbag.py:451} INFO - Filling up the DagBag from /home/airflow/.local/lib/python3.6/site-packages/airflow/example_dags/example_latest_only.py
[2023-09-20 03:57:46,854] {scheduler_job.py:639} INFO - DAG(s) dict_keys(['latest_only']) retrieved from /home/airflow/.local/lib/python3.6/site-packages/airflow/example_dags/example_latest_only.py
[2023-09-20 03:57:46,870] {logging_mixin.py:104} INFO - [2023-09-20 03:57:46,870] {dag.py:1824} INFO - Sync 1 DAGs
[2023-09-20 03:57:46,881] {logging_mixin.py:104} INFO - [2023-09-20 03:57:46,881] {dag.py:2280} INFO - Setting next_dagrun for latest_only to 2023-09-18 00:00:00+00:00
[2023-09-20 03:57:46,893] {scheduler_job.py:190} INFO - Processing /home/airflow/.local/lib/python3.6/site-packages/airflow/example_dags/example_latest_only.py took 0.051 seconds
[2023-09-20 03:58:16,968] {scheduler_job.py:182} INFO - Started process (PID=2104) to work on /home/airflow/.local/lib/python3.6/site-packages/airflow/example_dags/example_latest_only.py
[2023-09-20 03:58:16,969] {scheduler_job.py:629} INFO - Processing file /home/airflow/.local/lib/python3.6/site-packages/airflow/example_dags/example_latest_only.py for tasks to queue
[2023-09-20 03:58:16,969] {logging_mixin.py:104} INFO - [2023-09-20 03:58:16,969] {dagbag.py:451} INFO - Filling up the DagBag from /home/airflow/.local/lib/python3.6/site-packages/airflow/example_dags/example_latest_only.py
[2023-09-20 03:58:16,979] {scheduler_job.py:639} INFO - DAG(s) dict_keys(['latest_only']) retrieved from /home/airflow/.local/lib/python3.6/site-packages/airflow/example_dags/example_latest_only.py
[2023-09-20 03:58:16,997] {logging_mixin.py:104} INFO - [2023-09-20 03:58:16,997] {dag.py:1824} INFO - Sync 1 DAGs
[2023-09-20 03:58:17,008] {logging_mixin.py:104} INFO - [2023-09-20 03:58:17,008] {dag.py:2280} INFO - Setting next_dagrun for latest_only to 2023-09-18 00:00:00+00:00
[2023-09-20 03:58:17,020] {scheduler_job.py:190} INFO - Processing /home/airflow/.local/lib/python3.6/site-packages/airflow/example_dags/example_latest_only.py took 0.054 seconds
[2023-09-20 03:58:47,042] {scheduler_job.py:182} INFO - Started process (PID=2229) to work on /home/airflow/.local/lib/python3.6/site-packages/airflow/example_dags/example_latest_only.py
[2023-09-20 03:58:47,043] {scheduler_job.py:629} INFO - Processing file /home/airflow/.local/lib/python3.6/site-packages/airflow/example_dags/example_latest_only.py for tasks to queue
[2023-09-20 03:58:47,043] {logging_mixin.py:104} INFO - [2023-09-20 03:58:47,043] {dagbag.py:451} INFO - Filling up the DagBag from /home/airflow/.local/lib/python3.6/site-packages/airflow/example_dags/example_latest_only.py
[2023-09-20 03:58:47,051] {scheduler_job.py:639} INFO - DAG(s) dict_keys(['latest_only']) retrieved from /home/airflow/.local/lib/python3.6/site-packages/airflow/example_dags/example_latest_only.py
[2023-09-20 03:58:47,071] {logging_mixin.py:104} INFO - [2023-09-20 03:58:47,070] {dag.py:1824} INFO - Sync 1 DAGs
[2023-09-20 03:58:47,086] {logging_mixin.py:104} INFO - [2023-09-20 03:58:47,086] {dag.py:2280} INFO - Setting next_dagrun for latest_only to 2023-09-18 00:00:00+00:00
[2023-09-20 03:58:47,099] {scheduler_job.py:190} INFO - Processing /home/airflow/.local/lib/python3.6/site-packages/airflow/example_dags/example_latest_only.py took 0.059 seconds
[2023-09-20 03:59:17,218] {scheduler_job.py:182} INFO - Started process (PID=2360) to work on /home/airflow/.local/lib/python3.6/site-packages/airflow/example_dags/example_latest_only.py
[2023-09-20 03:59:17,221] {scheduler_job.py:629} INFO - Processing file /home/airflow/.local/lib/python3.6/site-packages/airflow/example_dags/example_latest_only.py for tasks to queue
[2023-09-20 03:59:17,222] {logging_mixin.py:104} INFO - [2023-09-20 03:59:17,222] {dagbag.py:451} INFO - Filling up the DagBag from /home/airflow/.local/lib/python3.6/site-packages/airflow/example_dags/example_latest_only.py
[2023-09-20 03:59:17,235] {scheduler_job.py:639} INFO - DAG(s) dict_keys(['latest_only']) retrieved from /home/airflow/.local/lib/python3.6/site-packages/airflow/example_dags/example_latest_only.py
[2023-09-20 03:59:17,254] {logging_mixin.py:104} INFO - [2023-09-20 03:59:17,253] {dag.py:1824} INFO - Sync 1 DAGs
[2023-09-20 03:59:17,267] {logging_mixin.py:104} INFO - [2023-09-20 03:59:17,267] {dag.py:2280} INFO - Setting next_dagrun for latest_only to 2023-09-18 00:00:00+00:00
[2023-09-20 03:59:17,278] {scheduler_job.py:190} INFO - Processing /home/airflow/.local/lib/python3.6/site-packages/airflow/example_dags/example_latest_only.py took 0.064 seconds
[2023-09-20 03:59:47,341] {scheduler_job.py:182} INFO - Started process (PID=2490) to work on /home/airflow/.local/lib/python3.6/site-packages/airflow/example_dags/example_latest_only.py
[2023-09-20 03:59:47,342] {scheduler_job.py:629} INFO - Processing file /home/airflow/.local/lib/python3.6/site-packages/airflow/example_dags/example_latest_only.py for tasks to queue
[2023-09-20 03:59:47,343] {logging_mixin.py:104} INFO - [2023-09-20 03:59:47,342] {dagbag.py:451} INFO - Filling up the DagBag from /home/airflow/.local/lib/python3.6/site-packages/airflow/example_dags/example_latest_only.py
[2023-09-20 03:59:47,353] {scheduler_job.py:639} INFO - DAG(s) dict_keys(['latest_only']) retrieved from /home/airflow/.local/lib/python3.6/site-packages/airflow/example_dags/example_latest_only.py
[2023-09-20 03:59:47,372] {logging_mixin.py:104} INFO - [2023-09-20 03:59:47,372] {dag.py:1824} INFO - Sync 1 DAGs
[2023-09-20 03:59:47,385] {logging_mixin.py:104} INFO - [2023-09-20 03:59:47,385] {dag.py:2280} INFO - Setting next_dagrun for latest_only to 2023-09-18 00:00:00+00:00
[2023-09-20 03:59:47,395] {scheduler_job.py:190} INFO - Processing /home/airflow/.local/lib/python3.6/site-packages/airflow/example_dags/example_latest_only.py took 0.057 seconds
[2023-09-20 04:00:17,711] {scheduler_job.py:182} INFO - Started process (PID=2622) to work on /home/airflow/.local/lib/python3.6/site-packages/airflow/example_dags/example_latest_only.py
[2023-09-20 04:00:17,712] {scheduler_job.py:629} INFO - Processing file /home/airflow/.local/lib/python3.6/site-packages/airflow/example_dags/example_latest_only.py for tasks to queue
[2023-09-20 04:00:17,712] {logging_mixin.py:104} INFO - [2023-09-20 04:00:17,712] {dagbag.py:451} INFO - Filling up the DagBag from /home/airflow/.local/lib/python3.6/site-packages/airflow/example_dags/example_latest_only.py
[2023-09-20 04:00:17,721] {scheduler_job.py:639} INFO - DAG(s) dict_keys(['latest_only']) retrieved from /home/airflow/.local/lib/python3.6/site-packages/airflow/example_dags/example_latest_only.py
[2023-09-20 04:00:17,738] {logging_mixin.py:104} INFO - [2023-09-20 04:00:17,738] {dag.py:1824} INFO - Sync 1 DAGs
[2023-09-20 04:00:17,750] {logging_mixin.py:104} INFO - [2023-09-20 04:00:17,750] {dag.py:2280} INFO - Setting next_dagrun for latest_only to 2023-09-18 00:00:00+00:00
[2023-09-20 04:00:17,763] {scheduler_job.py:190} INFO - Processing /home/airflow/.local/lib/python3.6/site-packages/airflow/example_dags/example_latest_only.py took 0.054 seconds
[2023-09-20 04:00:47,780] {scheduler_job.py:182} INFO - Started process (PID=2752) to work on /home/airflow/.local/lib/python3.6/site-packages/airflow/example_dags/example_latest_only.py
[2023-09-20 04:00:47,780] {scheduler_job.py:629} INFO - Processing file /home/airflow/.local/lib/python3.6/site-packages/airflow/example_dags/example_latest_only.py for tasks to queue
[2023-09-20 04:00:47,781] {logging_mixin.py:104} INFO - [2023-09-20 04:00:47,781] {dagbag.py:451} INFO - Filling up the DagBag from /home/airflow/.local/lib/python3.6/site-packages/airflow/example_dags/example_latest_only.py
[2023-09-20 04:00:47,789] {scheduler_job.py:639} INFO - DAG(s) dict_keys(['latest_only']) retrieved from /home/airflow/.local/lib/python3.6/site-packages/airflow/example_dags/example_latest_only.py
[2023-09-20 04:00:47,805] {logging_mixin.py:104} INFO - [2023-09-20 04:00:47,805] {dag.py:1824} INFO - Sync 1 DAGs
[2023-09-20 04:00:47,815] {logging_mixin.py:104} INFO - [2023-09-20 04:00:47,815] {dag.py:2280} INFO - Setting next_dagrun for latest_only to 2023-09-18 00:00:00+00:00
[2023-09-20 04:00:47,825] {scheduler_job.py:190} INFO - Processing /home/airflow/.local/lib/python3.6/site-packages/airflow/example_dags/example_latest_only.py took 0.048 seconds
[2023-09-20 04:01:17,991] {scheduler_job.py:182} INFO - Started process (PID=2879) to work on /home/airflow/.local/lib/python3.6/site-packages/airflow/example_dags/example_latest_only.py
[2023-09-20 04:01:17,993] {scheduler_job.py:629} INFO - Processing file /home/airflow/.local/lib/python3.6/site-packages/airflow/example_dags/example_latest_only.py for tasks to queue
[2023-09-20 04:01:17,993] {logging_mixin.py:104} INFO - [2023-09-20 04:01:17,993] {dagbag.py:451} INFO - Filling up the DagBag from /home/airflow/.local/lib/python3.6/site-packages/airflow/example_dags/example_latest_only.py
[2023-09-20 04:01:18,001] {scheduler_job.py:639} INFO - DAG(s) dict_keys(['latest_only']) retrieved from /home/airflow/.local/lib/python3.6/site-packages/airflow/example_dags/example_latest_only.py
[2023-09-20 04:01:18,018] {logging_mixin.py:104} INFO - [2023-09-20 04:01:18,017] {dag.py:1824} INFO - Sync 1 DAGs
[2023-09-20 04:01:18,029] {logging_mixin.py:104} INFO - [2023-09-20 04:01:18,029] {dag.py:2280} INFO - Setting next_dagrun for latest_only to 2023-09-18 00:00:00+00:00
[2023-09-20 04:01:18,040] {scheduler_job.py:190} INFO - Processing /home/airflow/.local/lib/python3.6/site-packages/airflow/example_dags/example_latest_only.py took 0.051 seconds
[2023-09-20 04:01:48,109] {scheduler_job.py:182} INFO - Started process (PID=3009) to work on /home/airflow/.local/lib/python3.6/site-packages/airflow/example_dags/example_latest_only.py
[2023-09-20 04:01:48,110] {scheduler_job.py:629} INFO - Processing file /home/airflow/.local/lib/python3.6/site-packages/airflow/example_dags/example_latest_only.py for tasks to queue
[2023-09-20 04:01:48,110] {logging_mixin.py:104} INFO - [2023-09-20 04:01:48,110] {dagbag.py:451} INFO - Filling up the DagBag from /home/airflow/.local/lib/python3.6/site-packages/airflow/example_dags/example_latest_only.py
[2023-09-20 04:01:48,118] {scheduler_job.py:639} INFO - DAG(s) dict_keys(['latest_only']) retrieved from /home/airflow/.local/lib/python3.6/site-packages/airflow/example_dags/example_latest_only.py
[2023-09-20 04:01:48,136] {logging_mixin.py:104} INFO - [2023-09-20 04:01:48,136] {dag.py:1824} INFO - Sync 1 DAGs
[2023-09-20 04:01:48,148] {logging_mixin.py:104} INFO - [2023-09-20 04:01:48,148] {dag.py:2280} INFO - Setting next_dagrun for latest_only to 2023-09-18 00:00:00+00:00
[2023-09-20 04:01:48,157] {scheduler_job.py:190} INFO - Processing /home/airflow/.local/lib/python3.6/site-packages/airflow/example_dags/example_latest_only.py took 0.051 seconds
[2023-09-20 04:02:18,181] {scheduler_job.py:182} INFO - Started process (PID=3139) to work on /home/airflow/.local/lib/python3.6/site-packages/airflow/example_dags/example_latest_only.py
[2023-09-20 04:02:18,181] {scheduler_job.py:629} INFO - Processing file /home/airflow/.local/lib/python3.6/site-packages/airflow/example_dags/example_latest_only.py for tasks to queue
[2023-09-20 04:02:18,182] {logging_mixin.py:104} INFO - [2023-09-20 04:02:18,182] {dagbag.py:451} INFO - Filling up the DagBag from /home/airflow/.local/lib/python3.6/site-packages/airflow/example_dags/example_latest_only.py
[2023-09-20 04:02:18,190] {scheduler_job.py:639} INFO - DAG(s) dict_keys(['latest_only']) retrieved from /home/airflow/.local/lib/python3.6/site-packages/airflow/example_dags/example_latest_only.py
[2023-09-20 04:02:18,208] {logging_mixin.py:104} INFO - [2023-09-20 04:02:18,208] {dag.py:1824} INFO - Sync 1 DAGs
[2023-09-20 04:02:18,220] {logging_mixin.py:104} INFO - [2023-09-20 04:02:18,220] {dag.py:2280} INFO - Setting next_dagrun for latest_only to 2023-09-18 00:00:00+00:00
[2023-09-20 04:02:18,229] {scheduler_job.py:190} INFO - Processing /home/airflow/.local/lib/python3.6/site-packages/airflow/example_dags/example_latest_only.py took 0.052 seconds
[2023-09-20 04:02:49,122] {scheduler_job.py:182} INFO - Started process (PID=3265) to work on /home/airflow/.local/lib/python3.6/site-packages/airflow/example_dags/example_latest_only.py
[2023-09-20 04:02:49,123] {scheduler_job.py:629} INFO - Processing file /home/airflow/.local/lib/python3.6/site-packages/airflow/example_dags/example_latest_only.py for tasks to queue
[2023-09-20 04:02:49,123] {logging_mixin.py:104} INFO - [2023-09-20 04:02:49,123] {dagbag.py:451} INFO - Filling up the DagBag from /home/airflow/.local/lib/python3.6/site-packages/airflow/example_dags/example_latest_only.py
[2023-09-20 04:02:49,131] {scheduler_job.py:639} INFO - DAG(s) dict_keys(['latest_only']) retrieved from /home/airflow/.local/lib/python3.6/site-packages/airflow/example_dags/example_latest_only.py
[2023-09-20 04:02:49,150] {logging_mixin.py:104} INFO - [2023-09-20 04:02:49,150] {dag.py:1824} INFO - Sync 1 DAGs
[2023-09-20 04:02:49,161] {logging_mixin.py:104} INFO - [2023-09-20 04:02:49,161] {dag.py:2280} INFO - Setting next_dagrun for latest_only to 2023-09-18 00:00:00+00:00
[2023-09-20 04:02:49,170] {scheduler_job.py:190} INFO - Processing /home/airflow/.local/lib/python3.6/site-packages/airflow/example_dags/example_latest_only.py took 0.051 seconds
[2023-09-20 04:03:20,136] {scheduler_job.py:182} INFO - Started process (PID=3395) to work on /home/airflow/.local/lib/python3.6/site-packages/airflow/example_dags/example_latest_only.py
[2023-09-20 04:03:20,137] {scheduler_job.py:629} INFO - Processing file /home/airflow/.local/lib/python3.6/site-packages/airflow/example_dags/example_latest_only.py for tasks to queue
[2023-09-20 04:03:20,137] {logging_mixin.py:104} INFO - [2023-09-20 04:03:20,137] {dagbag.py:451} INFO - Filling up the DagBag from /home/airflow/.local/lib/python3.6/site-packages/airflow/example_dags/example_latest_only.py
[2023-09-20 04:03:20,145] {scheduler_job.py:639} INFO - DAG(s) dict_keys(['latest_only']) retrieved from /home/airflow/.local/lib/python3.6/site-packages/airflow/example_dags/example_latest_only.py
[2023-09-20 04:03:20,164] {logging_mixin.py:104} INFO - [2023-09-20 04:03:20,164] {dag.py:1824} INFO - Sync 1 DAGs
[2023-09-20 04:03:20,175] {logging_mixin.py:104} INFO - [2023-09-20 04:03:20,175] {dag.py:2280} INFO - Setting next_dagrun for latest_only to 2023-09-18 00:00:00+00:00
[2023-09-20 04:03:20,184] {scheduler_job.py:190} INFO - Processing /home/airflow/.local/lib/python3.6/site-packages/airflow/example_dags/example_latest_only.py took 0.051 seconds
[2023-09-20 04:03:51,144] {scheduler_job.py:182} INFO - Started process (PID=3525) to work on /home/airflow/.local/lib/python3.6/site-packages/airflow/example_dags/example_latest_only.py
[2023-09-20 04:03:51,145] {scheduler_job.py:629} INFO - Processing file /home/airflow/.local/lib/python3.6/site-packages/airflow/example_dags/example_latest_only.py for tasks to queue
[2023-09-20 04:03:51,146] {logging_mixin.py:104} INFO - [2023-09-20 04:03:51,146] {dagbag.py:451} INFO - Filling up the DagBag from /home/airflow/.local/lib/python3.6/site-packages/airflow/example_dags/example_latest_only.py
[2023-09-20 04:03:51,154] {scheduler_job.py:639} INFO - DAG(s) dict_keys(['latest_only']) retrieved from /home/airflow/.local/lib/python3.6/site-packages/airflow/example_dags/example_latest_only.py
[2023-09-20 04:03:51,172] {logging_mixin.py:104} INFO - [2023-09-20 04:03:51,172] {dag.py:1824} INFO - Sync 1 DAGs
[2023-09-20 04:03:51,184] {logging_mixin.py:104} INFO - [2023-09-20 04:03:51,184] {dag.py:2280} INFO - Setting next_dagrun for latest_only to 2023-09-18 00:00:00+00:00
[2023-09-20 04:03:51,193] {scheduler_job.py:190} INFO - Processing /home/airflow/.local/lib/python3.6/site-packages/airflow/example_dags/example_latest_only.py took 0.052 seconds
[2023-09-20 04:04:22,173] {scheduler_job.py:182} INFO - Started process (PID=3655) to work on /home/airflow/.local/lib/python3.6/site-packages/airflow/example_dags/example_latest_only.py
[2023-09-20 04:04:22,174] {scheduler_job.py:629} INFO - Processing file /home/airflow/.local/lib/python3.6/site-packages/airflow/example_dags/example_latest_only.py for tasks to queue
[2023-09-20 04:04:22,175] {logging_mixin.py:104} INFO - [2023-09-20 04:04:22,175] {dagbag.py:451} INFO - Filling up the DagBag from /home/airflow/.local/lib/python3.6/site-packages/airflow/example_dags/example_latest_only.py
[2023-09-20 04:04:22,183] {scheduler_job.py:639} INFO - DAG(s) dict_keys(['latest_only']) retrieved from /home/airflow/.local/lib/python3.6/site-packages/airflow/example_dags/example_latest_only.py
[2023-09-20 04:04:22,201] {logging_mixin.py:104} INFO - [2023-09-20 04:04:22,201] {dag.py:1824} INFO - Sync 1 DAGs
[2023-09-20 04:04:22,217] {logging_mixin.py:104} INFO - [2023-09-20 04:04:22,217] {dag.py:2280} INFO - Setting next_dagrun for latest_only to 2023-09-18 00:00:00+00:00
[2023-09-20 04:04:22,227] {scheduler_job.py:190} INFO - Processing /home/airflow/.local/lib/python3.6/site-packages/airflow/example_dags/example_latest_only.py took 0.057 seconds
[2023-09-20 04:04:53,183] {scheduler_job.py:182} INFO - Started process (PID=3785) to work on /home/airflow/.local/lib/python3.6/site-packages/airflow/example_dags/example_latest_only.py
[2023-09-20 04:04:53,184] {scheduler_job.py:629} INFO - Processing file /home/airflow/.local/lib/python3.6/site-packages/airflow/example_dags/example_latest_only.py for tasks to queue
[2023-09-20 04:04:53,185] {logging_mixin.py:104} INFO - [2023-09-20 04:04:53,185] {dagbag.py:451} INFO - Filling up the DagBag from /home/airflow/.local/lib/python3.6/site-packages/airflow/example_dags/example_latest_only.py
[2023-09-20 04:04:53,193] {scheduler_job.py:639} INFO - DAG(s) dict_keys(['latest_only']) retrieved from /home/airflow/.local/lib/python3.6/site-packages/airflow/example_dags/example_latest_only.py
[2023-09-20 04:04:53,211] {logging_mixin.py:104} INFO - [2023-09-20 04:04:53,210] {dag.py:1824} INFO - Sync 1 DAGs
[2023-09-20 04:04:53,223] {logging_mixin.py:104} INFO - [2023-09-20 04:04:53,223] {dag.py:2280} INFO - Setting next_dagrun for latest_only to 2023-09-18 00:00:00+00:00
[2023-09-20 04:04:53,232] {scheduler_job.py:190} INFO - Processing /home/airflow/.local/lib/python3.6/site-packages/airflow/example_dags/example_latest_only.py took 0.051 seconds
[2023-09-20 04:05:24,236] {scheduler_job.py:182} INFO - Started process (PID=3915) to work on /home/airflow/.local/lib/python3.6/site-packages/airflow/example_dags/example_latest_only.py
[2023-09-20 04:05:24,237] {scheduler_job.py:629} INFO - Processing file /home/airflow/.local/lib/python3.6/site-packages/airflow/example_dags/example_latest_only.py for tasks to queue
[2023-09-20 04:05:24,237] {logging_mixin.py:104} INFO - [2023-09-20 04:05:24,237] {dagbag.py:451} INFO - Filling up the DagBag from /home/airflow/.local/lib/python3.6/site-packages/airflow/example_dags/example_latest_only.py
[2023-09-20 04:05:24,246] {scheduler_job.py:639} INFO - DAG(s) dict_keys(['latest_only']) retrieved from /home/airflow/.local/lib/python3.6/site-packages/airflow/example_dags/example_latest_only.py
[2023-09-20 04:05:24,265] {logging_mixin.py:104} INFO - [2023-09-20 04:05:24,265] {dag.py:1824} INFO - Sync 1 DAGs
[2023-09-20 04:05:24,277] {logging_mixin.py:104} INFO - [2023-09-20 04:05:24,277] {dag.py:2280} INFO - Setting next_dagrun for latest_only to 2023-09-18 00:00:00+00:00
[2023-09-20 04:05:24,286] {scheduler_job.py:190} INFO - Processing /home/airflow/.local/lib/python3.6/site-packages/airflow/example_dags/example_latest_only.py took 0.053 seconds
[2023-09-20 04:05:55,258] {scheduler_job.py:182} INFO - Started process (PID=4045) to work on /home/airflow/.local/lib/python3.6/site-packages/airflow/example_dags/example_latest_only.py
[2023-09-20 04:05:55,259] {scheduler_job.py:629} INFO - Processing file /home/airflow/.local/lib/python3.6/site-packages/airflow/example_dags/example_latest_only.py for tasks to queue
[2023-09-20 04:05:55,259] {logging_mixin.py:104} INFO - [2023-09-20 04:05:55,259] {dagbag.py:451} INFO - Filling up the DagBag from /home/airflow/.local/lib/python3.6/site-packages/airflow/example_dags/example_latest_only.py
[2023-09-20 04:05:55,267] {scheduler_job.py:639} INFO - DAG(s) dict_keys(['latest_only']) retrieved from /home/airflow/.local/lib/python3.6/site-packages/airflow/example_dags/example_latest_only.py
[2023-09-20 04:05:55,285] {logging_mixin.py:104} INFO - [2023-09-20 04:05:55,285] {dag.py:1824} INFO - Sync 1 DAGs
[2023-09-20 04:05:55,297] {logging_mixin.py:104} INFO - [2023-09-20 04:05:55,297] {dag.py:2280} INFO - Setting next_dagrun for latest_only to 2023-09-18 00:00:00+00:00
[2023-09-20 04:05:55,306] {scheduler_job.py:190} INFO - Processing /home/airflow/.local/lib/python3.6/site-packages/airflow/example_dags/example_latest_only.py took 0.051 seconds
[2023-09-20 04:06:25,499] {scheduler_job.py:182} INFO - Started process (PID=4175) to work on /home/airflow/.local/lib/python3.6/site-packages/airflow/example_dags/example_latest_only.py
[2023-09-20 04:06:25,500] {scheduler_job.py:629} INFO - Processing file /home/airflow/.local/lib/python3.6/site-packages/airflow/example_dags/example_latest_only.py for tasks to queue
[2023-09-20 04:06:25,501] {logging_mixin.py:104} INFO - [2023-09-20 04:06:25,501] {dagbag.py:451} INFO - Filling up the DagBag from /home/airflow/.local/lib/python3.6/site-packages/airflow/example_dags/example_latest_only.py
[2023-09-20 04:06:25,508] {scheduler_job.py:639} INFO - DAG(s) dict_keys(['latest_only']) retrieved from /home/airflow/.local/lib/python3.6/site-packages/airflow/example_dags/example_latest_only.py
[2023-09-20 04:06:25,525] {logging_mixin.py:104} INFO - [2023-09-20 04:06:25,525] {dag.py:1824} INFO - Sync 1 DAGs
[2023-09-20 04:06:25,536] {logging_mixin.py:104} INFO - [2023-09-20 04:06:25,536] {dag.py:2280} INFO - Setting next_dagrun for latest_only to 2023-09-18 00:00:00+00:00
[2023-09-20 04:06:25,546] {scheduler_job.py:190} INFO - Processing /home/airflow/.local/lib/python3.6/site-packages/airflow/example_dags/example_latest_only.py took 0.049 seconds
[2023-09-20 04:06:55,680] {scheduler_job.py:182} INFO - Started process (PID=4305) to work on /home/airflow/.local/lib/python3.6/site-packages/airflow/example_dags/example_latest_only.py
[2023-09-20 04:06:55,682] {scheduler_job.py:629} INFO - Processing file /home/airflow/.local/lib/python3.6/site-packages/airflow/example_dags/example_latest_only.py for tasks to queue
[2023-09-20 04:06:55,683] {logging_mixin.py:104} INFO - [2023-09-20 04:06:55,683] {dagbag.py:451} INFO - Filling up the DagBag from /home/airflow/.local/lib/python3.6/site-packages/airflow/example_dags/example_latest_only.py
[2023-09-20 04:06:55,697] {scheduler_job.py:639} INFO - DAG(s) dict_keys(['latest_only']) retrieved from /home/airflow/.local/lib/python3.6/site-packages/airflow/example_dags/example_latest_only.py
[2023-09-20 04:06:55,716] {logging_mixin.py:104} INFO - [2023-09-20 04:06:55,716] {dag.py:1824} INFO - Sync 1 DAGs
[2023-09-20 04:06:55,728] {logging_mixin.py:104} INFO - [2023-09-20 04:06:55,728] {dag.py:2280} INFO - Setting next_dagrun for latest_only to 2023-09-18 00:00:00+00:00
[2023-09-20 04:06:55,737] {scheduler_job.py:190} INFO - Processing /home/airflow/.local/lib/python3.6/site-packages/airflow/example_dags/example_latest_only.py took 0.061 seconds
[2023-09-20 04:07:26,102] {scheduler_job.py:182} INFO - Started process (PID=4442) to work on /home/airflow/.local/lib/python3.6/site-packages/airflow/example_dags/example_latest_only.py
[2023-09-20 04:07:26,103] {scheduler_job.py:629} INFO - Processing file /home/airflow/.local/lib/python3.6/site-packages/airflow/example_dags/example_latest_only.py for tasks to queue
[2023-09-20 04:07:26,103] {logging_mixin.py:104} INFO - [2023-09-20 04:07:26,103] {dagbag.py:451} INFO - Filling up the DagBag from /home/airflow/.local/lib/python3.6/site-packages/airflow/example_dags/example_latest_only.py
[2023-09-20 04:07:26,112] {scheduler_job.py:639} INFO - DAG(s) dict_keys(['latest_only']) retrieved from /home/airflow/.local/lib/python3.6/site-packages/airflow/example_dags/example_latest_only.py
[2023-09-20 04:07:26,129] {logging_mixin.py:104} INFO - [2023-09-20 04:07:26,129] {dag.py:1824} INFO - Sync 1 DAGs
[2023-09-20 04:07:26,140] {logging_mixin.py:104} INFO - [2023-09-20 04:07:26,140] {dag.py:2280} INFO - Setting next_dagrun for latest_only to 2023-09-18 00:00:00+00:00
[2023-09-20 04:07:26,150] {scheduler_job.py:190} INFO - Processing /home/airflow/.local/lib/python3.6/site-packages/airflow/example_dags/example_latest_only.py took 0.051 seconds
[2023-09-20 04:07:56,212] {scheduler_job.py:182} INFO - Started process (PID=4572) to work on /home/airflow/.local/lib/python3.6/site-packages/airflow/example_dags/example_latest_only.py
[2023-09-20 04:07:56,214] {scheduler_job.py:629} INFO - Processing file /home/airflow/.local/lib/python3.6/site-packages/airflow/example_dags/example_latest_only.py for tasks to queue
[2023-09-20 04:07:56,215] {logging_mixin.py:104} INFO - [2023-09-20 04:07:56,215] {dagbag.py:451} INFO - Filling up the DagBag from /home/airflow/.local/lib/python3.6/site-packages/airflow/example_dags/example_latest_only.py
[2023-09-20 04:07:56,225] {scheduler_job.py:639} INFO - DAG(s) dict_keys(['latest_only']) retrieved from /home/airflow/.local/lib/python3.6/site-packages/airflow/example_dags/example_latest_only.py
[2023-09-20 04:07:56,245] {logging_mixin.py:104} INFO - [2023-09-20 04:07:56,245] {dag.py:1824} INFO - Sync 1 DAGs
[2023-09-20 04:07:56,256] {logging_mixin.py:104} INFO - [2023-09-20 04:07:56,256] {dag.py:2280} INFO - Setting next_dagrun for latest_only to 2023-09-18 00:00:00+00:00
[2023-09-20 04:07:56,266] {scheduler_job.py:190} INFO - Processing /home/airflow/.local/lib/python3.6/site-packages/airflow/example_dags/example_latest_only.py took 0.058 seconds
[2023-09-20 04:08:26,422] {scheduler_job.py:182} INFO - Started process (PID=4702) to work on /home/airflow/.local/lib/python3.6/site-packages/airflow/example_dags/example_latest_only.py
[2023-09-20 04:08:26,423] {scheduler_job.py:629} INFO - Processing file /home/airflow/.local/lib/python3.6/site-packages/airflow/example_dags/example_latest_only.py for tasks to queue
[2023-09-20 04:08:26,424] {logging_mixin.py:104} INFO - [2023-09-20 04:08:26,424] {dagbag.py:451} INFO - Filling up the DagBag from /home/airflow/.local/lib/python3.6/site-packages/airflow/example_dags/example_latest_only.py
[2023-09-20 04:08:26,432] {scheduler_job.py:639} INFO - DAG(s) dict_keys(['latest_only']) retrieved from /home/airflow/.local/lib/python3.6/site-packages/airflow/example_dags/example_latest_only.py
[2023-09-20 04:08:26,449] {logging_mixin.py:104} INFO - [2023-09-20 04:08:26,449] {dag.py:1824} INFO - Sync 1 DAGs
[2023-09-20 04:08:26,461] {logging_mixin.py:104} INFO - [2023-09-20 04:08:26,461] {dag.py:2280} INFO - Setting next_dagrun for latest_only to 2023-09-18 00:00:00+00:00
[2023-09-20 04:08:26,470] {scheduler_job.py:190} INFO - Processing /home/airflow/.local/lib/python3.6/site-packages/airflow/example_dags/example_latest_only.py took 0.051 seconds
[2023-09-20 04:08:56,507] {scheduler_job.py:182} INFO - Started process (PID=4832) to work on /home/airflow/.local/lib/python3.6/site-packages/airflow/example_dags/example_latest_only.py
[2023-09-20 04:08:56,508] {scheduler_job.py:629} INFO - Processing file /home/airflow/.local/lib/python3.6/site-packages/airflow/example_dags/example_latest_only.py for tasks to queue
[2023-09-20 04:08:56,508] {logging_mixin.py:104} INFO - [2023-09-20 04:08:56,508] {dagbag.py:451} INFO - Filling up the DagBag from /home/airflow/.local/lib/python3.6/site-packages/airflow/example_dags/example_latest_only.py
[2023-09-20 04:08:56,516] {scheduler_job.py:639} INFO - DAG(s) dict_keys(['latest_only']) retrieved from /home/airflow/.local/lib/python3.6/site-packages/airflow/example_dags/example_latest_only.py
[2023-09-20 04:08:56,532] {logging_mixin.py:104} INFO - [2023-09-20 04:08:56,532] {dag.py:1824} INFO - Sync 1 DAGs
[2023-09-20 04:08:56,543] {logging_mixin.py:104} INFO - [2023-09-20 04:08:56,543] {dag.py:2280} INFO - Setting next_dagrun for latest_only to 2023-09-18 00:00:00+00:00
[2023-09-20 04:08:56,556] {scheduler_job.py:190} INFO - Processing /home/airflow/.local/lib/python3.6/site-packages/airflow/example_dags/example_latest_only.py took 0.052 seconds
[2023-09-20 04:09:26,638] {scheduler_job.py:182} INFO - Started process (PID=4962) to work on /home/airflow/.local/lib/python3.6/site-packages/airflow/example_dags/example_latest_only.py
[2023-09-20 04:09:26,640] {scheduler_job.py:629} INFO - Processing file /home/airflow/.local/lib/python3.6/site-packages/airflow/example_dags/example_latest_only.py for tasks to queue
[2023-09-20 04:09:26,640] {logging_mixin.py:104} INFO - [2023-09-20 04:09:26,640] {dagbag.py:451} INFO - Filling up the DagBag from /home/airflow/.local/lib/python3.6/site-packages/airflow/example_dags/example_latest_only.py
[2023-09-20 04:09:26,647] {scheduler_job.py:639} INFO - DAG(s) dict_keys(['latest_only']) retrieved from /home/airflow/.local/lib/python3.6/site-packages/airflow/example_dags/example_latest_only.py
[2023-09-20 04:09:26,664] {logging_mixin.py:104} INFO - [2023-09-20 04:09:26,664] {dag.py:1824} INFO - Sync 1 DAGs
[2023-09-20 04:09:26,676] {logging_mixin.py:104} INFO - [2023-09-20 04:09:26,676] {dag.py:2280} INFO - Setting next_dagrun for latest_only to 2023-09-18 00:00:00+00:00
[2023-09-20 04:09:26,688] {scheduler_job.py:190} INFO - Processing /home/airflow/.local/lib/python3.6/site-packages/airflow/example_dags/example_latest_only.py took 0.052 seconds
[2023-09-20 04:09:56,724] {scheduler_job.py:182} INFO - Started process (PID=5092) to work on /home/airflow/.local/lib/python3.6/site-packages/airflow/example_dags/example_latest_only.py
[2023-09-20 04:09:56,725] {scheduler_job.py:629} INFO - Processing file /home/airflow/.local/lib/python3.6/site-packages/airflow/example_dags/example_latest_only.py for tasks to queue
[2023-09-20 04:09:56,725] {logging_mixin.py:104} INFO - [2023-09-20 04:09:56,725] {dagbag.py:451} INFO - Filling up the DagBag from /home/airflow/.local/lib/python3.6/site-packages/airflow/example_dags/example_latest_only.py
[2023-09-20 04:09:56,734] {scheduler_job.py:639} INFO - DAG(s) dict_keys(['latest_only']) retrieved from /home/airflow/.local/lib/python3.6/site-packages/airflow/example_dags/example_latest_only.py
[2023-09-20 04:09:56,752] {logging_mixin.py:104} INFO - [2023-09-20 04:09:56,752] {dag.py:1824} INFO - Sync 1 DAGs
[2023-09-20 04:09:56,763] {logging_mixin.py:104} INFO - [2023-09-20 04:09:56,763] {dag.py:2280} INFO - Setting next_dagrun for latest_only to 2023-09-18 00:00:00+00:00
[2023-09-20 04:09:56,775] {scheduler_job.py:190} INFO - Processing /home/airflow/.local/lib/python3.6/site-packages/airflow/example_dags/example_latest_only.py took 0.053 seconds
[2023-09-20 04:10:26,949] {scheduler_job.py:182} INFO - Started process (PID=5224) to work on /home/airflow/.local/lib/python3.6/site-packages/airflow/example_dags/example_latest_only.py
[2023-09-20 04:10:26,950] {scheduler_job.py:629} INFO - Processing file /home/airflow/.local/lib/python3.6/site-packages/airflow/example_dags/example_latest_only.py for tasks to queue
[2023-09-20 04:10:26,951] {logging_mixin.py:104} INFO - [2023-09-20 04:10:26,951] {dagbag.py:451} INFO - Filling up the DagBag from /home/airflow/.local/lib/python3.6/site-packages/airflow/example_dags/example_latest_only.py
[2023-09-20 04:10:26,959] {scheduler_job.py:639} INFO - DAG(s) dict_keys(['latest_only']) retrieved from /home/airflow/.local/lib/python3.6/site-packages/airflow/example_dags/example_latest_only.py
[2023-09-20 04:10:26,976] {logging_mixin.py:104} INFO - [2023-09-20 04:10:26,976] {dag.py:1824} INFO - Sync 1 DAGs
[2023-09-20 04:10:26,992] {logging_mixin.py:104} INFO - [2023-09-20 04:10:26,992] {dag.py:2280} INFO - Setting next_dagrun for latest_only to 2023-09-18 00:00:00+00:00
[2023-09-20 04:10:27,005] {scheduler_job.py:190} INFO - Processing /home/airflow/.local/lib/python3.6/site-packages/airflow/example_dags/example_latest_only.py took 0.058 seconds
[2023-09-20 04:10:57,412] {scheduler_job.py:182} INFO - Started process (PID=5362) to work on /home/airflow/.local/lib/python3.6/site-packages/airflow/example_dags/example_latest_only.py
[2023-09-20 04:10:57,413] {scheduler_job.py:629} INFO - Processing file /home/airflow/.local/lib/python3.6/site-packages/airflow/example_dags/example_latest_only.py for tasks to queue
[2023-09-20 04:10:57,414] {logging_mixin.py:104} INFO - [2023-09-20 04:10:57,414] {dagbag.py:451} INFO - Filling up the DagBag from /home/airflow/.local/lib/python3.6/site-packages/airflow/example_dags/example_latest_only.py
[2023-09-20 04:10:57,423] {scheduler_job.py:639} INFO - DAG(s) dict_keys(['latest_only']) retrieved from /home/airflow/.local/lib/python3.6/site-packages/airflow/example_dags/example_latest_only.py
[2023-09-20 04:10:57,442] {logging_mixin.py:104} INFO - [2023-09-20 04:10:57,442] {dag.py:1824} INFO - Sync 1 DAGs
[2023-09-20 04:10:57,454] {logging_mixin.py:104} INFO - [2023-09-20 04:10:57,454] {dag.py:2280} INFO - Setting next_dagrun for latest_only to 2023-09-18 00:00:00+00:00
[2023-09-20 04:10:57,465] {scheduler_job.py:190} INFO - Processing /home/airflow/.local/lib/python3.6/site-packages/airflow/example_dags/example_latest_only.py took 0.055 seconds
[2023-09-20 04:11:27,540] {scheduler_job.py:182} INFO - Started process (PID=5492) to work on /home/airflow/.local/lib/python3.6/site-packages/airflow/example_dags/example_latest_only.py
[2023-09-20 04:11:27,541] {scheduler_job.py:629} INFO - Processing file /home/airflow/.local/lib/python3.6/site-packages/airflow/example_dags/example_latest_only.py for tasks to queue
[2023-09-20 04:11:27,541] {logging_mixin.py:104} INFO - [2023-09-20 04:11:27,541] {dagbag.py:451} INFO - Filling up the DagBag from /home/airflow/.local/lib/python3.6/site-packages/airflow/example_dags/example_latest_only.py
[2023-09-20 04:11:27,550] {scheduler_job.py:639} INFO - DAG(s) dict_keys(['latest_only']) retrieved from /home/airflow/.local/lib/python3.6/site-packages/airflow/example_dags/example_latest_only.py
[2023-09-20 04:11:27,593] {logging_mixin.py:104} INFO - [2023-09-20 04:11:27,593] {dag.py:1824} INFO - Sync 1 DAGs
[2023-09-20 04:11:27,610] {logging_mixin.py:104} INFO - [2023-09-20 04:11:27,610] {dag.py:2280} INFO - Setting next_dagrun for latest_only to 2023-09-18 00:00:00+00:00
[2023-09-20 04:11:27,623] {scheduler_job.py:190} INFO - Processing /home/airflow/.local/lib/python3.6/site-packages/airflow/example_dags/example_latest_only.py took 0.086 seconds
[2023-09-20 04:11:57,769] {scheduler_job.py:182} INFO - Started process (PID=5620) to work on /home/airflow/.local/lib/python3.6/site-packages/airflow/example_dags/example_latest_only.py
[2023-09-20 04:11:57,770] {scheduler_job.py:629} INFO - Processing file /home/airflow/.local/lib/python3.6/site-packages/airflow/example_dags/example_latest_only.py for tasks to queue
[2023-09-20 04:11:57,771] {logging_mixin.py:104} INFO - [2023-09-20 04:11:57,771] {dagbag.py:451} INFO - Filling up the DagBag from /home/airflow/.local/lib/python3.6/site-packages/airflow/example_dags/example_latest_only.py
[2023-09-20 04:11:57,779] {scheduler_job.py:639} INFO - DAG(s) dict_keys(['latest_only']) retrieved from /home/airflow/.local/lib/python3.6/site-packages/airflow/example_dags/example_latest_only.py
[2023-09-20 04:11:57,796] {logging_mixin.py:104} INFO - [2023-09-20 04:11:57,796] {dag.py:1824} INFO - Sync 1 DAGs
[2023-09-20 04:11:57,808] {logging_mixin.py:104} INFO - [2023-09-20 04:11:57,808] {dag.py:2280} INFO - Setting next_dagrun for latest_only to 2023-09-18 00:00:00+00:00
[2023-09-20 04:11:57,817] {scheduler_job.py:190} INFO - Processing /home/airflow/.local/lib/python3.6/site-packages/airflow/example_dags/example_latest_only.py took 0.050 seconds
[2023-09-20 04:12:28,032] {scheduler_job.py:182} INFO - Started process (PID=5757) to work on /home/airflow/.local/lib/python3.6/site-packages/airflow/example_dags/example_latest_only.py
[2023-09-20 04:12:28,033] {scheduler_job.py:629} INFO - Processing file /home/airflow/.local/lib/python3.6/site-packages/airflow/example_dags/example_latest_only.py for tasks to queue
[2023-09-20 04:12:28,033] {logging_mixin.py:104} INFO - [2023-09-20 04:12:28,033] {dagbag.py:451} INFO - Filling up the DagBag from /home/airflow/.local/lib/python3.6/site-packages/airflow/example_dags/example_latest_only.py
[2023-09-20 04:12:28,041] {scheduler_job.py:639} INFO - DAG(s) dict_keys(['latest_only']) retrieved from /home/airflow/.local/lib/python3.6/site-packages/airflow/example_dags/example_latest_only.py
[2023-09-20 04:12:28,061] {logging_mixin.py:104} INFO - [2023-09-20 04:12:28,061] {dag.py:1824} INFO - Sync 1 DAGs
[2023-09-20 04:12:28,073] {logging_mixin.py:104} INFO - [2023-09-20 04:12:28,073] {dag.py:2280} INFO - Setting next_dagrun for latest_only to 2023-09-18 00:00:00+00:00
[2023-09-20 04:12:28,083] {scheduler_job.py:190} INFO - Processing /home/airflow/.local/lib/python3.6/site-packages/airflow/example_dags/example_latest_only.py took 0.054 seconds
[2023-09-20 04:12:58,180] {scheduler_job.py:182} INFO - Started process (PID=5884) to work on /home/airflow/.local/lib/python3.6/site-packages/airflow/example_dags/example_latest_only.py
[2023-09-20 04:12:58,181] {scheduler_job.py:629} INFO - Processing file /home/airflow/.local/lib/python3.6/site-packages/airflow/example_dags/example_latest_only.py for tasks to queue
[2023-09-20 04:12:58,181] {logging_mixin.py:104} INFO - [2023-09-20 04:12:58,181] {dagbag.py:451} INFO - Filling up the DagBag from /home/airflow/.local/lib/python3.6/site-packages/airflow/example_dags/example_latest_only.py
[2023-09-20 04:12:58,190] {scheduler_job.py:639} INFO - DAG(s) dict_keys(['latest_only']) retrieved from /home/airflow/.local/lib/python3.6/site-packages/airflow/example_dags/example_latest_only.py
[2023-09-20 04:12:58,209] {logging_mixin.py:104} INFO - [2023-09-20 04:12:58,209] {dag.py:1824} INFO - Sync 1 DAGs
[2023-09-20 04:12:58,221] {logging_mixin.py:104} INFO - [2023-09-20 04:12:58,221] {dag.py:2280} INFO - Setting next_dagrun for latest_only to 2023-09-18 00:00:00+00:00
[2023-09-20 04:12:58,229] {scheduler_job.py:190} INFO - Processing /home/airflow/.local/lib/python3.6/site-packages/airflow/example_dags/example_latest_only.py took 0.052 seconds
[2023-09-20 04:13:28,486] {scheduler_job.py:182} INFO - Started process (PID=6022) to work on /home/airflow/.local/lib/python3.6/site-packages/airflow/example_dags/example_latest_only.py
[2023-09-20 04:13:28,487] {scheduler_job.py:629} INFO - Processing file /home/airflow/.local/lib/python3.6/site-packages/airflow/example_dags/example_latest_only.py for tasks to queue
[2023-09-20 04:13:28,488] {logging_mixin.py:104} INFO - [2023-09-20 04:13:28,488] {dagbag.py:451} INFO - Filling up the DagBag from /home/airflow/.local/lib/python3.6/site-packages/airflow/example_dags/example_latest_only.py
[2023-09-20 04:13:28,496] {scheduler_job.py:639} INFO - DAG(s) dict_keys(['latest_only']) retrieved from /home/airflow/.local/lib/python3.6/site-packages/airflow/example_dags/example_latest_only.py
[2023-09-20 04:13:28,514] {logging_mixin.py:104} INFO - [2023-09-20 04:13:28,514] {dag.py:1824} INFO - Sync 1 DAGs
[2023-09-20 04:13:28,525] {logging_mixin.py:104} INFO - [2023-09-20 04:13:28,525] {dag.py:2280} INFO - Setting next_dagrun for latest_only to 2023-09-18 00:00:00+00:00
[2023-09-20 04:13:28,534] {scheduler_job.py:190} INFO - Processing /home/airflow/.local/lib/python3.6/site-packages/airflow/example_dags/example_latest_only.py took 0.050 seconds
[2023-09-20 04:13:58,724] {scheduler_job.py:182} INFO - Started process (PID=6152) to work on /home/airflow/.local/lib/python3.6/site-packages/airflow/example_dags/example_latest_only.py
[2023-09-20 04:13:58,725] {scheduler_job.py:629} INFO - Processing file /home/airflow/.local/lib/python3.6/site-packages/airflow/example_dags/example_latest_only.py for tasks to queue
[2023-09-20 04:13:58,726] {logging_mixin.py:104} INFO - [2023-09-20 04:13:58,725] {dagbag.py:451} INFO - Filling up the DagBag from /home/airflow/.local/lib/python3.6/site-packages/airflow/example_dags/example_latest_only.py
[2023-09-20 04:13:58,736] {scheduler_job.py:639} INFO - DAG(s) dict_keys(['latest_only']) retrieved from /home/airflow/.local/lib/python3.6/site-packages/airflow/example_dags/example_latest_only.py
[2023-09-20 04:13:58,761] {logging_mixin.py:104} INFO - [2023-09-20 04:13:58,761] {dag.py:1824} INFO - Sync 1 DAGs
[2023-09-20 04:13:58,775] {logging_mixin.py:104} INFO - [2023-09-20 04:13:58,775] {dag.py:2280} INFO - Setting next_dagrun for latest_only to 2023-09-18 00:00:00+00:00
[2023-09-20 04:13:58,786] {scheduler_job.py:190} INFO - Processing /home/airflow/.local/lib/python3.6/site-packages/airflow/example_dags/example_latest_only.py took 0.065 seconds
