[2023-09-20 11:45:12,195] {taskinstance.py:877} INFO - Dependencies all met for <TaskInstance: my_first_dag_v2.first_task 2023-09-20T06:00:00+00:00 [queued]>
[2023-09-20 11:45:12,288] {taskinstance.py:877} INFO - Dependencies all met for <TaskInstance: my_first_dag_v2.first_task 2023-09-20T06:00:00+00:00 [queued]>
[2023-09-20 11:45:12,288] {taskinstance.py:1068} INFO - 
--------------------------------------------------------------------------------
[2023-09-20 11:45:12,288] {taskinstance.py:1069} INFO - Starting attempt 1 of 6
[2023-09-20 11:45:12,289] {taskinstance.py:1070} INFO - 
--------------------------------------------------------------------------------
[2023-09-20 11:45:12,360] {taskinstance.py:1089} INFO - Executing <Task(BashOperator): first_task> on 2023-09-20T06:00:00+00:00
[2023-09-20 11:45:12,388] {standard_task_runner.py:52} INFO - Started process 1741 to run task
[2023-09-20 11:45:12,450] {standard_task_runner.py:76} INFO - Running: ['airflow', 'tasks', 'run', 'my_first_dag_v2', 'first_task', '2023-09-20T06:00:00+00:00', '--job-id', '7', '--pool', 'default_pool', '--raw', '--subdir', 'DAGS_FOLDER/my_first_dag.py', '--cfg-path', '/tmp/tmp4rf1afnk', '--error-file', '/tmp/tmpirh3387v']
[2023-09-20 11:45:12,573] {standard_task_runner.py:77} INFO - Job 7: Subtask first_task
[2023-09-20 11:45:12,980] {logging_mixin.py:104} INFO - Running <TaskInstance: my_first_dag_v2.first_task 2023-09-20T06:00:00+00:00 [running]> on host cf5d18783b85
[2023-09-20 11:45:13,394] {taskinstance.py:1283} INFO - Exporting the following env vars:
AIRFLOW_CTX_DAG_OWNER=rhythmbear
AIRFLOW_CTX_DAG_ID=my_first_dag_v2
AIRFLOW_CTX_TASK_ID=first_task
AIRFLOW_CTX_EXECUTION_DATE=2023-09-20T06:00:00+00:00
AIRFLOW_CTX_DAG_RUN_ID=scheduled__2023-09-20T06:00:00+00:00
[2023-09-20 11:45:13,395] {bash.py:135} INFO - Tmp dir root location: 
 /tmp
[2023-09-20 11:45:13,398] {bash.py:158} INFO - Running command: echo hello World, this is the first task
[2023-09-20 11:45:13,421] {bash.py:169} INFO - Output:
[2023-09-20 11:45:13,429] {bash.py:173} INFO - hello World, this is the first task
[2023-09-20 11:45:13,430] {bash.py:177} INFO - Command exited with return code 0
[2023-09-20 11:45:13,785] {taskinstance.py:1192} INFO - Marking task as SUCCESS. dag_id=my_first_dag_v2, task_id=first_task, execution_date=20230920T060000, start_date=20230920T114512, end_date=20230920T114513
[2023-09-20 11:45:14,345] {taskinstance.py:1246} INFO - 1 downstream tasks scheduled from follow-on schedule check
[2023-09-20 11:45:14,369] {local_task_job.py:146} INFO - Task exited with return code 0
