[2023-09-20 03:53:02,037] {taskinstance.py:877} INFO - Dependencies all met for <TaskInstance: example_bash_operator.runme_0 2023-09-18T00:00:00+00:00 [queued]>
[2023-09-20 03:53:02,066] {taskinstance.py:877} INFO - Dependencies all met for <TaskInstance: example_bash_operator.runme_0 2023-09-18T00:00:00+00:00 [queued]>
[2023-09-20 03:53:02,067] {taskinstance.py:1068} INFO - 
--------------------------------------------------------------------------------
[2023-09-20 03:53:02,067] {taskinstance.py:1069} INFO - Starting attempt 1 of 1
[2023-09-20 03:53:02,067] {taskinstance.py:1070} INFO - 
--------------------------------------------------------------------------------
[2023-09-20 03:53:02,085] {taskinstance.py:1089} INFO - Executing <Task(BashOperator): runme_0> on 2023-09-18T00:00:00+00:00
[2023-09-20 03:53:02,092] {standard_task_runner.py:52} INFO - Started process 701 to run task
[2023-09-20 03:53:02,103] {standard_task_runner.py:76} INFO - Running: ['airflow', 'tasks', 'run', 'example_bash_operator', 'runme_0', '2023-09-18T00:00:00+00:00', '--job-id', '2', '--pool', 'default_pool', '--raw', '--subdir', '/home/airflow/.local/lib/python3.6/site-packages/airflow/example_dags/example_bash_operator.py', '--cfg-path', '/tmp/tmp3k2droui', '--error-file', '/tmp/tmptchp819s']
[2023-09-20 03:53:02,115] {standard_task_runner.py:77} INFO - Job 2: Subtask runme_0
[2023-09-20 03:53:02,278] {logging_mixin.py:104} INFO - Running <TaskInstance: example_bash_operator.runme_0 2023-09-18T00:00:00+00:00 [running]> on host a33667541614
[2023-09-20 03:53:02,393] {taskinstance.py:1283} INFO - Exporting the following env vars:
AIRFLOW_CTX_DAG_OWNER=airflow
AIRFLOW_CTX_DAG_ID=example_bash_operator
AIRFLOW_CTX_TASK_ID=runme_0
AIRFLOW_CTX_EXECUTION_DATE=2023-09-18T00:00:00+00:00
AIRFLOW_CTX_DAG_RUN_ID=scheduled__2023-09-18T00:00:00+00:00
[2023-09-20 03:53:02,394] {bash.py:135} INFO - Tmp dir root location: 
 /tmp
[2023-09-20 03:53:02,396] {bash.py:158} INFO - Running command: echo "example_bash_operator__runme_0__20230918" && sleep 1
[2023-09-20 03:53:02,408] {bash.py:169} INFO - Output:
[2023-09-20 03:53:02,410] {bash.py:173} INFO - example_bash_operator__runme_0__20230918
[2023-09-20 03:53:03,412] {bash.py:177} INFO - Command exited with return code 0
[2023-09-20 03:53:03,471] {taskinstance.py:1192} INFO - Marking task as SUCCESS. dag_id=example_bash_operator, task_id=runme_0, execution_date=20230918T000000, start_date=20230920T035302, end_date=20230920T035303
[2023-09-20 03:53:03,542] {taskinstance.py:1246} INFO - 0 downstream tasks scheduled from follow-on schedule check
[2023-09-20 03:53:03,566] {local_task_job.py:146} INFO - Task exited with return code 0
